#
# There is insufficient memory for the Java Runtime Environment to continue.
# Native memory allocation (mmap) failed to map 933756928 bytes for committing reserved memory.
# Possible reasons:
#   The system is out of physical RAM or swap space
#   In 32 bit mode, the process size limit was hit
# Possible solutions:
#   Reduce memory load on the system
#   Increase physical memory or swap space
#   Check if swap backing store is full
#   Use 64 bit Java on a 64 bit OS
#   Decrease Java heap size (-Xmx/-Xms)
#   Decrease number of Java threads
#   Decrease Java thread stack sizes (-Xss)
#   Set larger code cache with -XX:ReservedCodeCacheSize=
# This output file may be truncated or incomplete.
#
#  Out of Memory Error (os_linux.cpp:2627), pid=4795, tid=0x00007fb7c2029700
#
# JRE version: Java(TM) SE Runtime Environment (8.0_101-b13) (build 1.8.0_101-b13)
# Java VM: Java HotSpot(TM) 64-Bit Server VM (25.101-b13 mixed mode linux-amd64 compressed oops)
# Failed to write core dump. Core dumps have been disabled. To enable core dumping, try "ulimit -c unlimited" before starting Java again
#

---------------  T H R E A D  ---------------

Current thread (0x00007fb7bc009800):  JavaThread "main" [_thread_in_vm, id=4796, stack(0x00007fb7c1f29000,0x00007fb7c202a000)]

Stack: [0x00007fb7c1f29000,0x00007fb7c202a000],  sp=0x00007fb7c2028250,  free space=1020k
Native frames: (J=compiled Java code, j=interpreted, Vv=VM code, C=native code)
V  [libjvm.so+0xac3f0a]  VMError::report_and_die()+0x2ba
V  [libjvm.so+0x4fbf9b]  report_vm_out_of_memory(char const*, int, unsigned long, VMErrorType, char const*)+0x8b
V  [libjvm.so+0x9222d3]  os::Linux::commit_memory_impl(char*, unsigned long, bool)+0x103
V  [libjvm.so+0x922829]  os::pd_commit_memory(char*, unsigned long, unsigned long, bool)+0x29
V  [libjvm.so+0x91cb2a]  os::commit_memory(char*, unsigned long, unsigned long, bool)+0x2a
V  [libjvm.so+0x991053]  PSVirtualSpace::expand_by(unsigned long)+0x53
V  [libjvm.so+0x981920]  PSOldGen::expand(unsigned long)+0x170
V  [libjvm.so+0x981bda]  PSOldGen::expand_and_allocate(unsigned long)+0x1a
V  [libjvm.so+0x981cfb]  PSOldGen::allocate(unsigned long)+0xcb
V  [libjvm.so+0x945c7e]  ParallelScavengeHeap::mem_allocate(unsigned long, bool*)+0xfe
V  [libjvm.so+0xa89f8e]  TypeArrayKlass::allocate_common(int, bool, Thread*)+0x26e
V  [libjvm.so+0x682cda]  InterpreterRuntime::newarray(JavaThread*, BasicType, int)+0x2a
j  jaligner.SmithWatermanGotoh.align(Ljaligner/Sequence;Ljaligner/Sequence;Ljaligner/matrix/Matrix;FF)Ljaligner/Alignment;+121
j  jaligner.ui.AlignCommandLine.main([Ljava/lang/String;)V+104
v  ~StubRoutines::call_stub
V  [libjvm.so+0x68f6b6]  JavaCalls::call_helper(JavaValue*, methodHandle*, JavaCallArguments*, Thread*)+0x1056
V  [libjvm.so+0x6d0d42]  jni_invoke_static(JNIEnv_*, JavaValue*, _jobject*, JNICallType, _jmethodID*, JNI_ArgumentPusher*, Thread*)+0x362
V  [libjvm.so+0x6ed5aa]  jni_CallStaticVoidMethod+0x17a
C  [libjli.so+0x7bdf]  JavaMain+0x81f
C  [libpthread.so.0+0x8184]  start_thread+0xc4

Java frames: (J=compiled Java code, j=interpreted, Vv=VM code)
j  jaligner.SmithWatermanGotoh.align(Ljaligner/Sequence;Ljaligner/Sequence;Ljaligner/matrix/Matrix;FF)Ljaligner/Alignment;+121
j  jaligner.ui.AlignCommandLine.main([Ljava/lang/String;)V+104
v  ~StubRoutines::call_stub

---------------  P R O C E S S  ---------------

Java Threads: ( => current thread )
  0x00007fb7bc190800 JavaThread "Service Thread" daemon [_thread_blocked, id=4808, stack(0x00007fb7a0198000,0x00007fb7a0299000)]
  0x00007fb7bc185800 JavaThread "C1 CompilerThread2" daemon [_thread_blocked, id=4807, stack(0x00007fb7a0299000,0x00007fb7a039a000)]
  0x00007fb7bc183800 JavaThread "C2 CompilerThread1" daemon [_thread_blocked, id=4806, stack(0x00007fb7a039a000,0x00007fb7a049b000)]
  0x00007fb7bc180800 JavaThread "C2 CompilerThread0" daemon [_thread_blocked, id=4805, stack(0x00007fb7a049b000,0x00007fb7a059c000)]
  0x00007fb7bc17f000 JavaThread "Signal Dispatcher" daemon [_thread_blocked, id=4804, stack(0x00007fb7a059c000,0x00007fb7a069d000)]
  0x00007fb7bc14b000 JavaThread "Finalizer" daemon [_thread_blocked, id=4803, stack(0x00007fb7a069d000,0x00007fb7a079e000)]
  0x00007fb7bc146800 JavaThread "Reference Handler" daemon [_thread_blocked, id=4802, stack(0x00007fb7a079e000,0x00007fb7a089f000)]
=>0x00007fb7bc009800 JavaThread "main" [_thread_in_vm, id=4796, stack(0x00007fb7c1f29000,0x00007fb7c202a000)]

Other Threads:
  0x00007fb7bc13e800 VMThread [stack: 0x00007fb7a089f000,0x00007fb7a09a0000] [id=4801]
  0x00007fb7bc193800 WatcherThread [stack: 0x00007fb7a0097000,0x00007fb7a0198000] [id=4809]

VM state:not at safepoint (normal execution)

VM Mutex/Monitor currently owned by a thread:  ([mutex/lock_event])
[0x00007fb7bc005800] ExpandHeap_lock - owner thread: 0x00007fb7bc009800
[0x00007fb7bc006380] Heap_lock - owner thread: 0x00007fb7bc009800

Heap:
 PSYoungGen      total 17408K, used 2511K [0x000000076ab00000, 0x000000076be00000, 0x00000007c0000000)
  eden space 15360K, 16% used [0x000000076ab00000,0x000000076ad73c48,0x000000076ba00000)
  from space 2048K, 0% used [0x000000076bc00000,0x000000076bc00000,0x000000076be00000)
  to   space 2048K, 0% used [0x000000076ba00000,0x000000076ba00000,0x000000076bc00000)
 ParOldGen       total 1408000K, used 1367045K [0x00000006c0000000, 0x0000000715f00000, 0x000000076ab00000)
  object space 1408000K, 97% used [0x00000006c0000000,0x0000000713701728,0x0000000715f00000)
 Metaspace       used 3911K, capacity 4640K, committed 4864K, reserved 1056768K
  class space    used 438K, capacity 464K, committed 512K, reserved 1048576K

Card table byte_map: [0x00007fb7ab3a6000,0x00007fb7abba7000] byte_map_base: 0x00007fb7a7da6000

Marking Bits: (ParMarkBitMap*) 0x00007fb7c1405120
 Begin Bits: [0x00007fb7a2b4d000, 0x00007fb7a6b4d000)
 End Bits:   [0x00007fb7a6b4d000, 0x00007fb7aab4d000)

Polling page: 0x00007fb7c204e000

CodeCache: size=245760Kb used=1257Kb max_used=1273Kb free=244502Kb
 bounds [0x00007fb7abf67000, 0x00007fb7ac1d7000, 0x00007fb7baf67000]
 total_blobs=356 nmethods=96 adapters=174
 compilation: enabled

Compilation events (10 events):
Event: 0,116 Thread 0x00007fb7bc185800 nmethod 84 0x00007fb7ac09d410 code [0x00007fb7ac09d560, 0x00007fb7ac09d670]
Event: 0,116 Thread 0x00007fb7bc185800   95       3       java.util.regex.Pattern$BmpCharProperty::match (50 bytes)
Event: 0,121 Thread 0x00007fb7bc185800 nmethod 95 0x00007fb7ac09d6d0 code [0x00007fb7ac09d860, 0x00007fb7ac09dd08]
Event: 0,121 Thread 0x00007fb7bc185800   93       3       java.util.regex.Pattern$GroupHead::match (47 bytes)
Event: 0,122 Thread 0x00007fb7bc185800 nmethod 93 0x00007fb7ac09de50 code [0x00007fb7ac09dfc0, 0x00007fb7ac09e268]
Event: 0,122 Thread 0x00007fb7bc185800   94       3       java.util.regex.Matcher::group (112 bytes)
Event: 0,129 Thread 0x00007fb7bc185800 nmethod 94 0x00007fb7ac09e450 code [0x00007fb7ac09e6a0, 0x00007fb7ac09f3a8]
Event: 0,130 Thread 0x00007fb7bc185800   96       3       java.util.Formatter$Flags::contains (22 bytes)
Event: 0,132 Thread 0x00007fb7bc185800 nmethod 96 0x00007fb7ac09f950 code [0x00007fb7ac09fac0, 0x00007fb7ac09fcd0]
Event: 0,154 Thread 0x00007fb7bc180800 nmethod 79% 0x00007fb7ac0a3bd0 code [0x00007fb7ac0a3dc0, 0x00007fb7ac0a4fa0]

GC Heap History (0 events):
No events

Deoptimization events (2 events):
Event: 0,110 Thread 0x00007fb7bc009800 Uncommon trap: reason=unstable_if action=reinterpret pc=0x00007fb7ac095b78 method=java.lang.CharacterDataLatin1.toUpperCaseEx(I)I @ 12
Event: 0,110 Thread 0x00007fb7bc009800 Uncommon trap: reason=unstable_if action=reinterpret pc=0x00007fb7ac0958b0 method=java.lang.CharacterDataLatin1.toUpperCaseEx(I)I @ 12

Internal exceptions (6 events):
Event: 0,024 Thread 0x00007fb7bc009800 Exception <a 'java/lang/NoSuchMethodError': Method sun.misc.Unsafe.defineClass(Ljava/lang/String;[BII)Ljava/lang/Class; name or signature does not match> (0x000000076ab07cc0) thrown at [/HUDSON3/workspace/8-2-build-linux-amd64/jdk8u101/7261/hotspot/src/sh
Event: 0,024 Thread 0x00007fb7bc009800 Exception <a 'java/lang/NoSuchMethodError': Method sun.misc.Unsafe.prefetchRead(Ljava/lang/Object;J)V name or signature does not match> (0x000000076ab07fa8) thrown at [/HUDSON3/workspace/8-2-build-linux-amd64/jdk8u101/7261/hotspot/src/share/vm/prims/jni.c
Event: 0,069 Thread 0x00007fb7bc009800 Exception <a 'java/security/PrivilegedActionException'> (0x000000076ab904c0) thrown at [/HUDSON3/workspace/8-2-build-linux-amd64/jdk8u101/7261/hotspot/src/share/vm/prims/jvm.cpp, line 1386]
Event: 0,069 Thread 0x00007fb7bc009800 Exception <a 'java/security/PrivilegedActionException'> (0x000000076ab906d0) thrown at [/HUDSON3/workspace/8-2-build-linux-amd64/jdk8u101/7261/hotspot/src/share/vm/prims/jvm.cpp, line 1386]
Event: 0,069 Thread 0x00007fb7bc009800 Exception <a 'java/security/PrivilegedActionException'> (0x000000076ab92b10) thrown at [/HUDSON3/workspace/8-2-build-linux-amd64/jdk8u101/7261/hotspot/src/share/vm/prims/jvm.cpp, line 1386]
Event: 0,069 Thread 0x00007fb7bc009800 Exception <a 'java/security/PrivilegedActionException'> (0x000000076ab92d20) thrown at [/HUDSON3/workspace/8-2-build-linux-amd64/jdk8u101/7261/hotspot/src/share/vm/prims/jvm.cpp, line 1386]

Events (10 events):
Event: 0,110 Thread 0x00007fb7bc009800 Uncommon trap: trap_request=0xffffff65 fr.pc=0x00007fb7ac095b78
Event: 0,110 Thread 0x00007fb7bc009800 DEOPT PACKING pc=0x00007fb7ac095b78 sp=0x00007fb7c2028030
Event: 0,110 Thread 0x00007fb7bc009800 DEOPT UNPACKING pc=0x00007fb7abf6c229 sp=0x00007fb7c2027f80 mode 2
Event: 0,110 Thread 0x00007fb7bc009800 Uncommon trap: trap_request=0xffffff65 fr.pc=0x00007fb7ac0958b0
Event: 0,110 Thread 0x00007fb7bc009800 DEOPT PACKING pc=0x00007fb7ac0958b0 sp=0x00007fb7c2027fd0
Event: 0,110 Thread 0x00007fb7bc009800 DEOPT UNPACKING pc=0x00007fb7abf6c229 sp=0x00007fb7c2027f80 mode 2
Event: 0,114 loading class jaligner/matrix/Matrix
Event: 0,114 loading class jaligner/matrix/Matrix done
Event: 0,114 loading class jaligner/SmithWatermanGotoh
Event: 0,114 loading class jaligner/SmithWatermanGotoh done


Dynamic libraries:
00400000-00401000 r-xp 00000000 08:04 3413512                            /usr/lib/jvm/java-8-oracle/jre/bin/java
00600000-00601000 rw-p 00000000 08:04 3413512                            /usr/lib/jvm/java-8-oracle/jre/bin/java
00c0f000-00c30000 rw-p 00000000 00:00 0                                  [heap]
6c0000000-715f00000 rw-p 00000000 00:00 0 
74d980000-76ab00000 ---p 00000000 00:00 0 
76ab00000-76be00000 rw-p 00000000 00:00 0 
76be00000-7c0000000 ---p 00000000 00:00 0 
7c0000000-7c0080000 rw-p 00000000 00:00 0 
7c0080000-800000000 ---p 00000000 00:00 0 
7fb764000000-7fb764021000 rw-p 00000000 00:00 0 
7fb764021000-7fb768000000 ---p 00000000 00:00 0 
7fb768000000-7fb768021000 rw-p 00000000 00:00 0 
7fb768021000-7fb76c000000 ---p 00000000 00:00 0 
7fb76c000000-7fb76c021000 rw-p 00000000 00:00 0 
7fb76c021000-7fb770000000 ---p 00000000 00:00 0 
7fb770000000-7fb7700d5000 rw-p 00000000 00:00 0 
7fb7700d5000-7fb774000000 ---p 00000000 00:00 0 
7fb774000000-7fb774021000 rw-p 00000000 00:00 0 
7fb774021000-7fb778000000 ---p 00000000 00:00 0 
7fb778000000-7fb77816f000 rw-p 00000000 00:00 0 
7fb77816f000-7fb77c000000 ---p 00000000 00:00 0 
7fb77c000000-7fb77c021000 rw-p 00000000 00:00 0 
7fb77c021000-7fb780000000 ---p 00000000 00:00 0 
7fb780000000-7fb780021000 rw-p 00000000 00:00 0 
7fb780021000-7fb784000000 ---p 00000000 00:00 0 
7fb784000000-7fb784021000 rw-p 00000000 00:00 0 
7fb784021000-7fb788000000 ---p 00000000 00:00 0 
7fb788000000-7fb788021000 rw-p 00000000 00:00 0 
7fb788021000-7fb78c000000 ---p 00000000 00:00 0 
7fb78c000000-7fb78c021000 rw-p 00000000 00:00 0 
7fb78c021000-7fb790000000 ---p 00000000 00:00 0 
7fb794000000-7fb794021000 rw-p 00000000 00:00 0 
7fb794021000-7fb798000000 ---p 00000000 00:00 0 
7fb79b527000-7fb79b7ae000 rw-p 00000000 00:00 0 
7fb79b7ae000-7fb79c000000 r--p 00000000 08:04 1448898                    /usr/lib/locale/locale-archive
7fb79c000000-7fb79c021000 rw-p 00000000 00:00 0 
7fb79c021000-7fb7a0000000 ---p 00000000 00:00 0 
7fb7a0097000-7fb7a0098000 ---p 00000000 00:00 0 
7fb7a0098000-7fb7a0198000 rw-p 00000000 00:00 0                          [stack:4809]
7fb7a0198000-7fb7a019b000 ---p 00000000 00:00 0 
7fb7a019b000-7fb7a0299000 rw-p 00000000 00:00 0                          [stack:4808]
7fb7a0299000-7fb7a029c000 ---p 00000000 00:00 0 
7fb7a029c000-7fb7a039a000 rw-p 00000000 00:00 0                          [stack:4807]
7fb7a039a000-7fb7a039d000 ---p 00000000 00:00 0 
7fb7a039d000-7fb7a049b000 rw-p 00000000 00:00 0                          [stack:4806]
7fb7a049b000-7fb7a049e000 ---p 00000000 00:00 0 
7fb7a049e000-7fb7a059c000 rw-p 00000000 00:00 0                          [stack:4805]
7fb7a059c000-7fb7a059f000 ---p 00000000 00:00 0 
7fb7a059f000-7fb7a069d000 rw-p 00000000 00:00 0                          [stack:4804]
7fb7a069d000-7fb7a06a0000 ---p 00000000 00:00 0 
7fb7a06a0000-7fb7a079e000 rw-p 00000000 00:00 0                          [stack:4803]
7fb7a079e000-7fb7a07a1000 ---p 00000000 00:00 0 
7fb7a07a1000-7fb7a089f000 rw-p 00000000 00:00 0                          [stack:4802]
7fb7a089f000-7fb7a08a0000 ---p 00000000 00:00 0 
7fb7a08a0000-7fb7a18fe000 rw-p 00000000 00:00 0                          [stack:4801]
7fb7a18fe000-7fb7a1ad7000 r--s 03d29000 08:04 3675567                    /usr/lib/jvm/java-8-oracle/jre/lib/rt.jar
7fb7a1ad7000-7fb7a1f8d000 rw-p 00000000 00:00 0 
7fb7a1f8d000-7fb7a234d000 ---p 00000000 00:00 0 
7fb7a234d000-7fb7aab4d000 rw-p 00000000 00:00 0 
7fb7aab4d000-7fb7aab4e000 ---p 00000000 00:00 0 
7fb7aab4e000-7fb7aac4e000 rw-p 00000000 00:00 0                          [stack:4800]
7fb7aac4e000-7fb7aac4f000 ---p 00000000 00:00 0 
7fb7aac4f000-7fb7aad4f000 rw-p 00000000 00:00 0                          [stack:4799]
7fb7aad4f000-7fb7aad50000 ---p 00000000 00:00 0 
7fb7aad50000-7fb7ab100000 rw-p 00000000 00:00 0                          [stack:4798]
7fb7ab100000-7fb7ab3a6000 ---p 00000000 00:00 0 
7fb7ab3a6000-7fb7ab656000 rw-p 00000000 00:00 0 
7fb7ab656000-7fb7ab8fb000 ---p 00000000 00:00 0 
7fb7ab8fb000-7fb7ab905000 rw-p 00000000 00:00 0 
7fb7ab905000-7fb7abba6000 ---p 00000000 00:00 0 
7fb7abba6000-7fb7abbb1000 rw-p 00000000 00:00 0 
7fb7abbb1000-7fb7abf67000 ---p 00000000 00:00 0 
7fb7abf67000-7fb7ac1d7000 rwxp 00000000 00:00 0 
7fb7ac1d7000-7fb7baf67000 ---p 00000000 00:00 0 
7fb7baf67000-7fb7baf81000 r-xp 00000000 08:04 4199092                    /usr/lib/jvm/java-8-oracle/jre/lib/amd64/libzip.so
7fb7baf81000-7fb7bb181000 ---p 0001a000 08:04 4199092                    /usr/lib/jvm/java-8-oracle/jre/lib/amd64/libzip.so
7fb7bb181000-7fb7bb182000 rw-p 0001a000 08:04 4199092                    /usr/lib/jvm/java-8-oracle/jre/lib/amd64/libzip.so
7fb7bb182000-7fb7bb18c000 r-xp 00000000 08:04 132102                     /lib/x86_64-linux-gnu/libnss_files-2.19.so
7fb7bb18c000-7fb7bb38b000 ---p 0000a000 08:04 132102                     /lib/x86_64-linux-gnu/libnss_files-2.19.so
7fb7bb38b000-7fb7bb38c000 r--p 00009000 08:04 132102                     /lib/x86_64-linux-gnu/libnss_files-2.19.so
7fb7bb38c000-7fb7bb38d000 rw-p 0000a000 08:04 132102                     /lib/x86_64-linux-gnu/libnss_files-2.19.so
7fb7bb38d000-7fb7bb398000 r-xp 00000000 08:04 132094                     /lib/x86_64-linux-gnu/libnss_nis-2.19.so
7fb7bb398000-7fb7bb597000 ---p 0000b000 08:04 132094                     /lib/x86_64-linux-gnu/libnss_nis-2.19.so
7fb7bb597000-7fb7bb598000 r--p 0000a000 08:04 132094                     /lib/x86_64-linux-gnu/libnss_nis-2.19.so
7fb7bb598000-7fb7bb599000 rw-p 0000b000 08:04 132094                     /lib/x86_64-linux-gnu/libnss_nis-2.19.so
7fb7bb599000-7fb7bb5b0000 r-xp 00000000 08:04 132090                     /lib/x86_64-linux-gnu/libnsl-2.19.so
7fb7bb5b0000-7fb7bb7af000 ---p 00017000 08:04 132090                     /lib/x86_64-linux-gnu/libnsl-2.19.so
7fb7bb7af000-7fb7bb7b0000 r--p 00016000 08:04 132090                     /lib/x86_64-linux-gnu/libnsl-2.19.so
7fb7bb7b0000-7fb7bb7b1000 rw-p 00017000 08:04 132090                     /lib/x86_64-linux-gnu/libnsl-2.19.so
7fb7bb7b1000-7fb7bb7b3000 rw-p 00000000 00:00 0 
7fb7bb7b3000-7fb7bb7bc000 r-xp 00000000 08:04 132089                     /lib/x86_64-linux-gnu/libnss_compat-2.19.so
7fb7bb7bc000-7fb7bb9bb000 ---p 00009000 08:04 132089                     /lib/x86_64-linux-gnu/libnss_compat-2.19.so
7fb7bb9bb000-7fb7bb9bc000 r--p 00008000 08:04 132089                     /lib/x86_64-linux-gnu/libnss_compat-2.19.so
7fb7bb9bc000-7fb7bb9bd000 rw-p 00009000 08:04 132089                     /lib/x86_64-linux-gnu/libnss_compat-2.19.so
7fb7bb9bd000-7fb7bb9e7000 r-xp 00000000 08:04 4199199                    /usr/lib/jvm/java-8-oracle/jre/lib/amd64/libjava.so
7fb7bb9e7000-7fb7bbbe7000 ---p 0002a000 08:04 4199199                    /usr/lib/jvm/java-8-oracle/jre/lib/amd64/libjava.so
7fb7bbbe7000-7fb7bbbe9000 rw-p 0002a000 08:04 4199199                    /usr/lib/jvm/java-8-oracle/jre/lib/amd64/libjava.so
7fb7bbbe9000-7fb7bbbf6000 r-xp 00000000 08:04 4199037                    /usr/lib/jvm/java-8-oracle/jre/lib/amd64/libverify.so
7fb7bbbf6000-7fb7bbdf6000 ---p 0000d000 08:04 4199037                    /usr/lib/jvm/java-8-oracle/jre/lib/amd64/libverify.so
7fb7bbdf6000-7fb7bbdf8000 rw-p 0000d000 08:04 4199037                    /usr/lib/jvm/java-8-oracle/jre/lib/amd64/libverify.so
7fb7bbdf8000-7fb7bbdff000 r-xp 00000000 08:04 132098                     /lib/x86_64-linux-gnu/librt-2.19.so
7fb7bbdff000-7fb7bbffe000 ---p 00007000 08:04 132098                     /lib/x86_64-linux-gnu/librt-2.19.so
7fb7bbffe000-7fb7bbfff000 r--p 00006000 08:04 132098                     /lib/x86_64-linux-gnu/librt-2.19.so
7fb7bbfff000-7fb7bc000000 rw-p 00007000 08:04 132098                     /lib/x86_64-linux-gnu/librt-2.19.so
7fb7bc000000-7fb7bc237000 rw-p 00000000 00:00 0 
7fb7bc237000-7fb7c0000000 ---p 00000000 00:00 0 
7fb7c003d000-7fb7c003e000 ---p 00000000 00:00 0 
7fb7c003e000-7fb7c013e000 rw-p 00000000 00:00 0                          [stack:4797]
7fb7c013e000-7fb7c0243000 r-xp 00000000 08:04 132084                     /lib/x86_64-linux-gnu/libm-2.19.so
7fb7c0243000-7fb7c0442000 ---p 00105000 08:04 132084                     /lib/x86_64-linux-gnu/libm-2.19.so
7fb7c0442000-7fb7c0443000 r--p 00104000 08:04 132084                     /lib/x86_64-linux-gnu/libm-2.19.so
7fb7c0443000-7fb7c0444000 rw-p 00105000 08:04 132084                     /lib/x86_64-linux-gnu/libm-2.19.so
7fb7c0444000-7fb7c110f000 r-xp 00000000 08:04 4330071                    /usr/lib/jvm/java-8-oracle/jre/lib/amd64/server/libjvm.so
7fb7c110f000-7fb7c130e000 ---p 00ccb000 08:04 4330071                    /usr/lib/jvm/java-8-oracle/jre/lib/amd64/server/libjvm.so
7fb7c130e000-7fb7c13e7000 rw-p 00cca000 08:04 4330071                    /usr/lib/jvm/java-8-oracle/jre/lib/amd64/server/libjvm.so
7fb7c13e7000-7fb7c1432000 rw-p 00000000 00:00 0 
7fb7c1432000-7fb7c15ec000 r-xp 00000000 08:04 132099                     /lib/x86_64-linux-gnu/libc-2.19.so
7fb7c15ec000-7fb7c17ec000 ---p 001ba000 08:04 132099                     /lib/x86_64-linux-gnu/libc-2.19.so
7fb7c17ec000-7fb7c17f0000 r--p 001ba000 08:04 132099                     /lib/x86_64-linux-gnu/libc-2.19.so
7fb7c17f0000-7fb7c17f2000 rw-p 001be000 08:04 132099                     /lib/x86_64-linux-gnu/libc-2.19.so
7fb7c17f2000-7fb7c17f7000 rw-p 00000000 00:00 0 
7fb7c17f7000-7fb7c17fa000 r-xp 00000000 08:04 132086                     /lib/x86_64-linux-gnu/libdl-2.19.so
7fb7c17fa000-7fb7c19f9000 ---p 00003000 08:04 132086                     /lib/x86_64-linux-gnu/libdl-2.19.so
7fb7c19f9000-7fb7c19fa000 r--p 00002000 08:04 132086                     /lib/x86_64-linux-gnu/libdl-2.19.so
7fb7c19fa000-7fb7c19fb000 rw-p 00003000 08:04 132086                     /lib/x86_64-linux-gnu/libdl-2.19.so
7fb7c19fb000-7fb7c1a10000 r-xp 00000000 08:04 4456738                    /usr/lib/jvm/java-8-oracle/jre/lib/amd64/jli/libjli.so
7fb7c1a10000-7fb7c1c10000 ---p 00015000 08:04 4456738                    /usr/lib/jvm/java-8-oracle/jre/lib/amd64/jli/libjli.so
7fb7c1c10000-7fb7c1c11000 rw-p 00015000 08:04 4456738                    /usr/lib/jvm/java-8-oracle/jre/lib/amd64/jli/libjli.so
7fb7c1c11000-7fb7c1c2a000 r-xp 00000000 08:04 132091                     /lib/x86_64-linux-gnu/libpthread-2.19.so
7fb7c1c2a000-7fb7c1e29000 ---p 00019000 08:04 132091                     /lib/x86_64-linux-gnu/libpthread-2.19.so
7fb7c1e29000-7fb7c1e2a000 r--p 00018000 08:04 132091                     /lib/x86_64-linux-gnu/libpthread-2.19.so
7fb7c1e2a000-7fb7c1e2b000 rw-p 00019000 08:04 132091                     /lib/x86_64-linux-gnu/libpthread-2.19.so
7fb7c1e2b000-7fb7c1e2f000 rw-p 00000000 00:00 0 
7fb7c1e2f000-7fb7c1e52000 r-xp 00000000 08:04 132092                     /lib/x86_64-linux-gnu/ld-2.19.so
7fb7c1e62000-7fb7c1e7e000 r--s 00393000 08:04 5775885                    /usr/lib/jvm/java-8-oracle/jre/lib/ext/cldrdata.jar
7fb7c1e7e000-7fb7c1f29000 rw-p 00000000 00:00 0 
7fb7c1f29000-7fb7c1f2c000 ---p 00000000 00:00 0 
7fb7c1f2c000-7fb7c202e000 rw-p 00000000 00:00 0                          [stack:4796]
7fb7c2033000-7fb7c2036000 rw-p 00000000 00:00 0 
7fb7c2036000-7fb7c2040000 r--s 00116000 08:04 5775888                    /usr/lib/jvm/java-8-oracle/jre/lib/ext/localedata.jar
7fb7c2040000-7fb7c2045000 r--s 00024000 08:04 4723346                    /home/hema/Desktop/Hiwi/opt/jaligner/jaligner.jar
7fb7c2045000-7fb7c204d000 rw-s 00000000 08:04 3673659                    /tmp/hsperfdata_hema/4795
7fb7c204d000-7fb7c204e000 rw-p 00000000 00:00 0 
7fb7c204e000-7fb7c204f000 r--p 00000000 00:00 0 
7fb7c204f000-7fb7c2051000 rw-p 00000000 00:00 0 
7fb7c2051000-7fb7c2052000 r--p 00022000 08:04 132092                     /lib/x86_64-linux-gnu/ld-2.19.so
7fb7c2052000-7fb7c2053000 rw-p 00023000 08:04 132092                     /lib/x86_64-linux-gnu/ld-2.19.so
7fb7c2053000-7fb7c2054000 rw-p 00000000 00:00 0 
7ffcb725a000-7ffcb727b000 rw-p 00000000 00:00 0                          [stack]
7ffcb735c000-7ffcb735e000 r--p 00000000 00:00 0                          [vvar]
7ffcb735e000-7ffcb7360000 r-xp 00000000 00:00 0                          [vdso]
ffffffffff600000-ffffffffff601000 r-xp 00000000 00:00 0                  [vsyscall]

VM Arguments:
jvm_args: -Xmx4096M 
java_command: jaligner.jar dataa.fasta dataa1.fasta BLOSUM62 2 4
java_class_path (initial): jaligner.jar
Launcher Type: SUN_STANDARD

Environment Variables:
PATH=/home/hema/.local/bin:/home/hema/bin:/usr/local/sbin:/usr/local/bin:/usr/sbin:/usr/bin:/sbin:/bin:/usr/games:/usr/local/games:/home/hema/Downloads/swps3-linux64-sse2-current
LD_LIBRARY_PATH=:/home/hema/Downloads/tbb/tbb44_20160316oss/build/linux_intel64_gcc_cc4.8_libc2.19_kernel3.19.0_debug
SHELL=/bin/bash
DISPLAY=:0

Signal Handlers:
SIGSEGV: [libjvm.so+0xac4790], sa_mask[0]=11111111011111111101111111111110, sa_flags=SA_RESTART|SA_SIGINFO
SIGBUS: [libjvm.so+0xac4790], sa_mask[0]=11111111011111111101111111111110, sa_flags=SA_RESTART|SA_SIGINFO
SIGFPE: [libjvm.so+0x91f140], sa_mask[0]=11111111011111111101111111111110, sa_flags=SA_RESTART|SA_SIGINFO
SIGPIPE: [libjvm.so+0x91f140], sa_mask[0]=11111111011111111101111111111110, sa_flags=SA_RESTART|SA_SIGINFO
SIGXFSZ: [libjvm.so+0x91f140], sa_mask[0]=11111111011111111101111111111110, sa_flags=SA_RESTART|SA_SIGINFO
SIGILL: [libjvm.so+0x91f140], sa_mask[0]=11111111011111111101111111111110, sa_flags=SA_RESTART|SA_SIGINFO
SIGUSR1: SIG_DFL, sa_mask[0]=00000000000000000000000000000000, sa_flags=none
SIGUSR2: [libjvm.so+0x920770], sa_mask[0]=00000000000000000000000000000000, sa_flags=SA_RESTART|SA_SIGINFO
SIGHUP: [libjvm.so+0x921b70], sa_mask[0]=11111111011111111101111111111110, sa_flags=SA_RESTART|SA_SIGINFO
SIGINT: [libjvm.so+0x921b70], sa_mask[0]=11111111011111111101111111111110, sa_flags=SA_RESTART|SA_SIGINFO
SIGTERM: [libjvm.so+0x921b70], sa_mask[0]=11111111011111111101111111111110, sa_flags=SA_RESTART|SA_SIGINFO
SIGQUIT: [libjvm.so+0x921b70], sa_mask[0]=11111111011111111101111111111110, sa_flags=SA_RESTART|SA_SIGINFO


---------------  S Y S T E M  ---------------

OS:DISTRIB_ID=Ubuntu
DISTRIB_RELEASE=14.04
DISTRIB_CODENAME=trusty
DISTRIB_DESCRIPTION="Ubuntu 14.04.4 LTS"

uname:Linux 3.19.0-51-generic #58~14.04.1-Ubuntu SMP Fri Feb 26 22:02:58 UTC 2016 x86_64
libc:glibc 2.19 NPTL 2.19 
rlimit: STACK 8192k, CORE 0k, NPROC 14670, NOFILE 4096, AS infinity
load average:0,04 0,18 0,19

/proc/meminfo:
MemTotal:        3777016 kB
MemFree:          183464 kB
MemAvailable:     749888 kB
Buffers:           85752 kB
Cached:           923948 kB
SwapCached:            0 kB
Active:          2802860 kB
Inactive:         618284 kB
Active(anon):    2413444 kB
Inactive(anon):   299244 kB
Active(file):     389416 kB
Inactive(file):   319040 kB
Unevictable:          80 kB
Mlocked:              80 kB
SwapTotal:             0 kB
SwapFree:              0 kB
Dirty:                12 kB
Writeback:             0 kB
AnonPages:       2411608 kB
Mapped:           370136 kB
Shmem:            301248 kB
Slab:              85740 kB
SReclaimable:      53804 kB
SUnreclaim:        31936 kB
KernelStack:        7296 kB
PageTables:        38984 kB
NFS_Unstable:          0 kB
Bounce:                0 kB
WritebackTmp:          0 kB
CommitLimit:     1888508 kB
Committed_AS:    6478152 kB
VmallocTotal:   34359738367 kB
VmallocUsed:      617636 kB
VmallocChunk:   34359071100 kB
HardwareCorrupted:     0 kB
AnonHugePages:   1427456 kB
CmaTotal:              0 kB
CmaFree:               0 kB
HugePages_Total:       0
HugePages_Free:        0
HugePages_Rsvd:        0
HugePages_Surp:        0
Hugepagesize:       2048 kB
DirectMap4k:      135756 kB
DirectMap2M:     3786752 kB
DirectMap1G:     1048576 kB


CPU:total 4 (2 cores per cpu, 2 threads per core) family 6 model 61 stepping 4, cmov, cx8, fxsr, mmx, sse, sse2, sse3, ssse3, sse4.1, sse4.2, popcnt, avx, avx2, aes, clmul, erms, 3dnowpref, lzcnt, ht, tsc, tscinvbit, bmi1, bmi2, adx

/proc/cpuinfo:
processor	: 0
vendor_id	: GenuineIntel
cpu family	: 6
model		: 61
model name	: Intel(R) Core(TM) i5-5200U CPU @ 2.20GHz
stepping	: 4
microcode	: 0x16
cpu MHz		: 2500.265
cache size	: 3072 KB
physical id	: 0
siblings	: 4
core id		: 0
cpu cores	: 2
apicid		: 0
initial apicid	: 0
fpu		: yes
fpu_exception	: yes
cpuid level	: 20
wp		: yes
flags		: fpu vme de pse tsc msr pae mce cx8 apic sep mtrr pge mca cmov pat pse36 clflush dts acpi mmx fxsr sse sse2 ss ht tm pbe syscall nx pdpe1gb rdtscp lm constant_tsc arch_perfmon pebs bts rep_good nopl xtopology nonstop_tsc aperfmperf eagerfpu pni pclmulqdq dtes64 monitor ds_cpl vmx est tm2 ssse3 fma cx16 xtpr pdcm pcid sse4_1 sse4_2 x2apic movbe popcnt tsc_deadline_timer aes xsave avx f16c rdrand lahf_lm abm 3dnowprefetch ida arat epb pln pts dtherm tpr_shadow vnmi flexpriority ept vpid fsgsbase tsc_adjust bmi1 avx2 smep bmi2 erms invpcid rdseed adx smap xsaveopt
bugs		:
bogomips	: 4389.78
clflush size	: 64
cache_alignment	: 64
address sizes	: 39 bits physical, 48 bits virtual
power management:

processor	: 1
vendor_id	: GenuineIntel
cpu family	: 6
model		: 61
model name	: Intel(R) Core(TM) i5-5200U CPU @ 2.20GHz
stepping	: 4
microcode	: 0x16
cpu MHz		: 2499.921
cache size	: 3072 KB
physical id	: 0
siblings	: 4
core id		: 0
cpu cores	: 2
apicid		: 1
initial apicid	: 1
fpu		: yes
fpu_exception	: yes
cpuid level	: 20
wp		: yes
flags		: fpu vme de pse tsc msr pae mce cx8 apic sep mtrr pge mca cmov pat pse36 clflush dts acpi mmx fxsr sse sse2 ss ht tm pbe syscall nx pdpe1gb rdtscp lm constant_tsc arch_perfmon pebs bts rep_good nopl xtopology nonstop_tsc aperfmperf eagerfpu pni pclmulqdq dtes64 monitor ds_cpl vmx est tm2 ssse3 fma cx16 xtpr pdcm pcid sse4_1 sse4_2 x2apic movbe popcnt tsc_deadline_timer aes xsave avx f16c rdrand lahf_lm abm 3dnowprefetch ida arat epb pln pts dtherm tpr_shadow vnmi flexpriority ept vpid fsgsbase tsc_adjust bmi1 avx2 smep bmi2 erms invpcid rdseed adx smap xsaveopt
bugs		:
bogomips	: 4389.78
clflush size	: 64
cache_alignment	: 64
address sizes	: 39 bits physical, 48 bits virtual
power management:

processor	: 2
vendor_id	: GenuineIntel
cpu family	: 6
model		: 61
model name	: Intel(R) Core(TM) i5-5200U CPU @ 2.20GHz
stepping	: 4
microcode	: 0x16
cpu MHz		: 2500.609
cache size	: 3072 KB
physical id	: 0
siblings	: 4
core id		: 1
cpu cores	: 2
apicid		: 2
initial apicid	: 2
fpu		: yes
fpu_exception	: yes
cpuid level	: 20
wp		: yes
flags		: fpu vme de pse tsc msr pae mce cx8 apic sep mtrr pge mca cmov pat pse36 clflush dts acpi mmx fxsr sse sse2 ss ht tm pbe syscall nx pdpe1gb rdtscp lm constant_tsc arch_perfmon pebs bts rep_good nopl xtopology nonstop_tsc aperfmperf eagerfpu pni pclmulqdq dtes64 monitor ds_cpl vmx est tm2 ssse3 fma cx16 xtpr pdcm pcid sse4_1 sse4_2 x2apic movbe popcnt tsc_deadline_timer aes xsave avx f16c rdrand lahf_lm abm 3dnowprefetch ida arat epb pln pts dtherm tpr_shadow vnmi flexpriority ept vpid fsgsbase tsc_adjust bmi1 avx2 smep bmi2 erms invpcid rdseed adx smap xsaveopt
bugs		:
bogomips	: 4389.78
clflush size	: 64
cache_alignment	: 64
address sizes	: 39 bits physical, 48 bits virtual
power management:

processor	: 3
vendor_id	: GenuineIntel
cpu family	: 6
model		: 61
model name	: Intel(R) Core(TM) i5-5200U CPU @ 2.20GHz
stepping	: 4
microcode	: 0x16
cpu MHz		: 2699.984
cache size	: 3072 KB
physical id	: 0
siblings	: 4
core id		: 1
cpu cores	: 2
apicid		: 3
initial apicid	: 3
fpu		: yes
fpu_exception	: yes
cpuid level	: 20
wp		: yes
flags		: fpu vme de pse tsc msr pae mce cx8 apic sep mtrr pge mca cmov pat pse36 clflush dts acpi mmx fxsr sse sse2 ss ht tm pbe syscall nx pdpe1gb rdtscp lm constant_tsc arch_perfmon pebs bts rep_good nopl xtopology nonstop_tsc aperfmperf eagerfpu pni pclmulqdq dtes64 monitor ds_cpl vmx est tm2 ssse3 fma cx16 xtpr pdcm pcid sse4_1 sse4_2 x2apic movbe popcnt tsc_deadline_timer aes xsave avx f16c rdrand lahf_lm abm 3dnowprefetch ida arat epb pln pts dtherm tpr_shadow vnmi flexpriority ept vpid fsgsbase tsc_adjust bmi1 avx2 smep bmi2 erms invpcid rdseed adx smap xsaveopt
bugs		:
bogomips	: 4389.78
clflush size	: 64
cache_alignment	: 64
address sizes	: 39 bits physical, 48 bits virtual
power management:



Memory: 4k page, physical 3777016k(183464k free), swap 0k(0k free)

vm_info: Java HotSpot(TM) 64-Bit Server VM (25.101-b13) for linux-amd64 JRE (1.8.0_101-b13), built on Jun 22 2016 02:59:44 by "java_re" with gcc 4.3.0 20080428 (Red Hat 4.3.0-8)

time: Sun Sep 25 19:29:01 2016
elapsed time: 0 seconds (0d 0h 0m 0s)

