#
# There is insufficient memory for the Java Runtime Environment to continue.
# Native memory allocation (mmap) failed to map 933756928 bytes for committing reserved memory.
# Possible reasons:
#   The system is out of physical RAM or swap space
#   In 32 bit mode, the process size limit was hit
# Possible solutions:
#   Reduce memory load on the system
#   Increase physical memory or swap space
#   Check if swap backing store is full
#   Use 64 bit Java on a 64 bit OS
#   Decrease Java heap size (-Xmx/-Xms)
#   Decrease number of Java threads
#   Decrease Java thread stack sizes (-Xss)
#   Set larger code cache with -XX:ReservedCodeCacheSize=
# This output file may be truncated or incomplete.
#
#  Out of Memory Error (os_linux.cpp:2627), pid=4857, tid=0x00007fc90aae7700
#
# JRE version: Java(TM) SE Runtime Environment (8.0_101-b13) (build 1.8.0_101-b13)
# Java VM: Java HotSpot(TM) 64-Bit Server VM (25.101-b13 mixed mode linux-amd64 compressed oops)
# Failed to write core dump. Core dumps have been disabled. To enable core dumping, try "ulimit -c unlimited" before starting Java again
#

---------------  T H R E A D  ---------------

Current thread (0x00007fc904009800):  JavaThread "main" [_thread_in_vm, id=4858, stack(0x00007fc90a9e7000,0x00007fc90aae8000)]

Stack: [0x00007fc90a9e7000,0x00007fc90aae8000],  sp=0x00007fc90aae6250,  free space=1020k
Native frames: (J=compiled Java code, j=interpreted, Vv=VM code, C=native code)
V  [libjvm.so+0xac3f0a]  VMError::report_and_die()+0x2ba
V  [libjvm.so+0x4fbf9b]  report_vm_out_of_memory(char const*, int, unsigned long, VMErrorType, char const*)+0x8b
V  [libjvm.so+0x9222d3]  os::Linux::commit_memory_impl(char*, unsigned long, bool)+0x103
V  [libjvm.so+0x922829]  os::pd_commit_memory(char*, unsigned long, unsigned long, bool)+0x29
V  [libjvm.so+0x91cb2a]  os::commit_memory(char*, unsigned long, unsigned long, bool)+0x2a
V  [libjvm.so+0x991053]  PSVirtualSpace::expand_by(unsigned long)+0x53
V  [libjvm.so+0x981920]  PSOldGen::expand(unsigned long)+0x170
V  [libjvm.so+0x981bda]  PSOldGen::expand_and_allocate(unsigned long)+0x1a
V  [libjvm.so+0x981cfb]  PSOldGen::allocate(unsigned long)+0xcb
V  [libjvm.so+0x945c7e]  ParallelScavengeHeap::mem_allocate(unsigned long, bool*)+0xfe
V  [libjvm.so+0xa89f8e]  TypeArrayKlass::allocate_common(int, bool, Thread*)+0x26e
V  [libjvm.so+0x682cda]  InterpreterRuntime::newarray(JavaThread*, BasicType, int)+0x2a
j  jaligner.SmithWatermanGotoh.align(Ljaligner/Sequence;Ljaligner/Sequence;Ljaligner/matrix/Matrix;FF)Ljaligner/Alignment;+121
j  jaligner.ui.AlignCommandLine.main([Ljava/lang/String;)V+104
v  ~StubRoutines::call_stub
V  [libjvm.so+0x68f6b6]  JavaCalls::call_helper(JavaValue*, methodHandle*, JavaCallArguments*, Thread*)+0x1056
V  [libjvm.so+0x6d0d42]  jni_invoke_static(JNIEnv_*, JavaValue*, _jobject*, JNICallType, _jmethodID*, JNI_ArgumentPusher*, Thread*)+0x362
V  [libjvm.so+0x6ed5aa]  jni_CallStaticVoidMethod+0x17a
C  [libjli.so+0x7bdf]  JavaMain+0x81f
C  [libpthread.so.0+0x8184]  start_thread+0xc4

Java frames: (J=compiled Java code, j=interpreted, Vv=VM code)
j  jaligner.SmithWatermanGotoh.align(Ljaligner/Sequence;Ljaligner/Sequence;Ljaligner/matrix/Matrix;FF)Ljaligner/Alignment;+121
j  jaligner.ui.AlignCommandLine.main([Ljava/lang/String;)V+104
v  ~StubRoutines::call_stub

---------------  P R O C E S S  ---------------

Java Threads: ( => current thread )
  0x00007fc904188800 JavaThread "Service Thread" daemon [_thread_blocked, id=4870, stack(0x00007fc8f0423000,0x00007fc8f0524000)]
  0x00007fc904185800 JavaThread "C1 CompilerThread2" daemon [_thread_blocked, id=4869, stack(0x00007fc8f0524000,0x00007fc8f0625000)]
  0x00007fc904183800 JavaThread "C2 CompilerThread1" daemon [_thread_blocked, id=4868, stack(0x00007fc8f0625000,0x00007fc8f0726000)]
  0x00007fc904180800 JavaThread "C2 CompilerThread0" daemon [_thread_blocked, id=4867, stack(0x00007fc8f0726000,0x00007fc8f0827000)]
  0x00007fc90417f000 JavaThread "Signal Dispatcher" daemon [_thread_blocked, id=4866, stack(0x00007fc8f0827000,0x00007fc8f0928000)]
  0x00007fc90414b000 JavaThread "Finalizer" daemon [_thread_blocked, id=4865, stack(0x00007fc8f117a000,0x00007fc8f127b000)]
  0x00007fc904146800 JavaThread "Reference Handler" daemon [_thread_blocked, id=4864, stack(0x00007fc8f127b000,0x00007fc8f137c000)]
=>0x00007fc904009800 JavaThread "main" [_thread_in_vm, id=4858, stack(0x00007fc90a9e7000,0x00007fc90aae8000)]

Other Threads:
  0x00007fc90413e800 VMThread [stack: 0x00007fc8f137c000,0x00007fc8f147d000] [id=4863]
  0x00007fc90418b800 WatcherThread [stack: 0x00007fc8f0322000,0x00007fc8f0423000] [id=4871]

VM state:not at safepoint (normal execution)

VM Mutex/Monitor currently owned by a thread:  ([mutex/lock_event])
[0x00007fc904005800] ExpandHeap_lock - owner thread: 0x00007fc904009800
[0x00007fc904006380] Heap_lock - owner thread: 0x00007fc904009800

Heap:
 PSYoungGen      total 17408K, used 2511K [0x000000076ab00000, 0x000000076be00000, 0x00000007c0000000)
  eden space 15360K, 16% used [0x000000076ab00000,0x000000076ad73c48,0x000000076ba00000)
  from space 2048K, 0% used [0x000000076bc00000,0x000000076bc00000,0x000000076be00000)
  to   space 2048K, 0% used [0x000000076ba00000,0x000000076ba00000,0x000000076bc00000)
 ParOldGen       total 1408000K, used 1367045K [0x00000006c0000000, 0x0000000715f00000, 0x000000076ab00000)
  object space 1408000K, 97% used [0x00000006c0000000,0x0000000713701728,0x0000000715f00000)
 Metaspace       used 3916K, capacity 4640K, committed 4864K, reserved 1056768K
  class space    used 438K, capacity 464K, committed 512K, reserved 1048576K

Card table byte_map: [0x00007fc8f3e0d000,0x00007fc8f460e000] byte_map_base: 0x00007fc8f080d000

Marking Bits: (ParMarkBitMap*) 0x00007fc909ec3120
 Begin Bits: [0x00007fc8cc000000, 0x00007fc8d0000000)
 End Bits:   [0x00007fc8d0000000, 0x00007fc8d4000000)

Polling page: 0x00007fc90ab0c000

CodeCache: size=245760Kb used=1281Kb max_used=1297Kb free=244478Kb
 bounds [0x00007fc8f49ce000, 0x00007fc8f4c3e000, 0x00007fc9039ce000]
 total_blobs=355 nmethods=95 adapters=174
 compilation: enabled

Compilation events (10 events):
Event: 0,150 Thread 0x00007fc904185800 nmethod 91 0x00007fc8f4b002d0 code [0x00007fc8f4b00460, 0x00007fc8f4b00908]
Event: 0,150 Thread 0x00007fc904185800   93       3       sun.misc.FloatingDecimal::parseFloat (10 bytes)
Event: 0,151 Thread 0x00007fc904185800 nmethod 93 0x00007fc8f4b0b350 code [0x00007fc8f4b0b4c0, 0x00007fc8f4b0b6f8]
Event: 0,151 Thread 0x00007fc904185800   89       3       java.util.StringTokenizer::nextToken (92 bytes)
Event: 0,153 Thread 0x00007fc904185800 nmethod 89 0x00007fc8f4b0b7d0 code [0x00007fc8f4b0b980, 0x00007fc8f4b0bd78]
Event: 0,153 Thread 0x00007fc904185800   92       3       java.lang.Float::parseFloat (5 bytes)
Event: 0,154 Thread 0x00007fc904185800 nmethod 92 0x00007fc8f4b0bed0 code [0x00007fc8f4b0c060, 0x00007fc8f4b0c2d8]
Event: 0,154 Thread 0x00007fc904185800   95       3       java.util.regex.Pattern$BmpCharProperty::match (50 bytes)
Event: 0,155 Thread 0x00007fc904185800 nmethod 95 0x00007fc8f4b0c410 code [0x00007fc8f4b0c5a0, 0x00007fc8f4b0ca48]
Event: 0,172 Thread 0x00007fc904180800 nmethod 80% 0x00007fc8f4b10990 code [0x00007fc8f4b10b80, 0x00007fc8f4b11d60]

GC Heap History (0 events):
No events

Deoptimization events (2 events):
Event: 0,130 Thread 0x00007fc904009800 Uncommon trap: reason=unstable_if action=reinterpret pc=0x00007fc8f4afd278 method=java.lang.CharacterDataLatin1.toUpperCaseEx(I)I @ 12
Event: 0,130 Thread 0x00007fc904009800 Uncommon trap: reason=unstable_if action=reinterpret pc=0x00007fc8f4afcfb0 method=java.lang.CharacterDataLatin1.toUpperCaseEx(I)I @ 12

Internal exceptions (6 events):
Event: 0,031 Thread 0x00007fc904009800 Exception <a 'java/lang/NoSuchMethodError': Method sun.misc.Unsafe.defineClass(Ljava/lang/String;[BII)Ljava/lang/Class; name or signature does not match> (0x000000076ab07cc0) thrown at [/HUDSON3/workspace/8-2-build-linux-amd64/jdk8u101/7261/hotspot/src/sh
Event: 0,031 Thread 0x00007fc904009800 Exception <a 'java/lang/NoSuchMethodError': Method sun.misc.Unsafe.prefetchRead(Ljava/lang/Object;J)V name or signature does not match> (0x000000076ab07fa8) thrown at [/HUDSON3/workspace/8-2-build-linux-amd64/jdk8u101/7261/hotspot/src/share/vm/prims/jni.c
Event: 0,084 Thread 0x00007fc904009800 Exception <a 'java/security/PrivilegedActionException'> (0x000000076ab904c0) thrown at [/HUDSON3/workspace/8-2-build-linux-amd64/jdk8u101/7261/hotspot/src/share/vm/prims/jvm.cpp, line 1386]
Event: 0,084 Thread 0x00007fc904009800 Exception <a 'java/security/PrivilegedActionException'> (0x000000076ab906d0) thrown at [/HUDSON3/workspace/8-2-build-linux-amd64/jdk8u101/7261/hotspot/src/share/vm/prims/jvm.cpp, line 1386]
Event: 0,084 Thread 0x00007fc904009800 Exception <a 'java/security/PrivilegedActionException'> (0x000000076ab92b10) thrown at [/HUDSON3/workspace/8-2-build-linux-amd64/jdk8u101/7261/hotspot/src/share/vm/prims/jvm.cpp, line 1386]
Event: 0,084 Thread 0x00007fc904009800 Exception <a 'java/security/PrivilegedActionException'> (0x000000076ab92d20) thrown at [/HUDSON3/workspace/8-2-build-linux-amd64/jdk8u101/7261/hotspot/src/share/vm/prims/jvm.cpp, line 1386]

Events (10 events):
Event: 0,130 Thread 0x00007fc904009800 Uncommon trap: trap_request=0xffffff65 fr.pc=0x00007fc8f4afd278
Event: 0,130 Thread 0x00007fc904009800 DEOPT PACKING pc=0x00007fc8f4afd278 sp=0x00007fc90aae6030
Event: 0,130 Thread 0x00007fc904009800 DEOPT UNPACKING pc=0x00007fc8f49d3229 sp=0x00007fc90aae5f80 mode 2
Event: 0,130 Thread 0x00007fc904009800 Uncommon trap: trap_request=0xffffff65 fr.pc=0x00007fc8f4afcfb0
Event: 0,130 Thread 0x00007fc904009800 DEOPT PACKING pc=0x00007fc8f4afcfb0 sp=0x00007fc90aae5fd0
Event: 0,130 Thread 0x00007fc904009800 DEOPT UNPACKING pc=0x00007fc8f49d3229 sp=0x00007fc90aae5f80 mode 2
Event: 0,133 loading class jaligner/matrix/Matrix
Event: 0,133 loading class jaligner/matrix/Matrix done
Event: 0,134 loading class jaligner/SmithWatermanGotoh
Event: 0,134 loading class jaligner/SmithWatermanGotoh done


Dynamic libraries:
00400000-00401000 r-xp 00000000 08:04 3413512                            /usr/lib/jvm/java-8-oracle/jre/bin/java
00600000-00601000 rw-p 00000000 08:04 3413512                            /usr/lib/jvm/java-8-oracle/jre/bin/java
0083f000-00860000 rw-p 00000000 00:00 0                                  [heap]
6c0000000-715f00000 rw-p 00000000 00:00 0 
74d980000-76ab00000 ---p 00000000 00:00 0 
76ab00000-76be00000 rw-p 00000000 00:00 0 
76be00000-7c0000000 ---p 00000000 00:00 0 
7c0000000-7c0080000 rw-p 00000000 00:00 0 
7c0080000-800000000 ---p 00000000 00:00 0 
7fc8ac000000-7fc8ac021000 rw-p 00000000 00:00 0 
7fc8ac021000-7fc8b0000000 ---p 00000000 00:00 0 
7fc8b0000000-7fc8b0021000 rw-p 00000000 00:00 0 
7fc8b0021000-7fc8b4000000 ---p 00000000 00:00 0 
7fc8b4000000-7fc8b402d000 rw-p 00000000 00:00 0 
7fc8b402d000-7fc8b8000000 ---p 00000000 00:00 0 
7fc8b8000000-7fc8b814e000 rw-p 00000000 00:00 0 
7fc8b814e000-7fc8bc000000 ---p 00000000 00:00 0 
7fc8bc000000-7fc8bc021000 rw-p 00000000 00:00 0 
7fc8bc021000-7fc8c0000000 ---p 00000000 00:00 0 
7fc8c0000000-7fc8c025e000 rw-p 00000000 00:00 0 
7fc8c025e000-7fc8c4000000 ---p 00000000 00:00 0 
7fc8c4000000-7fc8c4021000 rw-p 00000000 00:00 0 
7fc8c4021000-7fc8c8000000 ---p 00000000 00:00 0 
7fc8c8000000-7fc8c8021000 rw-p 00000000 00:00 0 
7fc8c8021000-7fc8cc000000 ---p 00000000 00:00 0 
7fc8cc000000-7fc8d4000000 rw-p 00000000 00:00 0 
7fc8d4000000-7fc8d4021000 rw-p 00000000 00:00 0 
7fc8d4021000-7fc8d8000000 ---p 00000000 00:00 0 
7fc8d8000000-7fc8d8021000 rw-p 00000000 00:00 0 
7fc8d8021000-7fc8dc000000 ---p 00000000 00:00 0 
7fc8dc000000-7fc8dc021000 rw-p 00000000 00:00 0 
7fc8dc021000-7fc8e0000000 ---p 00000000 00:00 0 
7fc8e4000000-7fc8e4021000 rw-p 00000000 00:00 0 
7fc8e4021000-7fc8e8000000 ---p 00000000 00:00 0 
7fc8ec000000-7fc8ec021000 rw-p 00000000 00:00 0 
7fc8ec021000-7fc8f0000000 ---p 00000000 00:00 0 
7fc8f009b000-7fc8f0322000 rw-p 00000000 00:00 0 
7fc8f0322000-7fc8f0323000 ---p 00000000 00:00 0 
7fc8f0323000-7fc8f0423000 rw-p 00000000 00:00 0                          [stack:4871]
7fc8f0423000-7fc8f0426000 ---p 00000000 00:00 0 
7fc8f0426000-7fc8f0524000 rw-p 00000000 00:00 0                          [stack:4870]
7fc8f0524000-7fc8f0527000 ---p 00000000 00:00 0 
7fc8f0527000-7fc8f0625000 rw-p 00000000 00:00 0                          [stack:4869]
7fc8f0625000-7fc8f0628000 ---p 00000000 00:00 0 
7fc8f0628000-7fc8f0726000 rw-p 00000000 00:00 0                          [stack:4868]
7fc8f0726000-7fc8f0729000 ---p 00000000 00:00 0 
7fc8f0729000-7fc8f0827000 rw-p 00000000 00:00 0                          [stack:4867]
7fc8f0827000-7fc8f082a000 ---p 00000000 00:00 0 
7fc8f082a000-7fc8f0928000 rw-p 00000000 00:00 0                          [stack:4866]
7fc8f0928000-7fc8f117a000 r--p 00000000 08:04 1448898                    /usr/lib/locale/locale-archive
7fc8f117a000-7fc8f117d000 ---p 00000000 00:00 0 
7fc8f117d000-7fc8f127b000 rw-p 00000000 00:00 0                          [stack:4865]
7fc8f127b000-7fc8f127e000 ---p 00000000 00:00 0 
7fc8f127e000-7fc8f137c000 rw-p 00000000 00:00 0                          [stack:4864]
7fc8f137c000-7fc8f137d000 ---p 00000000 00:00 0 
7fc8f137d000-7fc8f23db000 rw-p 00000000 00:00 0                          [stack:4863]
7fc8f23db000-7fc8f25b4000 r--s 03d29000 08:04 3675567                    /usr/lib/jvm/java-8-oracle/jre/lib/rt.jar
7fc8f25b4000-7fc8f29f4000 rw-p 00000000 00:00 0 
7fc8f29f4000-7fc8f2db4000 ---p 00000000 00:00 0 
7fc8f2db4000-7fc8f35b4000 rw-p 00000000 00:00 0 
7fc8f35b4000-7fc8f35b5000 ---p 00000000 00:00 0 
7fc8f35b5000-7fc8f36b5000 rw-p 00000000 00:00 0                          [stack:4862]
7fc8f36b5000-7fc8f36b6000 ---p 00000000 00:00 0 
7fc8f36b6000-7fc8f37b6000 rw-p 00000000 00:00 0                          [stack:4861]
7fc8f37b6000-7fc8f37b7000 ---p 00000000 00:00 0 
7fc8f37b7000-7fc8f3b67000 rw-p 00000000 00:00 0                          [stack:4860]
7fc8f3b67000-7fc8f3e0d000 ---p 00000000 00:00 0 
7fc8f3e0d000-7fc8f40bd000 rw-p 00000000 00:00 0 
7fc8f40bd000-7fc8f4362000 ---p 00000000 00:00 0 
7fc8f4362000-7fc8f436c000 rw-p 00000000 00:00 0 
7fc8f436c000-7fc8f460d000 ---p 00000000 00:00 0 
7fc8f460d000-7fc8f4618000 rw-p 00000000 00:00 0 
7fc8f4618000-7fc8f49ce000 ---p 00000000 00:00 0 
7fc8f49ce000-7fc8f4c3e000 rwxp 00000000 00:00 0 
7fc8f4c3e000-7fc9039ce000 ---p 00000000 00:00 0 
7fc9039ce000-7fc9039e8000 r-xp 00000000 08:04 4199092                    /usr/lib/jvm/java-8-oracle/jre/lib/amd64/libzip.so
7fc9039e8000-7fc903be8000 ---p 0001a000 08:04 4199092                    /usr/lib/jvm/java-8-oracle/jre/lib/amd64/libzip.so
7fc903be8000-7fc903be9000 rw-p 0001a000 08:04 4199092                    /usr/lib/jvm/java-8-oracle/jre/lib/amd64/libzip.so
7fc903be9000-7fc903bf3000 r-xp 00000000 08:04 132102                     /lib/x86_64-linux-gnu/libnss_files-2.19.so
7fc903bf3000-7fc903df2000 ---p 0000a000 08:04 132102                     /lib/x86_64-linux-gnu/libnss_files-2.19.so
7fc903df2000-7fc903df3000 r--p 00009000 08:04 132102                     /lib/x86_64-linux-gnu/libnss_files-2.19.so
7fc903df3000-7fc903df4000 rw-p 0000a000 08:04 132102                     /lib/x86_64-linux-gnu/libnss_files-2.19.so
7fc903df4000-7fc903dff000 r-xp 00000000 08:04 132094                     /lib/x86_64-linux-gnu/libnss_nis-2.19.so
7fc903dff000-7fc903ffe000 ---p 0000b000 08:04 132094                     /lib/x86_64-linux-gnu/libnss_nis-2.19.so
7fc903ffe000-7fc903fff000 r--p 0000a000 08:04 132094                     /lib/x86_64-linux-gnu/libnss_nis-2.19.so
7fc903fff000-7fc904000000 rw-p 0000b000 08:04 132094                     /lib/x86_64-linux-gnu/libnss_nis-2.19.so
7fc904000000-7fc90423f000 rw-p 00000000 00:00 0 
7fc90423f000-7fc908000000 ---p 00000000 00:00 0 
7fc90801e000-7fc908094000 rw-p 00000000 00:00 0 
7fc908094000-7fc908095000 ---p 00000000 00:00 0 
7fc908095000-7fc908195000 rw-p 00000000 00:00 0                          [stack:4859]
7fc908195000-7fc9081ac000 r-xp 00000000 08:04 132090                     /lib/x86_64-linux-gnu/libnsl-2.19.so
7fc9081ac000-7fc9083ab000 ---p 00017000 08:04 132090                     /lib/x86_64-linux-gnu/libnsl-2.19.so
7fc9083ab000-7fc9083ac000 r--p 00016000 08:04 132090                     /lib/x86_64-linux-gnu/libnsl-2.19.so
7fc9083ac000-7fc9083ad000 rw-p 00017000 08:04 132090                     /lib/x86_64-linux-gnu/libnsl-2.19.so
7fc9083ad000-7fc9083af000 rw-p 00000000 00:00 0 
7fc9083af000-7fc9083b8000 r-xp 00000000 08:04 132089                     /lib/x86_64-linux-gnu/libnss_compat-2.19.so
7fc9083b8000-7fc9085b7000 ---p 00009000 08:04 132089                     /lib/x86_64-linux-gnu/libnss_compat-2.19.so
7fc9085b7000-7fc9085b8000 r--p 00008000 08:04 132089                     /lib/x86_64-linux-gnu/libnss_compat-2.19.so
7fc9085b8000-7fc9085b9000 rw-p 00009000 08:04 132089                     /lib/x86_64-linux-gnu/libnss_compat-2.19.so
7fc9085b9000-7fc9085e3000 r-xp 00000000 08:04 4199199                    /usr/lib/jvm/java-8-oracle/jre/lib/amd64/libjava.so
7fc9085e3000-7fc9087e3000 ---p 0002a000 08:04 4199199                    /usr/lib/jvm/java-8-oracle/jre/lib/amd64/libjava.so
7fc9087e3000-7fc9087e5000 rw-p 0002a000 08:04 4199199                    /usr/lib/jvm/java-8-oracle/jre/lib/amd64/libjava.so
7fc9087e5000-7fc9087f2000 r-xp 00000000 08:04 4199037                    /usr/lib/jvm/java-8-oracle/jre/lib/amd64/libverify.so
7fc9087f2000-7fc9089f2000 ---p 0000d000 08:04 4199037                    /usr/lib/jvm/java-8-oracle/jre/lib/amd64/libverify.so
7fc9089f2000-7fc9089f4000 rw-p 0000d000 08:04 4199037                    /usr/lib/jvm/java-8-oracle/jre/lib/amd64/libverify.so
7fc9089f4000-7fc9089fb000 r-xp 00000000 08:04 132098                     /lib/x86_64-linux-gnu/librt-2.19.so
7fc9089fb000-7fc908bfa000 ---p 00007000 08:04 132098                     /lib/x86_64-linux-gnu/librt-2.19.so
7fc908bfa000-7fc908bfb000 r--p 00006000 08:04 132098                     /lib/x86_64-linux-gnu/librt-2.19.so
7fc908bfb000-7fc908bfc000 rw-p 00007000 08:04 132098                     /lib/x86_64-linux-gnu/librt-2.19.so
7fc908bfc000-7fc908d01000 r-xp 00000000 08:04 132084                     /lib/x86_64-linux-gnu/libm-2.19.so
7fc908d01000-7fc908f00000 ---p 00105000 08:04 132084                     /lib/x86_64-linux-gnu/libm-2.19.so
7fc908f00000-7fc908f01000 r--p 00104000 08:04 132084                     /lib/x86_64-linux-gnu/libm-2.19.so
7fc908f01000-7fc908f02000 rw-p 00105000 08:04 132084                     /lib/x86_64-linux-gnu/libm-2.19.so
7fc908f02000-7fc909bcd000 r-xp 00000000 08:04 4330071                    /usr/lib/jvm/java-8-oracle/jre/lib/amd64/server/libjvm.so
7fc909bcd000-7fc909dcc000 ---p 00ccb000 08:04 4330071                    /usr/lib/jvm/java-8-oracle/jre/lib/amd64/server/libjvm.so
7fc909dcc000-7fc909ea5000 rw-p 00cca000 08:04 4330071                    /usr/lib/jvm/java-8-oracle/jre/lib/amd64/server/libjvm.so
7fc909ea5000-7fc909ef0000 rw-p 00000000 00:00 0 
7fc909ef0000-7fc90a0aa000 r-xp 00000000 08:04 132099                     /lib/x86_64-linux-gnu/libc-2.19.so
7fc90a0aa000-7fc90a2aa000 ---p 001ba000 08:04 132099                     /lib/x86_64-linux-gnu/libc-2.19.so
7fc90a2aa000-7fc90a2ae000 r--p 001ba000 08:04 132099                     /lib/x86_64-linux-gnu/libc-2.19.so
7fc90a2ae000-7fc90a2b0000 rw-p 001be000 08:04 132099                     /lib/x86_64-linux-gnu/libc-2.19.so
7fc90a2b0000-7fc90a2b5000 rw-p 00000000 00:00 0 
7fc90a2b5000-7fc90a2b8000 r-xp 00000000 08:04 132086                     /lib/x86_64-linux-gnu/libdl-2.19.so
7fc90a2b8000-7fc90a4b7000 ---p 00003000 08:04 132086                     /lib/x86_64-linux-gnu/libdl-2.19.so
7fc90a4b7000-7fc90a4b8000 r--p 00002000 08:04 132086                     /lib/x86_64-linux-gnu/libdl-2.19.so
7fc90a4b8000-7fc90a4b9000 rw-p 00003000 08:04 132086                     /lib/x86_64-linux-gnu/libdl-2.19.so
7fc90a4b9000-7fc90a4ce000 r-xp 00000000 08:04 4456738                    /usr/lib/jvm/java-8-oracle/jre/lib/amd64/jli/libjli.so
7fc90a4ce000-7fc90a6ce000 ---p 00015000 08:04 4456738                    /usr/lib/jvm/java-8-oracle/jre/lib/amd64/jli/libjli.so
7fc90a6ce000-7fc90a6cf000 rw-p 00015000 08:04 4456738                    /usr/lib/jvm/java-8-oracle/jre/lib/amd64/jli/libjli.so
7fc90a6cf000-7fc90a6e8000 r-xp 00000000 08:04 132091                     /lib/x86_64-linux-gnu/libpthread-2.19.so
7fc90a6e8000-7fc90a8e7000 ---p 00019000 08:04 132091                     /lib/x86_64-linux-gnu/libpthread-2.19.so
7fc90a8e7000-7fc90a8e8000 r--p 00018000 08:04 132091                     /lib/x86_64-linux-gnu/libpthread-2.19.so
7fc90a8e8000-7fc90a8e9000 rw-p 00019000 08:04 132091                     /lib/x86_64-linux-gnu/libpthread-2.19.so
7fc90a8e9000-7fc90a8ed000 rw-p 00000000 00:00 0 
7fc90a8ed000-7fc90a910000 r-xp 00000000 08:04 132092                     /lib/x86_64-linux-gnu/ld-2.19.so
7fc90a920000-7fc90a93c000 r--s 00393000 08:04 5775885                    /usr/lib/jvm/java-8-oracle/jre/lib/ext/cldrdata.jar
7fc90a93c000-7fc90a9e7000 rw-p 00000000 00:00 0 
7fc90a9e7000-7fc90a9ea000 ---p 00000000 00:00 0 
7fc90a9ea000-7fc90aaec000 rw-p 00000000 00:00 0                          [stack:4858]
7fc90aaf1000-7fc90aaf4000 rw-p 00000000 00:00 0 
7fc90aaf4000-7fc90aafe000 r--s 00116000 08:04 5775888                    /usr/lib/jvm/java-8-oracle/jre/lib/ext/localedata.jar
7fc90aafe000-7fc90ab03000 r--s 00024000 08:04 4723346                    /home/hema/Desktop/Hiwi/opt/jaligner/jaligner.jar
7fc90ab03000-7fc90ab0b000 rw-s 00000000 08:04 3673659                    /tmp/hsperfdata_hema/4857
7fc90ab0b000-7fc90ab0c000 rw-p 00000000 00:00 0 
7fc90ab0c000-7fc90ab0d000 r--p 00000000 00:00 0 
7fc90ab0d000-7fc90ab0f000 rw-p 00000000 00:00 0 
7fc90ab0f000-7fc90ab10000 r--p 00022000 08:04 132092                     /lib/x86_64-linux-gnu/ld-2.19.so
7fc90ab10000-7fc90ab11000 rw-p 00023000 08:04 132092                     /lib/x86_64-linux-gnu/ld-2.19.so
7fc90ab11000-7fc90ab12000 rw-p 00000000 00:00 0 
7ffd17283000-7ffd172a4000 rw-p 00000000 00:00 0                          [stack]
7ffd17300000-7ffd17302000 r--p 00000000 00:00 0                          [vvar]
7ffd17302000-7ffd17304000 r-xp 00000000 00:00 0                          [vdso]
ffffffffff600000-ffffffffff601000 r-xp 00000000 00:00 0                  [vsyscall]

VM Arguments:
jvm_args: -Xmx4096M 
java_command: jaligner.jar dataa.fasta dataa1.fasta BLOSUM62 2 4
java_class_path (initial): jaligner.jar
Launcher Type: SUN_STANDARD

Environment Variables:
PATH=/home/hema/.local/bin:/home/hema/bin:/usr/local/sbin:/usr/local/bin:/usr/sbin:/usr/bin:/sbin:/bin:/usr/games:/usr/local/games:/home/hema/Downloads/swps3-linux64-sse2-current
LD_LIBRARY_PATH=:/home/hema/Downloads/tbb/tbb44_20160316oss/build/linux_intel64_gcc_cc4.8_libc2.19_kernel3.19.0_debug
SHELL=/bin/bash
DISPLAY=:0

Signal Handlers:
SIGSEGV: [libjvm.so+0xac4790], sa_mask[0]=11111111011111111101111111111110, sa_flags=SA_RESTART|SA_SIGINFO
SIGBUS: [libjvm.so+0xac4790], sa_mask[0]=11111111011111111101111111111110, sa_flags=SA_RESTART|SA_SIGINFO
SIGFPE: [libjvm.so+0x91f140], sa_mask[0]=11111111011111111101111111111110, sa_flags=SA_RESTART|SA_SIGINFO
SIGPIPE: [libjvm.so+0x91f140], sa_mask[0]=11111111011111111101111111111110, sa_flags=SA_RESTART|SA_SIGINFO
SIGXFSZ: [libjvm.so+0x91f140], sa_mask[0]=11111111011111111101111111111110, sa_flags=SA_RESTART|SA_SIGINFO
SIGILL: [libjvm.so+0x91f140], sa_mask[0]=11111111011111111101111111111110, sa_flags=SA_RESTART|SA_SIGINFO
SIGUSR1: SIG_DFL, sa_mask[0]=00000000000000000000000000000000, sa_flags=none
SIGUSR2: [libjvm.so+0x920770], sa_mask[0]=00000000000000000000000000000000, sa_flags=SA_RESTART|SA_SIGINFO
SIGHUP: [libjvm.so+0x921b70], sa_mask[0]=11111111011111111101111111111110, sa_flags=SA_RESTART|SA_SIGINFO
SIGINT: [libjvm.so+0x921b70], sa_mask[0]=11111111011111111101111111111110, sa_flags=SA_RESTART|SA_SIGINFO
SIGTERM: [libjvm.so+0x921b70], sa_mask[0]=11111111011111111101111111111110, sa_flags=SA_RESTART|SA_SIGINFO
SIGQUIT: [libjvm.so+0x921b70], sa_mask[0]=11111111011111111101111111111110, sa_flags=SA_RESTART|SA_SIGINFO


---------------  S Y S T E M  ---------------

OS:DISTRIB_ID=Ubuntu
DISTRIB_RELEASE=14.04
DISTRIB_CODENAME=trusty
DISTRIB_DESCRIPTION="Ubuntu 14.04.4 LTS"

uname:Linux 3.19.0-51-generic #58~14.04.1-Ubuntu SMP Fri Feb 26 22:02:58 UTC 2016 x86_64
libc:glibc 2.19 NPTL 2.19 
rlimit: STACK 8192k, CORE 0k, NPROC 14670, NOFILE 4096, AS infinity
load average:0,07 0,17 0,18

/proc/meminfo:
MemTotal:        3777016 kB
MemFree:          178876 kB
MemAvailable:     746020 kB
Buffers:           85896 kB
Cached:           924488 kB
SwapCached:            0 kB
Active:          2807428 kB
Inactive:         618624 kB
Active(anon):    2417624 kB
Inactive(anon):   299236 kB
Active(file):     389804 kB
Inactive(file):   319388 kB
Unevictable:          80 kB
Mlocked:              80 kB
SwapTotal:             0 kB
SwapFree:              0 kB
Dirty:                96 kB
Writeback:             0 kB
AnonPages:       2415784 kB
Mapped:           370444 kB
Shmem:            301196 kB
Slab:              85704 kB
SReclaimable:      53772 kB
SUnreclaim:        31932 kB
KernelStack:        7536 kB
PageTables:        39276 kB
NFS_Unstable:          0 kB
Bounce:                0 kB
WritebackTmp:          0 kB
CommitLimit:     1888508 kB
Committed_AS:    6484248 kB
VmallocTotal:   34359738367 kB
VmallocUsed:      617240 kB
VmallocChunk:   34359114204 kB
HardwareCorrupted:     0 kB
AnonHugePages:   1433600 kB
CmaTotal:              0 kB
CmaFree:               0 kB
HugePages_Total:       0
HugePages_Free:        0
HugePages_Rsvd:        0
HugePages_Surp:        0
Hugepagesize:       2048 kB
DirectMap4k:      135756 kB
DirectMap2M:     3786752 kB
DirectMap1G:     1048576 kB


CPU:total 4 (2 cores per cpu, 2 threads per core) family 6 model 61 stepping 4, cmov, cx8, fxsr, mmx, sse, sse2, sse3, ssse3, sse4.1, sse4.2, popcnt, avx, avx2, aes, clmul, erms, 3dnowpref, lzcnt, ht, tsc, tscinvbit, bmi1, bmi2, adx

/proc/cpuinfo:
processor	: 0
vendor_id	: GenuineIntel
cpu family	: 6
model		: 61
model name	: Intel(R) Core(TM) i5-5200U CPU @ 2.20GHz
stepping	: 4
microcode	: 0x16
cpu MHz		: 2500.007
cache size	: 3072 KB
physical id	: 0
siblings	: 4
core id		: 0
cpu cores	: 2
apicid		: 0
initial apicid	: 0
fpu		: yes
fpu_exception	: yes
cpuid level	: 20
wp		: yes
flags		: fpu vme de pse tsc msr pae mce cx8 apic sep mtrr pge mca cmov pat pse36 clflush dts acpi mmx fxsr sse sse2 ss ht tm pbe syscall nx pdpe1gb rdtscp lm constant_tsc arch_perfmon pebs bts rep_good nopl xtopology nonstop_tsc aperfmperf eagerfpu pni pclmulqdq dtes64 monitor ds_cpl vmx est tm2 ssse3 fma cx16 xtpr pdcm pcid sse4_1 sse4_2 x2apic movbe popcnt tsc_deadline_timer aes xsave avx f16c rdrand lahf_lm abm 3dnowprefetch ida arat epb pln pts dtherm tpr_shadow vnmi flexpriority ept vpid fsgsbase tsc_adjust bmi1 avx2 smep bmi2 erms invpcid rdseed adx smap xsaveopt
bugs		:
bogomips	: 4389.78
clflush size	: 64
cache_alignment	: 64
address sizes	: 39 bits physical, 48 bits virtual
power management:

processor	: 1
vendor_id	: GenuineIntel
cpu family	: 6
model		: 61
model name	: Intel(R) Core(TM) i5-5200U CPU @ 2.20GHz
stepping	: 4
microcode	: 0x16
cpu MHz		: 2499.921
cache size	: 3072 KB
physical id	: 0
siblings	: 4
core id		: 0
cpu cores	: 2
apicid		: 1
initial apicid	: 1
fpu		: yes
fpu_exception	: yes
cpuid level	: 20
wp		: yes
flags		: fpu vme de pse tsc msr pae mce cx8 apic sep mtrr pge mca cmov pat pse36 clflush dts acpi mmx fxsr sse sse2 ss ht tm pbe syscall nx pdpe1gb rdtscp lm constant_tsc arch_perfmon pebs bts rep_good nopl xtopology nonstop_tsc aperfmperf eagerfpu pni pclmulqdq dtes64 monitor ds_cpl vmx est tm2 ssse3 fma cx16 xtpr pdcm pcid sse4_1 sse4_2 x2apic movbe popcnt tsc_deadline_timer aes xsave avx f16c rdrand lahf_lm abm 3dnowprefetch ida arat epb pln pts dtherm tpr_shadow vnmi flexpriority ept vpid fsgsbase tsc_adjust bmi1 avx2 smep bmi2 erms invpcid rdseed adx smap xsaveopt
bugs		:
bogomips	: 4389.78
clflush size	: 64
cache_alignment	: 64
address sizes	: 39 bits physical, 48 bits virtual
power management:

processor	: 2
vendor_id	: GenuineIntel
cpu family	: 6
model		: 61
model name	: Intel(R) Core(TM) i5-5200U CPU @ 2.20GHz
stepping	: 4
microcode	: 0x16
cpu MHz		: 2499.921
cache size	: 3072 KB
physical id	: 0
siblings	: 4
core id		: 1
cpu cores	: 2
apicid		: 2
initial apicid	: 2
fpu		: yes
fpu_exception	: yes
cpuid level	: 20
wp		: yes
flags		: fpu vme de pse tsc msr pae mce cx8 apic sep mtrr pge mca cmov pat pse36 clflush dts acpi mmx fxsr sse sse2 ss ht tm pbe syscall nx pdpe1gb rdtscp lm constant_tsc arch_perfmon pebs bts rep_good nopl xtopology nonstop_tsc aperfmperf eagerfpu pni pclmulqdq dtes64 monitor ds_cpl vmx est tm2 ssse3 fma cx16 xtpr pdcm pcid sse4_1 sse4_2 x2apic movbe popcnt tsc_deadline_timer aes xsave avx f16c rdrand lahf_lm abm 3dnowprefetch ida arat epb pln pts dtherm tpr_shadow vnmi flexpriority ept vpid fsgsbase tsc_adjust bmi1 avx2 smep bmi2 erms invpcid rdseed adx smap xsaveopt
bugs		:
bogomips	: 4389.78
clflush size	: 64
cache_alignment	: 64
address sizes	: 39 bits physical, 48 bits virtual
power management:

processor	: 3
vendor_id	: GenuineIntel
cpu family	: 6
model		: 61
model name	: Intel(R) Core(TM) i5-5200U CPU @ 2.20GHz
stepping	: 4
microcode	: 0x16
cpu MHz		: 2697.234
cache size	: 3072 KB
physical id	: 0
siblings	: 4
core id		: 1
cpu cores	: 2
apicid		: 3
initial apicid	: 3
fpu		: yes
fpu_exception	: yes
cpuid level	: 20
wp		: yes
flags		: fpu vme de pse tsc msr pae mce cx8 apic sep mtrr pge mca cmov pat pse36 clflush dts acpi mmx fxsr sse sse2 ss ht tm pbe syscall nx pdpe1gb rdtscp lm constant_tsc arch_perfmon pebs bts rep_good nopl xtopology nonstop_tsc aperfmperf eagerfpu pni pclmulqdq dtes64 monitor ds_cpl vmx est tm2 ssse3 fma cx16 xtpr pdcm pcid sse4_1 sse4_2 x2apic movbe popcnt tsc_deadline_timer aes xsave avx f16c rdrand lahf_lm abm 3dnowprefetch ida arat epb pln pts dtherm tpr_shadow vnmi flexpriority ept vpid fsgsbase tsc_adjust bmi1 avx2 smep bmi2 erms invpcid rdseed adx smap xsaveopt
bugs		:
bogomips	: 4389.78
clflush size	: 64
cache_alignment	: 64
address sizes	: 39 bits physical, 48 bits virtual
power management:



Memory: 4k page, physical 3777016k(178876k free), swap 0k(0k free)

vm_info: Java HotSpot(TM) 64-Bit Server VM (25.101-b13) for linux-amd64 JRE (1.8.0_101-b13), built on Jun 22 2016 02:59:44 by "java_re" with gcc 4.3.0 20080428 (Red Hat 4.3.0-8)

time: Sun Sep 25 19:29:53 2016
elapsed time: 0 seconds (0d 0h 0m 0s)

