#
# There is insufficient memory for the Java Runtime Environment to continue.
# Native memory allocation (mmap) failed to map 933756928 bytes for committing reserved memory.
# Possible reasons:
#   The system is out of physical RAM or swap space
#   In 32 bit mode, the process size limit was hit
# Possible solutions:
#   Reduce memory load on the system
#   Increase physical memory or swap space
#   Check if swap backing store is full
#   Use 64 bit Java on a 64 bit OS
#   Decrease Java heap size (-Xmx/-Xms)
#   Decrease number of Java threads
#   Decrease Java thread stack sizes (-Xss)
#   Set larger code cache with -XX:ReservedCodeCacheSize=
# This output file may be truncated or incomplete.
#
#  Out of Memory Error (os_linux.cpp:2627), pid=3278, tid=0x00007f2b73161700
#
# JRE version: Java(TM) SE Runtime Environment (8.0_101-b13) (build 1.8.0_101-b13)
# Java VM: Java HotSpot(TM) 64-Bit Server VM (25.101-b13 mixed mode linux-amd64 compressed oops)
# Failed to write core dump. Core dumps have been disabled. To enable core dumping, try "ulimit -c unlimited" before starting Java again
#

---------------  T H R E A D  ---------------

Current thread (0x00007f2b6c009800):  JavaThread "main" [_thread_in_vm, id=3279, stack(0x00007f2b73061000,0x00007f2b73162000)]

Stack: [0x00007f2b73061000,0x00007f2b73162000],  sp=0x00007f2b73160250,  free space=1020k
Native frames: (J=compiled Java code, j=interpreted, Vv=VM code, C=native code)
V  [libjvm.so+0xac3f0a]  VMError::report_and_die()+0x2ba
V  [libjvm.so+0x4fbf9b]  report_vm_out_of_memory(char const*, int, unsigned long, VMErrorType, char const*)+0x8b
V  [libjvm.so+0x9222d3]  os::Linux::commit_memory_impl(char*, unsigned long, bool)+0x103
V  [libjvm.so+0x922829]  os::pd_commit_memory(char*, unsigned long, unsigned long, bool)+0x29
V  [libjvm.so+0x91cb2a]  os::commit_memory(char*, unsigned long, unsigned long, bool)+0x2a
V  [libjvm.so+0x991053]  PSVirtualSpace::expand_by(unsigned long)+0x53
V  [libjvm.so+0x981920]  PSOldGen::expand(unsigned long)+0x170
V  [libjvm.so+0x981bda]  PSOldGen::expand_and_allocate(unsigned long)+0x1a
V  [libjvm.so+0x981cfb]  PSOldGen::allocate(unsigned long)+0xcb
V  [libjvm.so+0x945c7e]  ParallelScavengeHeap::mem_allocate(unsigned long, bool*)+0xfe
V  [libjvm.so+0xa89f8e]  TypeArrayKlass::allocate_common(int, bool, Thread*)+0x26e
V  [libjvm.so+0x682cda]  InterpreterRuntime::newarray(JavaThread*, BasicType, int)+0x2a
j  jaligner.SmithWatermanGotoh.align(Ljaligner/Sequence;Ljaligner/Sequence;Ljaligner/matrix/Matrix;FF)Ljaligner/Alignment;+121
j  jaligner.ui.AlignCommandLine.main([Ljava/lang/String;)V+104
v  ~StubRoutines::call_stub
V  [libjvm.so+0x68f6b6]  JavaCalls::call_helper(JavaValue*, methodHandle*, JavaCallArguments*, Thread*)+0x1056
V  [libjvm.so+0x6d0d42]  jni_invoke_static(JNIEnv_*, JavaValue*, _jobject*, JNICallType, _jmethodID*, JNI_ArgumentPusher*, Thread*)+0x362
V  [libjvm.so+0x6ed5aa]  jni_CallStaticVoidMethod+0x17a
C  [libjli.so+0x7bdf]  JavaMain+0x81f
C  [libpthread.so.0+0x8184]  start_thread+0xc4

Java frames: (J=compiled Java code, j=interpreted, Vv=VM code)
j  jaligner.SmithWatermanGotoh.align(Ljaligner/Sequence;Ljaligner/Sequence;Ljaligner/matrix/Matrix;FF)Ljaligner/Alignment;+121
j  jaligner.ui.AlignCommandLine.main([Ljava/lang/String;)V+104
v  ~StubRoutines::call_stub

---------------  P R O C E S S  ---------------

Java Threads: ( => current thread )
  0x00007f2b6c190800 JavaThread "Service Thread" daemon [_thread_blocked, id=3291, stack(0x00007f2b58aa4000,0x00007f2b58ba5000)]
  0x00007f2b6c185800 JavaThread "C1 CompilerThread2" daemon [_thread_blocked, id=3290, stack(0x00007f2b58ba5000,0x00007f2b58ca6000)]
  0x00007f2b6c183800 JavaThread "C2 CompilerThread1" daemon [_thread_blocked, id=3289, stack(0x00007f2b58ca6000,0x00007f2b58da7000)]
  0x00007f2b6c180800 JavaThread "C2 CompilerThread0" daemon [_thread_blocked, id=3288, stack(0x00007f2b58da7000,0x00007f2b58ea8000)]
  0x00007f2b6c17f000 JavaThread "Signal Dispatcher" daemon [_thread_blocked, id=3287, stack(0x00007f2b58ea8000,0x00007f2b58fa9000)]
  0x00007f2b6c14b000 JavaThread "Finalizer" daemon [_thread_blocked, id=3286, stack(0x00007f2b597fb000,0x00007f2b598fc000)]
  0x00007f2b6c146800 JavaThread "Reference Handler" daemon [_thread_blocked, id=3285, stack(0x00007f2b598fc000,0x00007f2b599fd000)]
=>0x00007f2b6c009800 JavaThread "main" [_thread_in_vm, id=3279, stack(0x00007f2b73061000,0x00007f2b73162000)]

Other Threads:
  0x00007f2b6c13e800 VMThread [stack: 0x00007f2b599fd000,0x00007f2b59afe000] [id=3284]
  0x00007f2b6c193800 WatcherThread [stack: 0x00007f2b589a3000,0x00007f2b58aa4000] [id=3292]

VM state:not at safepoint (normal execution)

VM Mutex/Monitor currently owned by a thread:  ([mutex/lock_event])
[0x00007f2b6c005800] ExpandHeap_lock - owner thread: 0x00007f2b6c009800
[0x00007f2b6c006380] Heap_lock - owner thread: 0x00007f2b6c009800

Heap:
 PSYoungGen      total 17408K, used 2511K [0x000000076ab00000, 0x000000076be00000, 0x00000007c0000000)
  eden space 15360K, 16% used [0x000000076ab00000,0x000000076ad73c48,0x000000076ba00000)
  from space 2048K, 0% used [0x000000076bc00000,0x000000076bc00000,0x000000076be00000)
  to   space 2048K, 0% used [0x000000076ba00000,0x000000076ba00000,0x000000076bc00000)
 ParOldGen       total 1408000K, used 1367045K [0x00000006c0000000, 0x0000000715f00000, 0x000000076ab00000)
  object space 1408000K, 97% used [0x00000006c0000000,0x0000000713701728,0x0000000715f00000)
 Metaspace       used 3916K, capacity 4640K, committed 4864K, reserved 1056768K
  class space    used 438K, capacity 464K, committed 512K, reserved 1048576K

Card table byte_map: [0x00007f2b5c43f000,0x00007f2b5cc40000] byte_map_base: 0x00007f2b58e3f000

Marking Bits: (ParMarkBitMap*) 0x00007f2b7253d120
 Begin Bits: [0x00007f2b4bbe6000, 0x00007f2b4fbe6000)
 End Bits:   [0x00007f2b4fbe6000, 0x00007f2b53be6000)

Polling page: 0x00007f2b73186000

CodeCache: size=245760Kb used=1281Kb max_used=1297Kb free=244478Kb
 bounds [0x00007f2b5d000000, 0x00007f2b5d270000, 0x00007f2b6c000000]
 total_blobs=355 nmethods=95 adapters=174
 compilation: enabled

Compilation events (10 events):
Event: 0,152 Thread 0x00007f2b6c185800 nmethod 91 0x00007f2b5d1322d0 code [0x00007f2b5d132460, 0x00007f2b5d132908]
Event: 0,152 Thread 0x00007f2b6c185800   93       3       sun.misc.FloatingDecimal::parseFloat (10 bytes)
Event: 0,152 Thread 0x00007f2b6c185800 nmethod 93 0x00007f2b5d13d350 code [0x00007f2b5d13d4c0, 0x00007f2b5d13d6f8]
Event: 0,152 Thread 0x00007f2b6c185800   89       3       java.util.StringTokenizer::nextToken (92 bytes)
Event: 0,153 Thread 0x00007f2b6c185800 nmethod 89 0x00007f2b5d13d7d0 code [0x00007f2b5d13d980, 0x00007f2b5d13dd78]
Event: 0,153 Thread 0x00007f2b6c185800   92       3       java.lang.Float::parseFloat (5 bytes)
Event: 0,153 Thread 0x00007f2b6c185800 nmethod 92 0x00007f2b5d13ded0 code [0x00007f2b5d13e060, 0x00007f2b5d13e2d8]
Event: 0,153 Thread 0x00007f2b6c185800   95       3       java.util.regex.Pattern$BmpCharProperty::match (50 bytes)
Event: 0,154 Thread 0x00007f2b6c185800 nmethod 95 0x00007f2b5d13e410 code [0x00007f2b5d13e5a0, 0x00007f2b5d13ea48]
Event: 0,168 Thread 0x00007f2b6c180800 nmethod 80% 0x00007f2b5d1429d0 code [0x00007f2b5d142bc0, 0x00007f2b5d143da0]

GC Heap History (0 events):
No events

Deoptimization events (2 events):
Event: 0,128 Thread 0x00007f2b6c009800 Uncommon trap: reason=unstable_if action=reinterpret pc=0x00007f2b5d12f278 method=java.lang.CharacterDataLatin1.toUpperCaseEx(I)I @ 12
Event: 0,128 Thread 0x00007f2b6c009800 Uncommon trap: reason=unstable_if action=reinterpret pc=0x00007f2b5d12efb0 method=java.lang.CharacterDataLatin1.toUpperCaseEx(I)I @ 12

Internal exceptions (6 events):
Event: 0,041 Thread 0x00007f2b6c009800 Exception <a 'java/lang/NoSuchMethodError': Method sun.misc.Unsafe.defineClass(Ljava/lang/String;[BII)Ljava/lang/Class; name or signature does not match> (0x000000076ab07cc0) thrown at [/HUDSON3/workspace/8-2-build-linux-amd64/jdk8u101/7261/hotspot/src/sh
Event: 0,041 Thread 0x00007f2b6c009800 Exception <a 'java/lang/NoSuchMethodError': Method sun.misc.Unsafe.prefetchRead(Ljava/lang/Object;J)V name or signature does not match> (0x000000076ab07fa8) thrown at [/HUDSON3/workspace/8-2-build-linux-amd64/jdk8u101/7261/hotspot/src/share/vm/prims/jni.c
Event: 0,084 Thread 0x00007f2b6c009800 Exception <a 'java/security/PrivilegedActionException'> (0x000000076ab904c0) thrown at [/HUDSON3/workspace/8-2-build-linux-amd64/jdk8u101/7261/hotspot/src/share/vm/prims/jvm.cpp, line 1386]
Event: 0,084 Thread 0x00007f2b6c009800 Exception <a 'java/security/PrivilegedActionException'> (0x000000076ab906d0) thrown at [/HUDSON3/workspace/8-2-build-linux-amd64/jdk8u101/7261/hotspot/src/share/vm/prims/jvm.cpp, line 1386]
Event: 0,084 Thread 0x00007f2b6c009800 Exception <a 'java/security/PrivilegedActionException'> (0x000000076ab92b10) thrown at [/HUDSON3/workspace/8-2-build-linux-amd64/jdk8u101/7261/hotspot/src/share/vm/prims/jvm.cpp, line 1386]
Event: 0,084 Thread 0x00007f2b6c009800 Exception <a 'java/security/PrivilegedActionException'> (0x000000076ab92d20) thrown at [/HUDSON3/workspace/8-2-build-linux-amd64/jdk8u101/7261/hotspot/src/share/vm/prims/jvm.cpp, line 1386]

Events (10 events):
Event: 0,128 Thread 0x00007f2b6c009800 Uncommon trap: trap_request=0xffffff65 fr.pc=0x00007f2b5d12f278
Event: 0,128 Thread 0x00007f2b6c009800 DEOPT PACKING pc=0x00007f2b5d12f278 sp=0x00007f2b73160030
Event: 0,128 Thread 0x00007f2b6c009800 DEOPT UNPACKING pc=0x00007f2b5d005229 sp=0x00007f2b7315ff80 mode 2
Event: 0,128 Thread 0x00007f2b6c009800 Uncommon trap: trap_request=0xffffff65 fr.pc=0x00007f2b5d12efb0
Event: 0,128 Thread 0x00007f2b6c009800 DEOPT PACKING pc=0x00007f2b5d12efb0 sp=0x00007f2b7315ffd0
Event: 0,128 Thread 0x00007f2b6c009800 DEOPT UNPACKING pc=0x00007f2b5d005229 sp=0x00007f2b7315ff80 mode 2
Event: 0,132 loading class jaligner/matrix/Matrix
Event: 0,132 loading class jaligner/matrix/Matrix done
Event: 0,133 loading class jaligner/SmithWatermanGotoh
Event: 0,133 loading class jaligner/SmithWatermanGotoh done


Dynamic libraries:
00400000-00401000 r-xp 00000000 08:04 3413512                            /usr/lib/jvm/java-8-oracle/jre/bin/java
00600000-00601000 rw-p 00000000 08:04 3413512                            /usr/lib/jvm/java-8-oracle/jre/bin/java
012aa000-012cb000 rw-p 00000000 00:00 0                                  [heap]
6c0000000-715f00000 rw-p 00000000 00:00 0 
74d980000-76ab00000 ---p 00000000 00:00 0 
76ab00000-76be00000 rw-p 00000000 00:00 0 
76be00000-7c0000000 ---p 00000000 00:00 0 
7c0000000-7c0080000 rw-p 00000000 00:00 0 
7c0080000-800000000 ---p 00000000 00:00 0 
7f2b14000000-7f2b14021000 rw-p 00000000 00:00 0 
7f2b14021000-7f2b18000000 ---p 00000000 00:00 0 
7f2b18000000-7f2b18021000 rw-p 00000000 00:00 0 
7f2b18021000-7f2b1c000000 ---p 00000000 00:00 0 
7f2b1c000000-7f2b1c02d000 rw-p 00000000 00:00 0 
7f2b1c02d000-7f2b20000000 ---p 00000000 00:00 0 
7f2b20000000-7f2b20156000 rw-p 00000000 00:00 0 
7f2b20156000-7f2b24000000 ---p 00000000 00:00 0 
7f2b24000000-7f2b24021000 rw-p 00000000 00:00 0 
7f2b24021000-7f2b28000000 ---p 00000000 00:00 0 
7f2b28000000-7f2b28243000 rw-p 00000000 00:00 0 
7f2b28243000-7f2b2c000000 ---p 00000000 00:00 0 
7f2b2c000000-7f2b2c021000 rw-p 00000000 00:00 0 
7f2b2c021000-7f2b30000000 ---p 00000000 00:00 0 
7f2b30000000-7f2b30021000 rw-p 00000000 00:00 0 
7f2b30021000-7f2b34000000 ---p 00000000 00:00 0 
7f2b34000000-7f2b34021000 rw-p 00000000 00:00 0 
7f2b34021000-7f2b38000000 ---p 00000000 00:00 0 
7f2b38000000-7f2b38021000 rw-p 00000000 00:00 0 
7f2b38021000-7f2b3c000000 ---p 00000000 00:00 0 
7f2b3c000000-7f2b3c021000 rw-p 00000000 00:00 0 
7f2b3c021000-7f2b40000000 ---p 00000000 00:00 0 
7f2b44000000-7f2b44021000 rw-p 00000000 00:00 0 
7f2b44021000-7f2b48000000 ---p 00000000 00:00 0 
7f2b4bbe6000-7f2b53be6000 rw-p 00000000 00:00 0 
7f2b54000000-7f2b54021000 rw-p 00000000 00:00 0 
7f2b54021000-7f2b58000000 ---p 00000000 00:00 0 
7f2b5871c000-7f2b589a3000 rw-p 00000000 00:00 0 
7f2b589a3000-7f2b589a4000 ---p 00000000 00:00 0 
7f2b589a4000-7f2b58aa4000 rw-p 00000000 00:00 0                          [stack:3292]
7f2b58aa4000-7f2b58aa7000 ---p 00000000 00:00 0 
7f2b58aa7000-7f2b58ba5000 rw-p 00000000 00:00 0                          [stack:3291]
7f2b58ba5000-7f2b58ba8000 ---p 00000000 00:00 0 
7f2b58ba8000-7f2b58ca6000 rw-p 00000000 00:00 0                          [stack:3290]
7f2b58ca6000-7f2b58ca9000 ---p 00000000 00:00 0 
7f2b58ca9000-7f2b58da7000 rw-p 00000000 00:00 0                          [stack:3289]
7f2b58da7000-7f2b58daa000 ---p 00000000 00:00 0 
7f2b58daa000-7f2b58ea8000 rw-p 00000000 00:00 0                          [stack:3288]
7f2b58ea8000-7f2b58eab000 ---p 00000000 00:00 0 
7f2b58eab000-7f2b58fa9000 rw-p 00000000 00:00 0                          [stack:3287]
7f2b58fa9000-7f2b597fb000 r--p 00000000 08:04 1448898                    /usr/lib/locale/locale-archive
7f2b597fb000-7f2b597fe000 ---p 00000000 00:00 0 
7f2b597fe000-7f2b598fc000 rw-p 00000000 00:00 0                          [stack:3286]
7f2b598fc000-7f2b598ff000 ---p 00000000 00:00 0 
7f2b598ff000-7f2b599fd000 rw-p 00000000 00:00 0                          [stack:3285]
7f2b599fd000-7f2b599fe000 ---p 00000000 00:00 0 
7f2b599fe000-7f2b5aa0d000 rw-p 00000000 00:00 0                          [stack:3284]
7f2b5aa0d000-7f2b5abe6000 r--s 03d29000 08:04 3675567                    /usr/lib/jvm/java-8-oracle/jre/lib/rt.jar
7f2b5abe6000-7f2b5b026000 rw-p 00000000 00:00 0 
7f2b5b026000-7f2b5b3e6000 ---p 00000000 00:00 0 
7f2b5b3e6000-7f2b5bbe6000 rw-p 00000000 00:00 0 
7f2b5bbe6000-7f2b5bbe7000 ---p 00000000 00:00 0 
7f2b5bbe7000-7f2b5bce7000 rw-p 00000000 00:00 0                          [stack:3283]
7f2b5bce7000-7f2b5bce8000 ---p 00000000 00:00 0 
7f2b5bce8000-7f2b5bde8000 rw-p 00000000 00:00 0                          [stack:3282]
7f2b5bde8000-7f2b5bde9000 ---p 00000000 00:00 0 
7f2b5bde9000-7f2b5c199000 rw-p 00000000 00:00 0                          [stack:3281]
7f2b5c199000-7f2b5c43f000 ---p 00000000 00:00 0 
7f2b5c43f000-7f2b5c6ef000 rw-p 00000000 00:00 0 
7f2b5c6ef000-7f2b5c994000 ---p 00000000 00:00 0 
7f2b5c994000-7f2b5c99e000 rw-p 00000000 00:00 0 
7f2b5c99e000-7f2b5cc3f000 ---p 00000000 00:00 0 
7f2b5cc3f000-7f2b5cc4a000 rw-p 00000000 00:00 0 
7f2b5cc4a000-7f2b5d000000 ---p 00000000 00:00 0 
7f2b5d000000-7f2b5d270000 rwxp 00000000 00:00 0 
7f2b5d270000-7f2b6c000000 ---p 00000000 00:00 0 
7f2b6c000000-7f2b6c248000 rw-p 00000000 00:00 0 
7f2b6c248000-7f2b70000000 ---p 00000000 00:00 0 
7f2b70017000-7f2b700dc000 rw-p 00000000 00:00 0 
7f2b700dc000-7f2b700dd000 ---p 00000000 00:00 0 
7f2b700dd000-7f2b701dd000 rw-p 00000000 00:00 0                          [stack:3280]
7f2b701dd000-7f2b701f7000 r-xp 00000000 08:04 4199092                    /usr/lib/jvm/java-8-oracle/jre/lib/amd64/libzip.so
7f2b701f7000-7f2b703f7000 ---p 0001a000 08:04 4199092                    /usr/lib/jvm/java-8-oracle/jre/lib/amd64/libzip.so
7f2b703f7000-7f2b703f8000 rw-p 0001a000 08:04 4199092                    /usr/lib/jvm/java-8-oracle/jre/lib/amd64/libzip.so
7f2b703f8000-7f2b70402000 r-xp 00000000 08:04 132102                     /lib/x86_64-linux-gnu/libnss_files-2.19.so
7f2b70402000-7f2b70601000 ---p 0000a000 08:04 132102                     /lib/x86_64-linux-gnu/libnss_files-2.19.so
7f2b70601000-7f2b70602000 r--p 00009000 08:04 132102                     /lib/x86_64-linux-gnu/libnss_files-2.19.so
7f2b70602000-7f2b70603000 rw-p 0000a000 08:04 132102                     /lib/x86_64-linux-gnu/libnss_files-2.19.so
7f2b70603000-7f2b7060e000 r-xp 00000000 08:04 132094                     /lib/x86_64-linux-gnu/libnss_nis-2.19.so
7f2b7060e000-7f2b7080d000 ---p 0000b000 08:04 132094                     /lib/x86_64-linux-gnu/libnss_nis-2.19.so
7f2b7080d000-7f2b7080e000 r--p 0000a000 08:04 132094                     /lib/x86_64-linux-gnu/libnss_nis-2.19.so
7f2b7080e000-7f2b7080f000 rw-p 0000b000 08:04 132094                     /lib/x86_64-linux-gnu/libnss_nis-2.19.so
7f2b7080f000-7f2b70826000 r-xp 00000000 08:04 132090                     /lib/x86_64-linux-gnu/libnsl-2.19.so
7f2b70826000-7f2b70a25000 ---p 00017000 08:04 132090                     /lib/x86_64-linux-gnu/libnsl-2.19.so
7f2b70a25000-7f2b70a26000 r--p 00016000 08:04 132090                     /lib/x86_64-linux-gnu/libnsl-2.19.so
7f2b70a26000-7f2b70a27000 rw-p 00017000 08:04 132090                     /lib/x86_64-linux-gnu/libnsl-2.19.so
7f2b70a27000-7f2b70a29000 rw-p 00000000 00:00 0 
7f2b70a29000-7f2b70a32000 r-xp 00000000 08:04 132089                     /lib/x86_64-linux-gnu/libnss_compat-2.19.so
7f2b70a32000-7f2b70c31000 ---p 00009000 08:04 132089                     /lib/x86_64-linux-gnu/libnss_compat-2.19.so
7f2b70c31000-7f2b70c32000 r--p 00008000 08:04 132089                     /lib/x86_64-linux-gnu/libnss_compat-2.19.so
7f2b70c32000-7f2b70c33000 rw-p 00009000 08:04 132089                     /lib/x86_64-linux-gnu/libnss_compat-2.19.so
7f2b70c33000-7f2b70c5d000 r-xp 00000000 08:04 4199199                    /usr/lib/jvm/java-8-oracle/jre/lib/amd64/libjava.so
7f2b70c5d000-7f2b70e5d000 ---p 0002a000 08:04 4199199                    /usr/lib/jvm/java-8-oracle/jre/lib/amd64/libjava.so
7f2b70e5d000-7f2b70e5f000 rw-p 0002a000 08:04 4199199                    /usr/lib/jvm/java-8-oracle/jre/lib/amd64/libjava.so
7f2b70e5f000-7f2b70e6c000 r-xp 00000000 08:04 4199037                    /usr/lib/jvm/java-8-oracle/jre/lib/amd64/libverify.so
7f2b70e6c000-7f2b7106c000 ---p 0000d000 08:04 4199037                    /usr/lib/jvm/java-8-oracle/jre/lib/amd64/libverify.so
7f2b7106c000-7f2b7106e000 rw-p 0000d000 08:04 4199037                    /usr/lib/jvm/java-8-oracle/jre/lib/amd64/libverify.so
7f2b7106e000-7f2b71075000 r-xp 00000000 08:04 132098                     /lib/x86_64-linux-gnu/librt-2.19.so
7f2b71075000-7f2b71274000 ---p 00007000 08:04 132098                     /lib/x86_64-linux-gnu/librt-2.19.so
7f2b71274000-7f2b71275000 r--p 00006000 08:04 132098                     /lib/x86_64-linux-gnu/librt-2.19.so
7f2b71275000-7f2b71276000 rw-p 00007000 08:04 132098                     /lib/x86_64-linux-gnu/librt-2.19.so
7f2b71276000-7f2b7137b000 r-xp 00000000 08:04 132084                     /lib/x86_64-linux-gnu/libm-2.19.so
7f2b7137b000-7f2b7157a000 ---p 00105000 08:04 132084                     /lib/x86_64-linux-gnu/libm-2.19.so
7f2b7157a000-7f2b7157b000 r--p 00104000 08:04 132084                     /lib/x86_64-linux-gnu/libm-2.19.so
7f2b7157b000-7f2b7157c000 rw-p 00105000 08:04 132084                     /lib/x86_64-linux-gnu/libm-2.19.so
7f2b7157c000-7f2b72247000 r-xp 00000000 08:04 4330071                    /usr/lib/jvm/java-8-oracle/jre/lib/amd64/server/libjvm.so
7f2b72247000-7f2b72446000 ---p 00ccb000 08:04 4330071                    /usr/lib/jvm/java-8-oracle/jre/lib/amd64/server/libjvm.so
7f2b72446000-7f2b7251f000 rw-p 00cca000 08:04 4330071                    /usr/lib/jvm/java-8-oracle/jre/lib/amd64/server/libjvm.so
7f2b7251f000-7f2b7256a000 rw-p 00000000 00:00 0 
7f2b7256a000-7f2b72724000 r-xp 00000000 08:04 132099                     /lib/x86_64-linux-gnu/libc-2.19.so
7f2b72724000-7f2b72924000 ---p 001ba000 08:04 132099                     /lib/x86_64-linux-gnu/libc-2.19.so
7f2b72924000-7f2b72928000 r--p 001ba000 08:04 132099                     /lib/x86_64-linux-gnu/libc-2.19.so
7f2b72928000-7f2b7292a000 rw-p 001be000 08:04 132099                     /lib/x86_64-linux-gnu/libc-2.19.so
7f2b7292a000-7f2b7292f000 rw-p 00000000 00:00 0 
7f2b7292f000-7f2b72932000 r-xp 00000000 08:04 132086                     /lib/x86_64-linux-gnu/libdl-2.19.so
7f2b72932000-7f2b72b31000 ---p 00003000 08:04 132086                     /lib/x86_64-linux-gnu/libdl-2.19.so
7f2b72b31000-7f2b72b32000 r--p 00002000 08:04 132086                     /lib/x86_64-linux-gnu/libdl-2.19.so
7f2b72b32000-7f2b72b33000 rw-p 00003000 08:04 132086                     /lib/x86_64-linux-gnu/libdl-2.19.so
7f2b72b33000-7f2b72b48000 r-xp 00000000 08:04 4456738                    /usr/lib/jvm/java-8-oracle/jre/lib/amd64/jli/libjli.so
7f2b72b48000-7f2b72d48000 ---p 00015000 08:04 4456738                    /usr/lib/jvm/java-8-oracle/jre/lib/amd64/jli/libjli.so
7f2b72d48000-7f2b72d49000 rw-p 00015000 08:04 4456738                    /usr/lib/jvm/java-8-oracle/jre/lib/amd64/jli/libjli.so
7f2b72d49000-7f2b72d62000 r-xp 00000000 08:04 132091                     /lib/x86_64-linux-gnu/libpthread-2.19.so
7f2b72d62000-7f2b72f61000 ---p 00019000 08:04 132091                     /lib/x86_64-linux-gnu/libpthread-2.19.so
7f2b72f61000-7f2b72f62000 r--p 00018000 08:04 132091                     /lib/x86_64-linux-gnu/libpthread-2.19.so
7f2b72f62000-7f2b72f63000 rw-p 00019000 08:04 132091                     /lib/x86_64-linux-gnu/libpthread-2.19.so
7f2b72f63000-7f2b72f67000 rw-p 00000000 00:00 0 
7f2b72f67000-7f2b72f8a000 r-xp 00000000 08:04 132092                     /lib/x86_64-linux-gnu/ld-2.19.so
7f2b72f9a000-7f2b72fb6000 r--s 00393000 08:04 5775885                    /usr/lib/jvm/java-8-oracle/jre/lib/ext/cldrdata.jar
7f2b72fb6000-7f2b73061000 rw-p 00000000 00:00 0 
7f2b73061000-7f2b73064000 ---p 00000000 00:00 0 
7f2b73064000-7f2b73166000 rw-p 00000000 00:00 0                          [stack:3279]
7f2b7316b000-7f2b7316e000 rw-p 00000000 00:00 0 
7f2b7316e000-7f2b73178000 r--s 00116000 08:04 5775888                    /usr/lib/jvm/java-8-oracle/jre/lib/ext/localedata.jar
7f2b73178000-7f2b7317d000 r--s 00024000 08:04 4723346                    /home/hema/Desktop/Hiwi/opt/jaligner/jaligner.jar
7f2b7317d000-7f2b73185000 rw-s 00000000 08:04 3673656                    /tmp/hsperfdata_hema/3278
7f2b73185000-7f2b73186000 rw-p 00000000 00:00 0 
7f2b73186000-7f2b73187000 r--p 00000000 00:00 0 
7f2b73187000-7f2b73189000 rw-p 00000000 00:00 0 
7f2b73189000-7f2b7318a000 r--p 00022000 08:04 132092                     /lib/x86_64-linux-gnu/ld-2.19.so
7f2b7318a000-7f2b7318b000 rw-p 00023000 08:04 132092                     /lib/x86_64-linux-gnu/ld-2.19.so
7f2b7318b000-7f2b7318c000 rw-p 00000000 00:00 0 
7fffd42c5000-7fffd42e6000 rw-p 00000000 00:00 0                          [stack]
7fffd4347000-7fffd4349000 r--p 00000000 00:00 0                          [vvar]
7fffd4349000-7fffd434b000 r-xp 00000000 00:00 0                          [vdso]
ffffffffff600000-ffffffffff601000 r-xp 00000000 00:00 0                  [vsyscall]

VM Arguments:
jvm_args: -Xmx4096M 
java_command: jaligner.jar dataa.fasta dataa1.fasta BLOSUM62 2 4
java_class_path (initial): jaligner.jar
Launcher Type: SUN_STANDARD

Environment Variables:
PATH=/home/hema/.local/bin:/home/hema/bin:/usr/local/sbin:/usr/local/bin:/usr/sbin:/usr/bin:/sbin:/bin:/usr/games:/usr/local/games:/home/hema/Downloads/swps3-linux64-sse2-current
LD_LIBRARY_PATH=:/home/hema/Downloads/tbb/tbb44_20160316oss/build/linux_intel64_gcc_cc4.8_libc2.19_kernel3.19.0_debug
SHELL=/bin/bash
DISPLAY=:0

Signal Handlers:
SIGSEGV: [libjvm.so+0xac4790], sa_mask[0]=11111111011111111101111111111110, sa_flags=SA_RESTART|SA_SIGINFO
SIGBUS: [libjvm.so+0xac4790], sa_mask[0]=11111111011111111101111111111110, sa_flags=SA_RESTART|SA_SIGINFO
SIGFPE: [libjvm.so+0x91f140], sa_mask[0]=11111111011111111101111111111110, sa_flags=SA_RESTART|SA_SIGINFO
SIGPIPE: [libjvm.so+0x91f140], sa_mask[0]=11111111011111111101111111111110, sa_flags=SA_RESTART|SA_SIGINFO
SIGXFSZ: [libjvm.so+0x91f140], sa_mask[0]=11111111011111111101111111111110, sa_flags=SA_RESTART|SA_SIGINFO
SIGILL: [libjvm.so+0x91f140], sa_mask[0]=11111111011111111101111111111110, sa_flags=SA_RESTART|SA_SIGINFO
SIGUSR1: SIG_DFL, sa_mask[0]=00000000000000000000000000000000, sa_flags=none
SIGUSR2: [libjvm.so+0x920770], sa_mask[0]=00000000000000000000000000000000, sa_flags=SA_RESTART|SA_SIGINFO
SIGHUP: [libjvm.so+0x921b70], sa_mask[0]=11111111011111111101111111111110, sa_flags=SA_RESTART|SA_SIGINFO
SIGINT: [libjvm.so+0x921b70], sa_mask[0]=11111111011111111101111111111110, sa_flags=SA_RESTART|SA_SIGINFO
SIGTERM: [libjvm.so+0x921b70], sa_mask[0]=11111111011111111101111111111110, sa_flags=SA_RESTART|SA_SIGINFO
SIGQUIT: [libjvm.so+0x921b70], sa_mask[0]=11111111011111111101111111111110, sa_flags=SA_RESTART|SA_SIGINFO


---------------  S Y S T E M  ---------------

OS:DISTRIB_ID=Ubuntu
DISTRIB_RELEASE=14.04
DISTRIB_CODENAME=trusty
DISTRIB_DESCRIPTION="Ubuntu 14.04.4 LTS"

uname:Linux 3.19.0-51-generic #58~14.04.1-Ubuntu SMP Fri Feb 26 22:02:58 UTC 2016 x86_64
libc:glibc 2.19 NPTL 2.19 
rlimit: STACK 8192k, CORE 0k, NPROC 14670, NOFILE 4096, AS infinity
load average:0,31 0,40 0,29

/proc/meminfo:
MemTotal:        3777016 kB
MemFree:          108460 kB
MemAvailable:     248752 kB
Buffers:           16488 kB
Cached:           649404 kB
SwapCached:            0 kB
Active:          3029504 kB
Inactive:         476776 kB
Active(anon):    2860056 kB
Inactive(anon):   354556 kB
Active(file):     169448 kB
Inactive(file):   122220 kB
Unevictable:          80 kB
Mlocked:              80 kB
SwapTotal:             0 kB
SwapFree:              0 kB
Dirty:               132 kB
Writeback:             0 kB
AnonPages:       2842136 kB
Mapped:           386128 kB
Shmem:            374340 kB
Slab:              68860 kB
SReclaimable:      35116 kB
SUnreclaim:        33744 kB
KernelStack:        8096 kB
PageTables:        44180 kB
NFS_Unstable:          0 kB
Bounce:                0 kB
WritebackTmp:          0 kB
CommitLimit:     1888508 kB
Committed_AS:    7463404 kB
VmallocTotal:   34359738367 kB
VmallocUsed:      617692 kB
VmallocChunk:   34359090044 kB
HardwareCorrupted:     0 kB
AnonHugePages:   1523712 kB
CmaTotal:              0 kB
CmaFree:               0 kB
HugePages_Total:       0
HugePages_Free:        0
HugePages_Rsvd:        0
HugePages_Surp:        0
Hugepagesize:       2048 kB
DirectMap4k:      123468 kB
DirectMap2M:     3799040 kB
DirectMap1G:     1048576 kB


CPU:total 4 (2 cores per cpu, 2 threads per core) family 6 model 61 stepping 4, cmov, cx8, fxsr, mmx, sse, sse2, sse3, ssse3, sse4.1, sse4.2, popcnt, avx, avx2, aes, clmul, erms, 3dnowpref, lzcnt, ht, tsc, tscinvbit, bmi1, bmi2, adx

/proc/cpuinfo:
processor	: 0
vendor_id	: GenuineIntel
cpu family	: 6
model		: 61
model name	: Intel(R) Core(TM) i5-5200U CPU @ 2.20GHz
stepping	: 4
microcode	: 0x16
cpu MHz		: 2500.007
cache size	: 3072 KB
physical id	: 0
siblings	: 4
core id		: 0
cpu cores	: 2
apicid		: 0
initial apicid	: 0
fpu		: yes
fpu_exception	: yes
cpuid level	: 20
wp		: yes
flags		: fpu vme de pse tsc msr pae mce cx8 apic sep mtrr pge mca cmov pat pse36 clflush dts acpi mmx fxsr sse sse2 ss ht tm pbe syscall nx pdpe1gb rdtscp lm constant_tsc arch_perfmon pebs bts rep_good nopl xtopology nonstop_tsc aperfmperf eagerfpu pni pclmulqdq dtes64 monitor ds_cpl vmx est tm2 ssse3 fma cx16 xtpr pdcm pcid sse4_1 sse4_2 x2apic movbe popcnt tsc_deadline_timer aes xsave avx f16c rdrand lahf_lm abm 3dnowprefetch ida arat epb pln pts dtherm tpr_shadow vnmi flexpriority ept vpid fsgsbase tsc_adjust bmi1 avx2 smep bmi2 erms invpcid rdseed adx smap xsaveopt
bugs		:
bogomips	: 4389.98
clflush size	: 64
cache_alignment	: 64
address sizes	: 39 bits physical, 48 bits virtual
power management:

processor	: 1
vendor_id	: GenuineIntel
cpu family	: 6
model		: 61
model name	: Intel(R) Core(TM) i5-5200U CPU @ 2.20GHz
stepping	: 4
microcode	: 0x16
cpu MHz		: 2671.453
cache size	: 3072 KB
physical id	: 0
siblings	: 4
core id		: 0
cpu cores	: 2
apicid		: 1
initial apicid	: 1
fpu		: yes
fpu_exception	: yes
cpuid level	: 20
wp		: yes
flags		: fpu vme de pse tsc msr pae mce cx8 apic sep mtrr pge mca cmov pat pse36 clflush dts acpi mmx fxsr sse sse2 ss ht tm pbe syscall nx pdpe1gb rdtscp lm constant_tsc arch_perfmon pebs bts rep_good nopl xtopology nonstop_tsc aperfmperf eagerfpu pni pclmulqdq dtes64 monitor ds_cpl vmx est tm2 ssse3 fma cx16 xtpr pdcm pcid sse4_1 sse4_2 x2apic movbe popcnt tsc_deadline_timer aes xsave avx f16c rdrand lahf_lm abm 3dnowprefetch ida arat epb pln pts dtherm tpr_shadow vnmi flexpriority ept vpid fsgsbase tsc_adjust bmi1 avx2 smep bmi2 erms invpcid rdseed adx smap xsaveopt
bugs		:
bogomips	: 4389.98
clflush size	: 64
cache_alignment	: 64
address sizes	: 39 bits physical, 48 bits virtual
power management:

processor	: 2
vendor_id	: GenuineIntel
cpu family	: 6
model		: 61
model name	: Intel(R) Core(TM) i5-5200U CPU @ 2.20GHz
stepping	: 4
microcode	: 0x16
cpu MHz		: 2500.007
cache size	: 3072 KB
physical id	: 0
siblings	: 4
core id		: 1
cpu cores	: 2
apicid		: 2
initial apicid	: 2
fpu		: yes
fpu_exception	: yes
cpuid level	: 20
wp		: yes
flags		: fpu vme de pse tsc msr pae mce cx8 apic sep mtrr pge mca cmov pat pse36 clflush dts acpi mmx fxsr sse sse2 ss ht tm pbe syscall nx pdpe1gb rdtscp lm constant_tsc arch_perfmon pebs bts rep_good nopl xtopology nonstop_tsc aperfmperf eagerfpu pni pclmulqdq dtes64 monitor ds_cpl vmx est tm2 ssse3 fma cx16 xtpr pdcm pcid sse4_1 sse4_2 x2apic movbe popcnt tsc_deadline_timer aes xsave avx f16c rdrand lahf_lm abm 3dnowprefetch ida arat epb pln pts dtherm tpr_shadow vnmi flexpriority ept vpid fsgsbase tsc_adjust bmi1 avx2 smep bmi2 erms invpcid rdseed adx smap xsaveopt
bugs		:
bogomips	: 4389.98
clflush size	: 64
cache_alignment	: 64
address sizes	: 39 bits physical, 48 bits virtual
power management:

processor	: 3
vendor_id	: GenuineIntel
cpu family	: 6
model		: 61
model name	: Intel(R) Core(TM) i5-5200U CPU @ 2.20GHz
stepping	: 4
microcode	: 0x16
cpu MHz		: 2500.093
cache size	: 3072 KB
physical id	: 0
siblings	: 4
core id		: 1
cpu cores	: 2
apicid		: 3
initial apicid	: 3
fpu		: yes
fpu_exception	: yes
cpuid level	: 20
wp		: yes
flags		: fpu vme de pse tsc msr pae mce cx8 apic sep mtrr pge mca cmov pat pse36 clflush dts acpi mmx fxsr sse sse2 ss ht tm pbe syscall nx pdpe1gb rdtscp lm constant_tsc arch_perfmon pebs bts rep_good nopl xtopology nonstop_tsc aperfmperf eagerfpu pni pclmulqdq dtes64 monitor ds_cpl vmx est tm2 ssse3 fma cx16 xtpr pdcm pcid sse4_1 sse4_2 x2apic movbe popcnt tsc_deadline_timer aes xsave avx f16c rdrand lahf_lm abm 3dnowprefetch ida arat epb pln pts dtherm tpr_shadow vnmi flexpriority ept vpid fsgsbase tsc_adjust bmi1 avx2 smep bmi2 erms invpcid rdseed adx smap xsaveopt
bugs		:
bogomips	: 4389.98
clflush size	: 64
cache_alignment	: 64
address sizes	: 39 bits physical, 48 bits virtual
power management:



Memory: 4k page, physical 3777016k(108460k free), swap 0k(0k free)

vm_info: Java HotSpot(TM) 64-Bit Server VM (25.101-b13) for linux-amd64 JRE (1.8.0_101-b13), built on Jun 22 2016 02:59:44 by "java_re" with gcc 4.3.0 20080428 (Red Hat 4.3.0-8)

time: Sun Sep 25 21:10:05 2016
elapsed time: 0 seconds (0d 0h 0m 0s)

