#
# There is insufficient memory for the Java Runtime Environment to continue.
# Native memory allocation (malloc) failed to allocate 239599616 bytes for committing reserved memory.
# Possible reasons:
#   The system is out of physical RAM or swap space
#   In 32 bit mode, the process size limit was hit
# Possible solutions:
#   Reduce memory load on the system
#   Increase physical memory or swap space
#   Check if swap backing store is full
#   Use 64 bit Java on a 64 bit OS
#   Decrease Java heap size (-Xmx/-Xms)
#   Decrease number of Java threads
#   Decrease Java thread stack sizes (-Xss)
#   Set larger code cache with -XX:ReservedCodeCacheSize=
# This output file may be truncated or incomplete.
#
#  Out of Memory Error (os_linux.cpp:2827), pid=14391, tid=140596949706496
#
# JRE version: OpenJDK Runtime Environment (7.0_101) (build 1.7.0_101-b00)
# Java VM: OpenJDK 64-Bit Server VM (24.95-b01 mixed mode linux-amd64 compressed oops)
# Derivative: IcedTea 2.6.6
# Distribution: Ubuntu 14.04 LTS, package 7u101-2.6.6-0ubuntu0.14.04.1
# Failed to write core dump. Core dumps have been disabled. To enable core dumping, try "ulimit -c unlimited" before starting Java again
#

---------------  T H R E A D  ---------------

Current thread (0x00007fdf4000a000):  JavaThread "main" [_thread_in_vm, id=14392, stack(0x00007fdf472e6000,0x00007fdf473e7000)]

Stack: [0x00007fdf472e6000,0x00007fdf473e7000],  sp=0x00007fdf473e5480,  free space=1021k
Native frames: (J=compiled Java code, j=interpreted, Vv=VM code, C=native code)
V  [libjvm.so+0x955705]
V  [libjvm.so+0x490c44]
V  [libjvm.so+0x7d0c9b]
V  [libjvm.so+0x7cb75f]
V  [libjvm.so+0x83ee5b]
V  [libjvm.so+0x82f0ab]
V  [libjvm.so+0x82f26b]
V  [libjvm.so+0x82fb48]
V  [libjvm.so+0x7f2de7]
V  [libjvm.so+0x9207e6]
V  [libjvm.so+0x5e1f08]
j  jaligner.SmithWatermanGotoh.align(Ljaligner/Sequence;Ljaligner/Sequence;Ljaligner/matrix/Matrix;FF)Ljaligner/Alignment;+121
j  jaligner.ui.AlignCommandLine.main([Ljava/lang/String;)V+104
v  ~StubRoutines::call_stub
V  [libjvm.so+0x5ef089]
V  [libjvm.so+0x5eeb28]
V  [libjvm.so+0x608568]
V  [libjvm.so+0x60f408]
C  [libjli.so+0x31f9]

Java frames: (J=compiled Java code, j=interpreted, Vv=VM code)
j  jaligner.SmithWatermanGotoh.align(Ljaligner/Sequence;Ljaligner/Sequence;Ljaligner/matrix/Matrix;FF)Ljaligner/Alignment;+121
j  jaligner.ui.AlignCommandLine.main([Ljava/lang/String;)V+104
v  ~StubRoutines::call_stub

---------------  P R O C E S S  ---------------

Java Threads: ( => current thread )
  0x00007fdf40176800 JavaThread "Service Thread" daemon [_thread_blocked, id=14403, stack(0x00007fdf3418a000,0x00007fdf3428b000)]
  0x00007fdf40174000 JavaThread "C2 CompilerThread1" daemon [_thread_blocked, id=14402, stack(0x00007fdf3428b000,0x00007fdf3438c000)]
  0x00007fdf40171000 JavaThread "C2 CompilerThread0" daemon [_thread_blocked, id=14401, stack(0x00007fdf3438c000,0x00007fdf3448d000)]
  0x00007fdf4016f000 JavaThread "Signal Dispatcher" daemon [_thread_blocked, id=14400, stack(0x00007fdf3448d000,0x00007fdf3458e000)]
  0x00007fdf40143000 JavaThread "Finalizer" daemon [_thread_blocked, id=14399, stack(0x00007fdf34de0000,0x00007fdf34ee1000)]
  0x00007fdf40141000 JavaThread "Reference Handler" daemon [_thread_blocked, id=14398, stack(0x00007fdf34ee1000,0x00007fdf34fe2000)]
=>0x00007fdf4000a000 JavaThread "main" [_thread_in_vm, id=14392, stack(0x00007fdf472e6000,0x00007fdf473e7000)]

Other Threads:
  0x00007fdf4013c800 VMThread [stack: 0x00007fdf34fe2000,0x00007fdf350e3000] [id=14397]
  0x00007fdf40181000 WatcherThread [stack: 0x00007fdf34089000,0x00007fdf3418a000] [id=14404]

VM state:not at safepoint (normal execution)

VM Mutex/Monitor currently owned by a thread:  ([mutex/lock_event])
[0x00007fdf40005da0] ExpandHeap_lock - owner thread: 0x00007fdf4000a000
[0x00007fdf40006920] Heap_lock - owner thread: 0x00007fdf4000a000

Heap
 PSYoungGen      total 17920K, used 1928K [0x00000000ecc00000, 0x00000000edf80000, 0x0000000100000000)
  eden space 15872K, 12% used [0x00000000ecc00000,0x00000000ecde2370,0x00000000edb80000)
  from space 2048K, 0% used [0x00000000edd80000,0x00000000edd80000,0x00000000edf80000)
  to   space 2048K, 0% used [0x00000000edb80000,0x00000000edb80000,0x00000000edd80000)
 ParOldGen       total 390656K, used 350507K [0x00000000c6400000, 0x00000000de180000, 0x00000000ecc00000)
  object space 390656K, 89% used [0x00000000c6400000,0x00000000dba4ad90,0x00000000de180000)
 PSPermGen       total 21504K, used 4397K [0x00000000bbe00000, 0x00000000bd300000, 0x00000000c6400000)
  object space 21504K, 20% used [0x00000000bbe00000,0x00000000bc24b668,0x00000000bd300000)

Card table byte_map: [0x00007fdf3cbd5000,0x00007fdf3cdf7000] byte_map_base: 0x00007fdf3c5f6000

Polling page: 0x00007fdf4740c000

Code Cache  [0x00007fdf3cdf7000, 0x00007fdf3d067000, 0x00007fdf3fdf7000)
 total_blobs=236 nmethods=16 adapters=174 free_code_cache=48712Kb largest_free_block=49859008

Compilation events (10 events):
Event: 1,166 Thread 0x00007fdf40171000 nmethod 12 0x00007fdf3ce5fa50 code [0x00007fdf3ce5fba0, 0x00007fdf3ce5fe98]
Event: 1,166 Thread 0x00007fdf40171000   13             jaligner.util.SequenceParser::prepare (439 bytes)
Event: 1,169 Thread 0x00007fdf40174000 nmethod 5 0x00007fdf3ce63dd0 code [0x00007fdf3ce64060, 0x00007fdf3ce64b30]
Event: 1,169 Thread 0x00007fdf40174000   14  s          java.lang.StringBuffer::append (8 bytes)
Event: 1,174 Thread 0x00007fdf40174000 nmethod 14 0x00007fdf3ce5f090 code [0x00007fdf3ce5f1e0, 0x00007fdf3ce5f798]
Event: 1,174 Thread 0x00007fdf40174000   15             sun.nio.cs.UTF_8$Encoder::encode (361 bytes)
Event: 1,178 Thread 0x00007fdf40174000 nmethod 15 0x00007fdf3ce61fd0 code [0x00007fdf3ce62120, 0x00007fdf3ce62358]
Event: 1,178 Thread 0x00007fdf40174000   16 % !         java.io.BufferedReader::readLine @ 131 (304 bytes)
Event: 1,207 Thread 0x00007fdf40171000 nmethod 13 0x00007fdf3ce62590 code [0x00007fdf3ce62740, 0x00007fdf3ce63588]
Event: 1,226 Thread 0x00007fdf40174000 nmethod 16% 0x00007fdf3ce65fd0 code [0x00007fdf3ce661c0, 0x00007fdf3ce673f0]

GC Heap History (0 events):
No events

Deoptimization events (5 events):
Event: 1,076 Thread 0x00007fdf4000a000 Uncommon trap: reason=unstable_if action=reinterpret pc=0x00007fdf3ce5a374 method=java.lang.String.indexOf(II)I @ 49
Event: 1,168 Thread 0x00007fdf4000a000 Uncommon trap: reason=unstable_if action=reinterpret pc=0x00007fdf3ce5c428 method=java.io.BufferedReader.readLine(Z)Ljava/lang/String; @ 192
Event: 1,173 Thread 0x00007fdf4000a000 Uncommon trap: reason=unstable_if action=reinterpret pc=0x00007fdf3ce606f0 method=java.lang.CharacterDataLatin1.toUpperCaseEx(I)I @ 12
Event: 1,173 Thread 0x00007fdf4000a000 Uncommon trap: reason=unstable_if action=reinterpret pc=0x00007fdf3ce5b5f8 method=java.lang.CharacterDataLatin1.toUpperCaseEx(I)I @ 12
Event: 1,174 Thread 0x00007fdf4000a000 Uncommon trap: reason=unstable_if action=reinterpret pc=0x00007fdf3ce60260 method=java.lang.CharacterDataLatin1.toUpperCaseEx(I)I @ 12

Internal exceptions (10 events):
Event: 0,903 Thread 0x00007fdf4000a000 Threw 0x00000000ecce2ec8 at /build/openjdk-7-9duhBW/openjdk-7-7u101-2.6.6/build/openjdk/hotspot/src/share/vm/prims/jvm.cpp:1322
Event: 0,903 Thread 0x00007fdf4000a000 Threw 0x00000000ecce3380 at /build/openjdk-7-9duhBW/openjdk-7-7u101-2.6.6/build/openjdk/hotspot/src/share/vm/prims/jvm.cpp:1322
Event: 1,120 Thread 0x00007fdf4000a000 Threw 0x00000000eccfe4e0 at /build/openjdk-7-9duhBW/openjdk-7-7u101-2.6.6/build/openjdk/hotspot/src/share/vm/prims/jvm.cpp:1322
Event: 1,121 Thread 0x00007fdf4000a000 Threw 0x00000000ecd040b0 at /build/openjdk-7-9duhBW/openjdk-7-7u101-2.6.6/build/openjdk/hotspot/src/share/vm/prims/jvm.cpp:1322
Event: 1,133 Thread 0x00007fdf4000a000 Threw 0x00000000ecd3a808 at /build/openjdk-7-9duhBW/openjdk-7-7u101-2.6.6/build/openjdk/hotspot/src/share/vm/prims/jvm.cpp:1322
Event: 1,169 Thread 0x00007fdf4000a000 Threw 0x00000000ecd7c548 at /build/openjdk-7-9duhBW/openjdk-7-7u101-2.6.6/build/openjdk/hotspot/src/share/vm/prims/jvm.cpp:1322
Event: 1,170 Thread 0x00007fdf4000a000 Threw 0x00000000ecd82948 at /build/openjdk-7-9duhBW/openjdk-7-7u101-2.6.6/build/openjdk/hotspot/src/share/vm/prims/jvm.cpp:1322
Event: 1,172 Thread 0x00007fdf4000a000 Threw 0x00000000ecd89118 at /build/openjdk-7-9duhBW/openjdk-7-7u101-2.6.6/build/openjdk/hotspot/src/share/vm/prims/jvm.cpp:1322
Event: 1,178 Thread 0x00007fdf4000a000 Threw 0x00000000ecdbbc70 at /build/openjdk-7-9duhBW/openjdk-7-7u101-2.6.6/build/openjdk/hotspot/src/share/vm/prims/jvm.cpp:1322
Event: 1,179 Thread 0x00007fdf4000a000 Threw 0x00000000ecdbe088 at /build/openjdk-7-9duhBW/openjdk-7-7u101-2.6.6/build/openjdk/hotspot/src/share/vm/prims/jvm.cpp:1322

Events (10 events):
Event: 1,173 Thread 0x00007fdf4000a000 Uncommon trap: trap_request=0xffffff75 fr.pc=0x00007fdf3ce5b5f8
Event: 1,174 Thread 0x00007fdf4000a000 DEOPT PACKING pc=0x00007fdf3ce5b5f8 sp=0x00007fdf473e50f0
Event: 1,174 Thread 0x00007fdf4000a000 DEOPT UNPACKING pc=0x00007fdf3ce30445 sp=0x00007fdf473e5040 mode 2
Event: 1,174 Thread 0x00007fdf4000a000 Uncommon trap: trap_request=0xffffff75 fr.pc=0x00007fdf3ce60260
Event: 1,174 Thread 0x00007fdf4000a000 DEOPT PACKING pc=0x00007fdf3ce60260 sp=0x00007fdf473e5090
Event: 1,174 Thread 0x00007fdf4000a000 DEOPT UNPACKING pc=0x00007fdf3ce30445 sp=0x00007fdf473e5040 mode 2
Event: 1,178 loading class 0x00007fdf40268910
Event: 1,178 loading class 0x00007fdf40268910 done
Event: 1,179 loading class 0x00007fdf401cbeb0
Event: 1,179 loading class 0x00007fdf401cbeb0 done


Dynamic libraries:
00400000-00401000 r-xp 00000000 08:04 4329188                            /usr/lib/jvm/java-7-openjdk-amd64/jre/bin/java
00600000-00601000 r--p 00000000 08:04 4329188                            /usr/lib/jvm/java-7-openjdk-amd64/jre/bin/java
00601000-00602000 rw-p 00001000 08:04 4329188                            /usr/lib/jvm/java-7-openjdk-amd64/jre/bin/java
01ab7000-01ad8000 rw-p 00000000 00:00 0                                  [heap]
bbe00000-bd300000 rw-p 00000000 00:00 0 
bd300000-c6400000 rw-p 00000000 00:00 0 
c6400000-de180000 rw-p 00000000 00:00 0 
ec600000-ecc00000 rw-p 00000000 00:00 0 
ecc00000-edf80000 rw-p 00000000 00:00 0 
edf80000-100000000 rw-p 00000000 00:00 0 
7fdf00000000-7fdf00021000 rw-p 00000000 00:00 0 
7fdf00021000-7fdf04000000 ---p 00000000 00:00 0 
7fdf08000000-7fdf081e8000 rw-p 00000000 00:00 0 
7fdf081e8000-7fdf0c000000 ---p 00000000 00:00 0 
7fdf0c000000-7fdf0c021000 rw-p 00000000 00:00 0 
7fdf0c021000-7fdf10000000 ---p 00000000 00:00 0 
7fdf10000000-7fdf10021000 rw-p 00000000 00:00 0 
7fdf10021000-7fdf14000000 ---p 00000000 00:00 0 
7fdf14000000-7fdf14263000 rw-p 00000000 00:00 0 
7fdf14263000-7fdf18000000 ---p 00000000 00:00 0 
7fdf18000000-7fdf18021000 rw-p 00000000 00:00 0 
7fdf18021000-7fdf1c000000 ---p 00000000 00:00 0 
7fdf1c000000-7fdf1c021000 rw-p 00000000 00:00 0 
7fdf1c021000-7fdf20000000 ---p 00000000 00:00 0 
7fdf20000000-7fdf20021000 rw-p 00000000 00:00 0 
7fdf20021000-7fdf24000000 ---p 00000000 00:00 0 
7fdf24000000-7fdf24021000 rw-p 00000000 00:00 0 
7fdf24021000-7fdf28000000 ---p 00000000 00:00 0 
7fdf28000000-7fdf28021000 rw-p 00000000 00:00 0 
7fdf28021000-7fdf2c000000 ---p 00000000 00:00 0 
7fdf2e882000-7fdf2e8bf000 r-xp 00000000 08:04 131991                     /lib/x86_64-linux-gnu/libpcre.so.3.13.1
7fdf2e8bf000-7fdf2eabe000 ---p 0003d000 08:04 131991                     /lib/x86_64-linux-gnu/libpcre.so.3.13.1
7fdf2eabe000-7fdf2eabf000 r--p 0003c000 08:04 131991                     /lib/x86_64-linux-gnu/libpcre.so.3.13.1
7fdf2eabf000-7fdf2eac0000 rw-p 0003d000 08:04 131991                     /lib/x86_64-linux-gnu/libpcre.so.3.13.1
7fdf2eac0000-7fdf2eac7000 r-xp 00000000 08:04 1442211                    /usr/lib/x86_64-linux-gnu/libffi.so.6.0.1
7fdf2eac7000-7fdf2ecc6000 ---p 00007000 08:04 1442211                    /usr/lib/x86_64-linux-gnu/libffi.so.6.0.1
7fdf2ecc6000-7fdf2ecc7000 r--p 00006000 08:04 1442211                    /usr/lib/x86_64-linux-gnu/libffi.so.6.0.1
7fdf2ecc7000-7fdf2ecc8000 rw-p 00007000 08:04 1442211                    /usr/lib/x86_64-linux-gnu/libffi.so.6.0.1
7fdf2ecc8000-7fdf2ecdf000 r-xp 00000000 08:04 132080                     /lib/x86_64-linux-gnu/libresolv-2.19.so
7fdf2ecdf000-7fdf2eedf000 ---p 00017000 08:04 132080                     /lib/x86_64-linux-gnu/libresolv-2.19.so
7fdf2eedf000-7fdf2eee0000 r--p 00017000 08:04 132080                     /lib/x86_64-linux-gnu/libresolv-2.19.so
7fdf2eee0000-7fdf2eee1000 rw-p 00018000 08:04 132080                     /lib/x86_64-linux-gnu/libresolv-2.19.so
7fdf2eee1000-7fdf2eee3000 rw-p 00000000 00:00 0 
7fdf2eee3000-7fdf2ef03000 r-xp 00000000 08:04 135464                     /lib/x86_64-linux-gnu/libselinux.so.1
7fdf2ef03000-7fdf2f102000 ---p 00020000 08:04 135464                     /lib/x86_64-linux-gnu/libselinux.so.1
7fdf2f102000-7fdf2f103000 r--p 0001f000 08:04 135464                     /lib/x86_64-linux-gnu/libselinux.so.1
7fdf2f103000-7fdf2f104000 rw-p 00020000 08:04 135464                     /lib/x86_64-linux-gnu/libselinux.so.1
7fdf2f104000-7fdf2f106000 rw-p 00000000 00:00 0 
7fdf2f106000-7fdf2f109000 r-xp 00000000 08:04 1450318                    /usr/lib/x86_64-linux-gnu/libgmodule-2.0.so.0.4002.0
7fdf2f109000-7fdf2f308000 ---p 00003000 08:04 1450318                    /usr/lib/x86_64-linux-gnu/libgmodule-2.0.so.0.4002.0
7fdf2f308000-7fdf2f309000 r--p 00002000 08:04 1450318                    /usr/lib/x86_64-linux-gnu/libgmodule-2.0.so.0.4002.0
7fdf2f309000-7fdf2f30a000 rw-p 00003000 08:04 1450318                    /usr/lib/x86_64-linux-gnu/libgmodule-2.0.so.0.4002.0
7fdf2f30a000-7fdf2f410000 r-xp 00000000 08:04 135365                     /lib/x86_64-linux-gnu/libglib-2.0.so.0.4002.0
7fdf2f410000-7fdf2f60f000 ---p 00106000 08:04 135365                     /lib/x86_64-linux-gnu/libglib-2.0.so.0.4002.0
7fdf2f60f000-7fdf2f610000 r--p 00105000 08:04 135365                     /lib/x86_64-linux-gnu/libglib-2.0.so.0.4002.0
7fdf2f610000-7fdf2f611000 rw-p 00106000 08:04 135365                     /lib/x86_64-linux-gnu/libglib-2.0.so.0.4002.0
7fdf2f611000-7fdf2f612000 rw-p 00000000 00:00 0 
7fdf2f612000-7fdf2f661000 r-xp 00000000 08:04 1450334                    /usr/lib/x86_64-linux-gnu/libgobject-2.0.so.0.4002.0
7fdf2f661000-7fdf2f861000 ---p 0004f000 08:04 1450334                    /usr/lib/x86_64-linux-gnu/libgobject-2.0.so.0.4002.0
7fdf2f861000-7fdf2f862000 r--p 0004f000 08:04 1450334                    /usr/lib/x86_64-linux-gnu/libgobject-2.0.so.0.4002.0
7fdf2f862000-7fdf2f863000 rw-p 00050000 08:04 1450334                    /usr/lib/x86_64-linux-gnu/libgobject-2.0.so.0.4002.0
7fdf2f863000-7fdf2f9cf000 r-xp 00000000 08:04 1450306                    /usr/lib/x86_64-linux-gnu/libgio-2.0.so.0.4002.0
7fdf2f9cf000-7fdf2fbce000 ---p 0016c000 08:04 1450306                    /usr/lib/x86_64-linux-gnu/libgio-2.0.so.0.4002.0
7fdf2fbce000-7fdf2fbd2000 r--p 0016b000 08:04 1450306                    /usr/lib/x86_64-linux-gnu/libgio-2.0.so.0.4002.0
7fdf2fbd2000-7fdf2fbd4000 rw-p 0016f000 08:04 1450306                    /usr/lib/x86_64-linux-gnu/libgio-2.0.so.0.4002.0
7fdf2fbd4000-7fdf2fbd6000 rw-p 00000000 00:00 0 
7fdf2fbd6000-7fdf2fbed000 r-xp 00000000 08:04 4980984                    /usr/lib/jvm/java-7-openjdk-amd64/jre/lib/amd64/libnet.so
7fdf2fbed000-7fdf2fdec000 ---p 00017000 08:04 4980984                    /usr/lib/jvm/java-7-openjdk-amd64/jre/lib/amd64/libnet.so
7fdf2fdec000-7fdf2fded000 r--p 00016000 08:04 4980984                    /usr/lib/jvm/java-7-openjdk-amd64/jre/lib/amd64/libnet.so
7fdf2fded000-7fdf2fdee000 rw-p 00017000 08:04 4980984                    /usr/lib/jvm/java-7-openjdk-amd64/jre/lib/amd64/libnet.so
7fdf2fdee000-7fdf2fdfe000 r-xp 00000000 08:04 4981008                    /usr/lib/jvm/java-7-openjdk-amd64/jre/lib/amd64/libnio.so
7fdf2fdfe000-7fdf2fffe000 ---p 00010000 08:04 4981008                    /usr/lib/jvm/java-7-openjdk-amd64/jre/lib/amd64/libnio.so
7fdf2fffe000-7fdf2ffff000 r--p 00010000 08:04 4981008                    /usr/lib/jvm/java-7-openjdk-amd64/jre/lib/amd64/libnio.so
7fdf2ffff000-7fdf30000000 rw-p 00011000 08:04 4981008                    /usr/lib/jvm/java-7-openjdk-amd64/jre/lib/amd64/libnio.so
7fdf30000000-7fdf30021000 rw-p 00000000 00:00 0 
7fdf30021000-7fdf34000000 ---p 00000000 00:00 0 
7fdf34089000-7fdf3408a000 ---p 00000000 00:00 0 
7fdf3408a000-7fdf3418a000 rw-p 00000000 00:00 0                          [stack:14404]
7fdf3418a000-7fdf3418d000 ---p 00000000 00:00 0 
7fdf3418d000-7fdf3428b000 rw-p 00000000 00:00 0                          [stack:14403]
7fdf3428b000-7fdf3428e000 ---p 00000000 00:00 0 
7fdf3428e000-7fdf3438c000 rw-p 00000000 00:00 0                          [stack:14402]
7fdf3438c000-7fdf3438f000 ---p 00000000 00:00 0 
7fdf3438f000-7fdf3448d000 rw-p 00000000 00:00 0                          [stack:14401]
7fdf3448d000-7fdf34490000 ---p 00000000 00:00 0 
7fdf34490000-7fdf3458e000 rw-p 00000000 00:00 0                          [stack:14400]
7fdf3458e000-7fdf34de0000 r--p 00000000 08:04 1448898                    /usr/lib/locale/locale-archive
7fdf34de0000-7fdf34de3000 ---p 00000000 00:00 0 
7fdf34de3000-7fdf34ee1000 rw-p 00000000 00:00 0                          [stack:14399]
7fdf34ee1000-7fdf34ee4000 ---p 00000000 00:00 0 
7fdf34ee4000-7fdf34fe2000 rw-p 00000000 00:00 0                          [stack:14398]
7fdf34fe2000-7fdf34fe3000 ---p 00000000 00:00 0 
7fdf34fe3000-7fdf38000000 rw-p 00000000 00:00 0                          [stack:14397]
7fdf38000000-7fdf38021000 rw-p 00000000 00:00 0 
7fdf38021000-7fdf3c000000 ---p 00000000 00:00 0 
7fdf3c07f000-7fdf3c2ca000 rw-p 00000000 00:00 0 
7fdf3c2ca000-7fdf3c47c000 r--s 01d32000 08:04 4457521                    /usr/lib/jvm/java-7-openjdk-amd64/jre/lib/rt.jar
7fdf3c47c000-7fdf3c69d000 rw-p 00000000 00:00 0 
7fdf3c69d000-7fdf3c69e000 ---p 00000000 00:00 0 
7fdf3c69e000-7fdf3c79e000 rw-p 00000000 00:00 0                          [stack:14396]
7fdf3c79e000-7fdf3c79f000 ---p 00000000 00:00 0 
7fdf3c79f000-7fdf3c89f000 rw-p 00000000 00:00 0                          [stack:14395]
7fdf3c89f000-7fdf3c8a0000 ---p 00000000 00:00 0 
7fdf3c8a0000-7fdf3c9a0000 rw-p 00000000 00:00 0                          [stack:14394]
7fdf3c9a0000-7fdf3c9a1000 ---p 00000000 00:00 0 
7fdf3c9a1000-7fdf3cb60000 rw-p 00000000 00:00 0                          [stack:14393]
7fdf3cb60000-7fdf3cbd5000 rw-p 00000000 00:00 0 
7fdf3cbd5000-7fdf3cbe0000 rw-p 00000000 00:00 0 
7fdf3cbe0000-7fdf3cc28000 rw-p 00000000 00:00 0 
7fdf3cc28000-7fdf3cce7000 rw-p 00000000 00:00 0 
7fdf3cce7000-7fdf3cd5c000 rw-p 00000000 00:00 0 
7fdf3cd5c000-7fdf3cd66000 rw-p 00000000 00:00 0 
7fdf3cd66000-7fdf3cdf6000 rw-p 00000000 00:00 0 
7fdf3cdf6000-7fdf3cdf7000 rw-p 00000000 00:00 0 
7fdf3cdf7000-7fdf3d067000 rwxp 00000000 00:00 0 
7fdf3d067000-7fdf3fdf7000 rw-p 00000000 00:00 0 
7fdf3fdf7000-7fdf3fdff000 r-xp 00000000 08:04 4980990                    /usr/lib/jvm/java-7-openjdk-amd64/jre/lib/amd64/libzip.so
7fdf3fdff000-7fdf3fffe000 ---p 00008000 08:04 4980990                    /usr/lib/jvm/java-7-openjdk-amd64/jre/lib/amd64/libzip.so
7fdf3fffe000-7fdf3ffff000 r--p 00007000 08:04 4980990                    /usr/lib/jvm/java-7-openjdk-amd64/jre/lib/amd64/libzip.so
7fdf3ffff000-7fdf40000000 rw-p 00008000 08:04 4980990                    /usr/lib/jvm/java-7-openjdk-amd64/jre/lib/amd64/libzip.so
7fdf40000000-7fdf4029d000 rw-p 00000000 00:00 0 
7fdf4029d000-7fdf44000000 ---p 00000000 00:00 0 
7fdf44002000-7fdf44007000 r--s 00024000 08:04 4723346                    /home/hema/Desktop/Hiwi/opt/jaligner/jaligner.jar
7fdf44007000-7fdf440e3000 rw-p 00000000 00:00 0 
7fdf440e3000-7fdf4412b000 rw-p 00000000 00:00 0 
7fdf4412b000-7fdf44135000 r-xp 00000000 08:04 132102                     /lib/x86_64-linux-gnu/libnss_files-2.19.so
7fdf44135000-7fdf44334000 ---p 0000a000 08:04 132102                     /lib/x86_64-linux-gnu/libnss_files-2.19.so
7fdf44334000-7fdf44335000 r--p 00009000 08:04 132102                     /lib/x86_64-linux-gnu/libnss_files-2.19.so
7fdf44335000-7fdf44336000 rw-p 0000a000 08:04 132102                     /lib/x86_64-linux-gnu/libnss_files-2.19.so
7fdf44336000-7fdf44341000 r-xp 00000000 08:04 132094                     /lib/x86_64-linux-gnu/libnss_nis-2.19.so
7fdf44341000-7fdf44540000 ---p 0000b000 08:04 132094                     /lib/x86_64-linux-gnu/libnss_nis-2.19.so
7fdf44540000-7fdf44541000 r--p 0000a000 08:04 132094                     /lib/x86_64-linux-gnu/libnss_nis-2.19.so
7fdf44541000-7fdf44542000 rw-p 0000b000 08:04 132094                     /lib/x86_64-linux-gnu/libnss_nis-2.19.so
7fdf44542000-7fdf44559000 r-xp 00000000 08:04 132090                     /lib/x86_64-linux-gnu/libnsl-2.19.so
7fdf44559000-7fdf44758000 ---p 00017000 08:04 132090                     /lib/x86_64-linux-gnu/libnsl-2.19.so
7fdf44758000-7fdf44759000 r--p 00016000 08:04 132090                     /lib/x86_64-linux-gnu/libnsl-2.19.so
7fdf44759000-7fdf4475a000 rw-p 00017000 08:04 132090                     /lib/x86_64-linux-gnu/libnsl-2.19.so
7fdf4475a000-7fdf4475c000 rw-p 00000000 00:00 0 
7fdf4475c000-7fdf44765000 r-xp 00000000 08:04 132089                     /lib/x86_64-linux-gnu/libnss_compat-2.19.so
7fdf44765000-7fdf44964000 ---p 00009000 08:04 132089                     /lib/x86_64-linux-gnu/libnss_compat-2.19.so
7fdf44964000-7fdf44965000 r--p 00008000 08:04 132089                     /lib/x86_64-linux-gnu/libnss_compat-2.19.so
7fdf44965000-7fdf44966000 rw-p 00009000 08:04 132089                     /lib/x86_64-linux-gnu/libnss_compat-2.19.so
7fdf44966000-7fdf44991000 r-xp 00000000 08:04 4980975                    /usr/lib/jvm/java-7-openjdk-amd64/jre/lib/amd64/libjava.so
7fdf44991000-7fdf44b91000 ---p 0002b000 08:04 4980975                    /usr/lib/jvm/java-7-openjdk-amd64/jre/lib/amd64/libjava.so
7fdf44b91000-7fdf44b92000 r--p 0002b000 08:04 4980975                    /usr/lib/jvm/java-7-openjdk-amd64/jre/lib/amd64/libjava.so
7fdf44b92000-7fdf44b94000 rw-p 0002c000 08:04 4980975                    /usr/lib/jvm/java-7-openjdk-amd64/jre/lib/amd64/libjava.so
7fdf44b94000-7fdf44ba4000 r-xp 00000000 08:04 4980976                    /usr/lib/jvm/java-7-openjdk-amd64/jre/lib/amd64/libverify.so
7fdf44ba4000-7fdf44da3000 ---p 00010000 08:04 4980976                    /usr/lib/jvm/java-7-openjdk-amd64/jre/lib/amd64/libverify.so
7fdf44da3000-7fdf44da5000 r--p 0000f000 08:04 4980976                    /usr/lib/jvm/java-7-openjdk-amd64/jre/lib/amd64/libverify.so
7fdf44da5000-7fdf44da6000 rw-p 00011000 08:04 4980976                    /usr/lib/jvm/java-7-openjdk-amd64/jre/lib/amd64/libverify.so
7fdf44da6000-7fdf44dad000 r-xp 00000000 08:04 132098                     /lib/x86_64-linux-gnu/librt-2.19.so
7fdf44dad000-7fdf44fac000 ---p 00007000 08:04 132098                     /lib/x86_64-linux-gnu/librt-2.19.so
7fdf44fac000-7fdf44fad000 r--p 00006000 08:04 132098                     /lib/x86_64-linux-gnu/librt-2.19.so
7fdf44fad000-7fdf44fae000 rw-p 00007000 08:04 132098                     /lib/x86_64-linux-gnu/librt-2.19.so
7fdf44fae000-7fdf44fc4000 r-xp 00000000 08:04 135311                     /lib/x86_64-linux-gnu/libgcc_s.so.1
7fdf44fc4000-7fdf451c3000 ---p 00016000 08:04 135311                     /lib/x86_64-linux-gnu/libgcc_s.so.1
7fdf451c3000-7fdf451c4000 rw-p 00015000 08:04 135311                     /lib/x86_64-linux-gnu/libgcc_s.so.1
7fdf451c4000-7fdf452c9000 r-xp 00000000 08:04 132084                     /lib/x86_64-linux-gnu/libm-2.19.so
7fdf452c9000-7fdf454c8000 ---p 00105000 08:04 132084                     /lib/x86_64-linux-gnu/libm-2.19.so
7fdf454c8000-7fdf454c9000 r--p 00104000 08:04 132084                     /lib/x86_64-linux-gnu/libm-2.19.so
7fdf454c9000-7fdf454ca000 rw-p 00105000 08:04 132084                     /lib/x86_64-linux-gnu/libm-2.19.so
7fdf454ca000-7fdf455b0000 r-xp 00000000 08:04 1443253                    /usr/lib/x86_64-linux-gnu/libstdc++.so.6.0.19
7fdf455b0000-7fdf457af000 ---p 000e6000 08:04 1443253                    /usr/lib/x86_64-linux-gnu/libstdc++.so.6.0.19
7fdf457af000-7fdf457b7000 r--p 000e5000 08:04 1443253                    /usr/lib/x86_64-linux-gnu/libstdc++.so.6.0.19
7fdf457b7000-7fdf457b9000 rw-p 000ed000 08:04 1443253                    /usr/lib/x86_64-linux-gnu/libstdc++.so.6.0.19
7fdf457b9000-7fdf457ce000 rw-p 00000000 00:00 0 
7fdf457ce000-7fdf462f3000 r-xp 00000000 08:04 4980988                    /usr/lib/jvm/java-7-openjdk-amd64/jre/lib/amd64/server/libjvm.so
7fdf462f3000-7fdf464f3000 ---p 00b25000 08:04 4980988                    /usr/lib/jvm/java-7-openjdk-amd64/jre/lib/amd64/server/libjvm.so
7fdf464f3000-7fdf4658d000 r--p 00b25000 08:04 4980988                    /usr/lib/jvm/java-7-openjdk-amd64/jre/lib/amd64/server/libjvm.so
7fdf4658d000-7fdf465b0000 rw-p 00bbf000 08:04 4980988                    /usr/lib/jvm/java-7-openjdk-amd64/jre/lib/amd64/server/libjvm.so
7fdf465b0000-7fdf465df000 rw-p 00000000 00:00 0 
7fdf465df000-7fdf465f7000 r-xp 00000000 08:04 135497                     /lib/x86_64-linux-gnu/libz.so.1.2.8
7fdf465f7000-7fdf467f6000 ---p 00018000 08:04 135497                     /lib/x86_64-linux-gnu/libz.so.1.2.8
7fdf467f6000-7fdf467f7000 r--p 00017000 08:04 135497                     /lib/x86_64-linux-gnu/libz.so.1.2.8
7fdf467f7000-7fdf467f8000 rw-p 00018000 08:04 135497                     /lib/x86_64-linux-gnu/libz.so.1.2.8
7fdf467f8000-7fdf46811000 r-xp 00000000 08:04 132091                     /lib/x86_64-linux-gnu/libpthread-2.19.so
7fdf46811000-7fdf46a10000 ---p 00019000 08:04 132091                     /lib/x86_64-linux-gnu/libpthread-2.19.so
7fdf46a10000-7fdf46a11000 r--p 00018000 08:04 132091                     /lib/x86_64-linux-gnu/libpthread-2.19.so
7fdf46a11000-7fdf46a12000 rw-p 00019000 08:04 132091                     /lib/x86_64-linux-gnu/libpthread-2.19.so
7fdf46a12000-7fdf46a16000 rw-p 00000000 00:00 0 
7fdf46a16000-7fdf46a19000 r-xp 00000000 08:04 132086                     /lib/x86_64-linux-gnu/libdl-2.19.so
7fdf46a19000-7fdf46c18000 ---p 00003000 08:04 132086                     /lib/x86_64-linux-gnu/libdl-2.19.so
7fdf46c18000-7fdf46c19000 r--p 00002000 08:04 132086                     /lib/x86_64-linux-gnu/libdl-2.19.so
7fdf46c19000-7fdf46c1a000 rw-p 00003000 08:04 132086                     /lib/x86_64-linux-gnu/libdl-2.19.so
7fdf46c1a000-7fdf46dd4000 r-xp 00000000 08:04 132099                     /lib/x86_64-linux-gnu/libc-2.19.so
7fdf46dd4000-7fdf46fd4000 ---p 001ba000 08:04 132099                     /lib/x86_64-linux-gnu/libc-2.19.so
7fdf46fd4000-7fdf46fd8000 r--p 001ba000 08:04 132099                     /lib/x86_64-linux-gnu/libc-2.19.so
7fdf46fd8000-7fdf46fda000 rw-p 001be000 08:04 132099                     /lib/x86_64-linux-gnu/libc-2.19.so
7fdf46fda000-7fdf46fdf000 rw-p 00000000 00:00 0 
7fdf46fdf000-7fdf46fec000 r-xp 00000000 08:04 4981005                    /usr/lib/jvm/java-7-openjdk-amd64/jre/lib/amd64/jli/libjli.so
7fdf46fec000-7fdf471eb000 ---p 0000d000 08:04 4981005                    /usr/lib/jvm/java-7-openjdk-amd64/jre/lib/amd64/jli/libjli.so
7fdf471eb000-7fdf471ec000 r--p 0000c000 08:04 4981005                    /usr/lib/jvm/java-7-openjdk-amd64/jre/lib/amd64/jli/libjli.so
7fdf471ec000-7fdf471ed000 rw-p 0000d000 08:04 4981005                    /usr/lib/jvm/java-7-openjdk-amd64/jre/lib/amd64/jli/libjli.so
7fdf471ed000-7fdf47210000 r-xp 00000000 08:04 132092                     /lib/x86_64-linux-gnu/ld-2.19.so
7fdf47211000-7fdf47213000 rw-p 00000000 00:00 0 
7fdf47213000-7fdf47215000 r--s 00012000 08:04 4981031                    /usr/lib/jvm/java-7-openjdk-amd64/jre/lib/ext/zipfs.jar
7fdf47215000-7fdf47219000 r--s 00034000 08:04 4981032                    /usr/lib/jvm/java-7-openjdk-amd64/jre/lib/ext/sunjce_provider.jar
7fdf47219000-7fdf4721c000 r--s 0000f000 08:04 4981033                    /usr/lib/jvm/java-7-openjdk-amd64/jre/lib/ext/icedtea-sound.jar
7fdf4721c000-7fdf4721e000 r--s 00006000 08:04 1840932                    /usr/share/java/java-atk-wrapper.jar
7fdf4721e000-7fdf47222000 r--s 00085000 08:04 4981034                    /usr/lib/jvm/java-7-openjdk-amd64/jre/lib/ext/localedata.jar
7fdf47222000-7fdf47226000 r--s 0003c000 08:04 4981035                    /usr/lib/jvm/java-7-openjdk-amd64/jre/lib/ext/sunpkcs11.jar
7fdf47226000-7fdf47230000 rw-p 00000000 00:00 0 
7fdf47230000-7fdf472e6000 rw-p 00000000 00:00 0 
7fdf472e6000-7fdf472e9000 ---p 00000000 00:00 0 
7fdf472e9000-7fdf473ec000 rw-p 00000000 00:00 0                          [stack:14392]
7fdf473ec000-7fdf473ed000 r--s 00002000 08:04 4981030                    /usr/lib/jvm/java-7-openjdk-amd64/jre/lib/ext/dnsns.jar
7fdf473ed000-7fdf47403000 rw-p 00000000 00:00 0 
7fdf47403000-7fdf4740b000 rw-s 00000000 08:04 4199113                    /tmp/hsperfdata_hema/14391
7fdf4740b000-7fdf4740c000 rw-p 00000000 00:00 0 
7fdf4740c000-7fdf4740d000 r--p 00000000 00:00 0 
7fdf4740d000-7fdf4740f000 rw-p 00000000 00:00 0 
7fdf4740f000-7fdf47410000 r--p 00022000 08:04 132092                     /lib/x86_64-linux-gnu/ld-2.19.so
7fdf47410000-7fdf47411000 rw-p 00023000 08:04 132092                     /lib/x86_64-linux-gnu/ld-2.19.so
7fdf47411000-7fdf47412000 rw-p 00000000 00:00 0 
7ffda9e54000-7ffda9e75000 rw-p 00000000 00:00 0                          [stack]
7ffda9f1c000-7ffda9f1e000 r--p 00000000 00:00 0                          [vvar]
7ffda9f1e000-7ffda9f20000 r-xp 00000000 00:00 0                          [vdso]
ffffffffff600000-ffffffffff601000 r-xp 00000000 00:00 0                  [vsyscall]

VM Arguments:
java_command: jaligner.jar Protein1.fasta Protein2.fasta BLOSUM62 10.0 0.5
Launcher Type: SUN_STANDARD

Environment Variables:
PATH=/home/hema/.local/bin:/home/hema/bin:/usr/local/sbin:/usr/local/bin:/usr/sbin:/usr/bin:/sbin:/bin:/usr/games:/usr/local/games:/home/hema/Downloads/swps3-linux64-sse2-current
LD_LIBRARY_PATH=:/home/hema/Downloads/tbb/tbb44_20160316oss/build/linux_intel64_gcc_cc4.8_libc2.19_kernel3.19.0_debug
SHELL=/bin/bash
DISPLAY=:0

Signal Handlers:
SIGSEGV: [libjvm.so+0x9561e0], sa_mask[0]=0x7ffbfeff, sa_flags=0x10000004
SIGBUS: [libjvm.so+0x9561e0], sa_mask[0]=0x7ffbfeff, sa_flags=0x10000004
SIGFPE: [libjvm.so+0x7cc4d0], sa_mask[0]=0x7ffbfeff, sa_flags=0x10000004
SIGPIPE: [libjvm.so+0x7cc4d0], sa_mask[0]=0x7ffbfeff, sa_flags=0x10000004
SIGXFSZ: [libjvm.so+0x7cc4d0], sa_mask[0]=0x7ffbfeff, sa_flags=0x10000004
SIGILL: [libjvm.so+0x7cc4d0], sa_mask[0]=0x7ffbfeff, sa_flags=0x10000004
SIGUSR1: SIG_DFL, sa_mask[0]=0x00000000, sa_flags=0x00000000
SIGUSR2: [libjvm.so+0x7cc370], sa_mask[0]=0x00000000, sa_flags=0x10000004
SIGHUP: [libjvm.so+0x7cc550], sa_mask[0]=0x7ffbfeff, sa_flags=0x10000004
SIGINT: [libjvm.so+0x7cc550], sa_mask[0]=0x7ffbfeff, sa_flags=0x10000004
SIGTERM: [libjvm.so+0x7cc550], sa_mask[0]=0x7ffbfeff, sa_flags=0x10000004
SIGQUIT: [libjvm.so+0x7cc550], sa_mask[0]=0x7ffbfeff, sa_flags=0x10000004
SIGTRAP: SIG_DFL, sa_mask[0]=0x00000000, sa_flags=0x00000000


---------------  S Y S T E M  ---------------

OS:Ubuntu 14.04 (trusty)
uname:Linux 3.19.0-51-generic #58~14.04.1-Ubuntu SMP Fri Feb 26 22:02:58 UTC 2016 x86_64
libc:glibc 2.19 NPTL 2.19 
rlimit: STACK 8192k, CORE 0k, NPROC 14670, NOFILE 4096, AS infinity
load average:1,10 0,50 0,49

/proc/meminfo:
MemTotal:        3777016 kB
MemFree:          134336 kB
MemAvailable:     166280 kB
Buffers:            3344 kB
Cached:           754920 kB
SwapCached:            0 kB
Active:          2829964 kB
Inactive:         641432 kB
Active(anon):    2733508 kB
Inactive(anon):   551584 kB
Active(file):      96456 kB
Inactive(file):    89848 kB
Unevictable:          80 kB
Mlocked:              80 kB
SwapTotal:             0 kB
SwapFree:              0 kB
Dirty:               152 kB
Writeback:             0 kB
AnonPages:       2713028 kB
Mapped:           427660 kB
Shmem:            572100 kB
Slab:              66856 kB
SReclaimable:      29152 kB
SUnreclaim:        37704 kB
KernelStack:        9280 kB
PageTables:        51556 kB
NFS_Unstable:          0 kB
Bounce:                0 kB
WritebackTmp:          0 kB
CommitLimit:     1888508 kB
Committed_AS:    8847824 kB
VmallocTotal:   34359738367 kB
VmallocUsed:      617656 kB
VmallocChunk:   34359075708 kB
HardwareCorrupted:     0 kB
AnonHugePages:    593920 kB
CmaTotal:              0 kB
CmaFree:               0 kB
HugePages_Total:       0
HugePages_Free:        0
HugePages_Rsvd:        0
HugePages_Surp:        0
Hugepagesize:       2048 kB
DirectMap4k:      168524 kB
DirectMap2M:     3753984 kB
DirectMap1G:     1048576 kB


CPU:total 4 (2 cores per cpu, 2 threads per core) family 6 model 61 stepping 4, cmov, cx8, fxsr, mmx, sse, sse2, sse3, ssse3, sse4.1, sse4.2, popcnt, avx, avx2, aes, erms, ht, tsc, tscinvbit

/proc/cpuinfo:
processor	: 0
vendor_id	: GenuineIntel
cpu family	: 6
model		: 61
model name	: Intel(R) Core(TM) i5-5200U CPU @ 2.20GHz
stepping	: 4
microcode	: 0x16
cpu MHz		: 2694.312
cache size	: 3072 KB
physical id	: 0
siblings	: 4
core id		: 0
cpu cores	: 2
apicid		: 0
initial apicid	: 0
fpu		: yes
fpu_exception	: yes
cpuid level	: 20
wp		: yes
flags		: fpu vme de pse tsc msr pae mce cx8 apic sep mtrr pge mca cmov pat pse36 clflush dts acpi mmx fxsr sse sse2 ss ht tm pbe syscall nx pdpe1gb rdtscp lm constant_tsc arch_perfmon pebs bts rep_good nopl xtopology nonstop_tsc aperfmperf eagerfpu pni pclmulqdq dtes64 monitor ds_cpl vmx est tm2 ssse3 fma cx16 xtpr pdcm pcid sse4_1 sse4_2 x2apic movbe popcnt tsc_deadline_timer aes xsave avx f16c rdrand lahf_lm abm 3dnowprefetch ida arat epb pln pts dtherm tpr_shadow vnmi flexpriority ept vpid fsgsbase tsc_adjust bmi1 avx2 smep bmi2 erms invpcid rdseed adx smap xsaveopt
bugs		:
bogomips	: 4389.77
clflush size	: 64
cache_alignment	: 64
address sizes	: 39 bits physical, 48 bits virtual
power management:

processor	: 1
vendor_id	: GenuineIntel
cpu family	: 6
model		: 61
model name	: Intel(R) Core(TM) i5-5200U CPU @ 2.20GHz
stepping	: 4
microcode	: 0x16
cpu MHz		: 2553.976
cache size	: 3072 KB
physical id	: 0
siblings	: 4
core id		: 0
cpu cores	: 2
apicid		: 1
initial apicid	: 1
fpu		: yes
fpu_exception	: yes
cpuid level	: 20
wp		: yes
flags		: fpu vme de pse tsc msr pae mce cx8 apic sep mtrr pge mca cmov pat pse36 clflush dts acpi mmx fxsr sse sse2 ss ht tm pbe syscall nx pdpe1gb rdtscp lm constant_tsc arch_perfmon pebs bts rep_good nopl xtopology nonstop_tsc aperfmperf eagerfpu pni pclmulqdq dtes64 monitor ds_cpl vmx est tm2 ssse3 fma cx16 xtpr pdcm pcid sse4_1 sse4_2 x2apic movbe popcnt tsc_deadline_timer aes xsave avx f16c rdrand lahf_lm abm 3dnowprefetch ida arat epb pln pts dtherm tpr_shadow vnmi flexpriority ept vpid fsgsbase tsc_adjust bmi1 avx2 smep bmi2 erms invpcid rdseed adx smap xsaveopt
bugs		:
bogomips	: 4389.77
clflush size	: 64
cache_alignment	: 64
address sizes	: 39 bits physical, 48 bits virtual
power management:

processor	: 2
vendor_id	: GenuineIntel
cpu family	: 6
model		: 61
model name	: Intel(R) Core(TM) i5-5200U CPU @ 2.20GHz
stepping	: 4
microcode	: 0x16
cpu MHz		: 2499.921
cache size	: 3072 KB
physical id	: 0
siblings	: 4
core id		: 1
cpu cores	: 2
apicid		: 2
initial apicid	: 2
fpu		: yes
fpu_exception	: yes
cpuid level	: 20
wp		: yes
flags		: fpu vme de pse tsc msr pae mce cx8 apic sep mtrr pge mca cmov pat pse36 clflush dts acpi mmx fxsr sse sse2 ss ht tm pbe syscall nx pdpe1gb rdtscp lm constant_tsc arch_perfmon pebs bts rep_good nopl xtopology nonstop_tsc aperfmperf eagerfpu pni pclmulqdq dtes64 monitor ds_cpl vmx est tm2 ssse3 fma cx16 xtpr pdcm pcid sse4_1 sse4_2 x2apic movbe popcnt tsc_deadline_timer aes xsave avx f16c rdrand lahf_lm abm 3dnowprefetch ida arat epb pln pts dtherm tpr_shadow vnmi flexpriority ept vpid fsgsbase tsc_adjust bmi1 avx2 smep bmi2 erms invpcid rdseed adx smap xsaveopt
bugs		:
bogomips	: 4389.77
clflush size	: 64
cache_alignment	: 64
address sizes	: 39 bits physical, 48 bits virtual
power management:

processor	: 3
vendor_id	: GenuineIntel
cpu family	: 6
model		: 61
model name	: Intel(R) Core(TM) i5-5200U CPU @ 2.20GHz
stepping	: 4
microcode	: 0x16
cpu MHz		: 2499.921
cache size	: 3072 KB
physical id	: 0
siblings	: 4
core id		: 1
cpu cores	: 2
apicid		: 3
initial apicid	: 3
fpu		: yes
fpu_exception	: yes
cpuid level	: 20
wp		: yes
flags		: fpu vme de pse tsc msr pae mce cx8 apic sep mtrr pge mca cmov pat pse36 clflush dts acpi mmx fxsr sse sse2 ss ht tm pbe syscall nx pdpe1gb rdtscp lm constant_tsc arch_perfmon pebs bts rep_good nopl xtopology nonstop_tsc aperfmperf eagerfpu pni pclmulqdq dtes64 monitor ds_cpl vmx est tm2 ssse3 fma cx16 xtpr pdcm pcid sse4_1 sse4_2 x2apic movbe popcnt tsc_deadline_timer aes xsave avx f16c rdrand lahf_lm abm 3dnowprefetch ida arat epb pln pts dtherm tpr_shadow vnmi flexpriority ept vpid fsgsbase tsc_adjust bmi1 avx2 smep bmi2 erms invpcid rdseed adx smap xsaveopt
bugs		:
bogomips	: 4389.77
clflush size	: 64
cache_alignment	: 64
address sizes	: 39 bits physical, 48 bits virtual
power management:



Memory: 4k page, physical 3777016k(134336k free), swap 0k(0k free)

vm_info: OpenJDK 64-Bit Server VM (24.95-b01) for linux-amd64 JRE (1.7.0_101-b00), built on Apr 24 2016 20:39:29 by "buildd" with gcc 4.8.2

time: Fri Aug  5 10:50:19 2016
elapsed time: 1 seconds

