#
# There is insufficient memory for the Java Runtime Environment to continue.
# Native memory allocation (malloc) failed to allocate 239599616 bytes for committing reserved memory.
# Possible reasons:
#   The system is out of physical RAM or swap space
#   In 32 bit mode, the process size limit was hit
# Possible solutions:
#   Reduce memory load on the system
#   Increase physical memory or swap space
#   Check if swap backing store is full
#   Use 64 bit Java on a 64 bit OS
#   Decrease Java heap size (-Xmx/-Xms)
#   Decrease number of Java threads
#   Decrease Java thread stack sizes (-Xss)
#   Set larger code cache with -XX:ReservedCodeCacheSize=
# This output file may be truncated or incomplete.
#
#  Out of Memory Error (os_linux.cpp:2827), pid=14410, tid=140444493170432
#
# JRE version: OpenJDK Runtime Environment (7.0_101) (build 1.7.0_101-b00)
# Java VM: OpenJDK 64-Bit Server VM (24.95-b01 mixed mode linux-amd64 compressed oops)
# Derivative: IcedTea 2.6.6
# Distribution: Ubuntu 14.04 LTS, package 7u101-2.6.6-0ubuntu0.14.04.1
# Failed to write core dump. Core dumps have been disabled. To enable core dumping, try "ulimit -c unlimited" before starting Java again
#

---------------  T H R E A D  ---------------

Current thread (0x00007fbbc000a000):  JavaThread "main" [_thread_in_vm, id=14411, stack(0x00007fbbc8104000,0x00007fbbc8205000)]

Stack: [0x00007fbbc8104000,0x00007fbbc8205000],  sp=0x00007fbbc8203480,  free space=1021k
Native frames: (J=compiled Java code, j=interpreted, Vv=VM code, C=native code)
V  [libjvm.so+0x955705]
V  [libjvm.so+0x490c44]
V  [libjvm.so+0x7d0c9b]
V  [libjvm.so+0x7cb75f]
V  [libjvm.so+0x83ee5b]
V  [libjvm.so+0x82f0ab]
V  [libjvm.so+0x82f26b]
V  [libjvm.so+0x82fb48]
V  [libjvm.so+0x7f2de7]
V  [libjvm.so+0x9207e6]
V  [libjvm.so+0x5e1f08]
j  jaligner.SmithWatermanGotoh.align(Ljaligner/Sequence;Ljaligner/Sequence;Ljaligner/matrix/Matrix;FF)Ljaligner/Alignment;+121
j  jaligner.ui.AlignCommandLine.main([Ljava/lang/String;)V+104
v  ~StubRoutines::call_stub
V  [libjvm.so+0x5ef089]
V  [libjvm.so+0x5eeb28]
V  [libjvm.so+0x608568]
V  [libjvm.so+0x60f408]
C  [libjli.so+0x31f9]

Java frames: (J=compiled Java code, j=interpreted, Vv=VM code)
j  jaligner.SmithWatermanGotoh.align(Ljaligner/Sequence;Ljaligner/Sequence;Ljaligner/matrix/Matrix;FF)Ljaligner/Alignment;+121
j  jaligner.ui.AlignCommandLine.main([Ljava/lang/String;)V+104
v  ~StubRoutines::call_stub

---------------  P R O C E S S  ---------------

Java Threads: ( => current thread )
  0x00007fbbc0176800 JavaThread "Service Thread" daemon [_thread_blocked, id=14422, stack(0x00007fbbb4e97000,0x00007fbbb4f98000)]
  0x00007fbbc0174000 JavaThread "C2 CompilerThread1" daemon [_thread_blocked, id=14421, stack(0x00007fbbb4f98000,0x00007fbbb5099000)]
  0x00007fbbc0171000 JavaThread "C2 CompilerThread0" daemon [_thread_blocked, id=14420, stack(0x00007fbbb5099000,0x00007fbbb519a000)]
  0x00007fbbc016f000 JavaThread "Signal Dispatcher" daemon [_thread_blocked, id=14419, stack(0x00007fbbb519a000,0x00007fbbb529b000)]
  0x00007fbbc0143000 JavaThread "Finalizer" daemon [_thread_blocked, id=14418, stack(0x00007fbbb5aed000,0x00007fbbb5bee000)]
  0x00007fbbc0141000 JavaThread "Reference Handler" daemon [_thread_blocked, id=14417, stack(0x00007fbbb5bee000,0x00007fbbb5cef000)]
=>0x00007fbbc000a000 JavaThread "main" [_thread_in_vm, id=14411, stack(0x00007fbbc8104000,0x00007fbbc8205000)]

Other Threads:
  0x00007fbbc013c800 VMThread [stack: 0x00007fbbb5cef000,0x00007fbbb5df0000] [id=14416]
  0x00007fbbc0181000 WatcherThread [stack: 0x00007fbbb4d96000,0x00007fbbb4e97000] [id=14423]

VM state:not at safepoint (normal execution)

VM Mutex/Monitor currently owned by a thread:  ([mutex/lock_event])
[0x00007fbbc0005da0] ExpandHeap_lock - owner thread: 0x00007fbbc000a000
[0x00007fbbc0006920] Heap_lock - owner thread: 0x00007fbbc000a000

Heap
 PSYoungGen      total 17920K, used 1928K [0x00000000ecc00000, 0x00000000edf80000, 0x0000000100000000)
  eden space 15872K, 12% used [0x00000000ecc00000,0x00000000ecde2370,0x00000000edb80000)
  from space 2048K, 0% used [0x00000000edd80000,0x00000000edd80000,0x00000000edf80000)
  to   space 2048K, 0% used [0x00000000edb80000,0x00000000edb80000,0x00000000edd80000)
 ParOldGen       total 390656K, used 350507K [0x00000000c6400000, 0x00000000de180000, 0x00000000ecc00000)
  object space 390656K, 89% used [0x00000000c6400000,0x00000000dba4ad90,0x00000000de180000)
 PSPermGen       total 21504K, used 4397K [0x00000000bbe00000, 0x00000000bd300000, 0x00000000c6400000)
  object space 21504K, 20% used [0x00000000bbe00000,0x00000000bc24b668,0x00000000bd300000)

Card table byte_map: [0x00007fbbc4b1e000,0x00007fbbc4d40000] byte_map_base: 0x00007fbbc453f000

Polling page: 0x00007fbbc822a000

Code Cache  [0x00007fbbbd000000, 0x00007fbbbd270000, 0x00007fbbc0000000)
 total_blobs=236 nmethods=16 adapters=174 free_code_cache=48711Kb largest_free_block=49854656

Compilation events (10 events):
Event: 0,132 Thread 0x00007fbbc0174000 nmethod 12 0x00007fbbbd062f90 code [0x00007fbbbd0630e0, 0x00007fbbbd063198]
Event: 0,132 Thread 0x00007fbbc0174000   13             java.lang.CharacterDataLatin1::toUpperCaseEx (71 bytes)
Event: 0,133 Thread 0x00007fbbc0174000 nmethod 13 0x00007fbbbd062cd0 code [0x00007fbbbd062e20, 0x00007fbbbd062ed8]
Event: 0,133 Thread 0x00007fbbc0174000   14  s          java.lang.StringBuffer::append (8 bytes)
Event: 0,140 Thread 0x00007fbbc0174000 nmethod 14 0x00007fbbbd067fd0 code [0x00007fbbbd068120, 0x00007fbbbd0686d8]
Event: 0,140 Thread 0x00007fbbc0174000   15             sun.nio.cs.UTF_8$Encoder::encode (361 bytes)
Event: 0,144 Thread 0x00007fbbc0174000 nmethod 15 0x00007fbbbd06db50 code [0x00007fbbbd06dca0, 0x00007fbbbd06ded8]
Event: 0,144 Thread 0x00007fbbc0174000   16 % !         java.io.BufferedReader::readLine @ 131 (304 bytes)
Event: 0,187 Thread 0x00007fbbc0174000 nmethod 16% 0x00007fbbbd070990 code [0x00007fbbbd070b80, 0x00007fbbbd071dd0]
Event: 0,203 Thread 0x00007fbbc0171000 nmethod 11 0x00007fbbbd072690 code [0x00007fbbbd072880, 0x00007fbbbd073a10]

GC Heap History (0 events):
No events

Deoptimization events (5 events):
Event: 0,094 Thread 0x00007fbbc000a000 Uncommon trap: reason=unstable_if action=reinterpret pc=0x00007fbbbd060574 method=java.lang.String.indexOf(II)I @ 49
Event: 0,126 Thread 0x00007fbbc000a000 Uncommon trap: reason=unstable_if action=reinterpret pc=0x00007fbbbd066ae8 method=java.io.BufferedReader.readLine(Z)Ljava/lang/String; @ 192
Event: 0,136 Thread 0x00007fbbc000a000 Uncommon trap: reason=unstable_if action=reinterpret pc=0x00007fbbbd065f70 method=java.lang.CharacterDataLatin1.toUpperCaseEx(I)I @ 12
Event: 0,136 Thread 0x00007fbbc000a000 Uncommon trap: reason=unstable_if action=reinterpret pc=0x00007fbbbd063178 method=java.lang.CharacterDataLatin1.toUpperCaseEx(I)I @ 12
Event: 0,136 Thread 0x00007fbbc000a000 Uncommon trap: reason=unstable_if action=reinterpret pc=0x00007fbbbd062ea0 method=java.lang.CharacterDataLatin1.toUpperCaseEx(I)I @ 12

Internal exceptions (10 events):
Event: 0,084 Thread 0x00007fbbc000a000 Threw 0x00000000ecce2ec8 at /build/openjdk-7-9duhBW/openjdk-7-7u101-2.6.6/build/openjdk/hotspot/src/share/vm/prims/jvm.cpp:1322
Event: 0,084 Thread 0x00007fbbc000a000 Threw 0x00000000ecce3380 at /build/openjdk-7-9duhBW/openjdk-7-7u101-2.6.6/build/openjdk/hotspot/src/share/vm/prims/jvm.cpp:1322
Event: 0,101 Thread 0x00007fbbc000a000 Threw 0x00000000eccfe4e0 at /build/openjdk-7-9duhBW/openjdk-7-7u101-2.6.6/build/openjdk/hotspot/src/share/vm/prims/jvm.cpp:1322
Event: 0,102 Thread 0x00007fbbc000a000 Threw 0x00000000ecd040b0 at /build/openjdk-7-9duhBW/openjdk-7-7u101-2.6.6/build/openjdk/hotspot/src/share/vm/prims/jvm.cpp:1322
Event: 0,114 Thread 0x00007fbbc000a000 Threw 0x00000000ecd3a648 at /build/openjdk-7-9duhBW/openjdk-7-7u101-2.6.6/build/openjdk/hotspot/src/share/vm/prims/jvm.cpp:1322
Event: 0,130 Thread 0x00007fbbc000a000 Threw 0x00000000ecd7c418 at /build/openjdk-7-9duhBW/openjdk-7-7u101-2.6.6/build/openjdk/hotspot/src/share/vm/prims/jvm.cpp:1322
Event: 0,131 Thread 0x00007fbbc000a000 Threw 0x00000000ecd82818 at /build/openjdk-7-9duhBW/openjdk-7-7u101-2.6.6/build/openjdk/hotspot/src/share/vm/prims/jvm.cpp:1322
Event: 0,133 Thread 0x00007fbbc000a000 Threw 0x00000000ecd88fe8 at /build/openjdk-7-9duhBW/openjdk-7-7u101-2.6.6/build/openjdk/hotspot/src/share/vm/prims/jvm.cpp:1322
Event: 0,139 Thread 0x00007fbbc000a000 Threw 0x00000000ecdbba60 at /build/openjdk-7-9duhBW/openjdk-7-7u101-2.6.6/build/openjdk/hotspot/src/share/vm/prims/jvm.cpp:1322
Event: 0,139 Thread 0x00007fbbc000a000 Threw 0x00000000ecdbde78 at /build/openjdk-7-9duhBW/openjdk-7-7u101-2.6.6/build/openjdk/hotspot/src/share/vm/prims/jvm.cpp:1322

Events (10 events):
Event: 0,136 Thread 0x00007fbbc000a000 Uncommon trap: trap_request=0xffffff75 fr.pc=0x00007fbbbd063178
Event: 0,136 Thread 0x00007fbbc000a000 DEOPT PACKING pc=0x00007fbbbd063178 sp=0x00007fbbc82030f0
Event: 0,136 Thread 0x00007fbbc000a000 DEOPT UNPACKING pc=0x00007fbbbd039445 sp=0x00007fbbc8203040 mode 2
Event: 0,136 Thread 0x00007fbbc000a000 Uncommon trap: trap_request=0xffffff75 fr.pc=0x00007fbbbd062ea0
Event: 0,136 Thread 0x00007fbbc000a000 DEOPT PACKING pc=0x00007fbbbd062ea0 sp=0x00007fbbc8203090
Event: 0,136 Thread 0x00007fbbc000a000 DEOPT UNPACKING pc=0x00007fbbbd039445 sp=0x00007fbbc8203040 mode 2
Event: 0,139 loading class 0x00007fbbc02585b0
Event: 0,139 loading class 0x00007fbbc02585b0 done
Event: 0,139 loading class 0x00007fbbc01d3ab0
Event: 0,139 loading class 0x00007fbbc01d3ab0 done


Dynamic libraries:
00400000-00401000 r-xp 00000000 08:04 4329188                            /usr/lib/jvm/java-7-openjdk-amd64/jre/bin/java
00600000-00601000 r--p 00000000 08:04 4329188                            /usr/lib/jvm/java-7-openjdk-amd64/jre/bin/java
00601000-00602000 rw-p 00001000 08:04 4329188                            /usr/lib/jvm/java-7-openjdk-amd64/jre/bin/java
016ef000-01710000 rw-p 00000000 00:00 0                                  [heap]
bbe00000-bd300000 rw-p 00000000 00:00 0 
bd300000-c6400000 rw-p 00000000 00:00 0 
c6400000-de180000 rw-p 00000000 00:00 0 
ec600000-ecc00000 rw-p 00000000 00:00 0 
ecc00000-edf80000 rw-p 00000000 00:00 0 
edf80000-100000000 rw-p 00000000 00:00 0 
7fbb87578000-7fbb875b5000 r-xp 00000000 08:04 131991                     /lib/x86_64-linux-gnu/libpcre.so.3.13.1
7fbb875b5000-7fbb877b4000 ---p 0003d000 08:04 131991                     /lib/x86_64-linux-gnu/libpcre.so.3.13.1
7fbb877b4000-7fbb877b5000 r--p 0003c000 08:04 131991                     /lib/x86_64-linux-gnu/libpcre.so.3.13.1
7fbb877b5000-7fbb877b6000 rw-p 0003d000 08:04 131991                     /lib/x86_64-linux-gnu/libpcre.so.3.13.1
7fbb877b6000-7fbb877bd000 r-xp 00000000 08:04 1442211                    /usr/lib/x86_64-linux-gnu/libffi.so.6.0.1
7fbb877bd000-7fbb879bc000 ---p 00007000 08:04 1442211                    /usr/lib/x86_64-linux-gnu/libffi.so.6.0.1
7fbb879bc000-7fbb879bd000 r--p 00006000 08:04 1442211                    /usr/lib/x86_64-linux-gnu/libffi.so.6.0.1
7fbb879bd000-7fbb879be000 rw-p 00007000 08:04 1442211                    /usr/lib/x86_64-linux-gnu/libffi.so.6.0.1
7fbb879be000-7fbb879d5000 r-xp 00000000 08:04 132080                     /lib/x86_64-linux-gnu/libresolv-2.19.so
7fbb879d5000-7fbb87bd5000 ---p 00017000 08:04 132080                     /lib/x86_64-linux-gnu/libresolv-2.19.so
7fbb87bd5000-7fbb87bd6000 r--p 00017000 08:04 132080                     /lib/x86_64-linux-gnu/libresolv-2.19.so
7fbb87bd6000-7fbb87bd7000 rw-p 00018000 08:04 132080                     /lib/x86_64-linux-gnu/libresolv-2.19.so
7fbb87bd7000-7fbb87bd9000 rw-p 00000000 00:00 0 
7fbb87bd9000-7fbb87bf9000 r-xp 00000000 08:04 135464                     /lib/x86_64-linux-gnu/libselinux.so.1
7fbb87bf9000-7fbb87df8000 ---p 00020000 08:04 135464                     /lib/x86_64-linux-gnu/libselinux.so.1
7fbb87df8000-7fbb87df9000 r--p 0001f000 08:04 135464                     /lib/x86_64-linux-gnu/libselinux.so.1
7fbb87df9000-7fbb87dfa000 rw-p 00020000 08:04 135464                     /lib/x86_64-linux-gnu/libselinux.so.1
7fbb87dfa000-7fbb87dfc000 rw-p 00000000 00:00 0 
7fbb87dfc000-7fbb87dff000 r-xp 00000000 08:04 1450318                    /usr/lib/x86_64-linux-gnu/libgmodule-2.0.so.0.4002.0
7fbb87dff000-7fbb87ffe000 ---p 00003000 08:04 1450318                    /usr/lib/x86_64-linux-gnu/libgmodule-2.0.so.0.4002.0
7fbb87ffe000-7fbb87fff000 r--p 00002000 08:04 1450318                    /usr/lib/x86_64-linux-gnu/libgmodule-2.0.so.0.4002.0
7fbb87fff000-7fbb88000000 rw-p 00003000 08:04 1450318                    /usr/lib/x86_64-linux-gnu/libgmodule-2.0.so.0.4002.0
7fbb88000000-7fbb88021000 rw-p 00000000 00:00 0 
7fbb88021000-7fbb8c000000 ---p 00000000 00:00 0 
7fbb8c000000-7fbb8c021000 rw-p 00000000 00:00 0 
7fbb8c021000-7fbb90000000 ---p 00000000 00:00 0 
7fbb90000000-7fbb902e4000 rw-p 00000000 00:00 0 
7fbb902e4000-7fbb94000000 ---p 00000000 00:00 0 
7fbb94000000-7fbb9424b000 rw-p 00000000 00:00 0 
7fbb9424b000-7fbb98000000 ---p 00000000 00:00 0 
7fbb98000000-7fbb98021000 rw-p 00000000 00:00 0 
7fbb98021000-7fbb9c000000 ---p 00000000 00:00 0 
7fbb9c000000-7fbb9c021000 rw-p 00000000 00:00 0 
7fbb9c021000-7fbba0000000 ---p 00000000 00:00 0 
7fbba0000000-7fbba0021000 rw-p 00000000 00:00 0 
7fbba0021000-7fbba4000000 ---p 00000000 00:00 0 
7fbba4000000-7fbba4021000 rw-p 00000000 00:00 0 
7fbba4021000-7fbba8000000 ---p 00000000 00:00 0 
7fbba8000000-7fbba8021000 rw-p 00000000 00:00 0 
7fbba8021000-7fbbac000000 ---p 00000000 00:00 0 
7fbbac000000-7fbbac021000 rw-p 00000000 00:00 0 
7fbbac021000-7fbbb0000000 ---p 00000000 00:00 0 
7fbbb0000000-7fbbb0021000 rw-p 00000000 00:00 0 
7fbbb0021000-7fbbb4000000 ---p 00000000 00:00 0 
7fbbb40a0000-7fbbb41a6000 r-xp 00000000 08:04 135365                     /lib/x86_64-linux-gnu/libglib-2.0.so.0.4002.0
7fbbb41a6000-7fbbb43a5000 ---p 00106000 08:04 135365                     /lib/x86_64-linux-gnu/libglib-2.0.so.0.4002.0
7fbbb43a5000-7fbbb43a6000 r--p 00105000 08:04 135365                     /lib/x86_64-linux-gnu/libglib-2.0.so.0.4002.0
7fbbb43a6000-7fbbb43a7000 rw-p 00106000 08:04 135365                     /lib/x86_64-linux-gnu/libglib-2.0.so.0.4002.0
7fbbb43a7000-7fbbb43a8000 rw-p 00000000 00:00 0 
7fbbb43a8000-7fbbb43f7000 r-xp 00000000 08:04 1450334                    /usr/lib/x86_64-linux-gnu/libgobject-2.0.so.0.4002.0
7fbbb43f7000-7fbbb45f7000 ---p 0004f000 08:04 1450334                    /usr/lib/x86_64-linux-gnu/libgobject-2.0.so.0.4002.0
7fbbb45f7000-7fbbb45f8000 r--p 0004f000 08:04 1450334                    /usr/lib/x86_64-linux-gnu/libgobject-2.0.so.0.4002.0
7fbbb45f8000-7fbbb45f9000 rw-p 00050000 08:04 1450334                    /usr/lib/x86_64-linux-gnu/libgobject-2.0.so.0.4002.0
7fbbb45f9000-7fbbb4765000 r-xp 00000000 08:04 1450306                    /usr/lib/x86_64-linux-gnu/libgio-2.0.so.0.4002.0
7fbbb4765000-7fbbb4964000 ---p 0016c000 08:04 1450306                    /usr/lib/x86_64-linux-gnu/libgio-2.0.so.0.4002.0
7fbbb4964000-7fbbb4968000 r--p 0016b000 08:04 1450306                    /usr/lib/x86_64-linux-gnu/libgio-2.0.so.0.4002.0
7fbbb4968000-7fbbb496a000 rw-p 0016f000 08:04 1450306                    /usr/lib/x86_64-linux-gnu/libgio-2.0.so.0.4002.0
7fbbb496a000-7fbbb496c000 rw-p 00000000 00:00 0 
7fbbb496c000-7fbbb4983000 r-xp 00000000 08:04 4980984                    /usr/lib/jvm/java-7-openjdk-amd64/jre/lib/amd64/libnet.so
7fbbb4983000-7fbbb4b82000 ---p 00017000 08:04 4980984                    /usr/lib/jvm/java-7-openjdk-amd64/jre/lib/amd64/libnet.so
7fbbb4b82000-7fbbb4b83000 r--p 00016000 08:04 4980984                    /usr/lib/jvm/java-7-openjdk-amd64/jre/lib/amd64/libnet.so
7fbbb4b83000-7fbbb4b84000 rw-p 00017000 08:04 4980984                    /usr/lib/jvm/java-7-openjdk-amd64/jre/lib/amd64/libnet.so
7fbbb4b84000-7fbbb4b94000 r-xp 00000000 08:04 4981008                    /usr/lib/jvm/java-7-openjdk-amd64/jre/lib/amd64/libnio.so
7fbbb4b94000-7fbbb4d94000 ---p 00010000 08:04 4981008                    /usr/lib/jvm/java-7-openjdk-amd64/jre/lib/amd64/libnio.so
7fbbb4d94000-7fbbb4d95000 r--p 00010000 08:04 4981008                    /usr/lib/jvm/java-7-openjdk-amd64/jre/lib/amd64/libnio.so
7fbbb4d95000-7fbbb4d96000 rw-p 00011000 08:04 4981008                    /usr/lib/jvm/java-7-openjdk-amd64/jre/lib/amd64/libnio.so
7fbbb4d96000-7fbbb4d97000 ---p 00000000 00:00 0 
7fbbb4d97000-7fbbb4e97000 rw-p 00000000 00:00 0                          [stack:14423]
7fbbb4e97000-7fbbb4e9a000 ---p 00000000 00:00 0 
7fbbb4e9a000-7fbbb4f98000 rw-p 00000000 00:00 0                          [stack:14422]
7fbbb4f98000-7fbbb4f9b000 ---p 00000000 00:00 0 
7fbbb4f9b000-7fbbb5099000 rw-p 00000000 00:00 0                          [stack:14421]
7fbbb5099000-7fbbb509c000 ---p 00000000 00:00 0 
7fbbb509c000-7fbbb519a000 rw-p 00000000 00:00 0                          [stack:14420]
7fbbb519a000-7fbbb519d000 ---p 00000000 00:00 0 
7fbbb519d000-7fbbb529b000 rw-p 00000000 00:00 0                          [stack:14419]
7fbbb529b000-7fbbb5aed000 r--p 00000000 08:04 1448898                    /usr/lib/locale/locale-archive
7fbbb5aed000-7fbbb5af0000 ---p 00000000 00:00 0 
7fbbb5af0000-7fbbb5bee000 rw-p 00000000 00:00 0                          [stack:14418]
7fbbb5bee000-7fbbb5bf1000 ---p 00000000 00:00 0 
7fbbb5bf1000-7fbbb5cef000 rw-p 00000000 00:00 0                          [stack:14417]
7fbbb5cef000-7fbbb5cf0000 ---p 00000000 00:00 0 
7fbbb5cf0000-7fbbb8000000 rw-p 00000000 00:00 0                          [stack:14416]
7fbbb8000000-7fbbb8021000 rw-p 00000000 00:00 0 
7fbbb8021000-7fbbbc000000 ---p 00000000 00:00 0 
7fbbbc0f1000-7fbbbd000000 rw-p 00000000 00:00 0 
7fbbbd000000-7fbbbd270000 rwxp 00000000 00:00 0 
7fbbbd270000-7fbbc027d000 rw-p 00000000 00:00 0 
7fbbc027d000-7fbbc4000000 ---p 00000000 00:00 0 
7fbbc40a1000-7fbbc40a6000 r--s 00024000 08:04 4723346                    /home/hema/Desktop/Hiwi/opt/jaligner/jaligner.jar
7fbbc40a6000-7fbbc40ef000 rw-p 00000000 00:00 0 
7fbbc40ef000-7fbbc42a1000 r--s 01d32000 08:04 4457521                    /usr/lib/jvm/java-7-openjdk-amd64/jre/lib/rt.jar
7fbbc42a1000-7fbbc4593000 rw-p 00000000 00:00 0 
7fbbc4593000-7fbbc4594000 ---p 00000000 00:00 0 
7fbbc4594000-7fbbc4694000 rw-p 00000000 00:00 0                          [stack:14415]
7fbbc4694000-7fbbc4695000 ---p 00000000 00:00 0 
7fbbc4695000-7fbbc4795000 rw-p 00000000 00:00 0                          [stack:14414]
7fbbc4795000-7fbbc4796000 ---p 00000000 00:00 0 
7fbbc4796000-7fbbc4896000 rw-p 00000000 00:00 0                          [stack:14413]
7fbbc4896000-7fbbc4897000 ---p 00000000 00:00 0 
7fbbc4897000-7fbbc49a2000 rw-p 00000000 00:00 0                          [stack:14412]
7fbbc49a2000-7fbbc49ea000 rw-p 00000000 00:00 0 
7fbbc49ea000-7fbbc4aa9000 rw-p 00000000 00:00 0 
7fbbc4aa9000-7fbbc4b1e000 rw-p 00000000 00:00 0 
7fbbc4b1e000-7fbbc4b29000 rw-p 00000000 00:00 0 
7fbbc4b29000-7fbbc4b71000 rw-p 00000000 00:00 0 
7fbbc4b71000-7fbbc4c30000 rw-p 00000000 00:00 0 
7fbbc4c30000-7fbbc4ca5000 rw-p 00000000 00:00 0 
7fbbc4ca5000-7fbbc4caf000 rw-p 00000000 00:00 0 
7fbbc4caf000-7fbbc4d3f000 rw-p 00000000 00:00 0 
7fbbc4d3f000-7fbbc4d40000 rw-p 00000000 00:00 0 
7fbbc4d40000-7fbbc4d48000 r-xp 00000000 08:04 4980990                    /usr/lib/jvm/java-7-openjdk-amd64/jre/lib/amd64/libzip.so
7fbbc4d48000-7fbbc4f47000 ---p 00008000 08:04 4980990                    /usr/lib/jvm/java-7-openjdk-amd64/jre/lib/amd64/libzip.so
7fbbc4f47000-7fbbc4f48000 r--p 00007000 08:04 4980990                    /usr/lib/jvm/java-7-openjdk-amd64/jre/lib/amd64/libzip.so
7fbbc4f48000-7fbbc4f49000 rw-p 00008000 08:04 4980990                    /usr/lib/jvm/java-7-openjdk-amd64/jre/lib/amd64/libzip.so
7fbbc4f49000-7fbbc4f53000 r-xp 00000000 08:04 132102                     /lib/x86_64-linux-gnu/libnss_files-2.19.so
7fbbc4f53000-7fbbc5152000 ---p 0000a000 08:04 132102                     /lib/x86_64-linux-gnu/libnss_files-2.19.so
7fbbc5152000-7fbbc5153000 r--p 00009000 08:04 132102                     /lib/x86_64-linux-gnu/libnss_files-2.19.so
7fbbc5153000-7fbbc5154000 rw-p 0000a000 08:04 132102                     /lib/x86_64-linux-gnu/libnss_files-2.19.so
7fbbc5154000-7fbbc515f000 r-xp 00000000 08:04 132094                     /lib/x86_64-linux-gnu/libnss_nis-2.19.so
7fbbc515f000-7fbbc535e000 ---p 0000b000 08:04 132094                     /lib/x86_64-linux-gnu/libnss_nis-2.19.so
7fbbc535e000-7fbbc535f000 r--p 0000a000 08:04 132094                     /lib/x86_64-linux-gnu/libnss_nis-2.19.so
7fbbc535f000-7fbbc5360000 rw-p 0000b000 08:04 132094                     /lib/x86_64-linux-gnu/libnss_nis-2.19.so
7fbbc5360000-7fbbc5377000 r-xp 00000000 08:04 132090                     /lib/x86_64-linux-gnu/libnsl-2.19.so
7fbbc5377000-7fbbc5576000 ---p 00017000 08:04 132090                     /lib/x86_64-linux-gnu/libnsl-2.19.so
7fbbc5576000-7fbbc5577000 r--p 00016000 08:04 132090                     /lib/x86_64-linux-gnu/libnsl-2.19.so
7fbbc5577000-7fbbc5578000 rw-p 00017000 08:04 132090                     /lib/x86_64-linux-gnu/libnsl-2.19.so
7fbbc5578000-7fbbc557a000 rw-p 00000000 00:00 0 
7fbbc557a000-7fbbc5583000 r-xp 00000000 08:04 132089                     /lib/x86_64-linux-gnu/libnss_compat-2.19.so
7fbbc5583000-7fbbc5782000 ---p 00009000 08:04 132089                     /lib/x86_64-linux-gnu/libnss_compat-2.19.so
7fbbc5782000-7fbbc5783000 r--p 00008000 08:04 132089                     /lib/x86_64-linux-gnu/libnss_compat-2.19.so
7fbbc5783000-7fbbc5784000 rw-p 00009000 08:04 132089                     /lib/x86_64-linux-gnu/libnss_compat-2.19.so
7fbbc5784000-7fbbc57af000 r-xp 00000000 08:04 4980975                    /usr/lib/jvm/java-7-openjdk-amd64/jre/lib/amd64/libjava.so
7fbbc57af000-7fbbc59af000 ---p 0002b000 08:04 4980975                    /usr/lib/jvm/java-7-openjdk-amd64/jre/lib/amd64/libjava.so
7fbbc59af000-7fbbc59b0000 r--p 0002b000 08:04 4980975                    /usr/lib/jvm/java-7-openjdk-amd64/jre/lib/amd64/libjava.so
7fbbc59b0000-7fbbc59b2000 rw-p 0002c000 08:04 4980975                    /usr/lib/jvm/java-7-openjdk-amd64/jre/lib/amd64/libjava.so
7fbbc59b2000-7fbbc59c2000 r-xp 00000000 08:04 4980976                    /usr/lib/jvm/java-7-openjdk-amd64/jre/lib/amd64/libverify.so
7fbbc59c2000-7fbbc5bc1000 ---p 00010000 08:04 4980976                    /usr/lib/jvm/java-7-openjdk-amd64/jre/lib/amd64/libverify.so
7fbbc5bc1000-7fbbc5bc3000 r--p 0000f000 08:04 4980976                    /usr/lib/jvm/java-7-openjdk-amd64/jre/lib/amd64/libverify.so
7fbbc5bc3000-7fbbc5bc4000 rw-p 00011000 08:04 4980976                    /usr/lib/jvm/java-7-openjdk-amd64/jre/lib/amd64/libverify.so
7fbbc5bc4000-7fbbc5bcb000 r-xp 00000000 08:04 132098                     /lib/x86_64-linux-gnu/librt-2.19.so
7fbbc5bcb000-7fbbc5dca000 ---p 00007000 08:04 132098                     /lib/x86_64-linux-gnu/librt-2.19.so
7fbbc5dca000-7fbbc5dcb000 r--p 00006000 08:04 132098                     /lib/x86_64-linux-gnu/librt-2.19.so
7fbbc5dcb000-7fbbc5dcc000 rw-p 00007000 08:04 132098                     /lib/x86_64-linux-gnu/librt-2.19.so
7fbbc5dcc000-7fbbc5de2000 r-xp 00000000 08:04 135311                     /lib/x86_64-linux-gnu/libgcc_s.so.1
7fbbc5de2000-7fbbc5fe1000 ---p 00016000 08:04 135311                     /lib/x86_64-linux-gnu/libgcc_s.so.1
7fbbc5fe1000-7fbbc5fe2000 rw-p 00015000 08:04 135311                     /lib/x86_64-linux-gnu/libgcc_s.so.1
7fbbc5fe2000-7fbbc60e7000 r-xp 00000000 08:04 132084                     /lib/x86_64-linux-gnu/libm-2.19.so
7fbbc60e7000-7fbbc62e6000 ---p 00105000 08:04 132084                     /lib/x86_64-linux-gnu/libm-2.19.so
7fbbc62e6000-7fbbc62e7000 r--p 00104000 08:04 132084                     /lib/x86_64-linux-gnu/libm-2.19.so
7fbbc62e7000-7fbbc62e8000 rw-p 00105000 08:04 132084                     /lib/x86_64-linux-gnu/libm-2.19.so
7fbbc62e8000-7fbbc63ce000 r-xp 00000000 08:04 1443253                    /usr/lib/x86_64-linux-gnu/libstdc++.so.6.0.19
7fbbc63ce000-7fbbc65cd000 ---p 000e6000 08:04 1443253                    /usr/lib/x86_64-linux-gnu/libstdc++.so.6.0.19
7fbbc65cd000-7fbbc65d5000 r--p 000e5000 08:04 1443253                    /usr/lib/x86_64-linux-gnu/libstdc++.so.6.0.19
7fbbc65d5000-7fbbc65d7000 rw-p 000ed000 08:04 1443253                    /usr/lib/x86_64-linux-gnu/libstdc++.so.6.0.19
7fbbc65d7000-7fbbc65ec000 rw-p 00000000 00:00 0 
7fbbc65ec000-7fbbc7111000 r-xp 00000000 08:04 4980988                    /usr/lib/jvm/java-7-openjdk-amd64/jre/lib/amd64/server/libjvm.so
7fbbc7111000-7fbbc7311000 ---p 00b25000 08:04 4980988                    /usr/lib/jvm/java-7-openjdk-amd64/jre/lib/amd64/server/libjvm.so
7fbbc7311000-7fbbc73ab000 r--p 00b25000 08:04 4980988                    /usr/lib/jvm/java-7-openjdk-amd64/jre/lib/amd64/server/libjvm.so
7fbbc73ab000-7fbbc73ce000 rw-p 00bbf000 08:04 4980988                    /usr/lib/jvm/java-7-openjdk-amd64/jre/lib/amd64/server/libjvm.so
7fbbc73ce000-7fbbc73fd000 rw-p 00000000 00:00 0 
7fbbc73fd000-7fbbc7415000 r-xp 00000000 08:04 135497                     /lib/x86_64-linux-gnu/libz.so.1.2.8
7fbbc7415000-7fbbc7614000 ---p 00018000 08:04 135497                     /lib/x86_64-linux-gnu/libz.so.1.2.8
7fbbc7614000-7fbbc7615000 r--p 00017000 08:04 135497                     /lib/x86_64-linux-gnu/libz.so.1.2.8
7fbbc7615000-7fbbc7616000 rw-p 00018000 08:04 135497                     /lib/x86_64-linux-gnu/libz.so.1.2.8
7fbbc7616000-7fbbc762f000 r-xp 00000000 08:04 132091                     /lib/x86_64-linux-gnu/libpthread-2.19.so
7fbbc762f000-7fbbc782e000 ---p 00019000 08:04 132091                     /lib/x86_64-linux-gnu/libpthread-2.19.so
7fbbc782e000-7fbbc782f000 r--p 00018000 08:04 132091                     /lib/x86_64-linux-gnu/libpthread-2.19.so
7fbbc782f000-7fbbc7830000 rw-p 00019000 08:04 132091                     /lib/x86_64-linux-gnu/libpthread-2.19.so
7fbbc7830000-7fbbc7834000 rw-p 00000000 00:00 0 
7fbbc7834000-7fbbc7837000 r-xp 00000000 08:04 132086                     /lib/x86_64-linux-gnu/libdl-2.19.so
7fbbc7837000-7fbbc7a36000 ---p 00003000 08:04 132086                     /lib/x86_64-linux-gnu/libdl-2.19.so
7fbbc7a36000-7fbbc7a37000 r--p 00002000 08:04 132086                     /lib/x86_64-linux-gnu/libdl-2.19.so
7fbbc7a37000-7fbbc7a38000 rw-p 00003000 08:04 132086                     /lib/x86_64-linux-gnu/libdl-2.19.so
7fbbc7a38000-7fbbc7bf2000 r-xp 00000000 08:04 132099                     /lib/x86_64-linux-gnu/libc-2.19.so
7fbbc7bf2000-7fbbc7df2000 ---p 001ba000 08:04 132099                     /lib/x86_64-linux-gnu/libc-2.19.so
7fbbc7df2000-7fbbc7df6000 r--p 001ba000 08:04 132099                     /lib/x86_64-linux-gnu/libc-2.19.so
7fbbc7df6000-7fbbc7df8000 rw-p 001be000 08:04 132099                     /lib/x86_64-linux-gnu/libc-2.19.so
7fbbc7df8000-7fbbc7dfd000 rw-p 00000000 00:00 0 
7fbbc7dfd000-7fbbc7e0a000 r-xp 00000000 08:04 4981005                    /usr/lib/jvm/java-7-openjdk-amd64/jre/lib/amd64/jli/libjli.so
7fbbc7e0a000-7fbbc8009000 ---p 0000d000 08:04 4981005                    /usr/lib/jvm/java-7-openjdk-amd64/jre/lib/amd64/jli/libjli.so
7fbbc8009000-7fbbc800a000 r--p 0000c000 08:04 4981005                    /usr/lib/jvm/java-7-openjdk-amd64/jre/lib/amd64/jli/libjli.so
7fbbc800a000-7fbbc800b000 rw-p 0000d000 08:04 4981005                    /usr/lib/jvm/java-7-openjdk-amd64/jre/lib/amd64/jli/libjli.so
7fbbc800b000-7fbbc802e000 r-xp 00000000 08:04 132092                     /lib/x86_64-linux-gnu/ld-2.19.so
7fbbc802f000-7fbbc8031000 rw-p 00000000 00:00 0 
7fbbc8031000-7fbbc8033000 r--s 00012000 08:04 4981031                    /usr/lib/jvm/java-7-openjdk-amd64/jre/lib/ext/zipfs.jar
7fbbc8033000-7fbbc8037000 r--s 00034000 08:04 4981032                    /usr/lib/jvm/java-7-openjdk-amd64/jre/lib/ext/sunjce_provider.jar
7fbbc8037000-7fbbc803a000 r--s 0000f000 08:04 4981033                    /usr/lib/jvm/java-7-openjdk-amd64/jre/lib/ext/icedtea-sound.jar
7fbbc803a000-7fbbc803c000 r--s 00006000 08:04 1840932                    /usr/share/java/java-atk-wrapper.jar
7fbbc803c000-7fbbc8040000 r--s 00085000 08:04 4981034                    /usr/lib/jvm/java-7-openjdk-amd64/jre/lib/ext/localedata.jar
7fbbc8040000-7fbbc8044000 r--s 0003c000 08:04 4981035                    /usr/lib/jvm/java-7-openjdk-amd64/jre/lib/ext/sunpkcs11.jar
7fbbc8044000-7fbbc804e000 rw-p 00000000 00:00 0 
7fbbc804e000-7fbbc8104000 rw-p 00000000 00:00 0 
7fbbc8104000-7fbbc8107000 ---p 00000000 00:00 0 
7fbbc8107000-7fbbc820a000 rw-p 00000000 00:00 0                          [stack:14411]
7fbbc820a000-7fbbc820b000 r--s 00002000 08:04 4981030                    /usr/lib/jvm/java-7-openjdk-amd64/jre/lib/ext/dnsns.jar
7fbbc820b000-7fbbc8221000 rw-p 00000000 00:00 0 
7fbbc8221000-7fbbc8229000 rw-s 00000000 08:04 4199113                    /tmp/hsperfdata_hema/14410
7fbbc8229000-7fbbc822a000 rw-p 00000000 00:00 0 
7fbbc822a000-7fbbc822b000 r--p 00000000 00:00 0 
7fbbc822b000-7fbbc822d000 rw-p 00000000 00:00 0 
7fbbc822d000-7fbbc822e000 r--p 00022000 08:04 132092                     /lib/x86_64-linux-gnu/ld-2.19.so
7fbbc822e000-7fbbc822f000 rw-p 00023000 08:04 132092                     /lib/x86_64-linux-gnu/ld-2.19.so
7fbbc822f000-7fbbc8230000 rw-p 00000000 00:00 0 
7fff81a3e000-7fff81a5f000 rw-p 00000000 00:00 0                          [stack]
7fff81b51000-7fff81b53000 r--p 00000000 00:00 0                          [vvar]
7fff81b53000-7fff81b55000 r-xp 00000000 00:00 0                          [vdso]
ffffffffff600000-ffffffffff601000 r-xp 00000000 00:00 0                  [vsyscall]

VM Arguments:
java_command: jaligner.jar Protein1.fasta Protein2.fasta BLOSUM62 10.0 0.5
Launcher Type: SUN_STANDARD

Environment Variables:
PATH=/home/hema/.local/bin:/home/hema/bin:/usr/local/sbin:/usr/local/bin:/usr/sbin:/usr/bin:/sbin:/bin:/usr/games:/usr/local/games:/home/hema/Downloads/swps3-linux64-sse2-current
LD_LIBRARY_PATH=:/home/hema/Downloads/tbb/tbb44_20160316oss/build/linux_intel64_gcc_cc4.8_libc2.19_kernel3.19.0_debug
SHELL=/bin/bash
DISPLAY=:0

Signal Handlers:
SIGSEGV: [libjvm.so+0x9561e0], sa_mask[0]=0x7ffbfeff, sa_flags=0x10000004
SIGBUS: [libjvm.so+0x9561e0], sa_mask[0]=0x7ffbfeff, sa_flags=0x10000004
SIGFPE: [libjvm.so+0x7cc4d0], sa_mask[0]=0x7ffbfeff, sa_flags=0x10000004
SIGPIPE: [libjvm.so+0x7cc4d0], sa_mask[0]=0x7ffbfeff, sa_flags=0x10000004
SIGXFSZ: [libjvm.so+0x7cc4d0], sa_mask[0]=0x7ffbfeff, sa_flags=0x10000004
SIGILL: [libjvm.so+0x7cc4d0], sa_mask[0]=0x7ffbfeff, sa_flags=0x10000004
SIGUSR1: SIG_DFL, sa_mask[0]=0x00000000, sa_flags=0x00000000
SIGUSR2: [libjvm.so+0x7cc370], sa_mask[0]=0x00000000, sa_flags=0x10000004
SIGHUP: [libjvm.so+0x7cc550], sa_mask[0]=0x7ffbfeff, sa_flags=0x10000004
SIGINT: [libjvm.so+0x7cc550], sa_mask[0]=0x7ffbfeff, sa_flags=0x10000004
SIGTERM: [libjvm.so+0x7cc550], sa_mask[0]=0x7ffbfeff, sa_flags=0x10000004
SIGQUIT: [libjvm.so+0x7cc550], sa_mask[0]=0x7ffbfeff, sa_flags=0x10000004
SIGTRAP: SIG_DFL, sa_mask[0]=0x00000000, sa_flags=0x00000000


---------------  S Y S T E M  ---------------

OS:Ubuntu 14.04 (trusty)
uname:Linux 3.19.0-51-generic #58~14.04.1-Ubuntu SMP Fri Feb 26 22:02:58 UTC 2016 x86_64
libc:glibc 2.19 NPTL 2.19 
rlimit: STACK 8192k, CORE 0k, NPROC 14670, NOFILE 4096, AS infinity
load average:0,67 0,45 0,47

/proc/meminfo:
MemTotal:        3777016 kB
MemFree:          129604 kB
MemAvailable:     175556 kB
Buffers:            3736 kB
Cached:           757884 kB
SwapCached:            0 kB
Active:          2842692 kB
Inactive:         632892 kB
Active(anon):    2734472 kB
Inactive(anon):   540728 kB
Active(file):     108220 kB
Inactive(file):    92164 kB
Unevictable:          80 kB
Mlocked:              80 kB
SwapTotal:             0 kB
SwapFree:              0 kB
Dirty:               332 kB
Writeback:             0 kB
AnonPages:       2714076 kB
Mapped:           437044 kB
Shmem:            561276 kB
Slab:              66672 kB
SReclaimable:      29008 kB
SUnreclaim:        37664 kB
KernelStack:        9088 kB
PageTables:        51300 kB
NFS_Unstable:          0 kB
Bounce:                0 kB
WritebackTmp:          0 kB
CommitLimit:     1888508 kB
Committed_AS:    8827548 kB
VmallocTotal:   34359738367 kB
VmallocUsed:      617656 kB
VmallocChunk:   34359063676 kB
HardwareCorrupted:     0 kB
AnonHugePages:    606208 kB
CmaTotal:              0 kB
CmaFree:               0 kB
HugePages_Total:       0
HugePages_Free:        0
HugePages_Rsvd:        0
HugePages_Surp:        0
Hugepagesize:       2048 kB
DirectMap4k:      168524 kB
DirectMap2M:     3753984 kB
DirectMap1G:     1048576 kB


CPU:total 4 (2 cores per cpu, 2 threads per core) family 6 model 61 stepping 4, cmov, cx8, fxsr, mmx, sse, sse2, sse3, ssse3, sse4.1, sse4.2, popcnt, avx, avx2, aes, erms, ht, tsc, tscinvbit

/proc/cpuinfo:
processor	: 0
vendor_id	: GenuineIntel
cpu family	: 6
model		: 61
model name	: Intel(R) Core(TM) i5-5200U CPU @ 2.20GHz
stepping	: 4
microcode	: 0x16
cpu MHz		: 2499.921
cache size	: 3072 KB
physical id	: 0
siblings	: 4
core id		: 0
cpu cores	: 2
apicid		: 0
initial apicid	: 0
fpu		: yes
fpu_exception	: yes
cpuid level	: 20
wp		: yes
flags		: fpu vme de pse tsc msr pae mce cx8 apic sep mtrr pge mca cmov pat pse36 clflush dts acpi mmx fxsr sse sse2 ss ht tm pbe syscall nx pdpe1gb rdtscp lm constant_tsc arch_perfmon pebs bts rep_good nopl xtopology nonstop_tsc aperfmperf eagerfpu pni pclmulqdq dtes64 monitor ds_cpl vmx est tm2 ssse3 fma cx16 xtpr pdcm pcid sse4_1 sse4_2 x2apic movbe popcnt tsc_deadline_timer aes xsave avx f16c rdrand lahf_lm abm 3dnowprefetch ida arat epb pln pts dtherm tpr_shadow vnmi flexpriority ept vpid fsgsbase tsc_adjust bmi1 avx2 smep bmi2 erms invpcid rdseed adx smap xsaveopt
bugs		:
bogomips	: 4389.77
clflush size	: 64
cache_alignment	: 64
address sizes	: 39 bits physical, 48 bits virtual
power management:

processor	: 1
vendor_id	: GenuineIntel
cpu family	: 6
model		: 61
model name	: Intel(R) Core(TM) i5-5200U CPU @ 2.20GHz
stepping	: 4
microcode	: 0x16
cpu MHz		: 2500.265
cache size	: 3072 KB
physical id	: 0
siblings	: 4
core id		: 0
cpu cores	: 2
apicid		: 1
initial apicid	: 1
fpu		: yes
fpu_exception	: yes
cpuid level	: 20
wp		: yes
flags		: fpu vme de pse tsc msr pae mce cx8 apic sep mtrr pge mca cmov pat pse36 clflush dts acpi mmx fxsr sse sse2 ss ht tm pbe syscall nx pdpe1gb rdtscp lm constant_tsc arch_perfmon pebs bts rep_good nopl xtopology nonstop_tsc aperfmperf eagerfpu pni pclmulqdq dtes64 monitor ds_cpl vmx est tm2 ssse3 fma cx16 xtpr pdcm pcid sse4_1 sse4_2 x2apic movbe popcnt tsc_deadline_timer aes xsave avx f16c rdrand lahf_lm abm 3dnowprefetch ida arat epb pln pts dtherm tpr_shadow vnmi flexpriority ept vpid fsgsbase tsc_adjust bmi1 avx2 smep bmi2 erms invpcid rdseed adx smap xsaveopt
bugs		:
bogomips	: 4389.77
clflush size	: 64
cache_alignment	: 64
address sizes	: 39 bits physical, 48 bits virtual
power management:

processor	: 2
vendor_id	: GenuineIntel
cpu family	: 6
model		: 61
model name	: Intel(R) Core(TM) i5-5200U CPU @ 2.20GHz
stepping	: 4
microcode	: 0x16
cpu MHz		: 2694.484
cache size	: 3072 KB
physical id	: 0
siblings	: 4
core id		: 1
cpu cores	: 2
apicid		: 2
initial apicid	: 2
fpu		: yes
fpu_exception	: yes
cpuid level	: 20
wp		: yes
flags		: fpu vme de pse tsc msr pae mce cx8 apic sep mtrr pge mca cmov pat pse36 clflush dts acpi mmx fxsr sse sse2 ss ht tm pbe syscall nx pdpe1gb rdtscp lm constant_tsc arch_perfmon pebs bts rep_good nopl xtopology nonstop_tsc aperfmperf eagerfpu pni pclmulqdq dtes64 monitor ds_cpl vmx est tm2 ssse3 fma cx16 xtpr pdcm pcid sse4_1 sse4_2 x2apic movbe popcnt tsc_deadline_timer aes xsave avx f16c rdrand lahf_lm abm 3dnowprefetch ida arat epb pln pts dtherm tpr_shadow vnmi flexpriority ept vpid fsgsbase tsc_adjust bmi1 avx2 smep bmi2 erms invpcid rdseed adx smap xsaveopt
bugs		:
bogomips	: 4389.77
clflush size	: 64
cache_alignment	: 64
address sizes	: 39 bits physical, 48 bits virtual
power management:

processor	: 3
vendor_id	: GenuineIntel
cpu family	: 6
model		: 61
model name	: Intel(R) Core(TM) i5-5200U CPU @ 2.20GHz
stepping	: 4
microcode	: 0x16
cpu MHz		: 2499.921
cache size	: 3072 KB
physical id	: 0
siblings	: 4
core id		: 1
cpu cores	: 2
apicid		: 3
initial apicid	: 3
fpu		: yes
fpu_exception	: yes
cpuid level	: 20
wp		: yes
flags		: fpu vme de pse tsc msr pae mce cx8 apic sep mtrr pge mca cmov pat pse36 clflush dts acpi mmx fxsr sse sse2 ss ht tm pbe syscall nx pdpe1gb rdtscp lm constant_tsc arch_perfmon pebs bts rep_good nopl xtopology nonstop_tsc aperfmperf eagerfpu pni pclmulqdq dtes64 monitor ds_cpl vmx est tm2 ssse3 fma cx16 xtpr pdcm pcid sse4_1 sse4_2 x2apic movbe popcnt tsc_deadline_timer aes xsave avx f16c rdrand lahf_lm abm 3dnowprefetch ida arat epb pln pts dtherm tpr_shadow vnmi flexpriority ept vpid fsgsbase tsc_adjust bmi1 avx2 smep bmi2 erms invpcid rdseed adx smap xsaveopt
bugs		:
bogomips	: 4389.77
clflush size	: 64
cache_alignment	: 64
address sizes	: 39 bits physical, 48 bits virtual
power management:



Memory: 4k page, physical 3777016k(129604k free), swap 0k(0k free)

vm_info: OpenJDK 64-Bit Server VM (24.95-b01) for linux-amd64 JRE (1.7.0_101-b00), built on Apr 24 2016 20:39:29 by "buildd" with gcc 4.8.2

time: Fri Aug  5 10:50:51 2016
elapsed time: 0 seconds

