#
# There is insufficient memory for the Java Runtime Environment to continue.
# Native memory allocation (mmap) failed to map 933756928 bytes for committing reserved memory.
# Possible reasons:
#   The system is out of physical RAM or swap space
#   In 32 bit mode, the process size limit was hit
# Possible solutions:
#   Reduce memory load on the system
#   Increase physical memory or swap space
#   Check if swap backing store is full
#   Use 64 bit Java on a 64 bit OS
#   Decrease Java heap size (-Xmx/-Xms)
#   Decrease number of Java threads
#   Decrease Java thread stack sizes (-Xss)
#   Set larger code cache with -XX:ReservedCodeCacheSize=
# This output file may be truncated or incomplete.
#
#  Out of Memory Error (os_linux.cpp:2627), pid=3237, tid=0x00007f502f3ab700
#
# JRE version: Java(TM) SE Runtime Environment (8.0_101-b13) (build 1.8.0_101-b13)
# Java VM: Java HotSpot(TM) 64-Bit Server VM (25.101-b13 mixed mode linux-amd64 compressed oops)
# Failed to write core dump. Core dumps have been disabled. To enable core dumping, try "ulimit -c unlimited" before starting Java again
#

---------------  T H R E A D  ---------------

Current thread (0x00007f5028009800):  JavaThread "main" [_thread_in_vm, id=3238, stack(0x00007f502f2ab000,0x00007f502f3ac000)]

Stack: [0x00007f502f2ab000,0x00007f502f3ac000],  sp=0x00007f502f3aa250,  free space=1020k
Native frames: (J=compiled Java code, j=interpreted, Vv=VM code, C=native code)
V  [libjvm.so+0xac3f0a]  VMError::report_and_die()+0x2ba
V  [libjvm.so+0x4fbf9b]  report_vm_out_of_memory(char const*, int, unsigned long, VMErrorType, char const*)+0x8b
V  [libjvm.so+0x9222d3]  os::Linux::commit_memory_impl(char*, unsigned long, bool)+0x103
V  [libjvm.so+0x922829]  os::pd_commit_memory(char*, unsigned long, unsigned long, bool)+0x29
V  [libjvm.so+0x91cb2a]  os::commit_memory(char*, unsigned long, unsigned long, bool)+0x2a
V  [libjvm.so+0x991053]  PSVirtualSpace::expand_by(unsigned long)+0x53
V  [libjvm.so+0x981920]  PSOldGen::expand(unsigned long)+0x170
V  [libjvm.so+0x981bda]  PSOldGen::expand_and_allocate(unsigned long)+0x1a
V  [libjvm.so+0x981cfb]  PSOldGen::allocate(unsigned long)+0xcb
V  [libjvm.so+0x945c7e]  ParallelScavengeHeap::mem_allocate(unsigned long, bool*)+0xfe
V  [libjvm.so+0xa89f8e]  TypeArrayKlass::allocate_common(int, bool, Thread*)+0x26e
V  [libjvm.so+0x682cda]  InterpreterRuntime::newarray(JavaThread*, BasicType, int)+0x2a
j  jaligner.SmithWatermanGotoh.align(Ljaligner/Sequence;Ljaligner/Sequence;Ljaligner/matrix/Matrix;FF)Ljaligner/Alignment;+121
j  jaligner.ui.AlignCommandLine.main([Ljava/lang/String;)V+104
v  ~StubRoutines::call_stub
V  [libjvm.so+0x68f6b6]  JavaCalls::call_helper(JavaValue*, methodHandle*, JavaCallArguments*, Thread*)+0x1056
V  [libjvm.so+0x6d0d42]  jni_invoke_static(JNIEnv_*, JavaValue*, _jobject*, JNICallType, _jmethodID*, JNI_ArgumentPusher*, Thread*)+0x362
V  [libjvm.so+0x6ed5aa]  jni_CallStaticVoidMethod+0x17a
C  [libjli.so+0x7bdf]  JavaMain+0x81f
C  [libpthread.so.0+0x8184]  start_thread+0xc4

Java frames: (J=compiled Java code, j=interpreted, Vv=VM code)
j  jaligner.SmithWatermanGotoh.align(Ljaligner/Sequence;Ljaligner/Sequence;Ljaligner/matrix/Matrix;FF)Ljaligner/Alignment;+121
j  jaligner.ui.AlignCommandLine.main([Ljava/lang/String;)V+104
v  ~StubRoutines::call_stub

---------------  P R O C E S S  ---------------

Java Threads: ( => current thread )
  0x00007f5028188800 JavaThread "Service Thread" daemon [_thread_blocked, id=3250, stack(0x00007f5014ced000,0x00007f5014dee000)]
  0x00007f5028185800 JavaThread "C1 CompilerThread2" daemon [_thread_blocked, id=3249, stack(0x00007f5014dee000,0x00007f5014eef000)]
  0x00007f5028183800 JavaThread "C2 CompilerThread1" daemon [_thread_blocked, id=3248, stack(0x00007f5014eef000,0x00007f5014ff0000)]
  0x00007f5028180800 JavaThread "C2 CompilerThread0" daemon [_thread_blocked, id=3247, stack(0x00007f5014ff0000,0x00007f50150f1000)]
  0x00007f502817f000 JavaThread "Signal Dispatcher" daemon [_thread_blocked, id=3246, stack(0x00007f50150f1000,0x00007f50151f2000)]
  0x00007f502814b000 JavaThread "Finalizer" daemon [_thread_blocked, id=3245, stack(0x00007f5015a44000,0x00007f5015b45000)]
  0x00007f5028146800 JavaThread "Reference Handler" daemon [_thread_blocked, id=3244, stack(0x00007f5015b45000,0x00007f5015c46000)]
=>0x00007f5028009800 JavaThread "main" [_thread_in_vm, id=3238, stack(0x00007f502f2ab000,0x00007f502f3ac000)]

Other Threads:
  0x00007f502813e800 VMThread [stack: 0x00007f5015c46000,0x00007f5015d47000] [id=3243]
  0x00007f502818b800 WatcherThread [stack: 0x00007f5014bec000,0x00007f5014ced000] [id=3251]

VM state:not at safepoint (normal execution)

VM Mutex/Monitor currently owned by a thread:  ([mutex/lock_event])
[0x00007f5028005800] ExpandHeap_lock - owner thread: 0x00007f5028009800
[0x00007f5028006380] Heap_lock - owner thread: 0x00007f5028009800

Heap:
 PSYoungGen      total 17408K, used 2511K [0x000000076ab00000, 0x000000076be00000, 0x00000007c0000000)
  eden space 15360K, 16% used [0x000000076ab00000,0x000000076ad73c48,0x000000076ba00000)
  from space 2048K, 0% used [0x000000076bc00000,0x000000076bc00000,0x000000076be00000)
  to   space 2048K, 0% used [0x000000076ba00000,0x000000076ba00000,0x000000076bc00000)
 ParOldGen       total 1408000K, used 1367045K [0x00000006c0000000, 0x0000000715f00000, 0x000000076ab00000)
  object space 1408000K, 97% used [0x00000006c0000000,0x0000000713701728,0x0000000715f00000)
 Metaspace       used 3916K, capacity 4640K, committed 4864K, reserved 1056768K
  class space    used 438K, capacity 464K, committed 512K, reserved 1048576K

Card table byte_map: [0x00007f50187ff000,0x00007f5019000000] byte_map_base: 0x00007f50151ff000

Marking Bits: (ParMarkBitMap*) 0x00007f502e787120
 Begin Bits: [0x00007f4ff8000000, 0x00007f4ffc000000)
 End Bits:   [0x00007f4ffc000000, 0x00007f5000000000)

Polling page: 0x00007f502f3d0000

CodeCache: size=245760Kb used=1279Kb max_used=1295Kb free=244480Kb
 bounds [0x00007f5019000000, 0x00007f5019270000, 0x00007f5028000000]
 total_blobs=354 nmethods=94 adapters=174
 compilation: enabled

Compilation events (10 events):
Event: 0,136 Thread 0x00007f5028185800 nmethod 90 0x00007f501913c950 code [0x00007f501913cae0, 0x00007f501913cf88]
Event: 0,136 Thread 0x00007f5028185800   91       3       java.lang.Float::parseFloat (5 bytes)
Event: 0,138 Thread 0x00007f5028185800 nmethod 91 0x00007f501913d110 code [0x00007f501913d2a0, 0x00007f501913d518]
Event: 0,138 Thread 0x00007f5028185800   92       3       sun.misc.FloatingDecimal::parseFloat (10 bytes)
Event: 0,139 Thread 0x00007f5028185800 nmethod 92 0x00007f501913d650 code [0x00007f501913d7c0, 0x00007f501913d9f8]
Event: 0,139 Thread 0x00007f5028185800   88       3       java.util.StringTokenizer::nextToken (92 bytes)
Event: 0,140 Thread 0x00007f5028185800 nmethod 88 0x00007f501913dad0 code [0x00007f501913dc80, 0x00007f501913e078]
Event: 0,140 Thread 0x00007f5028185800   94       3       java.util.regex.Pattern$BmpCharProperty::match (50 bytes)
Event: 0,141 Thread 0x00007f5028185800 nmethod 94 0x00007f501913e1d0 code [0x00007f501913e360, 0x00007f501913e808]
Event: 0,155 Thread 0x00007f5028183800 nmethod 80% 0x00007f5019142750 code [0x00007f5019142940, 0x00007f5019143b20]

GC Heap History (0 events):
No events

Deoptimization events (2 events):
Event: 0,117 Thread 0x00007f5028009800 Uncommon trap: reason=unstable_if action=reinterpret pc=0x00007f501912df78 method=java.lang.CharacterDataLatin1.toUpperCaseEx(I)I @ 12
Event: 0,117 Thread 0x00007f5028009800 Uncommon trap: reason=unstable_if action=reinterpret pc=0x00007f501912dcb0 method=java.lang.CharacterDataLatin1.toUpperCaseEx(I)I @ 12

Internal exceptions (6 events):
Event: 0,029 Thread 0x00007f5028009800 Exception <a 'java/lang/NoSuchMethodError': Method sun.misc.Unsafe.defineClass(Ljava/lang/String;[BII)Ljava/lang/Class; name or signature does not match> (0x000000076ab07cc0) thrown at [/HUDSON3/workspace/8-2-build-linux-amd64/jdk8u101/7261/hotspot/src/sh
Event: 0,029 Thread 0x00007f5028009800 Exception <a 'java/lang/NoSuchMethodError': Method sun.misc.Unsafe.prefetchRead(Ljava/lang/Object;J)V name or signature does not match> (0x000000076ab07fa8) thrown at [/HUDSON3/workspace/8-2-build-linux-amd64/jdk8u101/7261/hotspot/src/share/vm/prims/jni.c
Event: 0,073 Thread 0x00007f5028009800 Exception <a 'java/security/PrivilegedActionException'> (0x000000076ab904c0) thrown at [/HUDSON3/workspace/8-2-build-linux-amd64/jdk8u101/7261/hotspot/src/share/vm/prims/jvm.cpp, line 1386]
Event: 0,073 Thread 0x00007f5028009800 Exception <a 'java/security/PrivilegedActionException'> (0x000000076ab906d0) thrown at [/HUDSON3/workspace/8-2-build-linux-amd64/jdk8u101/7261/hotspot/src/share/vm/prims/jvm.cpp, line 1386]
Event: 0,073 Thread 0x00007f5028009800 Exception <a 'java/security/PrivilegedActionException'> (0x000000076ab92b10) thrown at [/HUDSON3/workspace/8-2-build-linux-amd64/jdk8u101/7261/hotspot/src/share/vm/prims/jvm.cpp, line 1386]
Event: 0,073 Thread 0x00007f5028009800 Exception <a 'java/security/PrivilegedActionException'> (0x000000076ab92d20) thrown at [/HUDSON3/workspace/8-2-build-linux-amd64/jdk8u101/7261/hotspot/src/share/vm/prims/jvm.cpp, line 1386]

Events (10 events):
Event: 0,117 Thread 0x00007f5028009800 Uncommon trap: trap_request=0xffffff65 fr.pc=0x00007f501912df78
Event: 0,117 Thread 0x00007f5028009800 DEOPT PACKING pc=0x00007f501912df78 sp=0x00007f502f3aa030
Event: 0,117 Thread 0x00007f5028009800 DEOPT UNPACKING pc=0x00007f5019005229 sp=0x00007f502f3a9f80 mode 2
Event: 0,117 Thread 0x00007f5028009800 Uncommon trap: trap_request=0xffffff65 fr.pc=0x00007f501912dcb0
Event: 0,117 Thread 0x00007f5028009800 DEOPT PACKING pc=0x00007f501912dcb0 sp=0x00007f502f3a9fd0
Event: 0,117 Thread 0x00007f5028009800 DEOPT UNPACKING pc=0x00007f5019005229 sp=0x00007f502f3a9f80 mode 2
Event: 0,120 loading class jaligner/matrix/Matrix
Event: 0,120 loading class jaligner/matrix/Matrix done
Event: 0,121 loading class jaligner/SmithWatermanGotoh
Event: 0,121 loading class jaligner/SmithWatermanGotoh done


Dynamic libraries:
00400000-00401000 r-xp 00000000 08:04 3413512                            /usr/lib/jvm/java-8-oracle/jre/bin/java
00600000-00601000 rw-p 00000000 08:04 3413512                            /usr/lib/jvm/java-8-oracle/jre/bin/java
01500000-01521000 rw-p 00000000 00:00 0                                  [heap]
6c0000000-715f00000 rw-p 00000000 00:00 0 
74d980000-76ab00000 ---p 00000000 00:00 0 
76ab00000-76be00000 rw-p 00000000 00:00 0 
76be00000-7c0000000 ---p 00000000 00:00 0 
7c0000000-7c0080000 rw-p 00000000 00:00 0 
7c0080000-800000000 ---p 00000000 00:00 0 
7f4fd0000000-7f4fd0021000 rw-p 00000000 00:00 0 
7f4fd0021000-7f4fd4000000 ---p 00000000 00:00 0 
7f4fd8000000-7f4fd8146000 rw-p 00000000 00:00 0 
7f4fd8146000-7f4fdc000000 ---p 00000000 00:00 0 
7f4fdc000000-7f4fdc021000 rw-p 00000000 00:00 0 
7f4fdc021000-7f4fe0000000 ---p 00000000 00:00 0 
7f4fe0000000-7f4fe008a000 rw-p 00000000 00:00 0 
7f4fe008a000-7f4fe4000000 ---p 00000000 00:00 0 
7f4fe4000000-7f4fe4209000 rw-p 00000000 00:00 0 
7f4fe4209000-7f4fe8000000 ---p 00000000 00:00 0 
7f4fe8000000-7f4fe8021000 rw-p 00000000 00:00 0 
7f4fe8021000-7f4fec000000 ---p 00000000 00:00 0 
7f4fec000000-7f4fec021000 rw-p 00000000 00:00 0 
7f4fec021000-7f4ff0000000 ---p 00000000 00:00 0 
7f4ff0000000-7f4ff0021000 rw-p 00000000 00:00 0 
7f4ff0021000-7f4ff4000000 ---p 00000000 00:00 0 
7f4ff4000000-7f4ff4021000 rw-p 00000000 00:00 0 
7f4ff4021000-7f4ff8000000 ---p 00000000 00:00 0 
7f4ff8000000-7f5000000000 rw-p 00000000 00:00 0 
7f5000000000-7f5000021000 rw-p 00000000 00:00 0 
7f5000021000-7f5004000000 ---p 00000000 00:00 0 
7f5004000000-7f5004021000 rw-p 00000000 00:00 0 
7f5004021000-7f5008000000 ---p 00000000 00:00 0 
7f5008000000-7f5008021000 rw-p 00000000 00:00 0 
7f5008021000-7f500c000000 ---p 00000000 00:00 0 
7f5010000000-7f5010021000 rw-p 00000000 00:00 0 
7f5010021000-7f5014000000 ---p 00000000 00:00 0 
7f5014965000-7f5014bec000 rw-p 00000000 00:00 0 
7f5014bec000-7f5014bed000 ---p 00000000 00:00 0 
7f5014bed000-7f5014ced000 rw-p 00000000 00:00 0                          [stack:3251]
7f5014ced000-7f5014cf0000 ---p 00000000 00:00 0 
7f5014cf0000-7f5014dee000 rw-p 00000000 00:00 0                          [stack:3250]
7f5014dee000-7f5014df1000 ---p 00000000 00:00 0 
7f5014df1000-7f5014eef000 rw-p 00000000 00:00 0                          [stack:3249]
7f5014eef000-7f5014ef2000 ---p 00000000 00:00 0 
7f5014ef2000-7f5014ff0000 rw-p 00000000 00:00 0                          [stack:3248]
7f5014ff0000-7f5014ff3000 ---p 00000000 00:00 0 
7f5014ff3000-7f50150f1000 rw-p 00000000 00:00 0                          [stack:3247]
7f50150f1000-7f50150f4000 ---p 00000000 00:00 0 
7f50150f4000-7f50151f2000 rw-p 00000000 00:00 0                          [stack:3246]
7f50151f2000-7f5015a44000 r--p 00000000 08:04 1448898                    /usr/lib/locale/locale-archive
7f5015a44000-7f5015a47000 ---p 00000000 00:00 0 
7f5015a47000-7f5015b45000 rw-p 00000000 00:00 0                          [stack:3245]
7f5015b45000-7f5015b48000 ---p 00000000 00:00 0 
7f5015b48000-7f5015c46000 rw-p 00000000 00:00 0                          [stack:3244]
7f5015c46000-7f5015c47000 ---p 00000000 00:00 0 
7f5015c47000-7f5016c56000 rw-p 00000000 00:00 0                          [stack:3243]
7f5016c56000-7f5016e2f000 r--s 03d29000 08:04 3675567                    /usr/lib/jvm/java-8-oracle/jre/lib/rt.jar
7f5016e2f000-7f50172e5000 rw-p 00000000 00:00 0 
7f50172e5000-7f50176a5000 ---p 00000000 00:00 0 
7f50176a5000-7f5017ea5000 rw-p 00000000 00:00 0 
7f5017ea5000-7f5017ea6000 ---p 00000000 00:00 0 
7f5017ea6000-7f5017fa6000 rw-p 00000000 00:00 0                          [stack:3242]
7f5017fa6000-7f5017fa7000 ---p 00000000 00:00 0 
7f5017fa7000-7f50180a7000 rw-p 00000000 00:00 0                          [stack:3241]
7f50180a7000-7f50180a8000 ---p 00000000 00:00 0 
7f50180a8000-7f50181a8000 rw-p 00000000 00:00 0                          [stack:3240]
7f50181a8000-7f50181a9000 ---p 00000000 00:00 0 
7f50181a9000-7f5018559000 rw-p 00000000 00:00 0                          [stack:3239]
7f5018559000-7f50187ff000 ---p 00000000 00:00 0 
7f50187ff000-7f5018aaf000 rw-p 00000000 00:00 0 
7f5018aaf000-7f5018d54000 ---p 00000000 00:00 0 
7f5018d54000-7f5018d5e000 rw-p 00000000 00:00 0 
7f5018d5e000-7f5018fff000 ---p 00000000 00:00 0 
7f5018fff000-7f5019000000 rw-p 00000000 00:00 0 
7f5019000000-7f5019270000 rwxp 00000000 00:00 0 
7f5019270000-7f5028000000 ---p 00000000 00:00 0 
7f5028000000-7f5028238000 rw-p 00000000 00:00 0 
7f5028238000-7f502c000000 ---p 00000000 00:00 0 
7f502c018000-7f502c071000 rw-p 00000000 00:00 0 
7f502c071000-7f502c427000 ---p 00000000 00:00 0 
7f502c427000-7f502c441000 r-xp 00000000 08:04 4199092                    /usr/lib/jvm/java-8-oracle/jre/lib/amd64/libzip.so
7f502c441000-7f502c641000 ---p 0001a000 08:04 4199092                    /usr/lib/jvm/java-8-oracle/jre/lib/amd64/libzip.so
7f502c641000-7f502c642000 rw-p 0001a000 08:04 4199092                    /usr/lib/jvm/java-8-oracle/jre/lib/amd64/libzip.so
7f502c642000-7f502c64c000 r-xp 00000000 08:04 132102                     /lib/x86_64-linux-gnu/libnss_files-2.19.so
7f502c64c000-7f502c84b000 ---p 0000a000 08:04 132102                     /lib/x86_64-linux-gnu/libnss_files-2.19.so
7f502c84b000-7f502c84c000 r--p 00009000 08:04 132102                     /lib/x86_64-linux-gnu/libnss_files-2.19.so
7f502c84c000-7f502c84d000 rw-p 0000a000 08:04 132102                     /lib/x86_64-linux-gnu/libnss_files-2.19.so
7f502c84d000-7f502c858000 r-xp 00000000 08:04 132094                     /lib/x86_64-linux-gnu/libnss_nis-2.19.so
7f502c858000-7f502ca57000 ---p 0000b000 08:04 132094                     /lib/x86_64-linux-gnu/libnss_nis-2.19.so
7f502ca57000-7f502ca58000 r--p 0000a000 08:04 132094                     /lib/x86_64-linux-gnu/libnss_nis-2.19.so
7f502ca58000-7f502ca59000 rw-p 0000b000 08:04 132094                     /lib/x86_64-linux-gnu/libnss_nis-2.19.so
7f502ca59000-7f502ca70000 r-xp 00000000 08:04 132090                     /lib/x86_64-linux-gnu/libnsl-2.19.so
7f502ca70000-7f502cc6f000 ---p 00017000 08:04 132090                     /lib/x86_64-linux-gnu/libnsl-2.19.so
7f502cc6f000-7f502cc70000 r--p 00016000 08:04 132090                     /lib/x86_64-linux-gnu/libnsl-2.19.so
7f502cc70000-7f502cc71000 rw-p 00017000 08:04 132090                     /lib/x86_64-linux-gnu/libnsl-2.19.so
7f502cc71000-7f502cc73000 rw-p 00000000 00:00 0 
7f502cc73000-7f502cc7c000 r-xp 00000000 08:04 132089                     /lib/x86_64-linux-gnu/libnss_compat-2.19.so
7f502cc7c000-7f502ce7b000 ---p 00009000 08:04 132089                     /lib/x86_64-linux-gnu/libnss_compat-2.19.so
7f502ce7b000-7f502ce7c000 r--p 00008000 08:04 132089                     /lib/x86_64-linux-gnu/libnss_compat-2.19.so
7f502ce7c000-7f502ce7d000 rw-p 00009000 08:04 132089                     /lib/x86_64-linux-gnu/libnss_compat-2.19.so
7f502ce7d000-7f502cea7000 r-xp 00000000 08:04 4199199                    /usr/lib/jvm/java-8-oracle/jre/lib/amd64/libjava.so
7f502cea7000-7f502d0a7000 ---p 0002a000 08:04 4199199                    /usr/lib/jvm/java-8-oracle/jre/lib/amd64/libjava.so
7f502d0a7000-7f502d0a9000 rw-p 0002a000 08:04 4199199                    /usr/lib/jvm/java-8-oracle/jre/lib/amd64/libjava.so
7f502d0a9000-7f502d0b6000 r-xp 00000000 08:04 4199037                    /usr/lib/jvm/java-8-oracle/jre/lib/amd64/libverify.so
7f502d0b6000-7f502d2b6000 ---p 0000d000 08:04 4199037                    /usr/lib/jvm/java-8-oracle/jre/lib/amd64/libverify.so
7f502d2b6000-7f502d2b8000 rw-p 0000d000 08:04 4199037                    /usr/lib/jvm/java-8-oracle/jre/lib/amd64/libverify.so
7f502d2b8000-7f502d2bf000 r-xp 00000000 08:04 132098                     /lib/x86_64-linux-gnu/librt-2.19.so
7f502d2bf000-7f502d4be000 ---p 00007000 08:04 132098                     /lib/x86_64-linux-gnu/librt-2.19.so
7f502d4be000-7f502d4bf000 r--p 00006000 08:04 132098                     /lib/x86_64-linux-gnu/librt-2.19.so
7f502d4bf000-7f502d4c0000 rw-p 00007000 08:04 132098                     /lib/x86_64-linux-gnu/librt-2.19.so
7f502d4c0000-7f502d5c5000 r-xp 00000000 08:04 132084                     /lib/x86_64-linux-gnu/libm-2.19.so
7f502d5c5000-7f502d7c4000 ---p 00105000 08:04 132084                     /lib/x86_64-linux-gnu/libm-2.19.so
7f502d7c4000-7f502d7c5000 r--p 00104000 08:04 132084                     /lib/x86_64-linux-gnu/libm-2.19.so
7f502d7c5000-7f502d7c6000 rw-p 00105000 08:04 132084                     /lib/x86_64-linux-gnu/libm-2.19.so
7f502d7c6000-7f502e491000 r-xp 00000000 08:04 4330071                    /usr/lib/jvm/java-8-oracle/jre/lib/amd64/server/libjvm.so
7f502e491000-7f502e690000 ---p 00ccb000 08:04 4330071                    /usr/lib/jvm/java-8-oracle/jre/lib/amd64/server/libjvm.so
7f502e690000-7f502e769000 rw-p 00cca000 08:04 4330071                    /usr/lib/jvm/java-8-oracle/jre/lib/amd64/server/libjvm.so
7f502e769000-7f502e7b4000 rw-p 00000000 00:00 0 
7f502e7b4000-7f502e96e000 r-xp 00000000 08:04 132099                     /lib/x86_64-linux-gnu/libc-2.19.so
7f502e96e000-7f502eb6e000 ---p 001ba000 08:04 132099                     /lib/x86_64-linux-gnu/libc-2.19.so
7f502eb6e000-7f502eb72000 r--p 001ba000 08:04 132099                     /lib/x86_64-linux-gnu/libc-2.19.so
7f502eb72000-7f502eb74000 rw-p 001be000 08:04 132099                     /lib/x86_64-linux-gnu/libc-2.19.so
7f502eb74000-7f502eb79000 rw-p 00000000 00:00 0 
7f502eb79000-7f502eb7c000 r-xp 00000000 08:04 132086                     /lib/x86_64-linux-gnu/libdl-2.19.so
7f502eb7c000-7f502ed7b000 ---p 00003000 08:04 132086                     /lib/x86_64-linux-gnu/libdl-2.19.so
7f502ed7b000-7f502ed7c000 r--p 00002000 08:04 132086                     /lib/x86_64-linux-gnu/libdl-2.19.so
7f502ed7c000-7f502ed7d000 rw-p 00003000 08:04 132086                     /lib/x86_64-linux-gnu/libdl-2.19.so
7f502ed7d000-7f502ed92000 r-xp 00000000 08:04 4456738                    /usr/lib/jvm/java-8-oracle/jre/lib/amd64/jli/libjli.so
7f502ed92000-7f502ef92000 ---p 00015000 08:04 4456738                    /usr/lib/jvm/java-8-oracle/jre/lib/amd64/jli/libjli.so
7f502ef92000-7f502ef93000 rw-p 00015000 08:04 4456738                    /usr/lib/jvm/java-8-oracle/jre/lib/amd64/jli/libjli.so
7f502ef93000-7f502efac000 r-xp 00000000 08:04 132091                     /lib/x86_64-linux-gnu/libpthread-2.19.so
7f502efac000-7f502f1ab000 ---p 00019000 08:04 132091                     /lib/x86_64-linux-gnu/libpthread-2.19.so
7f502f1ab000-7f502f1ac000 r--p 00018000 08:04 132091                     /lib/x86_64-linux-gnu/libpthread-2.19.so
7f502f1ac000-7f502f1ad000 rw-p 00019000 08:04 132091                     /lib/x86_64-linux-gnu/libpthread-2.19.so
7f502f1ad000-7f502f1b1000 rw-p 00000000 00:00 0 
7f502f1b1000-7f502f1d4000 r-xp 00000000 08:04 132092                     /lib/x86_64-linux-gnu/ld-2.19.so
7f502f1e4000-7f502f200000 r--s 00393000 08:04 5775885                    /usr/lib/jvm/java-8-oracle/jre/lib/ext/cldrdata.jar
7f502f200000-7f502f2ab000 rw-p 00000000 00:00 0 
7f502f2ab000-7f502f2ae000 ---p 00000000 00:00 0 
7f502f2ae000-7f502f3b0000 rw-p 00000000 00:00 0                          [stack:3238]
7f502f3b5000-7f502f3b8000 rw-p 00000000 00:00 0 
7f502f3b8000-7f502f3c2000 r--s 00116000 08:04 5775888                    /usr/lib/jvm/java-8-oracle/jre/lib/ext/localedata.jar
7f502f3c2000-7f502f3c7000 r--s 00024000 08:04 4723346                    /home/hema/Desktop/Hiwi/opt/jaligner/jaligner.jar
7f502f3c7000-7f502f3cf000 rw-s 00000000 08:04 3673656                    /tmp/hsperfdata_hema/3237
7f502f3cf000-7f502f3d0000 rw-p 00000000 00:00 0 
7f502f3d0000-7f502f3d1000 r--p 00000000 00:00 0 
7f502f3d1000-7f502f3d3000 rw-p 00000000 00:00 0 
7f502f3d3000-7f502f3d4000 r--p 00022000 08:04 132092                     /lib/x86_64-linux-gnu/ld-2.19.so
7f502f3d4000-7f502f3d5000 rw-p 00023000 08:04 132092                     /lib/x86_64-linux-gnu/ld-2.19.so
7f502f3d5000-7f502f3d6000 rw-p 00000000 00:00 0 
7ffc61e7d000-7ffc61e9e000 rw-p 00000000 00:00 0                          [stack]
7ffc61f5f000-7ffc61f61000 r--p 00000000 00:00 0                          [vvar]
7ffc61f61000-7ffc61f63000 r-xp 00000000 00:00 0                          [vdso]
ffffffffff600000-ffffffffff601000 r-xp 00000000 00:00 0                  [vsyscall]

VM Arguments:
jvm_args: -Xmx4096M 
java_command: jaligner.jar dataa.fasta dataa1.fasta BLOSUM62 2 4
java_class_path (initial): jaligner.jar
Launcher Type: SUN_STANDARD

Environment Variables:
PATH=/home/hema/.local/bin:/home/hema/bin:/usr/local/sbin:/usr/local/bin:/usr/sbin:/usr/bin:/sbin:/bin:/usr/games:/usr/local/games:/home/hema/Downloads/swps3-linux64-sse2-current
LD_LIBRARY_PATH=:/home/hema/Downloads/tbb/tbb44_20160316oss/build/linux_intel64_gcc_cc4.8_libc2.19_kernel3.19.0_debug
SHELL=/bin/bash
DISPLAY=:0

Signal Handlers:
SIGSEGV: [libjvm.so+0xac4790], sa_mask[0]=11111111011111111101111111111110, sa_flags=SA_RESTART|SA_SIGINFO
SIGBUS: [libjvm.so+0xac4790], sa_mask[0]=11111111011111111101111111111110, sa_flags=SA_RESTART|SA_SIGINFO
SIGFPE: [libjvm.so+0x91f140], sa_mask[0]=11111111011111111101111111111110, sa_flags=SA_RESTART|SA_SIGINFO
SIGPIPE: [libjvm.so+0x91f140], sa_mask[0]=11111111011111111101111111111110, sa_flags=SA_RESTART|SA_SIGINFO
SIGXFSZ: [libjvm.so+0x91f140], sa_mask[0]=11111111011111111101111111111110, sa_flags=SA_RESTART|SA_SIGINFO
SIGILL: [libjvm.so+0x91f140], sa_mask[0]=11111111011111111101111111111110, sa_flags=SA_RESTART|SA_SIGINFO
SIGUSR1: SIG_DFL, sa_mask[0]=00000000000000000000000000000000, sa_flags=none
SIGUSR2: [libjvm.so+0x920770], sa_mask[0]=00000000000000000000000000000000, sa_flags=SA_RESTART|SA_SIGINFO
SIGHUP: [libjvm.so+0x921b70], sa_mask[0]=11111111011111111101111111111110, sa_flags=SA_RESTART|SA_SIGINFO
SIGINT: [libjvm.so+0x921b70], sa_mask[0]=11111111011111111101111111111110, sa_flags=SA_RESTART|SA_SIGINFO
SIGTERM: [libjvm.so+0x921b70], sa_mask[0]=11111111011111111101111111111110, sa_flags=SA_RESTART|SA_SIGINFO
SIGQUIT: [libjvm.so+0x921b70], sa_mask[0]=11111111011111111101111111111110, sa_flags=SA_RESTART|SA_SIGINFO


---------------  S Y S T E M  ---------------

OS:DISTRIB_ID=Ubuntu
DISTRIB_RELEASE=14.04
DISTRIB_CODENAME=trusty
DISTRIB_DESCRIPTION="Ubuntu 14.04.4 LTS"

uname:Linux 3.19.0-51-generic #58~14.04.1-Ubuntu SMP Fri Feb 26 22:02:58 UTC 2016 x86_64
libc:glibc 2.19 NPTL 2.19 
rlimit: STACK 8192k, CORE 0k, NPROC 14670, NOFILE 4096, AS infinity
load average:0,53 0,42 0,28

/proc/meminfo:
MemTotal:        3777016 kB
MemFree:          155004 kB
MemAvailable:     293768 kB
Buffers:           18176 kB
Cached:           643372 kB
SwapCached:            0 kB
Active:          2982280 kB
Inactive:         479140 kB
Active(anon):    2819004 kB
Inactive(anon):   352480 kB
Active(file):     163276 kB
Inactive(file):   126660 kB
Unevictable:          80 kB
Mlocked:              80 kB
SwapTotal:             0 kB
SwapFree:              0 kB
Dirty:                36 kB
Writeback:             0 kB
AnonPages:       2800524 kB
Mapped:           376120 kB
Shmem:            371156 kB
Slab:              69244 kB
SReclaimable:      35524 kB
SUnreclaim:        33720 kB
KernelStack:        8320 kB
PageTables:        44324 kB
NFS_Unstable:          0 kB
Bounce:                0 kB
WritebackTmp:          0 kB
CommitLimit:     1888508 kB
Committed_AS:    7408084 kB
VmallocTotal:   34359738367 kB
VmallocUsed:      617692 kB
VmallocChunk:   34359111132 kB
HardwareCorrupted:     0 kB
AnonHugePages:   1220608 kB
CmaTotal:              0 kB
CmaFree:               0 kB
HugePages_Total:       0
HugePages_Free:        0
HugePages_Rsvd:        0
HugePages_Surp:        0
Hugepagesize:       2048 kB
DirectMap4k:      123468 kB
DirectMap2M:     3799040 kB
DirectMap1G:     1048576 kB


CPU:total 4 (2 cores per cpu, 2 threads per core) family 6 model 61 stepping 4, cmov, cx8, fxsr, mmx, sse, sse2, sse3, ssse3, sse4.1, sse4.2, popcnt, avx, avx2, aes, clmul, erms, 3dnowpref, lzcnt, ht, tsc, tscinvbit, bmi1, bmi2, adx

/proc/cpuinfo:
processor	: 0
vendor_id	: GenuineIntel
cpu family	: 6
model		: 61
model name	: Intel(R) Core(TM) i5-5200U CPU @ 2.20GHz
stepping	: 4
microcode	: 0x16
cpu MHz		: 2350.476
cache size	: 3072 KB
physical id	: 0
siblings	: 4
core id		: 0
cpu cores	: 2
apicid		: 0
initial apicid	: 0
fpu		: yes
fpu_exception	: yes
cpuid level	: 20
wp		: yes
flags		: fpu vme de pse tsc msr pae mce cx8 apic sep mtrr pge mca cmov pat pse36 clflush dts acpi mmx fxsr sse sse2 ss ht tm pbe syscall nx pdpe1gb rdtscp lm constant_tsc arch_perfmon pebs bts rep_good nopl xtopology nonstop_tsc aperfmperf eagerfpu pni pclmulqdq dtes64 monitor ds_cpl vmx est tm2 ssse3 fma cx16 xtpr pdcm pcid sse4_1 sse4_2 x2apic movbe popcnt tsc_deadline_timer aes xsave avx f16c rdrand lahf_lm abm 3dnowprefetch ida arat epb pln pts dtherm tpr_shadow vnmi flexpriority ept vpid fsgsbase tsc_adjust bmi1 avx2 smep bmi2 erms invpcid rdseed adx smap xsaveopt
bugs		:
bogomips	: 4389.98
clflush size	: 64
cache_alignment	: 64
address sizes	: 39 bits physical, 48 bits virtual
power management:

processor	: 1
vendor_id	: GenuineIntel
cpu family	: 6
model		: 61
model name	: Intel(R) Core(TM) i5-5200U CPU @ 2.20GHz
stepping	: 4
microcode	: 0x16
cpu MHz		: 2331.914
cache size	: 3072 KB
physical id	: 0
siblings	: 4
core id		: 0
cpu cores	: 2
apicid		: 1
initial apicid	: 1
fpu		: yes
fpu_exception	: yes
cpuid level	: 20
wp		: yes
flags		: fpu vme de pse tsc msr pae mce cx8 apic sep mtrr pge mca cmov pat pse36 clflush dts acpi mmx fxsr sse sse2 ss ht tm pbe syscall nx pdpe1gb rdtscp lm constant_tsc arch_perfmon pebs bts rep_good nopl xtopology nonstop_tsc aperfmperf eagerfpu pni pclmulqdq dtes64 monitor ds_cpl vmx est tm2 ssse3 fma cx16 xtpr pdcm pcid sse4_1 sse4_2 x2apic movbe popcnt tsc_deadline_timer aes xsave avx f16c rdrand lahf_lm abm 3dnowprefetch ida arat epb pln pts dtherm tpr_shadow vnmi flexpriority ept vpid fsgsbase tsc_adjust bmi1 avx2 smep bmi2 erms invpcid rdseed adx smap xsaveopt
bugs		:
bogomips	: 4389.98
clflush size	: 64
cache_alignment	: 64
address sizes	: 39 bits physical, 48 bits virtual
power management:

processor	: 2
vendor_id	: GenuineIntel
cpu family	: 6
model		: 61
model name	: Intel(R) Core(TM) i5-5200U CPU @ 2.20GHz
stepping	: 4
microcode	: 0x16
cpu MHz		: 2439.421
cache size	: 3072 KB
physical id	: 0
siblings	: 4
core id		: 1
cpu cores	: 2
apicid		: 2
initial apicid	: 2
fpu		: yes
fpu_exception	: yes
cpuid level	: 20
wp		: yes
flags		: fpu vme de pse tsc msr pae mce cx8 apic sep mtrr pge mca cmov pat pse36 clflush dts acpi mmx fxsr sse sse2 ss ht tm pbe syscall nx pdpe1gb rdtscp lm constant_tsc arch_perfmon pebs bts rep_good nopl xtopology nonstop_tsc aperfmperf eagerfpu pni pclmulqdq dtes64 monitor ds_cpl vmx est tm2 ssse3 fma cx16 xtpr pdcm pcid sse4_1 sse4_2 x2apic movbe popcnt tsc_deadline_timer aes xsave avx f16c rdrand lahf_lm abm 3dnowprefetch ida arat epb pln pts dtherm tpr_shadow vnmi flexpriority ept vpid fsgsbase tsc_adjust bmi1 avx2 smep bmi2 erms invpcid rdseed adx smap xsaveopt
bugs		:
bogomips	: 4389.98
clflush size	: 64
cache_alignment	: 64
address sizes	: 39 bits physical, 48 bits virtual
power management:

processor	: 3
vendor_id	: GenuineIntel
cpu family	: 6
model		: 61
model name	: Intel(R) Core(TM) i5-5200U CPU @ 2.20GHz
stepping	: 4
microcode	: 0x16
cpu MHz		: 2600.554
cache size	: 3072 KB
physical id	: 0
siblings	: 4
core id		: 1
cpu cores	: 2
apicid		: 3
initial apicid	: 3
fpu		: yes
fpu_exception	: yes
cpuid level	: 20
wp		: yes
flags		: fpu vme de pse tsc msr pae mce cx8 apic sep mtrr pge mca cmov pat pse36 clflush dts acpi mmx fxsr sse sse2 ss ht tm pbe syscall nx pdpe1gb rdtscp lm constant_tsc arch_perfmon pebs bts rep_good nopl xtopology nonstop_tsc aperfmperf eagerfpu pni pclmulqdq dtes64 monitor ds_cpl vmx est tm2 ssse3 fma cx16 xtpr pdcm pcid sse4_1 sse4_2 x2apic movbe popcnt tsc_deadline_timer aes xsave avx f16c rdrand lahf_lm abm 3dnowprefetch ida arat epb pln pts dtherm tpr_shadow vnmi flexpriority ept vpid fsgsbase tsc_adjust bmi1 avx2 smep bmi2 erms invpcid rdseed adx smap xsaveopt
bugs		:
bogomips	: 4389.98
clflush size	: 64
cache_alignment	: 64
address sizes	: 39 bits physical, 48 bits virtual
power management:



Memory: 4k page, physical 3777016k(154756k free), swap 0k(0k free)

vm_info: Java HotSpot(TM) 64-Bit Server VM (25.101-b13) for linux-amd64 JRE (1.8.0_101-b13), built on Jun 22 2016 02:59:44 by "java_re" with gcc 4.3.0 20080428 (Red Hat 4.3.0-8)

time: Sun Sep 25 21:08:44 2016
elapsed time: 0 seconds (0d 0h 0m 0s)

