#
# There is insufficient memory for the Java Runtime Environment to continue.
# Native memory allocation (mmap) failed to map 2147483648 bytes for committing reserved memory.
# Possible reasons:
#   The system is out of physical RAM or swap space
#   In 32 bit mode, the process size limit was hit
# Possible solutions:
#   Reduce memory load on the system
#   Increase physical memory or swap space
#   Check if swap backing store is full
#   Use 64 bit Java on a 64 bit OS
#   Decrease Java heap size (-Xmx/-Xms)
#   Decrease number of Java threads
#   Decrease Java thread stack sizes (-Xss)
#   Set larger code cache with -XX:ReservedCodeCacheSize=
# This output file may be truncated or incomplete.
#
#  Out of Memory Error (os_linux.cpp:2627), pid=3125, tid=0x00007feae0c15700
#
# JRE version:  (8.0_101-b13) (build )
# Java VM: Java HotSpot(TM) 64-Bit Server VM (25.101-b13 mixed mode linux-amd64 )
# Failed to write core dump. Core dumps have been disabled. To enable core dumping, try "ulimit -c unlimited" before starting Java again
#

---------------  T H R E A D  ---------------

Current thread (0x00007fead8009800):  JavaThread "Unknown thread" [_thread_in_vm, id=3126, stack(0x00007feae0b15000,0x00007feae0c16000)]

Stack: [0x00007feae0b15000,0x00007feae0c16000],  sp=0x00007feae0c142e0,  free space=1020k
Native frames: (J=compiled Java code, j=interpreted, Vv=VM code, C=native code)
V  [libjvm.so+0xac3f0a]  VMError::report_and_die()+0x2ba
V  [libjvm.so+0x4fbf9b]  report_vm_out_of_memory(char const*, int, unsigned long, VMErrorType, char const*)+0x8b
V  [libjvm.so+0x9222d3]  os::Linux::commit_memory_impl(char*, unsigned long, bool)+0x103
V  [libjvm.so+0x922829]  os::pd_commit_memory(char*, unsigned long, unsigned long, bool)+0x29
V  [libjvm.so+0x91cb2a]  os::commit_memory(char*, unsigned long, unsigned long, bool)+0x2a
V  [libjvm.so+0x991053]  PSVirtualSpace::expand_by(unsigned long)+0x53
V  [libjvm.so+0x93c318]  ParMarkBitMap::initialize(MemRegion)+0x168
V  [libjvm.so+0x986cf9]  PSParallelCompact::initialize()+0x149
V  [libjvm.so+0x945835]  ParallelScavengeHeap::initialize()+0x385
V  [libjvm.so+0xa8c753]  Universe::initialize_heap()+0xf3
V  [libjvm.so+0xa8c99e]  universe_init()+0x3e
V  [libjvm.so+0x63bdf5]  init_globals()+0x65
V  [libjvm.so+0xa70bfe]  Threads::create_vm(JavaVMInitArgs*, bool*)+0x23e
V  [libjvm.so+0x6d08f4]  JNI_CreateJavaVM+0x74
C  [libjli.so+0x745e]  JavaMain+0x9e
C  [libpthread.so.0+0x8184]  start_thread+0xc4


---------------  P R O C E S S  ---------------

Java Threads: ( => current thread )

Other Threads:

=>0x00007fead8009800 (exited) JavaThread "Unknown thread" [_thread_in_vm, id=3126, stack(0x00007feae0b15000,0x00007feae0c16000)]

VM state:not at safepoint (not fully initialized)

VM Mutex/Monitor currently owned by a thread: None

GC Heap History (0 events):
No events

Deoptimization events (0 events):
No events

Internal exceptions (0 events):
No events

Events (0 events):
No events


Dynamic libraries:
00400000-00401000 r-xp 00000000 08:04 3413512                            /usr/lib/jvm/java-8-oracle/jre/bin/java
00600000-00601000 rw-p 00000000 08:04 3413512                            /usr/lib/jvm/java-8-oracle/jre/bin/java
01d2b000-01d4c000 rw-p 00000000 00:00 0                                  [heap]
7fdaa4000000-7fdaa4021000 rw-p 00000000 00:00 0 
7fdaa4021000-7fdaa8000000 ---p 00000000 00:00 0 
7fdaa8000000-7fdaa8021000 rw-p 00000000 00:00 0 
7fdaa8021000-7fdaac000000 ---p 00000000 00:00 0 
7fdaac000000-7fdaac021000 rw-p 00000000 00:00 0 
7fdaac021000-7fdab0000000 ---p 00000000 00:00 0 
7fdab4000000-7fdab4021000 rw-p 00000000 00:00 0 
7fdab4021000-7fdab8000000 ---p 00000000 00:00 0 
7fdabbaa9000-7fdabbabd000 rw-p 00000000 00:00 0 
7fdabbabd000-7fdac0fff000 ---p 00000000 00:00 0 
7fdac0fff000-7fdac1013000 rw-p 00000000 00:00 0 
7fdac1013000-7fdac6554000 ---p 00000000 00:00 0 
7fdac6554000-7fdac655e000 rw-p 00000000 00:00 0 
7fdac655e000-7fdac8fff000 ---p 00000000 00:00 0 
7fdac8fff000-7fdacb700000 rw-p 00000000 00:00 0 
7fdacb700000-7fe573b00000 ---p 00000000 00:00 0 
7fe573b00000-7fe574e00000 rw-p 00000000 00:00 0 
7fe574e00000-7feac9000000 ---p 00000000 00:00 0 
7feac9000000-7feac9270000 rwxp 00000000 00:00 0 
7feac9270000-7fead8000000 ---p 00000000 00:00 0 
7fead8000000-7fead803c000 rw-p 00000000 00:00 0 
7fead803c000-7feadc000000 ---p 00000000 00:00 0 
7feadd246000-7feadd4cd000 rw-p 00000000 00:00 0 
7feadd4cd000-7feadd4ce000 ---p 00000000 00:00 0 
7feadd4ce000-7feadd5ce000 rw-p 00000000 00:00 0                          [stack:3130]
7feadd5ce000-7feadd5cf000 ---p 00000000 00:00 0 
7feadd5cf000-7feadd6cf000 rw-p 00000000 00:00 0                          [stack:3129]
7feadd6cf000-7feadd6d0000 ---p 00000000 00:00 0 
7feadd6d0000-7feadd7d0000 rw-p 00000000 00:00 0                          [stack:3128]
7feadd7d0000-7feadd7d1000 ---p 00000000 00:00 0 
7feadd7d1000-7feadd8db000 rw-p 00000000 00:00 0                          [stack:3127]
7feadd8db000-7feaddc91000 ---p 00000000 00:00 0 
7feaddc91000-7feaddcab000 r-xp 00000000 08:04 4199092                    /usr/lib/jvm/java-8-oracle/jre/lib/amd64/libzip.so
7feaddcab000-7feaddeab000 ---p 0001a000 08:04 4199092                    /usr/lib/jvm/java-8-oracle/jre/lib/amd64/libzip.so
7feaddeab000-7feaddeac000 rw-p 0001a000 08:04 4199092                    /usr/lib/jvm/java-8-oracle/jre/lib/amd64/libzip.so
7feaddeac000-7feaddeb6000 r-xp 00000000 08:04 132102                     /lib/x86_64-linux-gnu/libnss_files-2.19.so
7feaddeb6000-7feade0b5000 ---p 0000a000 08:04 132102                     /lib/x86_64-linux-gnu/libnss_files-2.19.so
7feade0b5000-7feade0b6000 r--p 00009000 08:04 132102                     /lib/x86_64-linux-gnu/libnss_files-2.19.so
7feade0b6000-7feade0b7000 rw-p 0000a000 08:04 132102                     /lib/x86_64-linux-gnu/libnss_files-2.19.so
7feade0b7000-7feade0c2000 r-xp 00000000 08:04 132094                     /lib/x86_64-linux-gnu/libnss_nis-2.19.so
7feade0c2000-7feade2c1000 ---p 0000b000 08:04 132094                     /lib/x86_64-linux-gnu/libnss_nis-2.19.so
7feade2c1000-7feade2c2000 r--p 0000a000 08:04 132094                     /lib/x86_64-linux-gnu/libnss_nis-2.19.so
7feade2c2000-7feade2c3000 rw-p 0000b000 08:04 132094                     /lib/x86_64-linux-gnu/libnss_nis-2.19.so
7feade2c3000-7feade2da000 r-xp 00000000 08:04 132090                     /lib/x86_64-linux-gnu/libnsl-2.19.so
7feade2da000-7feade4d9000 ---p 00017000 08:04 132090                     /lib/x86_64-linux-gnu/libnsl-2.19.so
7feade4d9000-7feade4da000 r--p 00016000 08:04 132090                     /lib/x86_64-linux-gnu/libnsl-2.19.so
7feade4da000-7feade4db000 rw-p 00017000 08:04 132090                     /lib/x86_64-linux-gnu/libnsl-2.19.so
7feade4db000-7feade4dd000 rw-p 00000000 00:00 0 
7feade4dd000-7feade4e6000 r-xp 00000000 08:04 132089                     /lib/x86_64-linux-gnu/libnss_compat-2.19.so
7feade4e6000-7feade6e5000 ---p 00009000 08:04 132089                     /lib/x86_64-linux-gnu/libnss_compat-2.19.so
7feade6e5000-7feade6e6000 r--p 00008000 08:04 132089                     /lib/x86_64-linux-gnu/libnss_compat-2.19.so
7feade6e6000-7feade6e7000 rw-p 00009000 08:04 132089                     /lib/x86_64-linux-gnu/libnss_compat-2.19.so
7feade6e7000-7feade711000 r-xp 00000000 08:04 4199199                    /usr/lib/jvm/java-8-oracle/jre/lib/amd64/libjava.so
7feade711000-7feade911000 ---p 0002a000 08:04 4199199                    /usr/lib/jvm/java-8-oracle/jre/lib/amd64/libjava.so
7feade911000-7feade913000 rw-p 0002a000 08:04 4199199                    /usr/lib/jvm/java-8-oracle/jre/lib/amd64/libjava.so
7feade913000-7feade920000 r-xp 00000000 08:04 4199037                    /usr/lib/jvm/java-8-oracle/jre/lib/amd64/libverify.so
7feade920000-7feadeb20000 ---p 0000d000 08:04 4199037                    /usr/lib/jvm/java-8-oracle/jre/lib/amd64/libverify.so
7feadeb20000-7feadeb22000 rw-p 0000d000 08:04 4199037                    /usr/lib/jvm/java-8-oracle/jre/lib/amd64/libverify.so
7feadeb22000-7feadeb29000 r-xp 00000000 08:04 132098                     /lib/x86_64-linux-gnu/librt-2.19.so
7feadeb29000-7feaded28000 ---p 00007000 08:04 132098                     /lib/x86_64-linux-gnu/librt-2.19.so
7feaded28000-7feaded29000 r--p 00006000 08:04 132098                     /lib/x86_64-linux-gnu/librt-2.19.so
7feaded29000-7feaded2a000 rw-p 00007000 08:04 132098                     /lib/x86_64-linux-gnu/librt-2.19.so
7feaded2a000-7feadee2f000 r-xp 00000000 08:04 132084                     /lib/x86_64-linux-gnu/libm-2.19.so
7feadee2f000-7feadf02e000 ---p 00105000 08:04 132084                     /lib/x86_64-linux-gnu/libm-2.19.so
7feadf02e000-7feadf02f000 r--p 00104000 08:04 132084                     /lib/x86_64-linux-gnu/libm-2.19.so
7feadf02f000-7feadf030000 rw-p 00105000 08:04 132084                     /lib/x86_64-linux-gnu/libm-2.19.so
7feadf030000-7feadfcfb000 r-xp 00000000 08:04 4330071                    /usr/lib/jvm/java-8-oracle/jre/lib/amd64/server/libjvm.so
7feadfcfb000-7feadfefa000 ---p 00ccb000 08:04 4330071                    /usr/lib/jvm/java-8-oracle/jre/lib/amd64/server/libjvm.so
7feadfefa000-7feadffd3000 rw-p 00cca000 08:04 4330071                    /usr/lib/jvm/java-8-oracle/jre/lib/amd64/server/libjvm.so
7feadffd3000-7feae001e000 rw-p 00000000 00:00 0 
7feae001e000-7feae01d8000 r-xp 00000000 08:04 132099                     /lib/x86_64-linux-gnu/libc-2.19.so
7feae01d8000-7feae03d8000 ---p 001ba000 08:04 132099                     /lib/x86_64-linux-gnu/libc-2.19.so
7feae03d8000-7feae03dc000 r--p 001ba000 08:04 132099                     /lib/x86_64-linux-gnu/libc-2.19.so
7feae03dc000-7feae03de000 rw-p 001be000 08:04 132099                     /lib/x86_64-linux-gnu/libc-2.19.so
7feae03de000-7feae03e3000 rw-p 00000000 00:00 0 
7feae03e3000-7feae03e6000 r-xp 00000000 08:04 132086                     /lib/x86_64-linux-gnu/libdl-2.19.so
7feae03e6000-7feae05e5000 ---p 00003000 08:04 132086                     /lib/x86_64-linux-gnu/libdl-2.19.so
7feae05e5000-7feae05e6000 r--p 00002000 08:04 132086                     /lib/x86_64-linux-gnu/libdl-2.19.so
7feae05e6000-7feae05e7000 rw-p 00003000 08:04 132086                     /lib/x86_64-linux-gnu/libdl-2.19.so
7feae05e7000-7feae05fc000 r-xp 00000000 08:04 4456738                    /usr/lib/jvm/java-8-oracle/jre/lib/amd64/jli/libjli.so
7feae05fc000-7feae07fc000 ---p 00015000 08:04 4456738                    /usr/lib/jvm/java-8-oracle/jre/lib/amd64/jli/libjli.so
7feae07fc000-7feae07fd000 rw-p 00015000 08:04 4456738                    /usr/lib/jvm/java-8-oracle/jre/lib/amd64/jli/libjli.so
7feae07fd000-7feae0816000 r-xp 00000000 08:04 132091                     /lib/x86_64-linux-gnu/libpthread-2.19.so
7feae0816000-7feae0a15000 ---p 00019000 08:04 132091                     /lib/x86_64-linux-gnu/libpthread-2.19.so
7feae0a15000-7feae0a16000 r--p 00018000 08:04 132091                     /lib/x86_64-linux-gnu/libpthread-2.19.so
7feae0a16000-7feae0a17000 rw-p 00019000 08:04 132091                     /lib/x86_64-linux-gnu/libpthread-2.19.so
7feae0a17000-7feae0a1b000 rw-p 00000000 00:00 0 
7feae0a1b000-7feae0a3e000 r-xp 00000000 08:04 132092                     /lib/x86_64-linux-gnu/ld-2.19.so
7feae0b15000-7feae0b18000 ---p 00000000 00:00 0 
7feae0b18000-7feae0c1a000 rw-p 00000000 00:00 0                          [stack:3126]
7feae0c2e000-7feae0c31000 rw-p 00000000 00:00 0 
7feae0c31000-7feae0c39000 rw-s 00000000 08:04 3673656                    /tmp/hsperfdata_hema/3125
7feae0c39000-7feae0c3a000 rw-p 00000000 00:00 0 
7feae0c3a000-7feae0c3b000 r--p 00000000 00:00 0 
7feae0c3b000-7feae0c3d000 rw-p 00000000 00:00 0 
7feae0c3d000-7feae0c3e000 r--p 00022000 08:04 132092                     /lib/x86_64-linux-gnu/ld-2.19.so
7feae0c3e000-7feae0c3f000 rw-p 00023000 08:04 132092                     /lib/x86_64-linux-gnu/ld-2.19.so
7feae0c3f000-7feae0c40000 rw-p 00000000 00:00 0 
7ffe96a8e000-7ffe96aaf000 rw-p 00000000 00:00 0                          [stack]
7ffe96b84000-7ffe96b86000 r--p 00000000 00:00 0                          [vvar]
7ffe96b86000-7ffe96b88000 r-xp 00000000 00:00 0                          [vdso]
ffffffffff600000-ffffffffff601000 r-xp 00000000 00:00 0                  [vsyscall]

VM Arguments:
jvm_args: -Xmx65536M 
java_command: jaligner.jar dataa.fasta dataa1.fasta BLOSUM62 2 4
java_class_path (initial): jaligner.jar
Launcher Type: SUN_STANDARD

Environment Variables:
PATH=/home/hema/.local/bin:/home/hema/bin:/usr/local/sbin:/usr/local/bin:/usr/sbin:/usr/bin:/sbin:/bin:/usr/games:/usr/local/games:/home/hema/Downloads/swps3-linux64-sse2-current
LD_LIBRARY_PATH=:/home/hema/Downloads/tbb/tbb44_20160316oss/build/linux_intel64_gcc_cc4.8_libc2.19_kernel3.19.0_debug
SHELL=/bin/bash
DISPLAY=:0

Signal Handlers:
SIGSEGV: [libjvm.so+0xac4790], sa_mask[0]=11111111011111111101111111111110, sa_flags=SA_RESTART|SA_SIGINFO
SIGBUS: [libjvm.so+0xac4790], sa_mask[0]=11111111011111111101111111111110, sa_flags=SA_RESTART|SA_SIGINFO
SIGFPE: [libjvm.so+0x91f140], sa_mask[0]=11111111011111111101111111111110, sa_flags=SA_RESTART|SA_SIGINFO
SIGPIPE: [libjvm.so+0x91f140], sa_mask[0]=11111111011111111101111111111110, sa_flags=SA_RESTART|SA_SIGINFO
SIGXFSZ: [libjvm.so+0x91f140], sa_mask[0]=11111111011111111101111111111110, sa_flags=SA_RESTART|SA_SIGINFO
SIGILL: [libjvm.so+0x91f140], sa_mask[0]=11111111011111111101111111111110, sa_flags=SA_RESTART|SA_SIGINFO
SIGUSR1: SIG_DFL, sa_mask[0]=00000000000000000000000000000000, sa_flags=none
SIGUSR2: [libjvm.so+0x920770], sa_mask[0]=00000000000000000000000000000000, sa_flags=SA_RESTART|SA_SIGINFO
SIGHUP: SIG_DFL, sa_mask[0]=00000000000000000000000000000000, sa_flags=none
SIGINT: SIG_DFL, sa_mask[0]=00000000000000000000000000000000, sa_flags=none
SIGTERM: SIG_DFL, sa_mask[0]=00000000000000000000000000000000, sa_flags=none
SIGQUIT: SIG_DFL, sa_mask[0]=00000000000000000000000000000000, sa_flags=none


---------------  S Y S T E M  ---------------

OS:DISTRIB_ID=Ubuntu
DISTRIB_RELEASE=14.04
DISTRIB_CODENAME=trusty
DISTRIB_DESCRIPTION="Ubuntu 14.04.4 LTS"

uname:Linux 3.19.0-51-generic #58~14.04.1-Ubuntu SMP Fri Feb 26 22:02:58 UTC 2016 x86_64
libc:glibc 2.19 NPTL 2.19 
rlimit: STACK 8192k, CORE 0k, NPROC 14670, NOFILE 4096, AS infinity
load average:0.08 0.18 0.18

/proc/meminfo:
MemTotal:        3777016 kB
MemFree:         1473812 kB
MemAvailable:    1801532 kB
Buffers:           49300 kB
Cached:           743332 kB
SwapCached:            0 kB
Active:          1647332 kB
Inactive:         490840 kB
Active(anon):    1349076 kB
Inactive(anon):   313796 kB
Active(file):     298256 kB
Inactive(file):   177044 kB
Unevictable:          80 kB
Mlocked:              80 kB
SwapTotal:             0 kB
SwapFree:              0 kB
Dirty:               140 kB
Writeback:             0 kB
AnonPages:       1345708 kB
Mapped:           404468 kB
Shmem:            317324 kB
Slab:              75364 kB
SReclaimable:      42712 kB
SUnreclaim:        32652 kB
KernelStack:        7920 kB
PageTables:        40184 kB
NFS_Unstable:          0 kB
Bounce:                0 kB
WritebackTmp:          0 kB
CommitLimit:     1888508 kB
Committed_AS:    5564928 kB
VmallocTotal:   34359738367 kB
VmallocUsed:      617548 kB
VmallocChunk:   34359063676 kB
HardwareCorrupted:     0 kB
AnonHugePages:    182272 kB
CmaTotal:              0 kB
CmaFree:               0 kB
HugePages_Total:       0
HugePages_Free:        0
HugePages_Rsvd:        0
HugePages_Surp:        0
Hugepagesize:       2048 kB
DirectMap4k:      119372 kB
DirectMap2M:     3803136 kB
DirectMap1G:     1048576 kB


CPU:total 4 (2 cores per cpu, 2 threads per core) family 6 model 61 stepping 4, cmov, cx8, fxsr, mmx, sse, sse2, sse3, ssse3, sse4.1, sse4.2, popcnt, avx, avx2, aes, clmul, erms, 3dnowpref, lzcnt, ht, tsc, tscinvbit, bmi1, bmi2, adx

/proc/cpuinfo:
processor	: 0
vendor_id	: GenuineIntel
cpu family	: 6
model		: 61
model name	: Intel(R) Core(TM) i5-5200U CPU @ 2.20GHz
stepping	: 4
microcode	: 0x16
cpu MHz		: 799.992
cache size	: 3072 KB
physical id	: 0
siblings	: 4
core id		: 0
cpu cores	: 2
apicid		: 0
initial apicid	: 0
fpu		: yes
fpu_exception	: yes
cpuid level	: 20
wp		: yes
flags		: fpu vme de pse tsc msr pae mce cx8 apic sep mtrr pge mca cmov pat pse36 clflush dts acpi mmx fxsr sse sse2 ss ht tm pbe syscall nx pdpe1gb rdtscp lm constant_tsc arch_perfmon pebs bts rep_good nopl xtopology nonstop_tsc aperfmperf eagerfpu pni pclmulqdq dtes64 monitor ds_cpl vmx est tm2 ssse3 fma cx16 xtpr pdcm pcid sse4_1 sse4_2 x2apic movbe popcnt tsc_deadline_timer aes xsave avx f16c rdrand lahf_lm abm 3dnowprefetch ida arat epb pln pts dtherm tpr_shadow vnmi flexpriority ept vpid fsgsbase tsc_adjust bmi1 avx2 smep bmi2 erms invpcid rdseed adx smap xsaveopt
bugs		:
bogomips	: 4389.98
clflush size	: 64
cache_alignment	: 64
address sizes	: 39 bits physical, 48 bits virtual
power management:

processor	: 1
vendor_id	: GenuineIntel
cpu family	: 6
model		: 61
model name	: Intel(R) Core(TM) i5-5200U CPU @ 2.20GHz
stepping	: 4
microcode	: 0x16
cpu MHz		: 814.515
cache size	: 3072 KB
physical id	: 0
siblings	: 4
core id		: 0
cpu cores	: 2
apicid		: 1
initial apicid	: 1
fpu		: yes
fpu_exception	: yes
cpuid level	: 20
wp		: yes
flags		: fpu vme de pse tsc msr pae mce cx8 apic sep mtrr pge mca cmov pat pse36 clflush dts acpi mmx fxsr sse sse2 ss ht tm pbe syscall nx pdpe1gb rdtscp lm constant_tsc arch_perfmon pebs bts rep_good nopl xtopology nonstop_tsc aperfmperf eagerfpu pni pclmulqdq dtes64 monitor ds_cpl vmx est tm2 ssse3 fma cx16 xtpr pdcm pcid sse4_1 sse4_2 x2apic movbe popcnt tsc_deadline_timer aes xsave avx f16c rdrand lahf_lm abm 3dnowprefetch ida arat epb pln pts dtherm tpr_shadow vnmi flexpriority ept vpid fsgsbase tsc_adjust bmi1 avx2 smep bmi2 erms invpcid rdseed adx smap xsaveopt
bugs		:
bogomips	: 4389.98
clflush size	: 64
cache_alignment	: 64
address sizes	: 39 bits physical, 48 bits virtual
power management:

processor	: 2
vendor_id	: GenuineIntel
cpu family	: 6
model		: 61
model name	: Intel(R) Core(TM) i5-5200U CPU @ 2.20GHz
stepping	: 4
microcode	: 0x16
cpu MHz		: 929.328
cache size	: 3072 KB
physical id	: 0
siblings	: 4
core id		: 1
cpu cores	: 2
apicid		: 2
initial apicid	: 2
fpu		: yes
fpu_exception	: yes
cpuid level	: 20
wp		: yes
flags		: fpu vme de pse tsc msr pae mce cx8 apic sep mtrr pge mca cmov pat pse36 clflush dts acpi mmx fxsr sse sse2 ss ht tm pbe syscall nx pdpe1gb rdtscp lm constant_tsc arch_perfmon pebs bts rep_good nopl xtopology nonstop_tsc aperfmperf eagerfpu pni pclmulqdq dtes64 monitor ds_cpl vmx est tm2 ssse3 fma cx16 xtpr pdcm pcid sse4_1 sse4_2 x2apic movbe popcnt tsc_deadline_timer aes xsave avx f16c rdrand lahf_lm abm 3dnowprefetch ida arat epb pln pts dtherm tpr_shadow vnmi flexpriority ept vpid fsgsbase tsc_adjust bmi1 avx2 smep bmi2 erms invpcid rdseed adx smap xsaveopt
bugs		:
bogomips	: 4389.98
clflush size	: 64
cache_alignment	: 64
address sizes	: 39 bits physical, 48 bits virtual
power management:

processor	: 3
vendor_id	: GenuineIntel
cpu family	: 6
model		: 61
model name	: Intel(R) Core(TM) i5-5200U CPU @ 2.20GHz
stepping	: 4
microcode	: 0x16
cpu MHz		: 1787.414
cache size	: 3072 KB
physical id	: 0
siblings	: 4
core id		: 1
cpu cores	: 2
apicid		: 3
initial apicid	: 3
fpu		: yes
fpu_exception	: yes
cpuid level	: 20
wp		: yes
flags		: fpu vme de pse tsc msr pae mce cx8 apic sep mtrr pge mca cmov pat pse36 clflush dts acpi mmx fxsr sse sse2 ss ht tm pbe syscall nx pdpe1gb rdtscp lm constant_tsc arch_perfmon pebs bts rep_good nopl xtopology nonstop_tsc aperfmperf eagerfpu pni pclmulqdq dtes64 monitor ds_cpl vmx est tm2 ssse3 fma cx16 xtpr pdcm pcid sse4_1 sse4_2 x2apic movbe popcnt tsc_deadline_timer aes xsave avx f16c rdrand lahf_lm abm 3dnowprefetch ida arat epb pln pts dtherm tpr_shadow vnmi flexpriority ept vpid fsgsbase tsc_adjust bmi1 avx2 smep bmi2 erms invpcid rdseed adx smap xsaveopt
bugs		:
bogomips	: 4389.98
clflush size	: 64
cache_alignment	: 64
address sizes	: 39 bits physical, 48 bits virtual
power management:



Memory: 4k page, physical 3777016k(1473812k free), swap 0k(0k free)

vm_info: Java HotSpot(TM) 64-Bit Server VM (25.101-b13) for linux-amd64 JRE (1.8.0_101-b13), built on Jun 22 2016 02:59:44 by "java_re" with gcc 4.3.0 20080428 (Red Hat 4.3.0-8)

time: Sun Sep 25 21:05:53 2016
elapsed time: 0 seconds (0d 0h 0m 0s)

