#
# There is insufficient memory for the Java Runtime Environment to continue.
# Native memory allocation (mmap) failed to map 933756928 bytes for committing reserved memory.
# Possible reasons:
#   The system is out of physical RAM or swap space
#   In 32 bit mode, the process size limit was hit
# Possible solutions:
#   Reduce memory load on the system
#   Increase physical memory or swap space
#   Check if swap backing store is full
#   Use 64 bit Java on a 64 bit OS
#   Decrease Java heap size (-Xmx/-Xms)
#   Decrease number of Java threads
#   Decrease Java thread stack sizes (-Xss)
#   Set larger code cache with -XX:ReservedCodeCacheSize=
# This output file may be truncated or incomplete.
#
#  Out of Memory Error (os_linux.cpp:2627), pid=4811, tid=0x00007f7be6ece700
#
# JRE version: Java(TM) SE Runtime Environment (8.0_101-b13) (build 1.8.0_101-b13)
# Java VM: Java HotSpot(TM) 64-Bit Server VM (25.101-b13 mixed mode linux-amd64 compressed oops)
# Failed to write core dump. Core dumps have been disabled. To enable core dumping, try "ulimit -c unlimited" before starting Java again
#

---------------  T H R E A D  ---------------

Current thread (0x00007f7be0009800):  JavaThread "main" [_thread_in_vm, id=4812, stack(0x00007f7be6dce000,0x00007f7be6ecf000)]

Stack: [0x00007f7be6dce000,0x00007f7be6ecf000],  sp=0x00007f7be6ecd250,  free space=1020k
Native frames: (J=compiled Java code, j=interpreted, Vv=VM code, C=native code)
V  [libjvm.so+0xac3f0a]  VMError::report_and_die()+0x2ba
V  [libjvm.so+0x4fbf9b]  report_vm_out_of_memory(char const*, int, unsigned long, VMErrorType, char const*)+0x8b
V  [libjvm.so+0x9222d3]  os::Linux::commit_memory_impl(char*, unsigned long, bool)+0x103
V  [libjvm.so+0x922829]  os::pd_commit_memory(char*, unsigned long, unsigned long, bool)+0x29
V  [libjvm.so+0x91cb2a]  os::commit_memory(char*, unsigned long, unsigned long, bool)+0x2a
V  [libjvm.so+0x991053]  PSVirtualSpace::expand_by(unsigned long)+0x53
V  [libjvm.so+0x981920]  PSOldGen::expand(unsigned long)+0x170
V  [libjvm.so+0x981bda]  PSOldGen::expand_and_allocate(unsigned long)+0x1a
V  [libjvm.so+0x981cfb]  PSOldGen::allocate(unsigned long)+0xcb
V  [libjvm.so+0x945c7e]  ParallelScavengeHeap::mem_allocate(unsigned long, bool*)+0xfe
V  [libjvm.so+0xa89f8e]  TypeArrayKlass::allocate_common(int, bool, Thread*)+0x26e
V  [libjvm.so+0x682cda]  InterpreterRuntime::newarray(JavaThread*, BasicType, int)+0x2a
j  jaligner.SmithWatermanGotoh.align(Ljaligner/Sequence;Ljaligner/Sequence;Ljaligner/matrix/Matrix;FF)Ljaligner/Alignment;+121
j  jaligner.ui.AlignCommandLine.main([Ljava/lang/String;)V+104
v  ~StubRoutines::call_stub
V  [libjvm.so+0x68f6b6]  JavaCalls::call_helper(JavaValue*, methodHandle*, JavaCallArguments*, Thread*)+0x1056
V  [libjvm.so+0x6d0d42]  jni_invoke_static(JNIEnv_*, JavaValue*, _jobject*, JNICallType, _jmethodID*, JNI_ArgumentPusher*, Thread*)+0x362
V  [libjvm.so+0x6ed5aa]  jni_CallStaticVoidMethod+0x17a
C  [libjli.so+0x7bdf]  JavaMain+0x81f
C  [libpthread.so.0+0x8184]  start_thread+0xc4

Java frames: (J=compiled Java code, j=interpreted, Vv=VM code)
j  jaligner.SmithWatermanGotoh.align(Ljaligner/Sequence;Ljaligner/Sequence;Ljaligner/matrix/Matrix;FF)Ljaligner/Alignment;+121
j  jaligner.ui.AlignCommandLine.main([Ljava/lang/String;)V+104
v  ~StubRoutines::call_stub

---------------  P R O C E S S  ---------------

Java Threads: ( => current thread )
  0x00007f7be0190800 JavaThread "Service Thread" daemon [_thread_blocked, id=4824, stack(0x00007f7bc4813000,0x00007f7bc4914000)]
  0x00007f7be0185800 JavaThread "C1 CompilerThread2" daemon [_thread_blocked, id=4823, stack(0x00007f7bc4914000,0x00007f7bc4a15000)]
  0x00007f7be0183800 JavaThread "C2 CompilerThread1" daemon [_thread_blocked, id=4822, stack(0x00007f7bc4a15000,0x00007f7bc4b16000)]
  0x00007f7be0180800 JavaThread "C2 CompilerThread0" daemon [_thread_blocked, id=4821, stack(0x00007f7bc4b16000,0x00007f7bc4c17000)]
  0x00007f7be017f000 JavaThread "Signal Dispatcher" daemon [_thread_blocked, id=4820, stack(0x00007f7bc4c17000,0x00007f7bc4d18000)]
  0x00007f7be014b000 JavaThread "Finalizer" daemon [_thread_blocked, id=4819, stack(0x00007f7bc556a000,0x00007f7bc566b000)]
  0x00007f7be0146800 JavaThread "Reference Handler" daemon [_thread_blocked, id=4818, stack(0x00007f7bc566b000,0x00007f7bc576c000)]
=>0x00007f7be0009800 JavaThread "main" [_thread_in_vm, id=4812, stack(0x00007f7be6dce000,0x00007f7be6ecf000)]

Other Threads:
  0x00007f7be013e800 VMThread [stack: 0x00007f7bc576c000,0x00007f7bc586d000] [id=4817]
  0x00007f7be0193800 WatcherThread [stack: 0x00007f7bc4712000,0x00007f7bc4813000] [id=4825]

VM state:not at safepoint (normal execution)

VM Mutex/Monitor currently owned by a thread:  ([mutex/lock_event])
[0x00007f7be0005800] ExpandHeap_lock - owner thread: 0x00007f7be0009800
[0x00007f7be0006380] Heap_lock - owner thread: 0x00007f7be0009800

Heap:
 PSYoungGen      total 17408K, used 2511K [0x000000076ab00000, 0x000000076be00000, 0x00000007c0000000)
  eden space 15360K, 16% used [0x000000076ab00000,0x000000076ad73c48,0x000000076ba00000)
  from space 2048K, 0% used [0x000000076bc00000,0x000000076bc00000,0x000000076be00000)
  to   space 2048K, 0% used [0x000000076ba00000,0x000000076ba00000,0x000000076bc00000)
 ParOldGen       total 1408000K, used 1367045K [0x00000006c0000000, 0x0000000715f00000, 0x000000076ab00000)
  object space 1408000K, 97% used [0x00000006c0000000,0x0000000713701728,0x0000000715f00000)
 Metaspace       used 3921K, capacity 4640K, committed 4864K, reserved 1056768K
  class space    used 438K, capacity 464K, committed 512K, reserved 1048576K

Card table byte_map: [0x00007f7bd0224000,0x00007f7bd0a25000] byte_map_base: 0x00007f7bccc24000

Marking Bits: (ParMarkBitMap*) 0x00007f7be62aa120
 Begin Bits: [0x00007f7bc79cb000, 0x00007f7bcb9cb000)
 End Bits:   [0x00007f7bcb9cb000, 0x00007f7bcf9cb000)

Polling page: 0x00007f7be6ef3000

CodeCache: size=245760Kb used=1297Kb max_used=1312Kb free=244462Kb
 bounds [0x00007f7bd0de5000, 0x00007f7bd1055000, 0x00007f7bdfde5000]
 total_blobs=357 nmethods=97 adapters=174
 compilation: enabled

Compilation events (10 events):
Event: 0,141 Thread 0x00007f7be0185800 nmethod 95 0x00007f7bd0f22c50 code [0x00007f7bd0f23080, 0x00007f7bd0f25298]
Event: 0,141 Thread 0x00007f7be0185800   92       3       sun.misc.FloatingDecimal::parseFloat (10 bytes)
Event: 0,142 Thread 0x00007f7be0185800 nmethod 92 0x00007f7bd0f26a90 code [0x00007f7bd0f26c00, 0x00007f7bd0f26e38]
Event: 0,142 Thread 0x00007f7be0185800   94       3       sun.misc.FloatingDecimal$ASCIIToBinaryBuffer::<init> (26 bytes)
Event: 0,142 Thread 0x00007f7be0185800 nmethod 94 0x00007f7bd0f26f10 code [0x00007f7bd0f27080, 0x00007f7bd0f27250]
Event: 0,142 Thread 0x00007f7be0185800   97       3       java.util.Formatter$Flags::contains (22 bytes)
Event: 0,142 Thread 0x00007f7be0185800 nmethod 97 0x00007f7bd0f27310 code [0x00007f7bd0f27480, 0x00007f7bd0f27690]
Event: 0,142 Thread 0x00007f7be0185800   96       3       java.util.regex.Pattern$BmpCharProperty::match (50 bytes)
Event: 0,143 Thread 0x00007f7be0185800 nmethod 96 0x00007f7bd0f27750 code [0x00007f7bd0f278e0, 0x00007f7bd0f27d88]
Event: 0,152 Thread 0x00007f7be0183800 nmethod 80% 0x00007f7bd0f2bd10 code [0x00007f7bd0f2bf00, 0x00007f7bd0f2d0e0]

GC Heap History (0 events):
No events

Deoptimization events (2 events):
Event: 0,116 Thread 0x00007f7be0009800 Uncommon trap: reason=unstable_if action=reinterpret pc=0x00007f7bd0f12f78 method=java.lang.CharacterDataLatin1.toUpperCaseEx(I)I @ 12
Event: 0,116 Thread 0x00007f7be0009800 Uncommon trap: reason=unstable_if action=reinterpret pc=0x00007f7bd0f12cb0 method=java.lang.CharacterDataLatin1.toUpperCaseEx(I)I @ 12

Internal exceptions (6 events):
Event: 0,027 Thread 0x00007f7be0009800 Exception <a 'java/lang/NoSuchMethodError': Method sun.misc.Unsafe.defineClass(Ljava/lang/String;[BII)Ljava/lang/Class; name or signature does not match> (0x000000076ab07cc0) thrown at [/HUDSON3/workspace/8-2-build-linux-amd64/jdk8u101/7261/hotspot/src/sh
Event: 0,027 Thread 0x00007f7be0009800 Exception <a 'java/lang/NoSuchMethodError': Method sun.misc.Unsafe.prefetchRead(Ljava/lang/Object;J)V name or signature does not match> (0x000000076ab07fa8) thrown at [/HUDSON3/workspace/8-2-build-linux-amd64/jdk8u101/7261/hotspot/src/share/vm/prims/jni.c
Event: 0,072 Thread 0x00007f7be0009800 Exception <a 'java/security/PrivilegedActionException'> (0x000000076ab904c0) thrown at [/HUDSON3/workspace/8-2-build-linux-amd64/jdk8u101/7261/hotspot/src/share/vm/prims/jvm.cpp, line 1386]
Event: 0,072 Thread 0x00007f7be0009800 Exception <a 'java/security/PrivilegedActionException'> (0x000000076ab906d0) thrown at [/HUDSON3/workspace/8-2-build-linux-amd64/jdk8u101/7261/hotspot/src/share/vm/prims/jvm.cpp, line 1386]
Event: 0,073 Thread 0x00007f7be0009800 Exception <a 'java/security/PrivilegedActionException'> (0x000000076ab92b10) thrown at [/HUDSON3/workspace/8-2-build-linux-amd64/jdk8u101/7261/hotspot/src/share/vm/prims/jvm.cpp, line 1386]
Event: 0,073 Thread 0x00007f7be0009800 Exception <a 'java/security/PrivilegedActionException'> (0x000000076ab92d20) thrown at [/HUDSON3/workspace/8-2-build-linux-amd64/jdk8u101/7261/hotspot/src/share/vm/prims/jvm.cpp, line 1386]

Events (10 events):
Event: 0,116 Thread 0x00007f7be0009800 Uncommon trap: trap_request=0xffffff65 fr.pc=0x00007f7bd0f12f78
Event: 0,116 Thread 0x00007f7be0009800 DEOPT PACKING pc=0x00007f7bd0f12f78 sp=0x00007f7be6ecd030
Event: 0,116 Thread 0x00007f7be0009800 DEOPT UNPACKING pc=0x00007f7bd0dea229 sp=0x00007f7be6eccf80 mode 2
Event: 0,116 Thread 0x00007f7be0009800 Uncommon trap: trap_request=0xffffff65 fr.pc=0x00007f7bd0f12cb0
Event: 0,116 Thread 0x00007f7be0009800 DEOPT PACKING pc=0x00007f7bd0f12cb0 sp=0x00007f7be6eccfd0
Event: 0,116 Thread 0x00007f7be0009800 DEOPT UNPACKING pc=0x00007f7bd0dea229 sp=0x00007f7be6eccf80 mode 2
Event: 0,121 loading class jaligner/matrix/Matrix
Event: 0,121 loading class jaligner/matrix/Matrix done
Event: 0,122 loading class jaligner/SmithWatermanGotoh
Event: 0,122 loading class jaligner/SmithWatermanGotoh done


Dynamic libraries:
00400000-00401000 r-xp 00000000 08:04 3413512                            /usr/lib/jvm/java-8-oracle/jre/bin/java
00600000-00601000 rw-p 00000000 08:04 3413512                            /usr/lib/jvm/java-8-oracle/jre/bin/java
01be5000-01c06000 rw-p 00000000 00:00 0                                  [heap]
6c0000000-715f00000 rw-p 00000000 00:00 0 
74d980000-76ab00000 ---p 00000000 00:00 0 
76ab00000-76be00000 rw-p 00000000 00:00 0 
76be00000-7c0000000 ---p 00000000 00:00 0 
7c0000000-7c0080000 rw-p 00000000 00:00 0 
7c0080000-800000000 ---p 00000000 00:00 0 
7f7b88000000-7f7b88021000 rw-p 00000000 00:00 0 
7f7b88021000-7f7b8c000000 ---p 00000000 00:00 0 
7f7b8c000000-7f7b8c021000 rw-p 00000000 00:00 0 
7f7b8c021000-7f7b90000000 ---p 00000000 00:00 0 
7f7b90000000-7f7b90203000 rw-p 00000000 00:00 0 
7f7b90203000-7f7b94000000 ---p 00000000 00:00 0 
7f7b94000000-7f7b94167000 rw-p 00000000 00:00 0 
7f7b94167000-7f7b98000000 ---p 00000000 00:00 0 
7f7b98000000-7f7b98021000 rw-p 00000000 00:00 0 
7f7b98021000-7f7b9c000000 ---p 00000000 00:00 0 
7f7b9c000000-7f7b9c072000 rw-p 00000000 00:00 0 
7f7b9c072000-7f7ba0000000 ---p 00000000 00:00 0 
7f7ba0000000-7f7ba0021000 rw-p 00000000 00:00 0 
7f7ba0021000-7f7ba4000000 ---p 00000000 00:00 0 
7f7ba4000000-7f7ba4021000 rw-p 00000000 00:00 0 
7f7ba4021000-7f7ba8000000 ---p 00000000 00:00 0 
7f7ba8000000-7f7ba8021000 rw-p 00000000 00:00 0 
7f7ba8021000-7f7bac000000 ---p 00000000 00:00 0 
7f7bac000000-7f7bac021000 rw-p 00000000 00:00 0 
7f7bac021000-7f7bb0000000 ---p 00000000 00:00 0 
7f7bb0000000-7f7bb0021000 rw-p 00000000 00:00 0 
7f7bb0021000-7f7bb4000000 ---p 00000000 00:00 0 
7f7bb8000000-7f7bb8021000 rw-p 00000000 00:00 0 
7f7bb8021000-7f7bbc000000 ---p 00000000 00:00 0 
7f7bc0000000-7f7bc0021000 rw-p 00000000 00:00 0 
7f7bc0021000-7f7bc4000000 ---p 00000000 00:00 0 
7f7bc448b000-7f7bc4712000 rw-p 00000000 00:00 0 
7f7bc4712000-7f7bc4713000 ---p 00000000 00:00 0 
7f7bc4713000-7f7bc4813000 rw-p 00000000 00:00 0                          [stack:4825]
7f7bc4813000-7f7bc4816000 ---p 00000000 00:00 0 
7f7bc4816000-7f7bc4914000 rw-p 00000000 00:00 0                          [stack:4824]
7f7bc4914000-7f7bc4917000 ---p 00000000 00:00 0 
7f7bc4917000-7f7bc4a15000 rw-p 00000000 00:00 0                          [stack:4823]
7f7bc4a15000-7f7bc4a18000 ---p 00000000 00:00 0 
7f7bc4a18000-7f7bc4b16000 rw-p 00000000 00:00 0                          [stack:4822]
7f7bc4b16000-7f7bc4b19000 ---p 00000000 00:00 0 
7f7bc4b19000-7f7bc4c17000 rw-p 00000000 00:00 0                          [stack:4821]
7f7bc4c17000-7f7bc4c1a000 ---p 00000000 00:00 0 
7f7bc4c1a000-7f7bc4d18000 rw-p 00000000 00:00 0                          [stack:4820]
7f7bc4d18000-7f7bc556a000 r--p 00000000 08:04 1448898                    /usr/lib/locale/locale-archive
7f7bc556a000-7f7bc556d000 ---p 00000000 00:00 0 
7f7bc556d000-7f7bc566b000 rw-p 00000000 00:00 0                          [stack:4819]
7f7bc566b000-7f7bc566e000 ---p 00000000 00:00 0 
7f7bc566e000-7f7bc576c000 rw-p 00000000 00:00 0                          [stack:4818]
7f7bc576c000-7f7bc576d000 ---p 00000000 00:00 0 
7f7bc576d000-7f7bc677c000 rw-p 00000000 00:00 0                          [stack:4817]
7f7bc677c000-7f7bc6955000 r--s 03d29000 08:04 3675567                    /usr/lib/jvm/java-8-oracle/jre/lib/rt.jar
7f7bc6955000-7f7bc6e0b000 rw-p 00000000 00:00 0 
7f7bc6e0b000-7f7bc71cb000 ---p 00000000 00:00 0 
7f7bc71cb000-7f7bcf9cb000 rw-p 00000000 00:00 0 
7f7bcf9cb000-7f7bcf9cc000 ---p 00000000 00:00 0 
7f7bcf9cc000-7f7bcfacc000 rw-p 00000000 00:00 0                          [stack:4816]
7f7bcfacc000-7f7bcfacd000 ---p 00000000 00:00 0 
7f7bcfacd000-7f7bcfbcd000 rw-p 00000000 00:00 0                          [stack:4815]
7f7bcfbcd000-7f7bcfbce000 ---p 00000000 00:00 0 
7f7bcfbce000-7f7bcff7e000 rw-p 00000000 00:00 0                          [stack:4814]
7f7bcff7e000-7f7bd0224000 ---p 00000000 00:00 0 
7f7bd0224000-7f7bd04d4000 rw-p 00000000 00:00 0 
7f7bd04d4000-7f7bd0779000 ---p 00000000 00:00 0 
7f7bd0779000-7f7bd0783000 rw-p 00000000 00:00 0 
7f7bd0783000-7f7bd0a24000 ---p 00000000 00:00 0 
7f7bd0a24000-7f7bd0a2f000 rw-p 00000000 00:00 0 
7f7bd0a2f000-7f7bd0de5000 ---p 00000000 00:00 0 
7f7bd0de5000-7f7bd1055000 rwxp 00000000 00:00 0 
7f7bd1055000-7f7bdfde5000 ---p 00000000 00:00 0 
7f7bdfde5000-7f7bdfdff000 r-xp 00000000 08:04 4199092                    /usr/lib/jvm/java-8-oracle/jre/lib/amd64/libzip.so
7f7bdfdff000-7f7bdffff000 ---p 0001a000 08:04 4199092                    /usr/lib/jvm/java-8-oracle/jre/lib/amd64/libzip.so
7f7bdffff000-7f7be0000000 rw-p 0001a000 08:04 4199092                    /usr/lib/jvm/java-8-oracle/jre/lib/amd64/libzip.so
7f7be0000000-7f7be0230000 rw-p 00000000 00:00 0 
7f7be0230000-7f7be4000000 ---p 00000000 00:00 0 
7f7be4015000-7f7be4064000 rw-p 00000000 00:00 0 
7f7be4064000-7f7be4065000 ---p 00000000 00:00 0 
7f7be4065000-7f7be4165000 rw-p 00000000 00:00 0                          [stack:4813]
7f7be4165000-7f7be416f000 r-xp 00000000 08:04 132102                     /lib/x86_64-linux-gnu/libnss_files-2.19.so
7f7be416f000-7f7be436e000 ---p 0000a000 08:04 132102                     /lib/x86_64-linux-gnu/libnss_files-2.19.so
7f7be436e000-7f7be436f000 r--p 00009000 08:04 132102                     /lib/x86_64-linux-gnu/libnss_files-2.19.so
7f7be436f000-7f7be4370000 rw-p 0000a000 08:04 132102                     /lib/x86_64-linux-gnu/libnss_files-2.19.so
7f7be4370000-7f7be437b000 r-xp 00000000 08:04 132094                     /lib/x86_64-linux-gnu/libnss_nis-2.19.so
7f7be437b000-7f7be457a000 ---p 0000b000 08:04 132094                     /lib/x86_64-linux-gnu/libnss_nis-2.19.so
7f7be457a000-7f7be457b000 r--p 0000a000 08:04 132094                     /lib/x86_64-linux-gnu/libnss_nis-2.19.so
7f7be457b000-7f7be457c000 rw-p 0000b000 08:04 132094                     /lib/x86_64-linux-gnu/libnss_nis-2.19.so
7f7be457c000-7f7be4593000 r-xp 00000000 08:04 132090                     /lib/x86_64-linux-gnu/libnsl-2.19.so
7f7be4593000-7f7be4792000 ---p 00017000 08:04 132090                     /lib/x86_64-linux-gnu/libnsl-2.19.so
7f7be4792000-7f7be4793000 r--p 00016000 08:04 132090                     /lib/x86_64-linux-gnu/libnsl-2.19.so
7f7be4793000-7f7be4794000 rw-p 00017000 08:04 132090                     /lib/x86_64-linux-gnu/libnsl-2.19.so
7f7be4794000-7f7be4796000 rw-p 00000000 00:00 0 
7f7be4796000-7f7be479f000 r-xp 00000000 08:04 132089                     /lib/x86_64-linux-gnu/libnss_compat-2.19.so
7f7be479f000-7f7be499e000 ---p 00009000 08:04 132089                     /lib/x86_64-linux-gnu/libnss_compat-2.19.so
7f7be499e000-7f7be499f000 r--p 00008000 08:04 132089                     /lib/x86_64-linux-gnu/libnss_compat-2.19.so
7f7be499f000-7f7be49a0000 rw-p 00009000 08:04 132089                     /lib/x86_64-linux-gnu/libnss_compat-2.19.so
7f7be49a0000-7f7be49ca000 r-xp 00000000 08:04 4199199                    /usr/lib/jvm/java-8-oracle/jre/lib/amd64/libjava.so
7f7be49ca000-7f7be4bca000 ---p 0002a000 08:04 4199199                    /usr/lib/jvm/java-8-oracle/jre/lib/amd64/libjava.so
7f7be4bca000-7f7be4bcc000 rw-p 0002a000 08:04 4199199                    /usr/lib/jvm/java-8-oracle/jre/lib/amd64/libjava.so
7f7be4bcc000-7f7be4bd9000 r-xp 00000000 08:04 4199037                    /usr/lib/jvm/java-8-oracle/jre/lib/amd64/libverify.so
7f7be4bd9000-7f7be4dd9000 ---p 0000d000 08:04 4199037                    /usr/lib/jvm/java-8-oracle/jre/lib/amd64/libverify.so
7f7be4dd9000-7f7be4ddb000 rw-p 0000d000 08:04 4199037                    /usr/lib/jvm/java-8-oracle/jre/lib/amd64/libverify.so
7f7be4ddb000-7f7be4de2000 r-xp 00000000 08:04 132098                     /lib/x86_64-linux-gnu/librt-2.19.so
7f7be4de2000-7f7be4fe1000 ---p 00007000 08:04 132098                     /lib/x86_64-linux-gnu/librt-2.19.so
7f7be4fe1000-7f7be4fe2000 r--p 00006000 08:04 132098                     /lib/x86_64-linux-gnu/librt-2.19.so
7f7be4fe2000-7f7be4fe3000 rw-p 00007000 08:04 132098                     /lib/x86_64-linux-gnu/librt-2.19.so
7f7be4fe3000-7f7be50e8000 r-xp 00000000 08:04 132084                     /lib/x86_64-linux-gnu/libm-2.19.so
7f7be50e8000-7f7be52e7000 ---p 00105000 08:04 132084                     /lib/x86_64-linux-gnu/libm-2.19.so
7f7be52e7000-7f7be52e8000 r--p 00104000 08:04 132084                     /lib/x86_64-linux-gnu/libm-2.19.so
7f7be52e8000-7f7be52e9000 rw-p 00105000 08:04 132084                     /lib/x86_64-linux-gnu/libm-2.19.so
7f7be52e9000-7f7be5fb4000 r-xp 00000000 08:04 4330071                    /usr/lib/jvm/java-8-oracle/jre/lib/amd64/server/libjvm.so
7f7be5fb4000-7f7be61b3000 ---p 00ccb000 08:04 4330071                    /usr/lib/jvm/java-8-oracle/jre/lib/amd64/server/libjvm.so
7f7be61b3000-7f7be628c000 rw-p 00cca000 08:04 4330071                    /usr/lib/jvm/java-8-oracle/jre/lib/amd64/server/libjvm.so
7f7be628c000-7f7be62d7000 rw-p 00000000 00:00 0 
7f7be62d7000-7f7be6491000 r-xp 00000000 08:04 132099                     /lib/x86_64-linux-gnu/libc-2.19.so
7f7be6491000-7f7be6691000 ---p 001ba000 08:04 132099                     /lib/x86_64-linux-gnu/libc-2.19.so
7f7be6691000-7f7be6695000 r--p 001ba000 08:04 132099                     /lib/x86_64-linux-gnu/libc-2.19.so
7f7be6695000-7f7be6697000 rw-p 001be000 08:04 132099                     /lib/x86_64-linux-gnu/libc-2.19.so
7f7be6697000-7f7be669c000 rw-p 00000000 00:00 0 
7f7be669c000-7f7be669f000 r-xp 00000000 08:04 132086                     /lib/x86_64-linux-gnu/libdl-2.19.so
7f7be669f000-7f7be689e000 ---p 00003000 08:04 132086                     /lib/x86_64-linux-gnu/libdl-2.19.so
7f7be689e000-7f7be689f000 r--p 00002000 08:04 132086                     /lib/x86_64-linux-gnu/libdl-2.19.so
7f7be689f000-7f7be68a0000 rw-p 00003000 08:04 132086                     /lib/x86_64-linux-gnu/libdl-2.19.so
7f7be68a0000-7f7be68b5000 r-xp 00000000 08:04 4456738                    /usr/lib/jvm/java-8-oracle/jre/lib/amd64/jli/libjli.so
7f7be68b5000-7f7be6ab5000 ---p 00015000 08:04 4456738                    /usr/lib/jvm/java-8-oracle/jre/lib/amd64/jli/libjli.so
7f7be6ab5000-7f7be6ab6000 rw-p 00015000 08:04 4456738                    /usr/lib/jvm/java-8-oracle/jre/lib/amd64/jli/libjli.so
7f7be6ab6000-7f7be6acf000 r-xp 00000000 08:04 132091                     /lib/x86_64-linux-gnu/libpthread-2.19.so
7f7be6acf000-7f7be6cce000 ---p 00019000 08:04 132091                     /lib/x86_64-linux-gnu/libpthread-2.19.so
7f7be6cce000-7f7be6ccf000 r--p 00018000 08:04 132091                     /lib/x86_64-linux-gnu/libpthread-2.19.so
7f7be6ccf000-7f7be6cd0000 rw-p 00019000 08:04 132091                     /lib/x86_64-linux-gnu/libpthread-2.19.so
7f7be6cd0000-7f7be6cd4000 rw-p 00000000 00:00 0 
7f7be6cd4000-7f7be6cf7000 r-xp 00000000 08:04 132092                     /lib/x86_64-linux-gnu/ld-2.19.so
7f7be6d07000-7f7be6d23000 r--s 00393000 08:04 5775885                    /usr/lib/jvm/java-8-oracle/jre/lib/ext/cldrdata.jar
7f7be6d23000-7f7be6dce000 rw-p 00000000 00:00 0 
7f7be6dce000-7f7be6dd1000 ---p 00000000 00:00 0 
7f7be6dd1000-7f7be6ed3000 rw-p 00000000 00:00 0                          [stack:4812]
7f7be6ed8000-7f7be6edb000 rw-p 00000000 00:00 0 
7f7be6edb000-7f7be6ee5000 r--s 00116000 08:04 5775888                    /usr/lib/jvm/java-8-oracle/jre/lib/ext/localedata.jar
7f7be6ee5000-7f7be6eea000 r--s 00024000 08:04 4723346                    /home/hema/Desktop/Hiwi/opt/jaligner/jaligner.jar
7f7be6eea000-7f7be6ef2000 rw-s 00000000 08:04 3673659                    /tmp/hsperfdata_hema/4811
7f7be6ef2000-7f7be6ef3000 rw-p 00000000 00:00 0 
7f7be6ef3000-7f7be6ef4000 r--p 00000000 00:00 0 
7f7be6ef4000-7f7be6ef6000 rw-p 00000000 00:00 0 
7f7be6ef6000-7f7be6ef7000 r--p 00022000 08:04 132092                     /lib/x86_64-linux-gnu/ld-2.19.so
7f7be6ef7000-7f7be6ef8000 rw-p 00023000 08:04 132092                     /lib/x86_64-linux-gnu/ld-2.19.so
7f7be6ef8000-7f7be6ef9000 rw-p 00000000 00:00 0 
7ffce0255000-7ffce0276000 rw-p 00000000 00:00 0                          [stack]
7ffce0306000-7ffce0308000 r--p 00000000 00:00 0                          [vvar]
7ffce0308000-7ffce030a000 r-xp 00000000 00:00 0                          [vdso]
ffffffffff600000-ffffffffff601000 r-xp 00000000 00:00 0                  [vsyscall]

VM Arguments:
jvm_args: -Xmx4096M 
java_command: jaligner.jar dataa.fasta dataa1.fasta BLOSUM62 2 4
java_class_path (initial): jaligner.jar
Launcher Type: SUN_STANDARD

Environment Variables:
PATH=/home/hema/.local/bin:/home/hema/bin:/usr/local/sbin:/usr/local/bin:/usr/sbin:/usr/bin:/sbin:/bin:/usr/games:/usr/local/games:/home/hema/Downloads/swps3-linux64-sse2-current
LD_LIBRARY_PATH=:/home/hema/Downloads/tbb/tbb44_20160316oss/build/linux_intel64_gcc_cc4.8_libc2.19_kernel3.19.0_debug
SHELL=/bin/bash
DISPLAY=:0

Signal Handlers:
SIGSEGV: [libjvm.so+0xac4790], sa_mask[0]=11111111011111111101111111111110, sa_flags=SA_RESTART|SA_SIGINFO
SIGBUS: [libjvm.so+0xac4790], sa_mask[0]=11111111011111111101111111111110, sa_flags=SA_RESTART|SA_SIGINFO
SIGFPE: [libjvm.so+0x91f140], sa_mask[0]=11111111011111111101111111111110, sa_flags=SA_RESTART|SA_SIGINFO
SIGPIPE: [libjvm.so+0x91f140], sa_mask[0]=11111111011111111101111111111110, sa_flags=SA_RESTART|SA_SIGINFO
SIGXFSZ: [libjvm.so+0x91f140], sa_mask[0]=11111111011111111101111111111110, sa_flags=SA_RESTART|SA_SIGINFO
SIGILL: [libjvm.so+0x91f140], sa_mask[0]=11111111011111111101111111111110, sa_flags=SA_RESTART|SA_SIGINFO
SIGUSR1: SIG_DFL, sa_mask[0]=00000000000000000000000000000000, sa_flags=none
SIGUSR2: [libjvm.so+0x920770], sa_mask[0]=00000000000000000000000000000000, sa_flags=SA_RESTART|SA_SIGINFO
SIGHUP: [libjvm.so+0x921b70], sa_mask[0]=11111111011111111101111111111110, sa_flags=SA_RESTART|SA_SIGINFO
SIGINT: [libjvm.so+0x921b70], sa_mask[0]=11111111011111111101111111111110, sa_flags=SA_RESTART|SA_SIGINFO
SIGTERM: [libjvm.so+0x921b70], sa_mask[0]=11111111011111111101111111111110, sa_flags=SA_RESTART|SA_SIGINFO
SIGQUIT: [libjvm.so+0x921b70], sa_mask[0]=11111111011111111101111111111110, sa_flags=SA_RESTART|SA_SIGINFO


---------------  S Y S T E M  ---------------

OS:DISTRIB_ID=Ubuntu
DISTRIB_RELEASE=14.04
DISTRIB_CODENAME=trusty
DISTRIB_DESCRIPTION="Ubuntu 14.04.4 LTS"

uname:Linux 3.19.0-51-generic #58~14.04.1-Ubuntu SMP Fri Feb 26 22:02:58 UTC 2016 x86_64
libc:glibc 2.19 NPTL 2.19 
rlimit: STACK 8192k, CORE 0k, NPROC 14670, NOFILE 4096, AS infinity
load average:0,11 0,19 0,19

/proc/meminfo:
MemTotal:        3777016 kB
MemFree:          183628 kB
MemAvailable:     750436 kB
Buffers:           85776 kB
Cached:           920056 kB
SwapCached:            0 kB
Active:          2806464 kB
Inactive:         614408 kB
Active(anon):    2417000 kB
Inactive(anon):   295024 kB
Active(file):     389464 kB
Inactive(file):   319384 kB
Unevictable:          80 kB
Mlocked:              80 kB
SwapTotal:             0 kB
SwapFree:              0 kB
Dirty:                 0 kB
Writeback:             0 kB
AnonPages:       2415132 kB
Mapped:           369996 kB
Shmem:            296984 kB
Slab:              85720 kB
SReclaimable:      53788 kB
SUnreclaim:        31932 kB
KernelStack:        7312 kB
PageTables:        38972 kB
NFS_Unstable:          0 kB
Bounce:                0 kB
WritebackTmp:          0 kB
CommitLimit:     1888508 kB
Committed_AS:    6478704 kB
VmallocTotal:   34359738367 kB
VmallocUsed:      617636 kB
VmallocChunk:   34359065980 kB
HardwareCorrupted:     0 kB
AnonHugePages:   1427456 kB
CmaTotal:              0 kB
CmaFree:               0 kB
HugePages_Total:       0
HugePages_Free:        0
HugePages_Rsvd:        0
HugePages_Surp:        0
Hugepagesize:       2048 kB
DirectMap4k:      135756 kB
DirectMap2M:     3786752 kB
DirectMap1G:     1048576 kB


CPU:total 4 (2 cores per cpu, 2 threads per core) family 6 model 61 stepping 4, cmov, cx8, fxsr, mmx, sse, sse2, sse3, ssse3, sse4.1, sse4.2, popcnt, avx, avx2, aes, clmul, erms, 3dnowpref, lzcnt, ht, tsc, tscinvbit, bmi1, bmi2, adx

/proc/cpuinfo:
processor	: 0
vendor_id	: GenuineIntel
cpu family	: 6
model		: 61
model name	: Intel(R) Core(TM) i5-5200U CPU @ 2.20GHz
stepping	: 4
microcode	: 0x16
cpu MHz		: 2500.007
cache size	: 3072 KB
physical id	: 0
siblings	: 4
core id		: 0
cpu cores	: 2
apicid		: 0
initial apicid	: 0
fpu		: yes
fpu_exception	: yes
cpuid level	: 20
wp		: yes
flags		: fpu vme de pse tsc msr pae mce cx8 apic sep mtrr pge mca cmov pat pse36 clflush dts acpi mmx fxsr sse sse2 ss ht tm pbe syscall nx pdpe1gb rdtscp lm constant_tsc arch_perfmon pebs bts rep_good nopl xtopology nonstop_tsc aperfmperf eagerfpu pni pclmulqdq dtes64 monitor ds_cpl vmx est tm2 ssse3 fma cx16 xtpr pdcm pcid sse4_1 sse4_2 x2apic movbe popcnt tsc_deadline_timer aes xsave avx f16c rdrand lahf_lm abm 3dnowprefetch ida arat epb pln pts dtherm tpr_shadow vnmi flexpriority ept vpid fsgsbase tsc_adjust bmi1 avx2 smep bmi2 erms invpcid rdseed adx smap xsaveopt
bugs		:
bogomips	: 4389.78
clflush size	: 64
cache_alignment	: 64
address sizes	: 39 bits physical, 48 bits virtual
power management:

processor	: 1
vendor_id	: GenuineIntel
cpu family	: 6
model		: 61
model name	: Intel(R) Core(TM) i5-5200U CPU @ 2.20GHz
stepping	: 4
microcode	: 0x16
cpu MHz		: 2499.921
cache size	: 3072 KB
physical id	: 0
siblings	: 4
core id		: 0
cpu cores	: 2
apicid		: 1
initial apicid	: 1
fpu		: yes
fpu_exception	: yes
cpuid level	: 20
wp		: yes
flags		: fpu vme de pse tsc msr pae mce cx8 apic sep mtrr pge mca cmov pat pse36 clflush dts acpi mmx fxsr sse sse2 ss ht tm pbe syscall nx pdpe1gb rdtscp lm constant_tsc arch_perfmon pebs bts rep_good nopl xtopology nonstop_tsc aperfmperf eagerfpu pni pclmulqdq dtes64 monitor ds_cpl vmx est tm2 ssse3 fma cx16 xtpr pdcm pcid sse4_1 sse4_2 x2apic movbe popcnt tsc_deadline_timer aes xsave avx f16c rdrand lahf_lm abm 3dnowprefetch ida arat epb pln pts dtherm tpr_shadow vnmi flexpriority ept vpid fsgsbase tsc_adjust bmi1 avx2 smep bmi2 erms invpcid rdseed adx smap xsaveopt
bugs		:
bogomips	: 4389.78
clflush size	: 64
cache_alignment	: 64
address sizes	: 39 bits physical, 48 bits virtual
power management:

processor	: 2
vendor_id	: GenuineIntel
cpu family	: 6
model		: 61
model name	: Intel(R) Core(TM) i5-5200U CPU @ 2.20GHz
stepping	: 4
microcode	: 0x16
cpu MHz		: 2695.171
cache size	: 3072 KB
physical id	: 0
siblings	: 4
core id		: 1
cpu cores	: 2
apicid		: 2
initial apicid	: 2
fpu		: yes
fpu_exception	: yes
cpuid level	: 20
wp		: yes
flags		: fpu vme de pse tsc msr pae mce cx8 apic sep mtrr pge mca cmov pat pse36 clflush dts acpi mmx fxsr sse sse2 ss ht tm pbe syscall nx pdpe1gb rdtscp lm constant_tsc arch_perfmon pebs bts rep_good nopl xtopology nonstop_tsc aperfmperf eagerfpu pni pclmulqdq dtes64 monitor ds_cpl vmx est tm2 ssse3 fma cx16 xtpr pdcm pcid sse4_1 sse4_2 x2apic movbe popcnt tsc_deadline_timer aes xsave avx f16c rdrand lahf_lm abm 3dnowprefetch ida arat epb pln pts dtherm tpr_shadow vnmi flexpriority ept vpid fsgsbase tsc_adjust bmi1 avx2 smep bmi2 erms invpcid rdseed adx smap xsaveopt
bugs		:
bogomips	: 4389.78
clflush size	: 64
cache_alignment	: 64
address sizes	: 39 bits physical, 48 bits virtual
power management:

processor	: 3
vendor_id	: GenuineIntel
cpu family	: 6
model		: 61
model name	: Intel(R) Core(TM) i5-5200U CPU @ 2.20GHz
stepping	: 4
microcode	: 0x16
cpu MHz		: 2596.687
cache size	: 3072 KB
physical id	: 0
siblings	: 4
core id		: 1
cpu cores	: 2
apicid		: 3
initial apicid	: 3
fpu		: yes
fpu_exception	: yes
cpuid level	: 20
wp		: yes
flags		: fpu vme de pse tsc msr pae mce cx8 apic sep mtrr pge mca cmov pat pse36 clflush dts acpi mmx fxsr sse sse2 ss ht tm pbe syscall nx pdpe1gb rdtscp lm constant_tsc arch_perfmon pebs bts rep_good nopl xtopology nonstop_tsc aperfmperf eagerfpu pni pclmulqdq dtes64 monitor ds_cpl vmx est tm2 ssse3 fma cx16 xtpr pdcm pcid sse4_1 sse4_2 x2apic movbe popcnt tsc_deadline_timer aes xsave avx f16c rdrand lahf_lm abm 3dnowprefetch ida arat epb pln pts dtherm tpr_shadow vnmi flexpriority ept vpid fsgsbase tsc_adjust bmi1 avx2 smep bmi2 erms invpcid rdseed adx smap xsaveopt
bugs		:
bogomips	: 4389.78
clflush size	: 64
cache_alignment	: 64
address sizes	: 39 bits physical, 48 bits virtual
power management:



Memory: 4k page, physical 3777016k(183628k free), swap 0k(0k free)

vm_info: Java HotSpot(TM) 64-Bit Server VM (25.101-b13) for linux-amd64 JRE (1.8.0_101-b13), built on Jun 22 2016 02:59:44 by "java_re" with gcc 4.3.0 20080428 (Red Hat 4.3.0-8)

time: Sun Sep 25 19:29:21 2016
elapsed time: 0 seconds (0d 0h 0m 0s)

