#
# There is insufficient memory for the Java Runtime Environment to continue.
# Native memory allocation (mmap) failed to map 933756928 bytes for committing reserved memory.
# Possible reasons:
#   The system is out of physical RAM or swap space
#   In 32 bit mode, the process size limit was hit
# Possible solutions:
#   Reduce memory load on the system
#   Increase physical memory or swap space
#   Check if swap backing store is full
#   Use 64 bit Java on a 64 bit OS
#   Decrease Java heap size (-Xmx/-Xms)
#   Decrease number of Java threads
#   Decrease Java thread stack sizes (-Xss)
#   Set larger code cache with -XX:ReservedCodeCacheSize=
# This output file may be truncated or incomplete.
#
#  Out of Memory Error (os_linux.cpp:2627), pid=2912, tid=0x00007fc10825f700
#
# JRE version: Java(TM) SE Runtime Environment (8.0_101-b13) (build 1.8.0_101-b13)
# Java VM: Java HotSpot(TM) 64-Bit Server VM (25.101-b13 mixed mode linux-amd64 compressed oops)
# Failed to write core dump. Core dumps have been disabled. To enable core dumping, try "ulimit -c unlimited" before starting Java again
#

---------------  T H R E A D  ---------------

Current thread (0x00007fc100009800):  JavaThread "main" [_thread_in_vm, id=2913, stack(0x00007fc10815f000,0x00007fc108260000)]

Stack: [0x00007fc10815f000,0x00007fc108260000],  sp=0x00007fc10825e250,  free space=1020k
Native frames: (J=compiled Java code, j=interpreted, Vv=VM code, C=native code)
V  [libjvm.so+0xac3f0a]  VMError::report_and_die()+0x2ba
V  [libjvm.so+0x4fbf9b]  report_vm_out_of_memory(char const*, int, unsigned long, VMErrorType, char const*)+0x8b
V  [libjvm.so+0x9222d3]  os::Linux::commit_memory_impl(char*, unsigned long, bool)+0x103
V  [libjvm.so+0x922829]  os::pd_commit_memory(char*, unsigned long, unsigned long, bool)+0x29
V  [libjvm.so+0x91cb2a]  os::commit_memory(char*, unsigned long, unsigned long, bool)+0x2a
V  [libjvm.so+0x991053]  PSVirtualSpace::expand_by(unsigned long)+0x53
V  [libjvm.so+0x981920]  PSOldGen::expand(unsigned long)+0x170
V  [libjvm.so+0x981bda]  PSOldGen::expand_and_allocate(unsigned long)+0x1a
V  [libjvm.so+0x981cfb]  PSOldGen::allocate(unsigned long)+0xcb
V  [libjvm.so+0x945c7e]  ParallelScavengeHeap::mem_allocate(unsigned long, bool*)+0xfe
V  [libjvm.so+0xa89f8e]  TypeArrayKlass::allocate_common(int, bool, Thread*)+0x26e
V  [libjvm.so+0x682cda]  InterpreterRuntime::newarray(JavaThread*, BasicType, int)+0x2a
j  jaligner.SmithWatermanGotoh.align(Ljaligner/Sequence;Ljaligner/Sequence;Ljaligner/matrix/Matrix;FF)Ljaligner/Alignment;+121
j  jaligner.ui.AlignCommandLine.main([Ljava/lang/String;)V+104
v  ~StubRoutines::call_stub
V  [libjvm.so+0x68f6b6]  JavaCalls::call_helper(JavaValue*, methodHandle*, JavaCallArguments*, Thread*)+0x1056
V  [libjvm.so+0x6d0d42]  jni_invoke_static(JNIEnv_*, JavaValue*, _jobject*, JNICallType, _jmethodID*, JNI_ArgumentPusher*, Thread*)+0x362
V  [libjvm.so+0x6ed5aa]  jni_CallStaticVoidMethod+0x17a
C  [libjli.so+0x7bdf]  JavaMain+0x81f
C  [libpthread.so.0+0x8184]  start_thread+0xc4

Java frames: (J=compiled Java code, j=interpreted, Vv=VM code)
j  jaligner.SmithWatermanGotoh.align(Ljaligner/Sequence;Ljaligner/Sequence;Ljaligner/matrix/Matrix;FF)Ljaligner/Alignment;+121
j  jaligner.ui.AlignCommandLine.main([Ljava/lang/String;)V+104
v  ~StubRoutines::call_stub

---------------  P R O C E S S  ---------------

Java Threads: ( => current thread )
  0x00007fc100190800 JavaThread "Service Thread" daemon [_thread_blocked, id=2925, stack(0x00007fc0cc2ba000,0x00007fc0cc3bb000)]
  0x00007fc100185800 JavaThread "C1 CompilerThread2" daemon [_thread_blocked, id=2924, stack(0x00007fc0cc3bb000,0x00007fc0cc4bc000)]
  0x00007fc100183800 JavaThread "C2 CompilerThread1" daemon [_thread_blocked, id=2923, stack(0x00007fc0cc4bc000,0x00007fc0cc5bd000)]
  0x00007fc100180800 JavaThread "C2 CompilerThread0" daemon [_thread_blocked, id=2922, stack(0x00007fc0cc5bd000,0x00007fc0cc6be000)]
  0x00007fc10017f000 JavaThread "Signal Dispatcher" daemon [_thread_blocked, id=2921, stack(0x00007fc0cc6be000,0x00007fc0cc7bf000)]
  0x00007fc10014b000 JavaThread "Finalizer" daemon [_thread_blocked, id=2920, stack(0x00007fc0cc7bf000,0x00007fc0cc8c0000)]
  0x00007fc100146800 JavaThread "Reference Handler" daemon [_thread_blocked, id=2919, stack(0x00007fc0cc8c0000,0x00007fc0cc9c1000)]
=>0x00007fc100009800 JavaThread "main" [_thread_in_vm, id=2913, stack(0x00007fc10815f000,0x00007fc108260000)]

Other Threads:
  0x00007fc10013e800 VMThread [stack: 0x00007fc0cc9c1000,0x00007fc0ccac2000] [id=2918]
  0x00007fc100193800 WatcherThread [stack: 0x00007fc0cc1b9000,0x00007fc0cc2ba000] [id=2926]

VM state:not at safepoint (normal execution)

VM Mutex/Monitor currently owned by a thread:  ([mutex/lock_event])
[0x00007fc100005800] ExpandHeap_lock - owner thread: 0x00007fc100009800
[0x00007fc100006380] Heap_lock - owner thread: 0x00007fc100009800

Heap:
 PSYoungGen      total 17408K, used 2511K [0x000000066ab00000, 0x000000066be00000, 0x00000007c0000000)
  eden space 15360K, 16% used [0x000000066ab00000,0x000000066ad73c48,0x000000066ba00000)
  from space 2048K, 0% used [0x000000066bc00000,0x000000066bc00000,0x000000066be00000)
  to   space 2048K, 0% used [0x000000066ba00000,0x000000066ba00000,0x000000066bc00000)
 ParOldGen       total 1408000K, used 1367045K [0x00000003c0000000, 0x0000000415f00000, 0x000000066ab00000)
  object space 1408000K, 97% used [0x00000003c0000000,0x0000000413701728,0x0000000415f00000)
 Metaspace       used 3921K, capacity 4640K, committed 4864K, reserved 1056768K
  class space    used 438K, capacity 464K, committed 512K, reserved 1048576K

Card table byte_map: [0x00007fc0eefff000,0x00007fc0f1000000] byte_map_base: 0x00007fc0ed1ff000

Marking Bits: (ParMarkBitMap*) 0x00007fc10763b120
 Begin Bits: [0x00007fc0cdaa9000, 0x00007fc0ddaa9000)
 End Bits:   [0x00007fc0ddaa9000, 0x00007fc0edaa9000)

Polling page: 0x00007fc108284000

CodeCache: size=245760Kb used=1294Kb max_used=1310Kb free=244465Kb
 bounds [0x00007fc0f1000000, 0x00007fc0f1270000, 0x00007fc100000000]
 total_blobs=355 nmethods=95 adapters=174
 compilation: enabled

Compilation events (10 events):
Event: 0,150 Thread 0x00007fc100185800 nmethod 88 0x00007fc0f113d150 code [0x00007fc0f113d300, 0x00007fc0f113d6f8]
Event: 0,150 Thread 0x00007fc100185800   93       3       sun.misc.FloatingDecimal$ASCIIToBinaryBuffer::floatValue (1087 bytes)
Event: 0,159 Thread 0x00007fc100185800 nmethod 93 0x00007fc0f113d850 code [0x00007fc0f113dc80, 0x00007fc0f113fe98]
Event: 0,159 Thread 0x00007fc100185800   91       3       java.lang.Float::parseFloat (5 bytes)
Event: 0,159 Thread 0x00007fc100185800 nmethod 91 0x00007fc0f1141690 code [0x00007fc0f1141820, 0x00007fc0f1141a98]
Event: 0,159 Thread 0x00007fc100185800   92       3       sun.misc.FloatingDecimal$ASCIIToBinaryBuffer::<init> (26 bytes)
Event: 0,159 Thread 0x00007fc100185800 nmethod 92 0x00007fc0f1141bd0 code [0x00007fc0f1141d40, 0x00007fc0f1141f10]
Event: 0,159 Thread 0x00007fc100185800   94       3       sun.misc.FloatingDecimal::parseFloat (10 bytes)
Event: 0,159 Thread 0x00007fc100185800 nmethod 94 0x00007fc0f1141fd0 code [0x00007fc0f1142140, 0x00007fc0f1142378]
Event: 0,202 Thread 0x00007fc100183800 nmethod 80% 0x00007fc0f1146290 code [0x00007fc0f1146480, 0x00007fc0f1147660]

GC Heap History (0 events):
No events

Deoptimization events (2 events):
Event: 0,141 Thread 0x00007fc100009800 Uncommon trap: reason=unstable_if action=reinterpret pc=0x00007fc0f112e5f8 method=java.lang.CharacterDataLatin1.toUpperCaseEx(I)I @ 12
Event: 0,142 Thread 0x00007fc100009800 Uncommon trap: reason=unstable_if action=reinterpret pc=0x00007fc0f112e930 method=java.lang.CharacterDataLatin1.toUpperCaseEx(I)I @ 12

Internal exceptions (6 events):
Event: 0,053 Thread 0x00007fc100009800 Exception <a 'java/lang/NoSuchMethodError': Method sun.misc.Unsafe.defineClass(Ljava/lang/String;[BII)Ljava/lang/Class; name or signature does not match> (0x000000066ab07cc0) thrown at [/HUDSON3/workspace/8-2-build-linux-amd64/jdk8u101/7261/hotspot/src/sh
Event: 0,053 Thread 0x00007fc100009800 Exception <a 'java/lang/NoSuchMethodError': Method sun.misc.Unsafe.prefetchRead(Ljava/lang/Object;J)V name or signature does not match> (0x000000066ab07fa8) thrown at [/HUDSON3/workspace/8-2-build-linux-amd64/jdk8u101/7261/hotspot/src/share/vm/prims/jni.c
Event: 0,096 Thread 0x00007fc100009800 Exception <a 'java/security/PrivilegedActionException'> (0x000000066ab904c0) thrown at [/HUDSON3/workspace/8-2-build-linux-amd64/jdk8u101/7261/hotspot/src/share/vm/prims/jvm.cpp, line 1386]
Event: 0,096 Thread 0x00007fc100009800 Exception <a 'java/security/PrivilegedActionException'> (0x000000066ab906d0) thrown at [/HUDSON3/workspace/8-2-build-linux-amd64/jdk8u101/7261/hotspot/src/share/vm/prims/jvm.cpp, line 1386]
Event: 0,096 Thread 0x00007fc100009800 Exception <a 'java/security/PrivilegedActionException'> (0x000000066ab92b10) thrown at [/HUDSON3/workspace/8-2-build-linux-amd64/jdk8u101/7261/hotspot/src/share/vm/prims/jvm.cpp, line 1386]
Event: 0,096 Thread 0x00007fc100009800 Exception <a 'java/security/PrivilegedActionException'> (0x000000066ab92d20) thrown at [/HUDSON3/workspace/8-2-build-linux-amd64/jdk8u101/7261/hotspot/src/share/vm/prims/jvm.cpp, line 1386]

Events (10 events):
Event: 0,141 Thread 0x00007fc100009800 Uncommon trap: trap_request=0xffffff65 fr.pc=0x00007fc0f112e5f8
Event: 0,142 Thread 0x00007fc100009800 DEOPT PACKING pc=0x00007fc0f112e5f8 sp=0x00007fc10825e030
Event: 0,142 Thread 0x00007fc100009800 DEOPT UNPACKING pc=0x00007fc0f1005229 sp=0x00007fc10825df80 mode 2
Event: 0,142 Thread 0x00007fc100009800 Uncommon trap: trap_request=0xffffff65 fr.pc=0x00007fc0f112e930
Event: 0,142 Thread 0x00007fc100009800 DEOPT PACKING pc=0x00007fc0f112e930 sp=0x00007fc10825dfd0
Event: 0,142 Thread 0x00007fc100009800 DEOPT UNPACKING pc=0x00007fc0f1005229 sp=0x00007fc10825df80 mode 2
Event: 0,145 loading class jaligner/matrix/Matrix
Event: 0,145 loading class jaligner/matrix/Matrix done
Event: 0,146 loading class jaligner/SmithWatermanGotoh
Event: 0,146 loading class jaligner/SmithWatermanGotoh done


Dynamic libraries:
00400000-00401000 r-xp 00000000 08:04 3413512                            /usr/lib/jvm/java-8-oracle/jre/bin/java
00600000-00601000 rw-p 00000000 08:04 3413512                            /usr/lib/jvm/java-8-oracle/jre/bin/java
00aa5000-00ac6000 rw-p 00000000 00:00 0                                  [heap]
3c0000000-415f00000 rw-p 00000000 00:00 0 
44d980000-66ab00000 ---p 00000000 00:00 0 
66ab00000-66be00000 rw-p 00000000 00:00 0 
66be00000-7c0000000 ---p 00000000 00:00 0 
7c0000000-7c0080000 rw-p 00000000 00:00 0 
7c0080000-800000000 ---p 00000000 00:00 0 
7fc090000000-7fc090021000 rw-p 00000000 00:00 0 
7fc090021000-7fc094000000 ---p 00000000 00:00 0 
7fc094000000-7fc094021000 rw-p 00000000 00:00 0 
7fc094021000-7fc098000000 ---p 00000000 00:00 0 
7fc098000000-7fc09818e000 rw-p 00000000 00:00 0 
7fc09818e000-7fc09c000000 ---p 00000000 00:00 0 
7fc09c000000-7fc09c1cf000 rw-p 00000000 00:00 0 
7fc09c1cf000-7fc0a0000000 ---p 00000000 00:00 0 
7fc0a0000000-7fc0a0021000 rw-p 00000000 00:00 0 
7fc0a0021000-7fc0a4000000 ---p 00000000 00:00 0 
7fc0a4000000-7fc0a4078000 rw-p 00000000 00:00 0 
7fc0a4078000-7fc0a8000000 ---p 00000000 00:00 0 
7fc0a8000000-7fc0a8021000 rw-p 00000000 00:00 0 
7fc0a8021000-7fc0ac000000 ---p 00000000 00:00 0 
7fc0ac000000-7fc0ac021000 rw-p 00000000 00:00 0 
7fc0ac021000-7fc0b0000000 ---p 00000000 00:00 0 
7fc0b0000000-7fc0b0021000 rw-p 00000000 00:00 0 
7fc0b0021000-7fc0b4000000 ---p 00000000 00:00 0 
7fc0b4000000-7fc0b4021000 rw-p 00000000 00:00 0 
7fc0b4021000-7fc0b8000000 ---p 00000000 00:00 0 
7fc0b8000000-7fc0b8021000 rw-p 00000000 00:00 0 
7fc0b8021000-7fc0bc000000 ---p 00000000 00:00 0 
7fc0c0000000-7fc0c0021000 rw-p 00000000 00:00 0 
7fc0c0021000-7fc0c4000000 ---p 00000000 00:00 0 
7fc0c5617000-7fc0c57ae000 rw-p 00000000 00:00 0 
7fc0c57ae000-7fc0c6000000 r--p 00000000 08:04 1448898                    /usr/lib/locale/locale-archive
7fc0c6000000-7fc0c8000000 rw-p 00000000 00:00 0 
7fc0c8000000-7fc0c8021000 rw-p 00000000 00:00 0 
7fc0c8021000-7fc0cc000000 ---p 00000000 00:00 0 
7fc0cc0c9000-7fc0cc1b9000 rw-p 00000000 00:00 0 
7fc0cc1b9000-7fc0cc1ba000 ---p 00000000 00:00 0 
7fc0cc1ba000-7fc0cc2ba000 rw-p 00000000 00:00 0                          [stack:2926]
7fc0cc2ba000-7fc0cc2bd000 ---p 00000000 00:00 0 
7fc0cc2bd000-7fc0cc3bb000 rw-p 00000000 00:00 0                          [stack:2925]
7fc0cc3bb000-7fc0cc3be000 ---p 00000000 00:00 0 
7fc0cc3be000-7fc0cc4bc000 rw-p 00000000 00:00 0                          [stack:2924]
7fc0cc4bc000-7fc0cc4bf000 ---p 00000000 00:00 0 
7fc0cc4bf000-7fc0cc5bd000 rw-p 00000000 00:00 0                          [stack:2923]
7fc0cc5bd000-7fc0cc5c0000 ---p 00000000 00:00 0 
7fc0cc5c0000-7fc0cc6be000 rw-p 00000000 00:00 0                          [stack:2922]
7fc0cc6be000-7fc0cc6c1000 ---p 00000000 00:00 0 
7fc0cc6c1000-7fc0cc7bf000 rw-p 00000000 00:00 0                          [stack:2921]
7fc0cc7bf000-7fc0cc7c2000 ---p 00000000 00:00 0 
7fc0cc7c2000-7fc0cc8c0000 rw-p 00000000 00:00 0                          [stack:2920]
7fc0cc8c0000-7fc0cc8c3000 ---p 00000000 00:00 0 
7fc0cc8c3000-7fc0cc9c1000 rw-p 00000000 00:00 0                          [stack:2919]
7fc0cc9c1000-7fc0cc9c2000 ---p 00000000 00:00 0 
7fc0cc9c2000-7fc0cd8d0000 rw-p 00000000 00:00 0                          [stack:2918]
7fc0cd8d0000-7fc0cdaa9000 r--s 03d29000 08:04 3675567                    /usr/lib/jvm/java-8-oracle/jre/lib/rt.jar
7fc0cdaa9000-7fc0edd59000 rw-p 00000000 00:00 0 
7fc0edd59000-7fc0eefff000 ---p 00000000 00:00 0 
7fc0eefff000-7fc0ef2af000 rw-p 00000000 00:00 0 
7fc0ef2af000-7fc0f0554000 ---p 00000000 00:00 0 
7fc0f0554000-7fc0f055e000 rw-p 00000000 00:00 0 
7fc0f055e000-7fc0f0fff000 ---p 00000000 00:00 0 
7fc0f0fff000-7fc0f1000000 rw-p 00000000 00:00 0 
7fc0f1000000-7fc0f1270000 rwxp 00000000 00:00 0 
7fc0f1270000-7fc100000000 ---p 00000000 00:00 0 
7fc100000000-7fc100230000 rw-p 00000000 00:00 0 
7fc100230000-7fc104000000 ---p 00000000 00:00 0 
7fc10406b000-7fc104087000 r--s 00393000 08:04 5775885                    /usr/lib/jvm/java-8-oracle/jre/lib/ext/cldrdata.jar
7fc104087000-7fc104617000 rw-p 00000000 00:00 0 
7fc104617000-7fc1049d7000 ---p 00000000 00:00 0 
7fc1049d7000-7fc104b17000 rw-p 00000000 00:00 0 
7fc104b17000-7fc104b18000 ---p 00000000 00:00 0 
7fc104b18000-7fc104c18000 rw-p 00000000 00:00 0                          [stack:2917]
7fc104c18000-7fc104c19000 ---p 00000000 00:00 0 
7fc104c19000-7fc104d19000 rw-p 00000000 00:00 0                          [stack:2916]
7fc104d19000-7fc104d1a000 ---p 00000000 00:00 0 
7fc104d1a000-7fc104e1a000 rw-p 00000000 00:00 0                          [stack:2915]
7fc104e1a000-7fc104e1b000 ---p 00000000 00:00 0 
7fc104e1b000-7fc104f25000 rw-p 00000000 00:00 0                          [stack:2914]
7fc104f25000-7fc1052db000 ---p 00000000 00:00 0 
7fc1052db000-7fc1052f5000 r-xp 00000000 08:04 4199092                    /usr/lib/jvm/java-8-oracle/jre/lib/amd64/libzip.so
7fc1052f5000-7fc1054f5000 ---p 0001a000 08:04 4199092                    /usr/lib/jvm/java-8-oracle/jre/lib/amd64/libzip.so
7fc1054f5000-7fc1054f6000 rw-p 0001a000 08:04 4199092                    /usr/lib/jvm/java-8-oracle/jre/lib/amd64/libzip.so
7fc1054f6000-7fc105500000 r-xp 00000000 08:04 132102                     /lib/x86_64-linux-gnu/libnss_files-2.19.so
7fc105500000-7fc1056ff000 ---p 0000a000 08:04 132102                     /lib/x86_64-linux-gnu/libnss_files-2.19.so
7fc1056ff000-7fc105700000 r--p 00009000 08:04 132102                     /lib/x86_64-linux-gnu/libnss_files-2.19.so
7fc105700000-7fc105701000 rw-p 0000a000 08:04 132102                     /lib/x86_64-linux-gnu/libnss_files-2.19.so
7fc105701000-7fc10570c000 r-xp 00000000 08:04 132094                     /lib/x86_64-linux-gnu/libnss_nis-2.19.so
7fc10570c000-7fc10590b000 ---p 0000b000 08:04 132094                     /lib/x86_64-linux-gnu/libnss_nis-2.19.so
7fc10590b000-7fc10590c000 r--p 0000a000 08:04 132094                     /lib/x86_64-linux-gnu/libnss_nis-2.19.so
7fc10590c000-7fc10590d000 rw-p 0000b000 08:04 132094                     /lib/x86_64-linux-gnu/libnss_nis-2.19.so
7fc10590d000-7fc105924000 r-xp 00000000 08:04 132090                     /lib/x86_64-linux-gnu/libnsl-2.19.so
7fc105924000-7fc105b23000 ---p 00017000 08:04 132090                     /lib/x86_64-linux-gnu/libnsl-2.19.so
7fc105b23000-7fc105b24000 r--p 00016000 08:04 132090                     /lib/x86_64-linux-gnu/libnsl-2.19.so
7fc105b24000-7fc105b25000 rw-p 00017000 08:04 132090                     /lib/x86_64-linux-gnu/libnsl-2.19.so
7fc105b25000-7fc105b27000 rw-p 00000000 00:00 0 
7fc105b27000-7fc105b30000 r-xp 00000000 08:04 132089                     /lib/x86_64-linux-gnu/libnss_compat-2.19.so
7fc105b30000-7fc105d2f000 ---p 00009000 08:04 132089                     /lib/x86_64-linux-gnu/libnss_compat-2.19.so
7fc105d2f000-7fc105d30000 r--p 00008000 08:04 132089                     /lib/x86_64-linux-gnu/libnss_compat-2.19.so
7fc105d30000-7fc105d31000 rw-p 00009000 08:04 132089                     /lib/x86_64-linux-gnu/libnss_compat-2.19.so
7fc105d31000-7fc105d5b000 r-xp 00000000 08:04 4199199                    /usr/lib/jvm/java-8-oracle/jre/lib/amd64/libjava.so
7fc105d5b000-7fc105f5b000 ---p 0002a000 08:04 4199199                    /usr/lib/jvm/java-8-oracle/jre/lib/amd64/libjava.so
7fc105f5b000-7fc105f5d000 rw-p 0002a000 08:04 4199199                    /usr/lib/jvm/java-8-oracle/jre/lib/amd64/libjava.so
7fc105f5d000-7fc105f6a000 r-xp 00000000 08:04 4199037                    /usr/lib/jvm/java-8-oracle/jre/lib/amd64/libverify.so
7fc105f6a000-7fc10616a000 ---p 0000d000 08:04 4199037                    /usr/lib/jvm/java-8-oracle/jre/lib/amd64/libverify.so
7fc10616a000-7fc10616c000 rw-p 0000d000 08:04 4199037                    /usr/lib/jvm/java-8-oracle/jre/lib/amd64/libverify.so
7fc10616c000-7fc106173000 r-xp 00000000 08:04 132098                     /lib/x86_64-linux-gnu/librt-2.19.so
7fc106173000-7fc106372000 ---p 00007000 08:04 132098                     /lib/x86_64-linux-gnu/librt-2.19.so
7fc106372000-7fc106373000 r--p 00006000 08:04 132098                     /lib/x86_64-linux-gnu/librt-2.19.so
7fc106373000-7fc106374000 rw-p 00007000 08:04 132098                     /lib/x86_64-linux-gnu/librt-2.19.so
7fc106374000-7fc106479000 r-xp 00000000 08:04 132084                     /lib/x86_64-linux-gnu/libm-2.19.so
7fc106479000-7fc106678000 ---p 00105000 08:04 132084                     /lib/x86_64-linux-gnu/libm-2.19.so
7fc106678000-7fc106679000 r--p 00104000 08:04 132084                     /lib/x86_64-linux-gnu/libm-2.19.so
7fc106679000-7fc10667a000 rw-p 00105000 08:04 132084                     /lib/x86_64-linux-gnu/libm-2.19.so
7fc10667a000-7fc107345000 r-xp 00000000 08:04 4330071                    /usr/lib/jvm/java-8-oracle/jre/lib/amd64/server/libjvm.so
7fc107345000-7fc107544000 ---p 00ccb000 08:04 4330071                    /usr/lib/jvm/java-8-oracle/jre/lib/amd64/server/libjvm.so
7fc107544000-7fc10761d000 rw-p 00cca000 08:04 4330071                    /usr/lib/jvm/java-8-oracle/jre/lib/amd64/server/libjvm.so
7fc10761d000-7fc107668000 rw-p 00000000 00:00 0 
7fc107668000-7fc107822000 r-xp 00000000 08:04 132099                     /lib/x86_64-linux-gnu/libc-2.19.so
7fc107822000-7fc107a22000 ---p 001ba000 08:04 132099                     /lib/x86_64-linux-gnu/libc-2.19.so
7fc107a22000-7fc107a26000 r--p 001ba000 08:04 132099                     /lib/x86_64-linux-gnu/libc-2.19.so
7fc107a26000-7fc107a28000 rw-p 001be000 08:04 132099                     /lib/x86_64-linux-gnu/libc-2.19.so
7fc107a28000-7fc107a2d000 rw-p 00000000 00:00 0 
7fc107a2d000-7fc107a30000 r-xp 00000000 08:04 132086                     /lib/x86_64-linux-gnu/libdl-2.19.so
7fc107a30000-7fc107c2f000 ---p 00003000 08:04 132086                     /lib/x86_64-linux-gnu/libdl-2.19.so
7fc107c2f000-7fc107c30000 r--p 00002000 08:04 132086                     /lib/x86_64-linux-gnu/libdl-2.19.so
7fc107c30000-7fc107c31000 rw-p 00003000 08:04 132086                     /lib/x86_64-linux-gnu/libdl-2.19.so
7fc107c31000-7fc107c46000 r-xp 00000000 08:04 4456738                    /usr/lib/jvm/java-8-oracle/jre/lib/amd64/jli/libjli.so
7fc107c46000-7fc107e46000 ---p 00015000 08:04 4456738                    /usr/lib/jvm/java-8-oracle/jre/lib/amd64/jli/libjli.so
7fc107e46000-7fc107e47000 rw-p 00015000 08:04 4456738                    /usr/lib/jvm/java-8-oracle/jre/lib/amd64/jli/libjli.so
7fc107e47000-7fc107e60000 r-xp 00000000 08:04 132091                     /lib/x86_64-linux-gnu/libpthread-2.19.so
7fc107e60000-7fc10805f000 ---p 00019000 08:04 132091                     /lib/x86_64-linux-gnu/libpthread-2.19.so
7fc10805f000-7fc108060000 r--p 00018000 08:04 132091                     /lib/x86_64-linux-gnu/libpthread-2.19.so
7fc108060000-7fc108061000 rw-p 00019000 08:04 132091                     /lib/x86_64-linux-gnu/libpthread-2.19.so
7fc108061000-7fc108065000 rw-p 00000000 00:00 0 
7fc108065000-7fc108088000 r-xp 00000000 08:04 132092                     /lib/x86_64-linux-gnu/ld-2.19.so
7fc10808e000-7fc10815f000 rw-p 00000000 00:00 0 
7fc10815f000-7fc108162000 ---p 00000000 00:00 0 
7fc108162000-7fc108264000 rw-p 00000000 00:00 0                          [stack:2913]
7fc108269000-7fc10826c000 rw-p 00000000 00:00 0 
7fc10826c000-7fc108276000 r--s 00116000 08:04 5775888                    /usr/lib/jvm/java-8-oracle/jre/lib/ext/localedata.jar
7fc108276000-7fc10827b000 r--s 00024000 08:04 4723346                    /home/hema/Desktop/Hiwi/opt/jaligner/jaligner.jar
7fc10827b000-7fc108283000 rw-s 00000000 08:04 3673656                    /tmp/hsperfdata_hema/2912
7fc108283000-7fc108284000 rw-p 00000000 00:00 0 
7fc108284000-7fc108285000 r--p 00000000 00:00 0 
7fc108285000-7fc108287000 rw-p 00000000 00:00 0 
7fc108287000-7fc108288000 r--p 00022000 08:04 132092                     /lib/x86_64-linux-gnu/ld-2.19.so
7fc108288000-7fc108289000 rw-p 00023000 08:04 132092                     /lib/x86_64-linux-gnu/ld-2.19.so
7fc108289000-7fc10828a000 rw-p 00000000 00:00 0 
7fffb1dba000-7fffb1ddb000 rw-p 00000000 00:00 0                          [stack]
7fffb1de2000-7fffb1de4000 r--p 00000000 00:00 0                          [vvar]
7fffb1de4000-7fffb1de6000 r-xp 00000000 00:00 0                          [vdso]
ffffffffff600000-ffffffffff601000 r-xp 00000000 00:00 0                  [vsyscall]

VM Arguments:
jvm_args: -Xmx16384M 
java_command: jaligner.jar dataa.fasta dataa1.fasta BLOSUM62 2 4
java_class_path (initial): jaligner.jar
Launcher Type: SUN_STANDARD

Environment Variables:
PATH=/home/hema/.local/bin:/home/hema/bin:/usr/local/sbin:/usr/local/bin:/usr/sbin:/usr/bin:/sbin:/bin:/usr/games:/usr/local/games:/home/hema/Downloads/swps3-linux64-sse2-current
LD_LIBRARY_PATH=:/home/hema/Downloads/tbb/tbb44_20160316oss/build/linux_intel64_gcc_cc4.8_libc2.19_kernel3.19.0_debug
SHELL=/bin/bash
DISPLAY=:0

Signal Handlers:
SIGSEGV: [libjvm.so+0xac4790], sa_mask[0]=11111111011111111101111111111110, sa_flags=SA_RESTART|SA_SIGINFO
SIGBUS: [libjvm.so+0xac4790], sa_mask[0]=11111111011111111101111111111110, sa_flags=SA_RESTART|SA_SIGINFO
SIGFPE: [libjvm.so+0x91f140], sa_mask[0]=11111111011111111101111111111110, sa_flags=SA_RESTART|SA_SIGINFO
SIGPIPE: [libjvm.so+0x91f140], sa_mask[0]=11111111011111111101111111111110, sa_flags=SA_RESTART|SA_SIGINFO
SIGXFSZ: [libjvm.so+0x91f140], sa_mask[0]=11111111011111111101111111111110, sa_flags=SA_RESTART|SA_SIGINFO
SIGILL: [libjvm.so+0x91f140], sa_mask[0]=11111111011111111101111111111110, sa_flags=SA_RESTART|SA_SIGINFO
SIGUSR1: SIG_DFL, sa_mask[0]=00000000000000000000000000000000, sa_flags=none
SIGUSR2: [libjvm.so+0x920770], sa_mask[0]=00000000000000000000000000000000, sa_flags=SA_RESTART|SA_SIGINFO
SIGHUP: [libjvm.so+0x921b70], sa_mask[0]=11111111011111111101111111111110, sa_flags=SA_RESTART|SA_SIGINFO
SIGINT: [libjvm.so+0x921b70], sa_mask[0]=11111111011111111101111111111110, sa_flags=SA_RESTART|SA_SIGINFO
SIGTERM: [libjvm.so+0x921b70], sa_mask[0]=11111111011111111101111111111110, sa_flags=SA_RESTART|SA_SIGINFO
SIGQUIT: [libjvm.so+0x921b70], sa_mask[0]=11111111011111111101111111111110, sa_flags=SA_RESTART|SA_SIGINFO


---------------  S Y S T E M  ---------------

OS:DISTRIB_ID=Ubuntu
DISTRIB_RELEASE=14.04
DISTRIB_CODENAME=trusty
DISTRIB_DESCRIPTION="Ubuntu 14.04.4 LTS"

uname:Linux 3.19.0-51-generic #58~14.04.1-Ubuntu SMP Fri Feb 26 22:02:58 UTC 2016 x86_64
libc:glibc 2.19 NPTL 2.19 
rlimit: STACK 8192k, CORE 0k, NPROC 14670, NOFILE 4096, AS infinity
load average:0,75 0,61 0,26

/proc/meminfo:
MemTotal:        3777016 kB
MemFree:          226696 kB
MemAvailable:     506464 kB
Buffers:           39172 kB
Cached:           726436 kB
SwapCached:            0 kB
Active:          2875344 kB
Inactive:         511260 kB
Active(anon):    2623700 kB
Inactive(anon):   334640 kB
Active(file):     251644 kB
Inactive(file):   176620 kB
Unevictable:          80 kB
Mlocked:              80 kB
SwapTotal:             0 kB
SwapFree:              0 kB
Dirty:                44 kB
Writeback:             0 kB
AnonPages:       2621348 kB
Mapped:           405168 kB
Shmem:            337128 kB
Slab:              73404 kB
SReclaimable:      40880 kB
SUnreclaim:        32524 kB
KernelStack:        7968 kB
PageTables:        42892 kB
NFS_Unstable:          0 kB
Bounce:                0 kB
WritebackTmp:          0 kB
CommitLimit:     1888508 kB
Committed_AS:    7587436 kB
VmallocTotal:   34359738367 kB
VmallocUsed:      617660 kB
VmallocChunk:   34359105148 kB
HardwareCorrupted:     0 kB
AnonHugePages:   1452032 kB
CmaTotal:              0 kB
CmaFree:               0 kB
HugePages_Total:       0
HugePages_Free:        0
HugePages_Rsvd:        0
HugePages_Surp:        0
Hugepagesize:       2048 kB
DirectMap4k:      119372 kB
DirectMap2M:     3803136 kB
DirectMap1G:     1048576 kB


CPU:total 4 (2 cores per cpu, 2 threads per core) family 6 model 61 stepping 4, cmov, cx8, fxsr, mmx, sse, sse2, sse3, ssse3, sse4.1, sse4.2, popcnt, avx, avx2, aes, clmul, erms, 3dnowpref, lzcnt, ht, tsc, tscinvbit, bmi1, bmi2, adx

/proc/cpuinfo:
processor	: 0
vendor_id	: GenuineIntel
cpu family	: 6
model		: 61
model name	: Intel(R) Core(TM) i5-5200U CPU @ 2.20GHz
stepping	: 4
microcode	: 0x16
cpu MHz		: 2594.195
cache size	: 3072 KB
physical id	: 0
siblings	: 4
core id		: 0
cpu cores	: 2
apicid		: 0
initial apicid	: 0
fpu		: yes
fpu_exception	: yes
cpuid level	: 20
wp		: yes
flags		: fpu vme de pse tsc msr pae mce cx8 apic sep mtrr pge mca cmov pat pse36 clflush dts acpi mmx fxsr sse sse2 ss ht tm pbe syscall nx pdpe1gb rdtscp lm constant_tsc arch_perfmon pebs bts rep_good nopl xtopology nonstop_tsc aperfmperf eagerfpu pni pclmulqdq dtes64 monitor ds_cpl vmx est tm2 ssse3 fma cx16 xtpr pdcm pcid sse4_1 sse4_2 x2apic movbe popcnt tsc_deadline_timer aes xsave avx f16c rdrand lahf_lm abm 3dnowprefetch ida arat epb pln pts dtherm tpr_shadow vnmi flexpriority ept vpid fsgsbase tsc_adjust bmi1 avx2 smep bmi2 erms invpcid rdseed adx smap xsaveopt
bugs		:
bogomips	: 4389.98
clflush size	: 64
cache_alignment	: 64
address sizes	: 39 bits physical, 48 bits virtual
power management:

processor	: 1
vendor_id	: GenuineIntel
cpu family	: 6
model		: 61
model name	: Intel(R) Core(TM) i5-5200U CPU @ 2.20GHz
stepping	: 4
microcode	: 0x16
cpu MHz		: 2688.125
cache size	: 3072 KB
physical id	: 0
siblings	: 4
core id		: 0
cpu cores	: 2
apicid		: 1
initial apicid	: 1
fpu		: yes
fpu_exception	: yes
cpuid level	: 20
wp		: yes
flags		: fpu vme de pse tsc msr pae mce cx8 apic sep mtrr pge mca cmov pat pse36 clflush dts acpi mmx fxsr sse sse2 ss ht tm pbe syscall nx pdpe1gb rdtscp lm constant_tsc arch_perfmon pebs bts rep_good nopl xtopology nonstop_tsc aperfmperf eagerfpu pni pclmulqdq dtes64 monitor ds_cpl vmx est tm2 ssse3 fma cx16 xtpr pdcm pcid sse4_1 sse4_2 x2apic movbe popcnt tsc_deadline_timer aes xsave avx f16c rdrand lahf_lm abm 3dnowprefetch ida arat epb pln pts dtherm tpr_shadow vnmi flexpriority ept vpid fsgsbase tsc_adjust bmi1 avx2 smep bmi2 erms invpcid rdseed adx smap xsaveopt
bugs		:
bogomips	: 4389.98
clflush size	: 64
cache_alignment	: 64
address sizes	: 39 bits physical, 48 bits virtual
power management:

processor	: 2
vendor_id	: GenuineIntel
cpu family	: 6
model		: 61
model name	: Intel(R) Core(TM) i5-5200U CPU @ 2.20GHz
stepping	: 4
microcode	: 0x16
cpu MHz		: 2500.179
cache size	: 3072 KB
physical id	: 0
siblings	: 4
core id		: 1
cpu cores	: 2
apicid		: 2
initial apicid	: 2
fpu		: yes
fpu_exception	: yes
cpuid level	: 20
wp		: yes
flags		: fpu vme de pse tsc msr pae mce cx8 apic sep mtrr pge mca cmov pat pse36 clflush dts acpi mmx fxsr sse sse2 ss ht tm pbe syscall nx pdpe1gb rdtscp lm constant_tsc arch_perfmon pebs bts rep_good nopl xtopology nonstop_tsc aperfmperf eagerfpu pni pclmulqdq dtes64 monitor ds_cpl vmx est tm2 ssse3 fma cx16 xtpr pdcm pcid sse4_1 sse4_2 x2apic movbe popcnt tsc_deadline_timer aes xsave avx f16c rdrand lahf_lm abm 3dnowprefetch ida arat epb pln pts dtherm tpr_shadow vnmi flexpriority ept vpid fsgsbase tsc_adjust bmi1 avx2 smep bmi2 erms invpcid rdseed adx smap xsaveopt
bugs		:
bogomips	: 4389.98
clflush size	: 64
cache_alignment	: 64
address sizes	: 39 bits physical, 48 bits virtual
power management:

processor	: 3
vendor_id	: GenuineIntel
cpu family	: 6
model		: 61
model name	: Intel(R) Core(TM) i5-5200U CPU @ 2.20GHz
stepping	: 4
microcode	: 0x16
cpu MHz		: 2500.007
cache size	: 3072 KB
physical id	: 0
siblings	: 4
core id		: 1
cpu cores	: 2
apicid		: 3
initial apicid	: 3
fpu		: yes
fpu_exception	: yes
cpuid level	: 20
wp		: yes
flags		: fpu vme de pse tsc msr pae mce cx8 apic sep mtrr pge mca cmov pat pse36 clflush dts acpi mmx fxsr sse sse2 ss ht tm pbe syscall nx pdpe1gb rdtscp lm constant_tsc arch_perfmon pebs bts rep_good nopl xtopology nonstop_tsc aperfmperf eagerfpu pni pclmulqdq dtes64 monitor ds_cpl vmx est tm2 ssse3 fma cx16 xtpr pdcm pcid sse4_1 sse4_2 x2apic movbe popcnt tsc_deadline_timer aes xsave avx f16c rdrand lahf_lm abm 3dnowprefetch ida arat epb pln pts dtherm tpr_shadow vnmi flexpriority ept vpid fsgsbase tsc_adjust bmi1 avx2 smep bmi2 erms invpcid rdseed adx smap xsaveopt
bugs		:
bogomips	: 4389.98
clflush size	: 64
cache_alignment	: 64
address sizes	: 39 bits physical, 48 bits virtual
power management:



Memory: 4k page, physical 3777016k(226696k free), swap 0k(0k free)

vm_info: Java HotSpot(TM) 64-Bit Server VM (25.101-b13) for linux-amd64 JRE (1.8.0_101-b13), built on Jun 22 2016 02:59:44 by "java_re" with gcc 4.3.0 20080428 (Red Hat 4.3.0-8)

time: Sun Sep 25 20:58:18 2016
elapsed time: 0 seconds (0d 0h 0m 0s)

