#
# There is insufficient memory for the Java Runtime Environment to continue.
# Native memory allocation (malloc) failed to allocate 159383552 bytes for committing reserved memory.
# Possible reasons:
#   The system is out of physical RAM or swap space
#   In 32 bit mode, the process size limit was hit
# Possible solutions:
#   Reduce memory load on the system
#   Increase physical memory or swap space
#   Check if swap backing store is full
#   Use 64 bit Java on a 64 bit OS
#   Decrease Java heap size (-Xmx/-Xms)
#   Decrease number of Java threads
#   Decrease Java thread stack sizes (-Xss)
#   Set larger code cache with -XX:ReservedCodeCacheSize=
# This output file may be truncated or incomplete.
#
#  Out of Memory Error (os_linux.cpp:2827), pid=8431, tid=140541357106944
#
# JRE version: OpenJDK Runtime Environment (7.0_101) (build 1.7.0_101-b00)
# Java VM: OpenJDK 64-Bit Server VM (24.95-b01 mixed mode linux-amd64 compressed oops)
# Derivative: IcedTea 2.6.6
# Distribution: Ubuntu 14.04 LTS, package 7u101-2.6.6-0ubuntu0.14.04.1
# Failed to write core dump. Core dumps have been disabled. To enable core dumping, try "ulimit -c unlimited" before starting Java again
#

---------------  T H R E A D  ---------------

Current thread (0x00007fd24c00a000):  JavaThread "main" [_thread_in_vm, id=8432, stack(0x00007fd2559aa000,0x00007fd255aab000)]

Stack: [0x00007fd2559aa000,0x00007fd255aab000],  sp=0x00007fd255aa9480,  free space=1021k
Native frames: (J=compiled Java code, j=interpreted, Vv=VM code, C=native code)
V  [libjvm.so+0x955705]
V  [libjvm.so+0x490c44]
V  [libjvm.so+0x7d0c9b]
V  [libjvm.so+0x7cb75f]
V  [libjvm.so+0x83ee5b]
V  [libjvm.so+0x82f0ab]
V  [libjvm.so+0x82f26b]
V  [libjvm.so+0x82fb48]
V  [libjvm.so+0x7f2de7]
V  [libjvm.so+0x9207e6]
V  [libjvm.so+0x5e1f08]
j  jaligner.SmithWatermanGotoh.align(Ljaligner/Sequence;Ljaligner/Sequence;Ljaligner/matrix/Matrix;FF)Ljaligner/Alignment;+121
j  jaligner.ui.AlignCommandLine.main([Ljava/lang/String;)V+104
v  ~StubRoutines::call_stub
V  [libjvm.so+0x5ef089]
V  [libjvm.so+0x5eeb28]
V  [libjvm.so+0x608568]
V  [libjvm.so+0x60f408]
C  [libjli.so+0x31f9]

Java frames: (J=compiled Java code, j=interpreted, Vv=VM code)
j  jaligner.SmithWatermanGotoh.align(Ljaligner/Sequence;Ljaligner/Sequence;Ljaligner/matrix/Matrix;FF)Ljaligner/Alignment;+121
j  jaligner.ui.AlignCommandLine.main([Ljava/lang/String;)V+104
v  ~StubRoutines::call_stub

---------------  P R O C E S S  ---------------

Java Threads: ( => current thread )
  0x00007fd24c176800 JavaThread "Service Thread" daemon [_thread_blocked, id=8443, stack(0x00007fd250336000,0x00007fd250437000)]
  0x00007fd24c174000 JavaThread "C2 CompilerThread1" daemon [_thread_blocked, id=8442, stack(0x00007fd250437000,0x00007fd250538000)]
  0x00007fd24c171000 JavaThread "C2 CompilerThread0" daemon [_thread_blocked, id=8441, stack(0x00007fd250538000,0x00007fd250639000)]
  0x00007fd24c16f000 JavaThread "Signal Dispatcher" daemon [_thread_blocked, id=8440, stack(0x00007fd250639000,0x00007fd25073a000)]
  0x00007fd24c143000 JavaThread "Finalizer" daemon [_thread_blocked, id=8439, stack(0x00007fd25073a000,0x00007fd25083b000)]
  0x00007fd24c141000 JavaThread "Reference Handler" daemon [_thread_blocked, id=8438, stack(0x00007fd25083b000,0x00007fd25093c000)]
=>0x00007fd24c00a000 JavaThread "main" [_thread_in_vm, id=8432, stack(0x00007fd2559aa000,0x00007fd255aab000)]

Other Threads:
  0x00007fd24c13c800 VMThread [stack: 0x00007fd25093c000,0x00007fd250a3d000] [id=8437]
  0x00007fd24c181000 WatcherThread [stack: 0x00007fd250235000,0x00007fd250336000] [id=8444]

VM state:not at safepoint (normal execution)

VM Mutex/Monitor currently owned by a thread:  ([mutex/lock_event])
[0x00007fd24c005d80] ExpandHeap_lock - owner thread: 0x00007fd24c00a000
[0x00007fd24c006900] Heap_lock - owner thread: 0x00007fd24c00a000

Heap
 PSYoungGen      total 17920K, used 1924K [0x00000000ecc00000, 0x00000000edf80000, 0x0000000100000000)
  eden space 15872K, 12% used [0x00000000ecc00000,0x00000000ecde1078,0x00000000edb80000)
  from space 2048K, 0% used [0x00000000edd80000,0x00000000edd80000,0x00000000edf80000)
  to   space 2048K, 0% used [0x00000000edb80000,0x00000000edb80000,0x00000000edd80000)
 ParOldGen       total 272896K, used 233330K [0x00000000c6400000, 0x00000000d6e80000, 0x00000000ecc00000)
  object space 272896K, 85% used [0x00000000c6400000,0x00000000d47dc8e8,0x00000000d6e80000)
 PSPermGen       total 21504K, used 4408K [0x00000000bbe00000, 0x00000000bd300000, 0x00000000c6400000)
  object space 21504K, 20% used [0x00000000bbe00000,0x00000000bc24e2f8,0x00000000bd300000)

Card table byte_map: [0x00007fd2523c4000,0x00007fd2525e6000] byte_map_base: 0x00007fd251de5000

Polling page: 0x00007fd255ad0000

Code Cache  [0x00007fd249000000, 0x00007fd249270000, 0x00007fd24c000000)
 total_blobs=237 nmethods=17 adapters=174 free_code_cache=48710Kb largest_free_block=49862144

Compilation events (10 events):
Event: 1,116 Thread 0x00007fd24c174000 nmethod 13 0x00007fd249067cd0 code [0x00007fd249067e20, 0x00007fd2490683b8]
Event: 1,116 Thread 0x00007fd24c174000   14             jaligner.util.SequenceParser::prepare (439 bytes)
Event: 1,124 Thread 0x00007fd24c174000 nmethod 14 0x00007fd24906d550 code [0x00007fd24906d700, 0x00007fd24906da70]
Event: 1,124 Thread 0x00007fd24c174000   15             sun.nio.cs.UTF_8$Encoder::encode (361 bytes)
Event: 1,127 Thread 0x00007fd24c174000 nmethod 15 0x00007fd249067810 code [0x00007fd249067960, 0x00007fd249067b98]
Event: 1,127 Thread 0x00007fd24c174000   16             sun.nio.cs.UTF_8$Decoder::decodeArrayLoop (543 bytes)
Event: 1,177 Thread 0x00007fd24c171000 nmethod 12 0x00007fd249068a90 code [0x00007fd249068c80, 0x00007fd249069900]
Event: 1,193 Thread 0x00007fd24c174000 nmethod 16 0x00007fd249070210 code [0x00007fd2490704a0, 0x00007fd249070f90]
Event: 1,234 Thread 0x00007fd24c171000   17 %           jaligner.SmithWatermanGotoh::align @ 88 (298 bytes)
Event: 1,247 Thread 0x00007fd24c171000 nmethod 17% 0x00007fd249071bd0 code [0x00007fd249071d60, 0x00007fd249072598]

GC Heap History (0 events):
No events

Deoptimization events (4 events):
Event: 1,012 Thread 0x00007fd24c00a000 Uncommon trap: reason=unstable_if action=reinterpret pc=0x00007fd2490603b4 method=java.lang.String.indexOf(II)I @ 49
Event: 1,108 Thread 0x00007fd24c00a000 Uncommon trap: reason=unstable_if action=reinterpret pc=0x00007fd249065738 method=java.lang.CharacterDataLatin1.toUpperCaseEx(I)I @ 12
Event: 1,108 Thread 0x00007fd24c00a000 Uncommon trap: reason=unstable_if action=reinterpret pc=0x00007fd2490674a0 method=java.lang.CharacterDataLatin1.toUpperCaseEx(I)I @ 12
Event: 1,109 Thread 0x00007fd24c00a000 Uncommon trap: reason=unstable_if action=reinterpret pc=0x00007fd249066398 method=java.io.BufferedReader.readLine(Z)Ljava/lang/String; @ 160

Internal exceptions (10 events):
Event: 0,640 Thread 0x00007fd24c00a000 Threw 0x00000000ecce3370 at /build/openjdk-7-9duhBW/openjdk-7-7u101-2.6.6/build/openjdk/hotspot/src/share/vm/prims/jvm.cpp:1322
Event: 1,075 Thread 0x00007fd24c00a000 Threw 0x00000000eccfe4e0 at /build/openjdk-7-9duhBW/openjdk-7-7u101-2.6.6/build/openjdk/hotspot/src/share/vm/prims/jvm.cpp:1322
Event: 1,075 Thread 0x00007fd24c00a000 Threw 0x00000000ecd040b0 at /build/openjdk-7-9duhBW/openjdk-7-7u101-2.6.6/build/openjdk/hotspot/src/share/vm/prims/jvm.cpp:1322
Event: 1,084 Thread 0x00007fd24c00a000 Threw 0x00000000ecd22db0 at /build/openjdk-7-9duhBW/openjdk-7-7u101-2.6.6/build/openjdk/hotspot/src/share/vm/prims/jvm.cpp:1322
Event: 1,103 Thread 0x00007fd24c00a000 Threw 0x00000000ecd68ed8 at /build/openjdk-7-9duhBW/openjdk-7-7u101-2.6.6/build/openjdk/hotspot/src/share/vm/prims/jvm.cpp:1322
Event: 1,104 Thread 0x00007fd24c00a000 Threw 0x00000000ecd6f2d8 at /build/openjdk-7-9duhBW/openjdk-7-7u101-2.6.6/build/openjdk/hotspot/src/share/vm/prims/jvm.cpp:1322
Event: 1,107 Thread 0x00007fd24c00a000 Threw 0x00000000ecd75aa8 at /build/openjdk-7-9duhBW/openjdk-7-7u101-2.6.6/build/openjdk/hotspot/src/share/vm/prims/jvm.cpp:1322
Event: 1,113 Thread 0x00007fd24c00a000 Threw 0x00000000ecda8ab8 at /build/openjdk-7-9duhBW/openjdk-7-7u101-2.6.6/build/openjdk/hotspot/src/share/vm/prims/jvm.cpp:1322
Event: 1,113 Thread 0x00007fd24c00a000 Threw 0x00000000ecdaaed0 at /build/openjdk-7-9duhBW/openjdk-7-7u101-2.6.6/build/openjdk/hotspot/src/share/vm/prims/jvm.cpp:1322
Event: 1,234 Thread 0x00007fd24c00a000 Threw 0x00000000ecdb4570 at /build/openjdk-7-9duhBW/openjdk-7-7u101-2.6.6/build/openjdk/hotspot/src/share/vm/prims/jvm.cpp:1322

Events (10 events):
Event: 1,108 Thread 0x00007fd24c00a000 DEOPT UNPACKING pc=0x00007fd249039445 sp=0x00007fd255aa9050 mode 2
Event: 1,109 Thread 0x00007fd24c00a000 Uncommon trap: trap_request=0xffffff75 fr.pc=0x00007fd249066398
Event: 1,109 Thread 0x00007fd24c00a000 DEOPT PACKING pc=0x00007fd249066398 sp=0x00007fd255aa97b0
Event: 1,109 Thread 0x00007fd24c00a000 DEOPT UNPACKING pc=0x00007fd249039445 sp=0x00007fd255aa9738 mode 2
Event: 1,112 loading class 0x00007fd24c25cfc0
Event: 1,112 loading class 0x00007fd24c25cfc0 done
Event: 1,113 loading class 0x00007fd24c1d3a90
Event: 1,113 loading class 0x00007fd24c1d3a90 done
Event: 1,234 loading class 0x00007fd24c1d3b50
Event: 1,234 loading class 0x00007fd24c1d3b50 done


Dynamic libraries:
00400000-00401000 r-xp 00000000 08:04 4329188                            /usr/lib/jvm/java-7-openjdk-amd64/jre/bin/java
00600000-00601000 r--p 00000000 08:04 4329188                            /usr/lib/jvm/java-7-openjdk-amd64/jre/bin/java
00601000-00602000 rw-p 00001000 08:04 4329188                            /usr/lib/jvm/java-7-openjdk-amd64/jre/bin/java
013a8000-013c9000 rw-p 00000000 00:00 0                                  [heap]
bbe00000-bd300000 rw-p 00000000 00:00 0 
bd300000-c6400000 rw-p 00000000 00:00 0 
c6400000-d6e80000 rw-p 00000000 00:00 0 
e0680000-ecc00000 rw-p 00000000 00:00 0 
ecc00000-edf80000 rw-p 00000000 00:00 0 
edf80000-100000000 rw-p 00000000 00:00 0 
7fd20c000000-7fd20c021000 rw-p 00000000 00:00 0 
7fd20c021000-7fd210000000 ---p 00000000 00:00 0 
7fd214000000-7fd21414e000 rw-p 00000000 00:00 0 
7fd21414e000-7fd218000000 ---p 00000000 00:00 0 
7fd218000000-7fd218021000 rw-p 00000000 00:00 0 
7fd218021000-7fd21c000000 ---p 00000000 00:00 0 
7fd21c000000-7fd21c021000 rw-p 00000000 00:00 0 
7fd21c021000-7fd220000000 ---p 00000000 00:00 0 
7fd220000000-7fd22021b000 rw-p 00000000 00:00 0 
7fd22021b000-7fd224000000 ---p 00000000 00:00 0 
7fd224000000-7fd224021000 rw-p 00000000 00:00 0 
7fd224021000-7fd228000000 ---p 00000000 00:00 0 
7fd228000000-7fd228021000 rw-p 00000000 00:00 0 
7fd228021000-7fd22c000000 ---p 00000000 00:00 0 
7fd22c000000-7fd22c021000 rw-p 00000000 00:00 0 
7fd22c021000-7fd230000000 ---p 00000000 00:00 0 
7fd230000000-7fd230021000 rw-p 00000000 00:00 0 
7fd230021000-7fd234000000 ---p 00000000 00:00 0 
7fd234000000-7fd234021000 rw-p 00000000 00:00 0 
7fd234021000-7fd238000000 ---p 00000000 00:00 0 
7fd23c000000-7fd23c021000 rw-p 00000000 00:00 0 
7fd23c021000-7fd240000000 ---p 00000000 00:00 0 
7fd240e0f000-7fd240e4c000 r-xp 00000000 08:04 131991                     /lib/x86_64-linux-gnu/libpcre.so.3.13.1
7fd240e4c000-7fd24104b000 ---p 0003d000 08:04 131991                     /lib/x86_64-linux-gnu/libpcre.so.3.13.1
7fd24104b000-7fd24104c000 r--p 0003c000 08:04 131991                     /lib/x86_64-linux-gnu/libpcre.so.3.13.1
7fd24104c000-7fd24104d000 rw-p 0003d000 08:04 131991                     /lib/x86_64-linux-gnu/libpcre.so.3.13.1
7fd24104d000-7fd241054000 r-xp 00000000 08:04 1442211                    /usr/lib/x86_64-linux-gnu/libffi.so.6.0.1
7fd241054000-7fd241253000 ---p 00007000 08:04 1442211                    /usr/lib/x86_64-linux-gnu/libffi.so.6.0.1
7fd241253000-7fd241254000 r--p 00006000 08:04 1442211                    /usr/lib/x86_64-linux-gnu/libffi.so.6.0.1
7fd241254000-7fd241255000 rw-p 00007000 08:04 1442211                    /usr/lib/x86_64-linux-gnu/libffi.so.6.0.1
7fd241255000-7fd24126c000 r-xp 00000000 08:04 132080                     /lib/x86_64-linux-gnu/libresolv-2.19.so
7fd24126c000-7fd24146c000 ---p 00017000 08:04 132080                     /lib/x86_64-linux-gnu/libresolv-2.19.so
7fd24146c000-7fd24146d000 r--p 00017000 08:04 132080                     /lib/x86_64-linux-gnu/libresolv-2.19.so
7fd24146d000-7fd24146e000 rw-p 00018000 08:04 132080                     /lib/x86_64-linux-gnu/libresolv-2.19.so
7fd24146e000-7fd241470000 rw-p 00000000 00:00 0 
7fd241470000-7fd241490000 r-xp 00000000 08:04 135464                     /lib/x86_64-linux-gnu/libselinux.so.1
7fd241490000-7fd24168f000 ---p 00020000 08:04 135464                     /lib/x86_64-linux-gnu/libselinux.so.1
7fd24168f000-7fd241690000 r--p 0001f000 08:04 135464                     /lib/x86_64-linux-gnu/libselinux.so.1
7fd241690000-7fd241691000 rw-p 00020000 08:04 135464                     /lib/x86_64-linux-gnu/libselinux.so.1
7fd241691000-7fd241693000 rw-p 00000000 00:00 0 
7fd241693000-7fd241696000 r-xp 00000000 08:04 1450318                    /usr/lib/x86_64-linux-gnu/libgmodule-2.0.so.0.4002.0
7fd241696000-7fd241895000 ---p 00003000 08:04 1450318                    /usr/lib/x86_64-linux-gnu/libgmodule-2.0.so.0.4002.0
7fd241895000-7fd241896000 r--p 00002000 08:04 1450318                    /usr/lib/x86_64-linux-gnu/libgmodule-2.0.so.0.4002.0
7fd241896000-7fd241897000 rw-p 00003000 08:04 1450318                    /usr/lib/x86_64-linux-gnu/libgmodule-2.0.so.0.4002.0
7fd241897000-7fd24199d000 r-xp 00000000 08:04 135365                     /lib/x86_64-linux-gnu/libglib-2.0.so.0.4002.0
7fd24199d000-7fd241b9c000 ---p 00106000 08:04 135365                     /lib/x86_64-linux-gnu/libglib-2.0.so.0.4002.0
7fd241b9c000-7fd241b9d000 r--p 00105000 08:04 135365                     /lib/x86_64-linux-gnu/libglib-2.0.so.0.4002.0
7fd241b9d000-7fd241b9e000 rw-p 00106000 08:04 135365                     /lib/x86_64-linux-gnu/libglib-2.0.so.0.4002.0
7fd241b9e000-7fd241b9f000 rw-p 00000000 00:00 0 
7fd241b9f000-7fd241bee000 r-xp 00000000 08:04 1450334                    /usr/lib/x86_64-linux-gnu/libgobject-2.0.so.0.4002.0
7fd241bee000-7fd241dee000 ---p 0004f000 08:04 1450334                    /usr/lib/x86_64-linux-gnu/libgobject-2.0.so.0.4002.0
7fd241dee000-7fd241def000 r--p 0004f000 08:04 1450334                    /usr/lib/x86_64-linux-gnu/libgobject-2.0.so.0.4002.0
7fd241def000-7fd241df0000 rw-p 00050000 08:04 1450334                    /usr/lib/x86_64-linux-gnu/libgobject-2.0.so.0.4002.0
7fd241df0000-7fd244000000 rw-p 00000000 00:00 0 
7fd244000000-7fd244021000 rw-p 00000000 00:00 0 
7fd244021000-7fd248000000 ---p 00000000 00:00 0 
7fd248202000-7fd24836e000 r-xp 00000000 08:04 1450306                    /usr/lib/x86_64-linux-gnu/libgio-2.0.so.0.4002.0
7fd24836e000-7fd24856d000 ---p 0016c000 08:04 1450306                    /usr/lib/x86_64-linux-gnu/libgio-2.0.so.0.4002.0
7fd24856d000-7fd248571000 r--p 0016b000 08:04 1450306                    /usr/lib/x86_64-linux-gnu/libgio-2.0.so.0.4002.0
7fd248571000-7fd248573000 rw-p 0016f000 08:04 1450306                    /usr/lib/x86_64-linux-gnu/libgio-2.0.so.0.4002.0
7fd248573000-7fd248575000 rw-p 00000000 00:00 0 
7fd248596000-7fd2485ad000 r-xp 00000000 08:04 4980984                    /usr/lib/jvm/java-7-openjdk-amd64/jre/lib/amd64/libnet.so
7fd2485ad000-7fd2487ac000 ---p 00017000 08:04 4980984                    /usr/lib/jvm/java-7-openjdk-amd64/jre/lib/amd64/libnet.so
7fd2487ac000-7fd2487ad000 r--p 00016000 08:04 4980984                    /usr/lib/jvm/java-7-openjdk-amd64/jre/lib/amd64/libnet.so
7fd2487ad000-7fd2487ae000 rw-p 00017000 08:04 4980984                    /usr/lib/jvm/java-7-openjdk-amd64/jre/lib/amd64/libnet.so
7fd2487ae000-7fd249000000 r--p 00000000 08:04 1448898                    /usr/lib/locale/locale-archive
7fd249000000-7fd249270000 rwxp 00000000 00:00 0 
7fd249270000-7fd24c273000 rw-p 00000000 00:00 0 
7fd24c273000-7fd250000000 ---p 00000000 00:00 0 
7fd25001e000-7fd25002e000 r-xp 00000000 08:04 4981008                    /usr/lib/jvm/java-7-openjdk-amd64/jre/lib/amd64/libnio.so
7fd25002e000-7fd25022e000 ---p 00010000 08:04 4981008                    /usr/lib/jvm/java-7-openjdk-amd64/jre/lib/amd64/libnio.so
7fd25022e000-7fd25022f000 r--p 00010000 08:04 4981008                    /usr/lib/jvm/java-7-openjdk-amd64/jre/lib/amd64/libnio.so
7fd25022f000-7fd250230000 rw-p 00011000 08:04 4981008                    /usr/lib/jvm/java-7-openjdk-amd64/jre/lib/amd64/libnio.so
7fd250230000-7fd250235000 r--s 00024000 08:04 4723346                    /home/hema/Desktop/Hiwi/opt/jaligner/jaligner.jar
7fd250235000-7fd250236000 ---p 00000000 00:00 0 
7fd250236000-7fd250336000 rw-p 00000000 00:00 0                          [stack:8444]
7fd250336000-7fd250339000 ---p 00000000 00:00 0 
7fd250339000-7fd250437000 rw-p 00000000 00:00 0                          [stack:8443]
7fd250437000-7fd25043a000 ---p 00000000 00:00 0 
7fd25043a000-7fd250538000 rw-p 00000000 00:00 0                          [stack:8442]
7fd250538000-7fd25053b000 ---p 00000000 00:00 0 
7fd25053b000-7fd250639000 rw-p 00000000 00:00 0                          [stack:8441]
7fd250639000-7fd25063c000 ---p 00000000 00:00 0 
7fd25063c000-7fd25073a000 rw-p 00000000 00:00 0                          [stack:8440]
7fd25073a000-7fd25073d000 ---p 00000000 00:00 0 
7fd25073d000-7fd25083b000 rw-p 00000000 00:00 0                          [stack:8439]
7fd25083b000-7fd25083e000 ---p 00000000 00:00 0 
7fd25083e000-7fd25093c000 rw-p 00000000 00:00 0                          [stack:8438]
7fd25093c000-7fd25093d000 ---p 00000000 00:00 0 
7fd25093d000-7fd251995000 rw-p 00000000 00:00 0                          [stack:8437]
7fd251995000-7fd251b47000 r--s 01d32000 08:04 4457521                    /usr/lib/jvm/java-7-openjdk-amd64/jre/lib/rt.jar
7fd251b47000-7fd251e39000 rw-p 00000000 00:00 0 
7fd251e39000-7fd251e3a000 ---p 00000000 00:00 0 
7fd251e3a000-7fd251f3a000 rw-p 00000000 00:00 0                          [stack:8436]
7fd251f3a000-7fd251f3b000 ---p 00000000 00:00 0 
7fd251f3b000-7fd25203b000 rw-p 00000000 00:00 0                          [stack:8435]
7fd25203b000-7fd25203c000 ---p 00000000 00:00 0 
7fd25203c000-7fd25213c000 rw-p 00000000 00:00 0                          [stack:8434]
7fd25213c000-7fd25213d000 ---p 00000000 00:00 0 
7fd25213d000-7fd252248000 rw-p 00000000 00:00 0                          [stack:8433]
7fd252248000-7fd252290000 rw-p 00000000 00:00 0 
7fd252290000-7fd252316000 rw-p 00000000 00:00 0 
7fd252316000-7fd2523c4000 rw-p 00000000 00:00 0 
7fd2523c4000-7fd2523cf000 rw-p 00000000 00:00 0 
7fd2523cf000-7fd252417000 rw-p 00000000 00:00 0 
7fd252417000-7fd25249d000 rw-p 00000000 00:00 0 
7fd25249d000-7fd25254b000 rw-p 00000000 00:00 0 
7fd25254b000-7fd252555000 rw-p 00000000 00:00 0 
7fd252555000-7fd2525e5000 rw-p 00000000 00:00 0 
7fd2525e5000-7fd2525e6000 rw-p 00000000 00:00 0 
7fd2525e6000-7fd2525ee000 r-xp 00000000 08:04 4980990                    /usr/lib/jvm/java-7-openjdk-amd64/jre/lib/amd64/libzip.so
7fd2525ee000-7fd2527ed000 ---p 00008000 08:04 4980990                    /usr/lib/jvm/java-7-openjdk-amd64/jre/lib/amd64/libzip.so
7fd2527ed000-7fd2527ee000 r--p 00007000 08:04 4980990                    /usr/lib/jvm/java-7-openjdk-amd64/jre/lib/amd64/libzip.so
7fd2527ee000-7fd2527ef000 rw-p 00008000 08:04 4980990                    /usr/lib/jvm/java-7-openjdk-amd64/jre/lib/amd64/libzip.so
7fd2527ef000-7fd2527f9000 r-xp 00000000 08:04 132102                     /lib/x86_64-linux-gnu/libnss_files-2.19.so
7fd2527f9000-7fd2529f8000 ---p 0000a000 08:04 132102                     /lib/x86_64-linux-gnu/libnss_files-2.19.so
7fd2529f8000-7fd2529f9000 r--p 00009000 08:04 132102                     /lib/x86_64-linux-gnu/libnss_files-2.19.so
7fd2529f9000-7fd2529fa000 rw-p 0000a000 08:04 132102                     /lib/x86_64-linux-gnu/libnss_files-2.19.so
7fd2529fa000-7fd252a05000 r-xp 00000000 08:04 132094                     /lib/x86_64-linux-gnu/libnss_nis-2.19.so
7fd252a05000-7fd252c04000 ---p 0000b000 08:04 132094                     /lib/x86_64-linux-gnu/libnss_nis-2.19.so
7fd252c04000-7fd252c05000 r--p 0000a000 08:04 132094                     /lib/x86_64-linux-gnu/libnss_nis-2.19.so
7fd252c05000-7fd252c06000 rw-p 0000b000 08:04 132094                     /lib/x86_64-linux-gnu/libnss_nis-2.19.so
7fd252c06000-7fd252c1d000 r-xp 00000000 08:04 132090                     /lib/x86_64-linux-gnu/libnsl-2.19.so
7fd252c1d000-7fd252e1c000 ---p 00017000 08:04 132090                     /lib/x86_64-linux-gnu/libnsl-2.19.so
7fd252e1c000-7fd252e1d000 r--p 00016000 08:04 132090                     /lib/x86_64-linux-gnu/libnsl-2.19.so
7fd252e1d000-7fd252e1e000 rw-p 00017000 08:04 132090                     /lib/x86_64-linux-gnu/libnsl-2.19.so
7fd252e1e000-7fd252e20000 rw-p 00000000 00:00 0 
7fd252e20000-7fd252e29000 r-xp 00000000 08:04 132089                     /lib/x86_64-linux-gnu/libnss_compat-2.19.so
7fd252e29000-7fd253028000 ---p 00009000 08:04 132089                     /lib/x86_64-linux-gnu/libnss_compat-2.19.so
7fd253028000-7fd253029000 r--p 00008000 08:04 132089                     /lib/x86_64-linux-gnu/libnss_compat-2.19.so
7fd253029000-7fd25302a000 rw-p 00009000 08:04 132089                     /lib/x86_64-linux-gnu/libnss_compat-2.19.so
7fd25302a000-7fd253055000 r-xp 00000000 08:04 4980975                    /usr/lib/jvm/java-7-openjdk-amd64/jre/lib/amd64/libjava.so
7fd253055000-7fd253255000 ---p 0002b000 08:04 4980975                    /usr/lib/jvm/java-7-openjdk-amd64/jre/lib/amd64/libjava.so
7fd253255000-7fd253256000 r--p 0002b000 08:04 4980975                    /usr/lib/jvm/java-7-openjdk-amd64/jre/lib/amd64/libjava.so
7fd253256000-7fd253258000 rw-p 0002c000 08:04 4980975                    /usr/lib/jvm/java-7-openjdk-amd64/jre/lib/amd64/libjava.so
7fd253258000-7fd253268000 r-xp 00000000 08:04 4980976                    /usr/lib/jvm/java-7-openjdk-amd64/jre/lib/amd64/libverify.so
7fd253268000-7fd253467000 ---p 00010000 08:04 4980976                    /usr/lib/jvm/java-7-openjdk-amd64/jre/lib/amd64/libverify.so
7fd253467000-7fd253469000 r--p 0000f000 08:04 4980976                    /usr/lib/jvm/java-7-openjdk-amd64/jre/lib/amd64/libverify.so
7fd253469000-7fd25346a000 rw-p 00011000 08:04 4980976                    /usr/lib/jvm/java-7-openjdk-amd64/jre/lib/amd64/libverify.so
7fd25346a000-7fd253471000 r-xp 00000000 08:04 132098                     /lib/x86_64-linux-gnu/librt-2.19.so
7fd253471000-7fd253670000 ---p 00007000 08:04 132098                     /lib/x86_64-linux-gnu/librt-2.19.so
7fd253670000-7fd253671000 r--p 00006000 08:04 132098                     /lib/x86_64-linux-gnu/librt-2.19.so
7fd253671000-7fd253672000 rw-p 00007000 08:04 132098                     /lib/x86_64-linux-gnu/librt-2.19.so
7fd253672000-7fd253688000 r-xp 00000000 08:04 135311                     /lib/x86_64-linux-gnu/libgcc_s.so.1
7fd253688000-7fd253887000 ---p 00016000 08:04 135311                     /lib/x86_64-linux-gnu/libgcc_s.so.1
7fd253887000-7fd253888000 rw-p 00015000 08:04 135311                     /lib/x86_64-linux-gnu/libgcc_s.so.1
7fd253888000-7fd25398d000 r-xp 00000000 08:04 132084                     /lib/x86_64-linux-gnu/libm-2.19.so
7fd25398d000-7fd253b8c000 ---p 00105000 08:04 132084                     /lib/x86_64-linux-gnu/libm-2.19.so
7fd253b8c000-7fd253b8d000 r--p 00104000 08:04 132084                     /lib/x86_64-linux-gnu/libm-2.19.so
7fd253b8d000-7fd253b8e000 rw-p 00105000 08:04 132084                     /lib/x86_64-linux-gnu/libm-2.19.so
7fd253b8e000-7fd253c74000 r-xp 00000000 08:04 1443253                    /usr/lib/x86_64-linux-gnu/libstdc++.so.6.0.19
7fd253c74000-7fd253e73000 ---p 000e6000 08:04 1443253                    /usr/lib/x86_64-linux-gnu/libstdc++.so.6.0.19
7fd253e73000-7fd253e7b000 r--p 000e5000 08:04 1443253                    /usr/lib/x86_64-linux-gnu/libstdc++.so.6.0.19
7fd253e7b000-7fd253e7d000 rw-p 000ed000 08:04 1443253                    /usr/lib/x86_64-linux-gnu/libstdc++.so.6.0.19
7fd253e7d000-7fd253e92000 rw-p 00000000 00:00 0 
7fd253e92000-7fd2549b7000 r-xp 00000000 08:04 4980988                    /usr/lib/jvm/java-7-openjdk-amd64/jre/lib/amd64/server/libjvm.so
7fd2549b7000-7fd254bb7000 ---p 00b25000 08:04 4980988                    /usr/lib/jvm/java-7-openjdk-amd64/jre/lib/amd64/server/libjvm.so
7fd254bb7000-7fd254c51000 r--p 00b25000 08:04 4980988                    /usr/lib/jvm/java-7-openjdk-amd64/jre/lib/amd64/server/libjvm.so
7fd254c51000-7fd254c74000 rw-p 00bbf000 08:04 4980988                    /usr/lib/jvm/java-7-openjdk-amd64/jre/lib/amd64/server/libjvm.so
7fd254c74000-7fd254ca3000 rw-p 00000000 00:00 0 
7fd254ca3000-7fd254cbb000 r-xp 00000000 08:04 135497                     /lib/x86_64-linux-gnu/libz.so.1.2.8
7fd254cbb000-7fd254eba000 ---p 00018000 08:04 135497                     /lib/x86_64-linux-gnu/libz.so.1.2.8
7fd254eba000-7fd254ebb000 r--p 00017000 08:04 135497                     /lib/x86_64-linux-gnu/libz.so.1.2.8
7fd254ebb000-7fd254ebc000 rw-p 00018000 08:04 135497                     /lib/x86_64-linux-gnu/libz.so.1.2.8
7fd254ebc000-7fd254ed5000 r-xp 00000000 08:04 132091                     /lib/x86_64-linux-gnu/libpthread-2.19.so
7fd254ed5000-7fd2550d4000 ---p 00019000 08:04 132091                     /lib/x86_64-linux-gnu/libpthread-2.19.so
7fd2550d4000-7fd2550d5000 r--p 00018000 08:04 132091                     /lib/x86_64-linux-gnu/libpthread-2.19.so
7fd2550d5000-7fd2550d6000 rw-p 00019000 08:04 132091                     /lib/x86_64-linux-gnu/libpthread-2.19.so
7fd2550d6000-7fd2550da000 rw-p 00000000 00:00 0 
7fd2550da000-7fd2550dd000 r-xp 00000000 08:04 132086                     /lib/x86_64-linux-gnu/libdl-2.19.so
7fd2550dd000-7fd2552dc000 ---p 00003000 08:04 132086                     /lib/x86_64-linux-gnu/libdl-2.19.so
7fd2552dc000-7fd2552dd000 r--p 00002000 08:04 132086                     /lib/x86_64-linux-gnu/libdl-2.19.so
7fd2552dd000-7fd2552de000 rw-p 00003000 08:04 132086                     /lib/x86_64-linux-gnu/libdl-2.19.so
7fd2552de000-7fd255498000 r-xp 00000000 08:04 132099                     /lib/x86_64-linux-gnu/libc-2.19.so
7fd255498000-7fd255698000 ---p 001ba000 08:04 132099                     /lib/x86_64-linux-gnu/libc-2.19.so
7fd255698000-7fd25569c000 r--p 001ba000 08:04 132099                     /lib/x86_64-linux-gnu/libc-2.19.so
7fd25569c000-7fd25569e000 rw-p 001be000 08:04 132099                     /lib/x86_64-linux-gnu/libc-2.19.so
7fd25569e000-7fd2556a3000 rw-p 00000000 00:00 0 
7fd2556a3000-7fd2556b0000 r-xp 00000000 08:04 4981005                    /usr/lib/jvm/java-7-openjdk-amd64/jre/lib/amd64/jli/libjli.so
7fd2556b0000-7fd2558af000 ---p 0000d000 08:04 4981005                    /usr/lib/jvm/java-7-openjdk-amd64/jre/lib/amd64/jli/libjli.so
7fd2558af000-7fd2558b0000 r--p 0000c000 08:04 4981005                    /usr/lib/jvm/java-7-openjdk-amd64/jre/lib/amd64/jli/libjli.so
7fd2558b0000-7fd2558b1000 rw-p 0000d000 08:04 4981005                    /usr/lib/jvm/java-7-openjdk-amd64/jre/lib/amd64/jli/libjli.so
7fd2558b1000-7fd2558d4000 r-xp 00000000 08:04 132092                     /lib/x86_64-linux-gnu/ld-2.19.so
7fd2558d5000-7fd2558d7000 rw-p 00000000 00:00 0 
7fd2558d7000-7fd2558d9000 r--s 00012000 08:04 4981031                    /usr/lib/jvm/java-7-openjdk-amd64/jre/lib/ext/zipfs.jar
7fd2558d9000-7fd2558dd000 r--s 00034000 08:04 4981032                    /usr/lib/jvm/java-7-openjdk-amd64/jre/lib/ext/sunjce_provider.jar
7fd2558dd000-7fd2558e0000 r--s 0000f000 08:04 4981033                    /usr/lib/jvm/java-7-openjdk-amd64/jre/lib/ext/icedtea-sound.jar
7fd2558e0000-7fd2558e2000 r--s 00006000 08:04 1840932                    /usr/share/java/java-atk-wrapper.jar
7fd2558e2000-7fd2558e6000 r--s 00085000 08:04 4981034                    /usr/lib/jvm/java-7-openjdk-amd64/jre/lib/ext/localedata.jar
7fd2558e6000-7fd2558ea000 r--s 0003c000 08:04 4981035                    /usr/lib/jvm/java-7-openjdk-amd64/jre/lib/ext/sunpkcs11.jar
7fd2558ea000-7fd2558f4000 rw-p 00000000 00:00 0 
7fd2558f4000-7fd2559aa000 rw-p 00000000 00:00 0 
7fd2559aa000-7fd2559ad000 ---p 00000000 00:00 0 
7fd2559ad000-7fd255ab0000 rw-p 00000000 00:00 0                          [stack:8432]
7fd255ab0000-7fd255ab1000 r--s 00002000 08:04 4981030                    /usr/lib/jvm/java-7-openjdk-amd64/jre/lib/ext/dnsns.jar
7fd255ab1000-7fd255ac7000 rw-p 00000000 00:00 0 
7fd255ac7000-7fd255acf000 rw-s 00000000 08:04 4988071                    /tmp/hsperfdata_hema/8431
7fd255acf000-7fd255ad0000 rw-p 00000000 00:00 0 
7fd255ad0000-7fd255ad1000 r--p 00000000 00:00 0 
7fd255ad1000-7fd255ad3000 rw-p 00000000 00:00 0 
7fd255ad3000-7fd255ad4000 r--p 00022000 08:04 132092                     /lib/x86_64-linux-gnu/ld-2.19.so
7fd255ad4000-7fd255ad5000 rw-p 00023000 08:04 132092                     /lib/x86_64-linux-gnu/ld-2.19.so
7fd255ad5000-7fd255ad6000 rw-p 00000000 00:00 0 
7ffcfa982000-7ffcfa9a3000 rw-p 00000000 00:00 0                          [stack]
7ffcfa9c3000-7ffcfa9c5000 r--p 00000000 00:00 0                          [vvar]
7ffcfa9c5000-7ffcfa9c7000 r-xp 00000000 00:00 0                          [vdso]
ffffffffff600000-ffffffffff601000 r-xp 00000000 00:00 0                  [vsyscall]

VM Arguments:
java_command: jaligner.jar ooo.fasta ooo1.fasta BLOSUM62 10.0 0.5
Launcher Type: SUN_STANDARD

Environment Variables:
PATH=/home/hema/.local/bin:/home/hema/bin:/usr/local/sbin:/usr/local/bin:/usr/sbin:/usr/bin:/sbin:/bin:/usr/games:/usr/local/games:/home/hema/Downloads/swps3-linux64-sse2-current
LD_LIBRARY_PATH=:/home/hema/Downloads/tbb/tbb44_20160316oss/build/linux_intel64_gcc_cc4.8_libc2.19_kernel3.19.0_debug
SHELL=/bin/bash
DISPLAY=:0.0

Signal Handlers:
SIGSEGV: [libjvm.so+0x9561e0], sa_mask[0]=0x7ffbfeff, sa_flags=0x10000004
SIGBUS: [libjvm.so+0x9561e0], sa_mask[0]=0x7ffbfeff, sa_flags=0x10000004
SIGFPE: [libjvm.so+0x7cc4d0], sa_mask[0]=0x7ffbfeff, sa_flags=0x10000004
SIGPIPE: [libjvm.so+0x7cc4d0], sa_mask[0]=0x7ffbfeff, sa_flags=0x10000004
SIGXFSZ: [libjvm.so+0x7cc4d0], sa_mask[0]=0x7ffbfeff, sa_flags=0x10000004
SIGILL: [libjvm.so+0x7cc4d0], sa_mask[0]=0x7ffbfeff, sa_flags=0x10000004
SIGUSR1: SIG_DFL, sa_mask[0]=0x00000000, sa_flags=0x00000000
SIGUSR2: [libjvm.so+0x7cc370], sa_mask[0]=0x00000000, sa_flags=0x10000004
SIGHUP: [libjvm.so+0x7cc550], sa_mask[0]=0x7ffbfeff, sa_flags=0x10000004
SIGINT: [libjvm.so+0x7cc550], sa_mask[0]=0x7ffbfeff, sa_flags=0x10000004
SIGTERM: [libjvm.so+0x7cc550], sa_mask[0]=0x7ffbfeff, sa_flags=0x10000004
SIGQUIT: [libjvm.so+0x7cc550], sa_mask[0]=0x7ffbfeff, sa_flags=0x10000004
SIGTRAP: SIG_DFL, sa_mask[0]=0x00000000, sa_flags=0x00000000


---------------  S Y S T E M  ---------------

OS:Ubuntu 14.04 (trusty)
uname:Linux 3.19.0-51-generic #58~14.04.1-Ubuntu SMP Fri Feb 26 22:02:58 UTC 2016 x86_64
libc:glibc 2.19 NPTL 2.19 
rlimit: STACK 8192k, CORE 0k, NPROC 14670, NOFILE 4096, AS infinity
load average:0,72 0,38 0,34

/proc/meminfo:
MemTotal:        3777016 kB
MemFree:          137304 kB
MemAvailable:     106276 kB
Buffers:            1232 kB
Cached:           713796 kB
SwapCached:            0 kB
Active:          2813180 kB
Inactive:         652336 kB
Active(anon):    2773184 kB
Inactive(anon):   615564 kB
Active(file):      39996 kB
Inactive(file):    36772 kB
Unevictable:         104 kB
Mlocked:             104 kB
SwapTotal:             0 kB
SwapFree:              0 kB
Dirty:                 8 kB
Writeback:             0 kB
AnonPages:       2751540 kB
Mapped:           453360 kB
Shmem:            637312 kB
Slab:              66788 kB
SReclaimable:      30112 kB
SUnreclaim:        36676 kB
KernelStack:        9760 kB
PageTables:        51488 kB
NFS_Unstable:          0 kB
Bounce:                0 kB
WritebackTmp:          0 kB
CommitLimit:     1888508 kB
Committed_AS:    8723616 kB
VmallocTotal:   34359738367 kB
VmallocUsed:      617300 kB
VmallocChunk:   34359114204 kB
HardwareCorrupted:     0 kB
AnonHugePages:    602112 kB
CmaTotal:              0 kB
CmaFree:               0 kB
HugePages_Total:       0
HugePages_Free:        0
HugePages_Rsvd:        0
HugePages_Surp:        0
Hugepagesize:       2048 kB
DirectMap4k:      182860 kB
DirectMap2M:     3739648 kB
DirectMap1G:     1048576 kB


CPU:total 4 (2 cores per cpu, 2 threads per core) family 6 model 61 stepping 4, cmov, cx8, fxsr, mmx, sse, sse2, sse3, ssse3, sse4.1, sse4.2, popcnt, avx, avx2, aes, erms, ht, tsc, tscinvbit

/proc/cpuinfo:
processor	: 0
vendor_id	: GenuineIntel
cpu family	: 6
model		: 61
model name	: Intel(R) Core(TM) i5-5200U CPU @ 2.20GHz
stepping	: 4
microcode	: 0x16
cpu MHz		: 1174.851
cache size	: 3072 KB
physical id	: 0
siblings	: 4
core id		: 0
cpu cores	: 2
apicid		: 0
initial apicid	: 0
fpu		: yes
fpu_exception	: yes
cpuid level	: 20
wp		: yes
flags		: fpu vme de pse tsc msr pae mce cx8 apic sep mtrr pge mca cmov pat pse36 clflush dts acpi mmx fxsr sse sse2 ss ht tm pbe syscall nx pdpe1gb rdtscp lm constant_tsc arch_perfmon pebs bts rep_good nopl xtopology nonstop_tsc aperfmperf eagerfpu pni pclmulqdq dtes64 monitor ds_cpl vmx est tm2 ssse3 fma cx16 xtpr pdcm pcid sse4_1 sse4_2 x2apic movbe popcnt tsc_deadline_timer aes xsave avx f16c rdrand lahf_lm abm 3dnowprefetch ida arat epb pln pts dtherm tpr_shadow vnmi flexpriority ept vpid fsgsbase tsc_adjust bmi1 avx2 smep bmi2 erms invpcid rdseed adx smap xsaveopt
bugs		:
bogomips	: 4389.92
clflush size	: 64
cache_alignment	: 64
address sizes	: 39 bits physical, 48 bits virtual
power management:

processor	: 1
vendor_id	: GenuineIntel
cpu family	: 6
model		: 61
model name	: Intel(R) Core(TM) i5-5200U CPU @ 2.20GHz
stepping	: 4
microcode	: 0x16
cpu MHz		: 817.007
cache size	: 3072 KB
physical id	: 0
siblings	: 4
core id		: 0
cpu cores	: 2
apicid		: 1
initial apicid	: 1
fpu		: yes
fpu_exception	: yes
cpuid level	: 20
wp		: yes
flags		: fpu vme de pse tsc msr pae mce cx8 apic sep mtrr pge mca cmov pat pse36 clflush dts acpi mmx fxsr sse sse2 ss ht tm pbe syscall nx pdpe1gb rdtscp lm constant_tsc arch_perfmon pebs bts rep_good nopl xtopology nonstop_tsc aperfmperf eagerfpu pni pclmulqdq dtes64 monitor ds_cpl vmx est tm2 ssse3 fma cx16 xtpr pdcm pcid sse4_1 sse4_2 x2apic movbe popcnt tsc_deadline_timer aes xsave avx f16c rdrand lahf_lm abm 3dnowprefetch ida arat epb pln pts dtherm tpr_shadow vnmi flexpriority ept vpid fsgsbase tsc_adjust bmi1 avx2 smep bmi2 erms invpcid rdseed adx smap xsaveopt
bugs		:
bogomips	: 4389.92
clflush size	: 64
cache_alignment	: 64
address sizes	: 39 bits physical, 48 bits virtual
power management:

processor	: 2
vendor_id	: GenuineIntel
cpu family	: 6
model		: 61
model name	: Intel(R) Core(TM) i5-5200U CPU @ 2.20GHz
stepping	: 4
microcode	: 0x16
cpu MHz		: 1690.562
cache size	: 3072 KB
physical id	: 0
siblings	: 4
core id		: 1
cpu cores	: 2
apicid		: 2
initial apicid	: 2
fpu		: yes
fpu_exception	: yes
cpuid level	: 20
wp		: yes
flags		: fpu vme de pse tsc msr pae mce cx8 apic sep mtrr pge mca cmov pat pse36 clflush dts acpi mmx fxsr sse sse2 ss ht tm pbe syscall nx pdpe1gb rdtscp lm constant_tsc arch_perfmon pebs bts rep_good nopl xtopology nonstop_tsc aperfmperf eagerfpu pni pclmulqdq dtes64 monitor ds_cpl vmx est tm2 ssse3 fma cx16 xtpr pdcm pcid sse4_1 sse4_2 x2apic movbe popcnt tsc_deadline_timer aes xsave avx f16c rdrand lahf_lm abm 3dnowprefetch ida arat epb pln pts dtherm tpr_shadow vnmi flexpriority ept vpid fsgsbase tsc_adjust bmi1 avx2 smep bmi2 erms invpcid rdseed adx smap xsaveopt
bugs		:
bogomips	: 4389.92
clflush size	: 64
cache_alignment	: 64
address sizes	: 39 bits physical, 48 bits virtual
power management:

processor	: 3
vendor_id	: GenuineIntel
cpu family	: 6
model		: 61
model name	: Intel(R) Core(TM) i5-5200U CPU @ 2.20GHz
stepping	: 4
microcode	: 0x16
cpu MHz		: 796.382
cache size	: 3072 KB
physical id	: 0
siblings	: 4
core id		: 1
cpu cores	: 2
apicid		: 3
initial apicid	: 3
fpu		: yes
fpu_exception	: yes
cpuid level	: 20
wp		: yes
flags		: fpu vme de pse tsc msr pae mce cx8 apic sep mtrr pge mca cmov pat pse36 clflush dts acpi mmx fxsr sse sse2 ss ht tm pbe syscall nx pdpe1gb rdtscp lm constant_tsc arch_perfmon pebs bts rep_good nopl xtopology nonstop_tsc aperfmperf eagerfpu pni pclmulqdq dtes64 monitor ds_cpl vmx est tm2 ssse3 fma cx16 xtpr pdcm pcid sse4_1 sse4_2 x2apic movbe popcnt tsc_deadline_timer aes xsave avx f16c rdrand lahf_lm abm 3dnowprefetch ida arat epb pln pts dtherm tpr_shadow vnmi flexpriority ept vpid fsgsbase tsc_adjust bmi1 avx2 smep bmi2 erms invpcid rdseed adx smap xsaveopt
bugs		:
bogomips	: 4389.92
clflush size	: 64
cache_alignment	: 64
address sizes	: 39 bits physical, 48 bits virtual
power management:



Memory: 4k page, physical 3777016k(137304k free), swap 0k(0k free)

vm_info: OpenJDK 64-Bit Server VM (24.95-b01) for linux-amd64 JRE (1.7.0_101-b00), built on Apr 24 2016 20:39:29 by "buildd" with gcc 4.8.2

time: Tue Aug  2 14:56:53 2016
elapsed time: 2 seconds

