#
# There is insufficient memory for the Java Runtime Environment to continue.
# Native memory allocation (mmap) failed to map 933756928 bytes for committing reserved memory.
# Possible reasons:
#   The system is out of physical RAM or swap space
#   In 32 bit mode, the process size limit was hit
# Possible solutions:
#   Reduce memory load on the system
#   Increase physical memory or swap space
#   Check if swap backing store is full
#   Use 64 bit Java on a 64 bit OS
#   Decrease Java heap size (-Xmx/-Xms)
#   Decrease number of Java threads
#   Decrease Java thread stack sizes (-Xss)
#   Set larger code cache with -XX:ReservedCodeCacheSize=
# This output file may be truncated or incomplete.
#
#  Out of Memory Error (os_linux.cpp:2627), pid=4894, tid=0x00007f1b71a56700
#
# JRE version: Java(TM) SE Runtime Environment (8.0_101-b13) (build 1.8.0_101-b13)
# Java VM: Java HotSpot(TM) 64-Bit Server VM (25.101-b13 mixed mode linux-amd64 compressed oops)
# Failed to write core dump. Core dumps have been disabled. To enable core dumping, try "ulimit -c unlimited" before starting Java again
#

---------------  T H R E A D  ---------------

Current thread (0x00007f1b68009800):  JavaThread "main" [_thread_in_vm, id=4895, stack(0x00007f1b71956000,0x00007f1b71a57000)]

Stack: [0x00007f1b71956000,0x00007f1b71a57000],  sp=0x00007f1b71a55250,  free space=1020k
Native frames: (J=compiled Java code, j=interpreted, Vv=VM code, C=native code)
V  [libjvm.so+0xac3f0a]  VMError::report_and_die()+0x2ba
V  [libjvm.so+0x4fbf9b]  report_vm_out_of_memory(char const*, int, unsigned long, VMErrorType, char const*)+0x8b
V  [libjvm.so+0x9222d3]  os::Linux::commit_memory_impl(char*, unsigned long, bool)+0x103
V  [libjvm.so+0x922829]  os::pd_commit_memory(char*, unsigned long, unsigned long, bool)+0x29
V  [libjvm.so+0x91cb2a]  os::commit_memory(char*, unsigned long, unsigned long, bool)+0x2a
V  [libjvm.so+0x991053]  PSVirtualSpace::expand_by(unsigned long)+0x53
V  [libjvm.so+0x981920]  PSOldGen::expand(unsigned long)+0x170
V  [libjvm.so+0x981bda]  PSOldGen::expand_and_allocate(unsigned long)+0x1a
V  [libjvm.so+0x981cfb]  PSOldGen::allocate(unsigned long)+0xcb
V  [libjvm.so+0x945c7e]  ParallelScavengeHeap::mem_allocate(unsigned long, bool*)+0xfe
V  [libjvm.so+0xa89f8e]  TypeArrayKlass::allocate_common(int, bool, Thread*)+0x26e
V  [libjvm.so+0x682cda]  InterpreterRuntime::newarray(JavaThread*, BasicType, int)+0x2a
j  jaligner.SmithWatermanGotoh.align(Ljaligner/Sequence;Ljaligner/Sequence;Ljaligner/matrix/Matrix;FF)Ljaligner/Alignment;+121
j  jaligner.ui.AlignCommandLine.main([Ljava/lang/String;)V+104
v  ~StubRoutines::call_stub
V  [libjvm.so+0x68f6b6]  JavaCalls::call_helper(JavaValue*, methodHandle*, JavaCallArguments*, Thread*)+0x1056
V  [libjvm.so+0x6d0d42]  jni_invoke_static(JNIEnv_*, JavaValue*, _jobject*, JNICallType, _jmethodID*, JNI_ArgumentPusher*, Thread*)+0x362
V  [libjvm.so+0x6ed5aa]  jni_CallStaticVoidMethod+0x17a
C  [libjli.so+0x7bdf]  JavaMain+0x81f
C  [libpthread.so.0+0x8184]  start_thread+0xc4

Java frames: (J=compiled Java code, j=interpreted, Vv=VM code)
j  jaligner.SmithWatermanGotoh.align(Ljaligner/Sequence;Ljaligner/Sequence;Ljaligner/matrix/Matrix;FF)Ljaligner/Alignment;+121
j  jaligner.ui.AlignCommandLine.main([Ljava/lang/String;)V+104
v  ~StubRoutines::call_stub

---------------  P R O C E S S  ---------------

Java Threads: ( => current thread )
  0x00007f1b68190800 JavaThread "Service Thread" daemon [_thread_blocked, id=4907, stack(0x00007f1b4b2a9000,0x00007f1b4b3aa000)]
  0x00007f1b68185800 JavaThread "C1 CompilerThread2" daemon [_thread_blocked, id=4906, stack(0x00007f1b4b3aa000,0x00007f1b4b4ab000)]
  0x00007f1b68183800 JavaThread "C2 CompilerThread1" daemon [_thread_blocked, id=4905, stack(0x00007f1b4b4ab000,0x00007f1b4b5ac000)]
  0x00007f1b68180800 JavaThread "C2 CompilerThread0" daemon [_thread_blocked, id=4904, stack(0x00007f1b4b5ac000,0x00007f1b4b6ad000)]
  0x00007f1b6817f000 JavaThread "Signal Dispatcher" daemon [_thread_blocked, id=4903, stack(0x00007f1b4b6ad000,0x00007f1b4b7ae000)]
  0x00007f1b6814b000 JavaThread "Finalizer" daemon [_thread_blocked, id=4902, stack(0x00007f1b500f1000,0x00007f1b501f2000)]
  0x00007f1b68146800 JavaThread "Reference Handler" daemon [_thread_blocked, id=4901, stack(0x00007f1b501f2000,0x00007f1b502f3000)]
=>0x00007f1b68009800 JavaThread "main" [_thread_in_vm, id=4895, stack(0x00007f1b71956000,0x00007f1b71a57000)]

Other Threads:
  0x00007f1b6813e800 VMThread [stack: 0x00007f1b502f3000,0x00007f1b503f4000] [id=4900]
  0x00007f1b68193800 WatcherThread [stack: 0x00007f1b4b1a8000,0x00007f1b4b2a9000] [id=4908]

VM state:not at safepoint (normal execution)

VM Mutex/Monitor currently owned by a thread:  ([mutex/lock_event])
[0x00007f1b68005800] ExpandHeap_lock - owner thread: 0x00007f1b68009800
[0x00007f1b68006380] Heap_lock - owner thread: 0x00007f1b68009800

Heap:
 PSYoungGen      total 17408K, used 2514K [0x000000076ab00000, 0x000000076be00000, 0x00000007c0000000)
  eden space 15360K, 16% used [0x000000076ab00000,0x000000076ad74898,0x000000076ba00000)
  from space 2048K, 0% used [0x000000076bc00000,0x000000076bc00000,0x000000076be00000)
  to   space 2048K, 0% used [0x000000076ba00000,0x000000076ba00000,0x000000076bc00000)
 ParOldGen       total 1408000K, used 1367045K [0x00000006c0000000, 0x0000000715f00000, 0x000000076ab00000)
  object space 1408000K, 97% used [0x00000006c0000000,0x0000000713701728,0x0000000715f00000)
 Metaspace       used 3916K, capacity 4640K, committed 4864K, reserved 1056768K
  class space    used 438K, capacity 464K, committed 512K, reserved 1048576K

Card table byte_map: [0x00007f1b6df11000,0x00007f1b6e712000] byte_map_base: 0x00007f1b6a911000

Marking Bits: (ParMarkBitMap*) 0x00007f1b70e32120
 Begin Bits: [0x00007f1b51000000, 0x00007f1b55000000)
 End Bits:   [0x00007f1b55000000, 0x00007f1b59000000)

Polling page: 0x00007f1b71a7b000

CodeCache: size=245760Kb used=1283Kb max_used=1299Kb free=244476Kb
 bounds [0x00007f1b59000000, 0x00007f1b59270000, 0x00007f1b68000000]
 total_blobs=357 nmethods=97 adapters=174
 compilation: enabled

Compilation events (10 events):
Event: 0,134 Thread 0x00007f1b68185800 nmethod 93 0x00007f1b5913d4d0 code [0x00007f1b5913d660, 0x00007f1b5913db08]
Event: 0,134 Thread 0x00007f1b68185800   94       3       java.lang.Float::parseFloat (5 bytes)
Event: 0,135 Thread 0x00007f1b68185800 nmethod 94 0x00007f1b5913dc90 code [0x00007f1b5913de20, 0x00007f1b5913e098]
Event: 0,135 Thread 0x00007f1b68185800   95       3       sun.misc.FloatingDecimal::parseFloat (10 bytes)
Event: 0,135 Thread 0x00007f1b68185800 nmethod 95 0x00007f1b5913e1d0 code [0x00007f1b5913e340, 0x00007f1b5913e578]
Event: 0,135 Thread 0x00007f1b68185800   91       3       java.util.StringTokenizer::nextToken (92 bytes)
Event: 0,136 Thread 0x00007f1b68185800 nmethod 91 0x00007f1b5913e650 code [0x00007f1b5913e800, 0x00007f1b5913ebf8]
Event: 0,136 Thread 0x00007f1b68185800   97       3       java.util.regex.Pattern$BmpCharProperty::match (50 bytes)
Event: 0,137 Thread 0x00007f1b68185800 nmethod 97 0x00007f1b5913ed50 code [0x00007f1b5913eee0, 0x00007f1b5913f388]
Event: 0,150 Thread 0x00007f1b68183800 nmethod 83% 0x00007f1b59143310 code [0x00007f1b59143500, 0x00007f1b591446e0]

GC Heap History (0 events):
No events

Deoptimization events (2 events):
Event: 0,114 Thread 0x00007f1b68009800 Uncommon trap: reason=unstable_if action=reinterpret pc=0x00007f1b5912e778 method=java.lang.CharacterDataLatin1.toUpperCaseEx(I)I @ 12
Event: 0,114 Thread 0x00007f1b68009800 Uncommon trap: reason=unstable_if action=reinterpret pc=0x00007f1b5912e4b0 method=java.lang.CharacterDataLatin1.toUpperCaseEx(I)I @ 12

Internal exceptions (6 events):
Event: 0,023 Thread 0x00007f1b68009800 Exception <a 'java/lang/NoSuchMethodError': Method sun.misc.Unsafe.defineClass(Ljava/lang/String;[BII)Ljava/lang/Class; name or signature does not match> (0x000000076ab07cc0) thrown at [/HUDSON3/workspace/8-2-build-linux-amd64/jdk8u101/7261/hotspot/src/sh
Event: 0,023 Thread 0x00007f1b68009800 Exception <a 'java/lang/NoSuchMethodError': Method sun.misc.Unsafe.prefetchRead(Ljava/lang/Object;J)V name or signature does not match> (0x000000076ab07fa8) thrown at [/HUDSON3/workspace/8-2-build-linux-amd64/jdk8u101/7261/hotspot/src/share/vm/prims/jni.c
Event: 0,069 Thread 0x00007f1b68009800 Exception <a 'java/security/PrivilegedActionException'> (0x000000076ab904c0) thrown at [/HUDSON3/workspace/8-2-build-linux-amd64/jdk8u101/7261/hotspot/src/share/vm/prims/jvm.cpp, line 1386]
Event: 0,069 Thread 0x00007f1b68009800 Exception <a 'java/security/PrivilegedActionException'> (0x000000076ab906d0) thrown at [/HUDSON3/workspace/8-2-build-linux-amd64/jdk8u101/7261/hotspot/src/share/vm/prims/jvm.cpp, line 1386]
Event: 0,069 Thread 0x00007f1b68009800 Exception <a 'java/security/PrivilegedActionException'> (0x000000076ab92b10) thrown at [/HUDSON3/workspace/8-2-build-linux-amd64/jdk8u101/7261/hotspot/src/share/vm/prims/jvm.cpp, line 1386]
Event: 0,069 Thread 0x00007f1b68009800 Exception <a 'java/security/PrivilegedActionException'> (0x000000076ab92d20) thrown at [/HUDSON3/workspace/8-2-build-linux-amd64/jdk8u101/7261/hotspot/src/share/vm/prims/jvm.cpp, line 1386]

Events (10 events):
Event: 0,114 Thread 0x00007f1b68009800 Uncommon trap: trap_request=0xffffff65 fr.pc=0x00007f1b5912e778
Event: 0,114 Thread 0x00007f1b68009800 DEOPT PACKING pc=0x00007f1b5912e778 sp=0x00007f1b71a55030
Event: 0,114 Thread 0x00007f1b68009800 DEOPT UNPACKING pc=0x00007f1b59005229 sp=0x00007f1b71a54f80 mode 2
Event: 0,114 Thread 0x00007f1b68009800 Uncommon trap: trap_request=0xffffff65 fr.pc=0x00007f1b5912e4b0
Event: 0,114 Thread 0x00007f1b68009800 DEOPT PACKING pc=0x00007f1b5912e4b0 sp=0x00007f1b71a54fd0
Event: 0,114 Thread 0x00007f1b68009800 DEOPT UNPACKING pc=0x00007f1b59005229 sp=0x00007f1b71a54f80 mode 2
Event: 0,117 loading class jaligner/matrix/Matrix
Event: 0,117 loading class jaligner/matrix/Matrix done
Event: 0,118 loading class jaligner/SmithWatermanGotoh
Event: 0,118 loading class jaligner/SmithWatermanGotoh done


Dynamic libraries:
00400000-00401000 r-xp 00000000 08:04 3413512                            /usr/lib/jvm/java-8-oracle/jre/bin/java
00600000-00601000 rw-p 00000000 08:04 3413512                            /usr/lib/jvm/java-8-oracle/jre/bin/java
00f93000-00fb4000 rw-p 00000000 00:00 0                                  [heap]
6c0000000-715f00000 rw-p 00000000 00:00 0 
74d980000-76ab00000 ---p 00000000 00:00 0 
76ab00000-76be00000 rw-p 00000000 00:00 0 
76be00000-7c0000000 ---p 00000000 00:00 0 
7c0000000-7c0080000 rw-p 00000000 00:00 0 
7c0080000-800000000 ---p 00000000 00:00 0 
7f1b14000000-7f1b14021000 rw-p 00000000 00:00 0 
7f1b14021000-7f1b18000000 ---p 00000000 00:00 0 
7f1b18000000-7f1b18021000 rw-p 00000000 00:00 0 
7f1b18021000-7f1b1c000000 ---p 00000000 00:00 0 
7f1b1c000000-7f1b1c1fe000 rw-p 00000000 00:00 0 
7f1b1c1fe000-7f1b20000000 ---p 00000000 00:00 0 
7f1b20000000-7f1b20120000 rw-p 00000000 00:00 0 
7f1b20120000-7f1b24000000 ---p 00000000 00:00 0 
7f1b24000000-7f1b24021000 rw-p 00000000 00:00 0 
7f1b24021000-7f1b28000000 ---p 00000000 00:00 0 
7f1b28000000-7f1b280a8000 rw-p 00000000 00:00 0 
7f1b280a8000-7f1b2c000000 ---p 00000000 00:00 0 
7f1b2c000000-7f1b2c021000 rw-p 00000000 00:00 0 
7f1b2c021000-7f1b30000000 ---p 00000000 00:00 0 
7f1b30000000-7f1b30021000 rw-p 00000000 00:00 0 
7f1b30021000-7f1b34000000 ---p 00000000 00:00 0 
7f1b34000000-7f1b34021000 rw-p 00000000 00:00 0 
7f1b34021000-7f1b38000000 ---p 00000000 00:00 0 
7f1b38000000-7f1b38021000 rw-p 00000000 00:00 0 
7f1b38021000-7f1b3c000000 ---p 00000000 00:00 0 
7f1b3c000000-7f1b3c021000 rw-p 00000000 00:00 0 
7f1b3c021000-7f1b40000000 ---p 00000000 00:00 0 
7f1b44000000-7f1b44021000 rw-p 00000000 00:00 0 
7f1b44021000-7f1b48000000 ---p 00000000 00:00 0 
7f1b4b011000-7f1b4b1a8000 rw-p 00000000 00:00 0 
7f1b4b1a8000-7f1b4b1a9000 ---p 00000000 00:00 0 
7f1b4b1a9000-7f1b4b2a9000 rw-p 00000000 00:00 0                          [stack:4908]
7f1b4b2a9000-7f1b4b2ac000 ---p 00000000 00:00 0 
7f1b4b2ac000-7f1b4b3aa000 rw-p 00000000 00:00 0                          [stack:4907]
7f1b4b3aa000-7f1b4b3ad000 ---p 00000000 00:00 0 
7f1b4b3ad000-7f1b4b4ab000 rw-p 00000000 00:00 0                          [stack:4906]
7f1b4b4ab000-7f1b4b4ae000 ---p 00000000 00:00 0 
7f1b4b4ae000-7f1b4b5ac000 rw-p 00000000 00:00 0                          [stack:4905]
7f1b4b5ac000-7f1b4b5af000 ---p 00000000 00:00 0 
7f1b4b5af000-7f1b4b6ad000 rw-p 00000000 00:00 0                          [stack:4904]
7f1b4b6ad000-7f1b4b6b0000 ---p 00000000 00:00 0 
7f1b4b6b0000-7f1b4b7ae000 rw-p 00000000 00:00 0                          [stack:4903]
7f1b4b7ae000-7f1b4c000000 r--p 00000000 08:04 1448898                    /usr/lib/locale/locale-archive
7f1b4c000000-7f1b4c021000 rw-p 00000000 00:00 0 
7f1b4c021000-7f1b50000000 ---p 00000000 00:00 0 
7f1b50001000-7f1b500f1000 rw-p 00000000 00:00 0 
7f1b500f1000-7f1b500f4000 ---p 00000000 00:00 0 
7f1b500f4000-7f1b501f2000 rw-p 00000000 00:00 0                          [stack:4902]
7f1b501f2000-7f1b501f5000 ---p 00000000 00:00 0 
7f1b501f5000-7f1b502f3000 rw-p 00000000 00:00 0                          [stack:4901]
7f1b502f3000-7f1b502f4000 ---p 00000000 00:00 0 
7f1b502f4000-7f1b59000000 rw-p 00000000 00:00 0                          [stack:4900]
7f1b59000000-7f1b59270000 rwxp 00000000 00:00 0 
7f1b59270000-7f1b68000000 ---p 00000000 00:00 0 
7f1b68000000-7f1b6823f000 rw-p 00000000 00:00 0 
7f1b6823f000-7f1b6c000000 ---p 00000000 00:00 0 
7f1b6c016000-7f1b6c368000 rw-p 00000000 00:00 0 
7f1b6c368000-7f1b6c541000 r--s 03d29000 08:04 3675567                    /usr/lib/jvm/java-8-oracle/jre/lib/rt.jar
7f1b6c541000-7f1b6c9f7000 rw-p 00000000 00:00 0 
7f1b6c9f7000-7f1b6cdb7000 ---p 00000000 00:00 0 
7f1b6cdb7000-7f1b6d5b7000 rw-p 00000000 00:00 0 
7f1b6d5b7000-7f1b6d5b8000 ---p 00000000 00:00 0 
7f1b6d5b8000-7f1b6d6b8000 rw-p 00000000 00:00 0                          [stack:4899]
7f1b6d6b8000-7f1b6d6b9000 ---p 00000000 00:00 0 
7f1b6d6b9000-7f1b6d7b9000 rw-p 00000000 00:00 0                          [stack:4898]
7f1b6d7b9000-7f1b6d7ba000 ---p 00000000 00:00 0 
7f1b6d7ba000-7f1b6d8ba000 rw-p 00000000 00:00 0                          [stack:4897]
7f1b6d8ba000-7f1b6d8bb000 ---p 00000000 00:00 0 
7f1b6d8bb000-7f1b6dc6b000 rw-p 00000000 00:00 0                          [stack:4896]
7f1b6dc6b000-7f1b6df11000 ---p 00000000 00:00 0 
7f1b6df11000-7f1b6e1c1000 rw-p 00000000 00:00 0 
7f1b6e1c1000-7f1b6e466000 ---p 00000000 00:00 0 
7f1b6e466000-7f1b6e470000 rw-p 00000000 00:00 0 
7f1b6e470000-7f1b6e711000 ---p 00000000 00:00 0 
7f1b6e711000-7f1b6e71c000 rw-p 00000000 00:00 0 
7f1b6e71c000-7f1b6ead2000 ---p 00000000 00:00 0 
7f1b6ead2000-7f1b6eaec000 r-xp 00000000 08:04 4199092                    /usr/lib/jvm/java-8-oracle/jre/lib/amd64/libzip.so
7f1b6eaec000-7f1b6ecec000 ---p 0001a000 08:04 4199092                    /usr/lib/jvm/java-8-oracle/jre/lib/amd64/libzip.so
7f1b6ecec000-7f1b6eced000 rw-p 0001a000 08:04 4199092                    /usr/lib/jvm/java-8-oracle/jre/lib/amd64/libzip.so
7f1b6eced000-7f1b6ecf7000 r-xp 00000000 08:04 132102                     /lib/x86_64-linux-gnu/libnss_files-2.19.so
7f1b6ecf7000-7f1b6eef6000 ---p 0000a000 08:04 132102                     /lib/x86_64-linux-gnu/libnss_files-2.19.so
7f1b6eef6000-7f1b6eef7000 r--p 00009000 08:04 132102                     /lib/x86_64-linux-gnu/libnss_files-2.19.so
7f1b6eef7000-7f1b6eef8000 rw-p 0000a000 08:04 132102                     /lib/x86_64-linux-gnu/libnss_files-2.19.so
7f1b6eef8000-7f1b6ef03000 r-xp 00000000 08:04 132094                     /lib/x86_64-linux-gnu/libnss_nis-2.19.so
7f1b6ef03000-7f1b6f102000 ---p 0000b000 08:04 132094                     /lib/x86_64-linux-gnu/libnss_nis-2.19.so
7f1b6f102000-7f1b6f103000 r--p 0000a000 08:04 132094                     /lib/x86_64-linux-gnu/libnss_nis-2.19.so
7f1b6f103000-7f1b6f104000 rw-p 0000b000 08:04 132094                     /lib/x86_64-linux-gnu/libnss_nis-2.19.so
7f1b6f104000-7f1b6f11b000 r-xp 00000000 08:04 132090                     /lib/x86_64-linux-gnu/libnsl-2.19.so
7f1b6f11b000-7f1b6f31a000 ---p 00017000 08:04 132090                     /lib/x86_64-linux-gnu/libnsl-2.19.so
7f1b6f31a000-7f1b6f31b000 r--p 00016000 08:04 132090                     /lib/x86_64-linux-gnu/libnsl-2.19.so
7f1b6f31b000-7f1b6f31c000 rw-p 00017000 08:04 132090                     /lib/x86_64-linux-gnu/libnsl-2.19.so
7f1b6f31c000-7f1b6f31e000 rw-p 00000000 00:00 0 
7f1b6f31e000-7f1b6f327000 r-xp 00000000 08:04 132089                     /lib/x86_64-linux-gnu/libnss_compat-2.19.so
7f1b6f327000-7f1b6f526000 ---p 00009000 08:04 132089                     /lib/x86_64-linux-gnu/libnss_compat-2.19.so
7f1b6f526000-7f1b6f527000 r--p 00008000 08:04 132089                     /lib/x86_64-linux-gnu/libnss_compat-2.19.so
7f1b6f527000-7f1b6f528000 rw-p 00009000 08:04 132089                     /lib/x86_64-linux-gnu/libnss_compat-2.19.so
7f1b6f528000-7f1b6f552000 r-xp 00000000 08:04 4199199                    /usr/lib/jvm/java-8-oracle/jre/lib/amd64/libjava.so
7f1b6f552000-7f1b6f752000 ---p 0002a000 08:04 4199199                    /usr/lib/jvm/java-8-oracle/jre/lib/amd64/libjava.so
7f1b6f752000-7f1b6f754000 rw-p 0002a000 08:04 4199199                    /usr/lib/jvm/java-8-oracle/jre/lib/amd64/libjava.so
7f1b6f754000-7f1b6f761000 r-xp 00000000 08:04 4199037                    /usr/lib/jvm/java-8-oracle/jre/lib/amd64/libverify.so
7f1b6f761000-7f1b6f961000 ---p 0000d000 08:04 4199037                    /usr/lib/jvm/java-8-oracle/jre/lib/amd64/libverify.so
7f1b6f961000-7f1b6f963000 rw-p 0000d000 08:04 4199037                    /usr/lib/jvm/java-8-oracle/jre/lib/amd64/libverify.so
7f1b6f963000-7f1b6f96a000 r-xp 00000000 08:04 132098                     /lib/x86_64-linux-gnu/librt-2.19.so
7f1b6f96a000-7f1b6fb69000 ---p 00007000 08:04 132098                     /lib/x86_64-linux-gnu/librt-2.19.so
7f1b6fb69000-7f1b6fb6a000 r--p 00006000 08:04 132098                     /lib/x86_64-linux-gnu/librt-2.19.so
7f1b6fb6a000-7f1b6fb6b000 rw-p 00007000 08:04 132098                     /lib/x86_64-linux-gnu/librt-2.19.so
7f1b6fb6b000-7f1b6fc70000 r-xp 00000000 08:04 132084                     /lib/x86_64-linux-gnu/libm-2.19.so
7f1b6fc70000-7f1b6fe6f000 ---p 00105000 08:04 132084                     /lib/x86_64-linux-gnu/libm-2.19.so
7f1b6fe6f000-7f1b6fe70000 r--p 00104000 08:04 132084                     /lib/x86_64-linux-gnu/libm-2.19.so
7f1b6fe70000-7f1b6fe71000 rw-p 00105000 08:04 132084                     /lib/x86_64-linux-gnu/libm-2.19.so
7f1b6fe71000-7f1b70b3c000 r-xp 00000000 08:04 4330071                    /usr/lib/jvm/java-8-oracle/jre/lib/amd64/server/libjvm.so
7f1b70b3c000-7f1b70d3b000 ---p 00ccb000 08:04 4330071                    /usr/lib/jvm/java-8-oracle/jre/lib/amd64/server/libjvm.so
7f1b70d3b000-7f1b70e14000 rw-p 00cca000 08:04 4330071                    /usr/lib/jvm/java-8-oracle/jre/lib/amd64/server/libjvm.so
7f1b70e14000-7f1b70e5f000 rw-p 00000000 00:00 0 
7f1b70e5f000-7f1b71019000 r-xp 00000000 08:04 132099                     /lib/x86_64-linux-gnu/libc-2.19.so
7f1b71019000-7f1b71219000 ---p 001ba000 08:04 132099                     /lib/x86_64-linux-gnu/libc-2.19.so
7f1b71219000-7f1b7121d000 r--p 001ba000 08:04 132099                     /lib/x86_64-linux-gnu/libc-2.19.so
7f1b7121d000-7f1b7121f000 rw-p 001be000 08:04 132099                     /lib/x86_64-linux-gnu/libc-2.19.so
7f1b7121f000-7f1b71224000 rw-p 00000000 00:00 0 
7f1b71224000-7f1b71227000 r-xp 00000000 08:04 132086                     /lib/x86_64-linux-gnu/libdl-2.19.so
7f1b71227000-7f1b71426000 ---p 00003000 08:04 132086                     /lib/x86_64-linux-gnu/libdl-2.19.so
7f1b71426000-7f1b71427000 r--p 00002000 08:04 132086                     /lib/x86_64-linux-gnu/libdl-2.19.so
7f1b71427000-7f1b71428000 rw-p 00003000 08:04 132086                     /lib/x86_64-linux-gnu/libdl-2.19.so
7f1b71428000-7f1b7143d000 r-xp 00000000 08:04 4456738                    /usr/lib/jvm/java-8-oracle/jre/lib/amd64/jli/libjli.so
7f1b7143d000-7f1b7163d000 ---p 00015000 08:04 4456738                    /usr/lib/jvm/java-8-oracle/jre/lib/amd64/jli/libjli.so
7f1b7163d000-7f1b7163e000 rw-p 00015000 08:04 4456738                    /usr/lib/jvm/java-8-oracle/jre/lib/amd64/jli/libjli.so
7f1b7163e000-7f1b71657000 r-xp 00000000 08:04 132091                     /lib/x86_64-linux-gnu/libpthread-2.19.so
7f1b71657000-7f1b71856000 ---p 00019000 08:04 132091                     /lib/x86_64-linux-gnu/libpthread-2.19.so
7f1b71856000-7f1b71857000 r--p 00018000 08:04 132091                     /lib/x86_64-linux-gnu/libpthread-2.19.so
7f1b71857000-7f1b71858000 rw-p 00019000 08:04 132091                     /lib/x86_64-linux-gnu/libpthread-2.19.so
7f1b71858000-7f1b7185c000 rw-p 00000000 00:00 0 
7f1b7185c000-7f1b7187f000 r-xp 00000000 08:04 132092                     /lib/x86_64-linux-gnu/ld-2.19.so
7f1b7188f000-7f1b718ab000 r--s 00393000 08:04 5775885                    /usr/lib/jvm/java-8-oracle/jre/lib/ext/cldrdata.jar
7f1b718ab000-7f1b71956000 rw-p 00000000 00:00 0 
7f1b71956000-7f1b71959000 ---p 00000000 00:00 0 
7f1b71959000-7f1b71a5b000 rw-p 00000000 00:00 0                          [stack:4895]
7f1b71a60000-7f1b71a63000 rw-p 00000000 00:00 0 
7f1b71a63000-7f1b71a6d000 r--s 00116000 08:04 5775888                    /usr/lib/jvm/java-8-oracle/jre/lib/ext/localedata.jar
7f1b71a6d000-7f1b71a72000 r--s 00024000 08:04 4723346                    /home/hema/Desktop/Hiwi/opt/jaligner/jaligner.jar
7f1b71a72000-7f1b71a7a000 rw-s 00000000 08:04 3673659                    /tmp/hsperfdata_hema/4894
7f1b71a7a000-7f1b71a7b000 rw-p 00000000 00:00 0 
7f1b71a7b000-7f1b71a7c000 r--p 00000000 00:00 0 
7f1b71a7c000-7f1b71a7e000 rw-p 00000000 00:00 0 
7f1b71a7e000-7f1b71a7f000 r--p 00022000 08:04 132092                     /lib/x86_64-linux-gnu/ld-2.19.so
7f1b71a7f000-7f1b71a80000 rw-p 00023000 08:04 132092                     /lib/x86_64-linux-gnu/ld-2.19.so
7f1b71a80000-7f1b71a81000 rw-p 00000000 00:00 0 
7ffcb0417000-7ffcb0438000 rw-p 00000000 00:00 0                          [stack]
7ffcb056e000-7ffcb0570000 r--p 00000000 00:00 0                          [vvar]
7ffcb0570000-7ffcb0572000 r-xp 00000000 00:00 0                          [vdso]
ffffffffff600000-ffffffffff601000 r-xp 00000000 00:00 0                  [vsyscall]

VM Arguments:
jvm_args: -Xmx4096M 
java_command: jaligner.jar dataa.fasta dataa1.fasta BLOSUM62 2 4
java_class_path (initial): jaligner.jar
Launcher Type: SUN_STANDARD

Environment Variables:
PATH=/home/hema/.local/bin:/home/hema/bin:/usr/local/sbin:/usr/local/bin:/usr/sbin:/usr/bin:/sbin:/bin:/usr/games:/usr/local/games:/home/hema/Downloads/swps3-linux64-sse2-current
LD_LIBRARY_PATH=:/home/hema/Downloads/tbb/tbb44_20160316oss/build/linux_intel64_gcc_cc4.8_libc2.19_kernel3.19.0_debug
SHELL=/bin/bash
DISPLAY=:0

Signal Handlers:
SIGSEGV: [libjvm.so+0xac4790], sa_mask[0]=11111111011111111101111111111110, sa_flags=SA_RESTART|SA_SIGINFO
SIGBUS: [libjvm.so+0xac4790], sa_mask[0]=11111111011111111101111111111110, sa_flags=SA_RESTART|SA_SIGINFO
SIGFPE: [libjvm.so+0x91f140], sa_mask[0]=11111111011111111101111111111110, sa_flags=SA_RESTART|SA_SIGINFO
SIGPIPE: [libjvm.so+0x91f140], sa_mask[0]=11111111011111111101111111111110, sa_flags=SA_RESTART|SA_SIGINFO
SIGXFSZ: [libjvm.so+0x91f140], sa_mask[0]=11111111011111111101111111111110, sa_flags=SA_RESTART|SA_SIGINFO
SIGILL: [libjvm.so+0x91f140], sa_mask[0]=11111111011111111101111111111110, sa_flags=SA_RESTART|SA_SIGINFO
SIGUSR1: SIG_DFL, sa_mask[0]=00000000000000000000000000000000, sa_flags=none
SIGUSR2: [libjvm.so+0x920770], sa_mask[0]=00000000000000000000000000000000, sa_flags=SA_RESTART|SA_SIGINFO
SIGHUP: [libjvm.so+0x921b70], sa_mask[0]=11111111011111111101111111111110, sa_flags=SA_RESTART|SA_SIGINFO
SIGINT: [libjvm.so+0x921b70], sa_mask[0]=11111111011111111101111111111110, sa_flags=SA_RESTART|SA_SIGINFO
SIGTERM: [libjvm.so+0x921b70], sa_mask[0]=11111111011111111101111111111110, sa_flags=SA_RESTART|SA_SIGINFO
SIGQUIT: [libjvm.so+0x921b70], sa_mask[0]=11111111011111111101111111111110, sa_flags=SA_RESTART|SA_SIGINFO


---------------  S Y S T E M  ---------------

OS:DISTRIB_ID=Ubuntu
DISTRIB_RELEASE=14.04
DISTRIB_CODENAME=trusty
DISTRIB_DESCRIPTION="Ubuntu 14.04.4 LTS"

uname:Linux 3.19.0-51-generic #58~14.04.1-Ubuntu SMP Fri Feb 26 22:02:58 UTC 2016 x86_64
libc:glibc 2.19 NPTL 2.19 
rlimit: STACK 8192k, CORE 0k, NPROC 14670, NOFILE 4096, AS infinity
load average:0,01 0,11 0,16

/proc/meminfo:
MemTotal:        3777016 kB
MemFree:          177888 kB
MemAvailable:     746084 kB
Buffers:           86392 kB
Cached:           921696 kB
SwapCached:            0 kB
Active:          2809908 kB
Inactive:         615708 kB
Active(anon):    2419512 kB
Inactive(anon):   295868 kB
Active(file):     390396 kB
Inactive(file):   319840 kB
Unevictable:          80 kB
Mlocked:              80 kB
SwapTotal:             0 kB
SwapFree:              0 kB
Dirty:               100 kB
Writeback:             0 kB
AnonPages:       2417892 kB
Mapped:           370600 kB
Shmem:            297856 kB
Slab:              85720 kB
SReclaimable:      53788 kB
SUnreclaim:        31932 kB
KernelStack:        7312 kB
PageTables:        38996 kB
NFS_Unstable:          0 kB
Bounce:                0 kB
WritebackTmp:          0 kB
CommitLimit:     1888508 kB
Committed_AS:    6475032 kB
VmallocTotal:   34359738367 kB
VmallocUsed:      617636 kB
VmallocChunk:   34359026812 kB
HardwareCorrupted:     0 kB
AnonHugePages:   1427456 kB
CmaTotal:              0 kB
CmaFree:               0 kB
HugePages_Total:       0
HugePages_Free:        0
HugePages_Rsvd:        0
HugePages_Surp:        0
Hugepagesize:       2048 kB
DirectMap4k:      135756 kB
DirectMap2M:     3786752 kB
DirectMap1G:     1048576 kB


CPU:total 4 (2 cores per cpu, 2 threads per core) family 6 model 61 stepping 4, cmov, cx8, fxsr, mmx, sse, sse2, sse3, ssse3, sse4.1, sse4.2, popcnt, avx, avx2, aes, clmul, erms, 3dnowpref, lzcnt, ht, tsc, tscinvbit, bmi1, bmi2, adx

/proc/cpuinfo:
processor	: 0
vendor_id	: GenuineIntel
cpu family	: 6
model		: 61
model name	: Intel(R) Core(TM) i5-5200U CPU @ 2.20GHz
stepping	: 4
microcode	: 0x16
cpu MHz		: 2699.898
cache size	: 3072 KB
physical id	: 0
siblings	: 4
core id		: 0
cpu cores	: 2
apicid		: 0
initial apicid	: 0
fpu		: yes
fpu_exception	: yes
cpuid level	: 20
wp		: yes
flags		: fpu vme de pse tsc msr pae mce cx8 apic sep mtrr pge mca cmov pat pse36 clflush dts acpi mmx fxsr sse sse2 ss ht tm pbe syscall nx pdpe1gb rdtscp lm constant_tsc arch_perfmon pebs bts rep_good nopl xtopology nonstop_tsc aperfmperf eagerfpu pni pclmulqdq dtes64 monitor ds_cpl vmx est tm2 ssse3 fma cx16 xtpr pdcm pcid sse4_1 sse4_2 x2apic movbe popcnt tsc_deadline_timer aes xsave avx f16c rdrand lahf_lm abm 3dnowprefetch ida arat epb pln pts dtherm tpr_shadow vnmi flexpriority ept vpid fsgsbase tsc_adjust bmi1 avx2 smep bmi2 erms invpcid rdseed adx smap xsaveopt
bugs		:
bogomips	: 4389.78
clflush size	: 64
cache_alignment	: 64
address sizes	: 39 bits physical, 48 bits virtual
power management:

processor	: 1
vendor_id	: GenuineIntel
cpu family	: 6
model		: 61
model name	: Intel(R) Core(TM) i5-5200U CPU @ 2.20GHz
stepping	: 4
microcode	: 0x16
cpu MHz		: 2699.984
cache size	: 3072 KB
physical id	: 0
siblings	: 4
core id		: 0
cpu cores	: 2
apicid		: 1
initial apicid	: 1
fpu		: yes
fpu_exception	: yes
cpuid level	: 20
wp		: yes
flags		: fpu vme de pse tsc msr pae mce cx8 apic sep mtrr pge mca cmov pat pse36 clflush dts acpi mmx fxsr sse sse2 ss ht tm pbe syscall nx pdpe1gb rdtscp lm constant_tsc arch_perfmon pebs bts rep_good nopl xtopology nonstop_tsc aperfmperf eagerfpu pni pclmulqdq dtes64 monitor ds_cpl vmx est tm2 ssse3 fma cx16 xtpr pdcm pcid sse4_1 sse4_2 x2apic movbe popcnt tsc_deadline_timer aes xsave avx f16c rdrand lahf_lm abm 3dnowprefetch ida arat epb pln pts dtherm tpr_shadow vnmi flexpriority ept vpid fsgsbase tsc_adjust bmi1 avx2 smep bmi2 erms invpcid rdseed adx smap xsaveopt
bugs		:
bogomips	: 4389.78
clflush size	: 64
cache_alignment	: 64
address sizes	: 39 bits physical, 48 bits virtual
power management:

processor	: 2
vendor_id	: GenuineIntel
cpu family	: 6
model		: 61
model name	: Intel(R) Core(TM) i5-5200U CPU @ 2.20GHz
stepping	: 4
microcode	: 0x16
cpu MHz		: 2500.265
cache size	: 3072 KB
physical id	: 0
siblings	: 4
core id		: 1
cpu cores	: 2
apicid		: 2
initial apicid	: 2
fpu		: yes
fpu_exception	: yes
cpuid level	: 20
wp		: yes
flags		: fpu vme de pse tsc msr pae mce cx8 apic sep mtrr pge mca cmov pat pse36 clflush dts acpi mmx fxsr sse sse2 ss ht tm pbe syscall nx pdpe1gb rdtscp lm constant_tsc arch_perfmon pebs bts rep_good nopl xtopology nonstop_tsc aperfmperf eagerfpu pni pclmulqdq dtes64 monitor ds_cpl vmx est tm2 ssse3 fma cx16 xtpr pdcm pcid sse4_1 sse4_2 x2apic movbe popcnt tsc_deadline_timer aes xsave avx f16c rdrand lahf_lm abm 3dnowprefetch ida arat epb pln pts dtherm tpr_shadow vnmi flexpriority ept vpid fsgsbase tsc_adjust bmi1 avx2 smep bmi2 erms invpcid rdseed adx smap xsaveopt
bugs		:
bogomips	: 4389.78
clflush size	: 64
cache_alignment	: 64
address sizes	: 39 bits physical, 48 bits virtual
power management:

processor	: 3
vendor_id	: GenuineIntel
cpu family	: 6
model		: 61
model name	: Intel(R) Core(TM) i5-5200U CPU @ 2.20GHz
stepping	: 4
microcode	: 0x16
cpu MHz		: 2500.007
cache size	: 3072 KB
physical id	: 0
siblings	: 4
core id		: 1
cpu cores	: 2
apicid		: 3
initial apicid	: 3
fpu		: yes
fpu_exception	: yes
cpuid level	: 20
wp		: yes
flags		: fpu vme de pse tsc msr pae mce cx8 apic sep mtrr pge mca cmov pat pse36 clflush dts acpi mmx fxsr sse sse2 ss ht tm pbe syscall nx pdpe1gb rdtscp lm constant_tsc arch_perfmon pebs bts rep_good nopl xtopology nonstop_tsc aperfmperf eagerfpu pni pclmulqdq dtes64 monitor ds_cpl vmx est tm2 ssse3 fma cx16 xtpr pdcm pcid sse4_1 sse4_2 x2apic movbe popcnt tsc_deadline_timer aes xsave avx f16c rdrand lahf_lm abm 3dnowprefetch ida arat epb pln pts dtherm tpr_shadow vnmi flexpriority ept vpid fsgsbase tsc_adjust bmi1 avx2 smep bmi2 erms invpcid rdseed adx smap xsaveopt
bugs		:
bogomips	: 4389.78
clflush size	: 64
cache_alignment	: 64
address sizes	: 39 bits physical, 48 bits virtual
power management:



Memory: 4k page, physical 3777016k(177888k free), swap 0k(0k free)

vm_info: Java HotSpot(TM) 64-Bit Server VM (25.101-b13) for linux-amd64 JRE (1.8.0_101-b13), built on Jun 22 2016 02:59:44 by "java_re" with gcc 4.3.0 20080428 (Red Hat 4.3.0-8)

time: Sun Sep 25 19:32:07 2016
elapsed time: 0 seconds (0d 0h 0m 0s)

