#
# There is insufficient memory for the Java Runtime Environment to continue.
# Native memory allocation (mmap) failed to map 933756928 bytes for committing reserved memory.
# Possible reasons:
#   The system is out of physical RAM or swap space
#   In 32 bit mode, the process size limit was hit
# Possible solutions:
#   Reduce memory load on the system
#   Increase physical memory or swap space
#   Check if swap backing store is full
#   Use 64 bit Java on a 64 bit OS
#   Decrease Java heap size (-Xmx/-Xms)
#   Decrease number of Java threads
#   Decrease Java thread stack sizes (-Xss)
#   Set larger code cache with -XX:ReservedCodeCacheSize=
# This output file may be truncated or incomplete.
#
#  Out of Memory Error (os_linux.cpp:2627), pid=4780, tid=0x00007f24c42ed700
#
# JRE version: Java(TM) SE Runtime Environment (8.0_101-b13) (build 1.8.0_101-b13)
# Java VM: Java HotSpot(TM) 64-Bit Server VM (25.101-b13 mixed mode linux-amd64 compressed oops)
# Failed to write core dump. Core dumps have been disabled. To enable core dumping, try "ulimit -c unlimited" before starting Java again
#

---------------  T H R E A D  ---------------

Current thread (0x00007f24bc009800):  JavaThread "main" [_thread_in_vm, id=4781, stack(0x00007f24c41ed000,0x00007f24c42ee000)]

Stack: [0x00007f24c41ed000,0x00007f24c42ee000],  sp=0x00007f24c42ec250,  free space=1020k
Native frames: (J=compiled Java code, j=interpreted, Vv=VM code, C=native code)
V  [libjvm.so+0xac3f0a]  VMError::report_and_die()+0x2ba
V  [libjvm.so+0x4fbf9b]  report_vm_out_of_memory(char const*, int, unsigned long, VMErrorType, char const*)+0x8b
V  [libjvm.so+0x9222d3]  os::Linux::commit_memory_impl(char*, unsigned long, bool)+0x103
V  [libjvm.so+0x922829]  os::pd_commit_memory(char*, unsigned long, unsigned long, bool)+0x29
V  [libjvm.so+0x91cb2a]  os::commit_memory(char*, unsigned long, unsigned long, bool)+0x2a
V  [libjvm.so+0x991053]  PSVirtualSpace::expand_by(unsigned long)+0x53
V  [libjvm.so+0x981920]  PSOldGen::expand(unsigned long)+0x170
V  [libjvm.so+0x981bda]  PSOldGen::expand_and_allocate(unsigned long)+0x1a
V  [libjvm.so+0x981cfb]  PSOldGen::allocate(unsigned long)+0xcb
V  [libjvm.so+0x945c7e]  ParallelScavengeHeap::mem_allocate(unsigned long, bool*)+0xfe
V  [libjvm.so+0xa89f8e]  TypeArrayKlass::allocate_common(int, bool, Thread*)+0x26e
V  [libjvm.so+0x682cda]  InterpreterRuntime::newarray(JavaThread*, BasicType, int)+0x2a
j  jaligner.SmithWatermanGotoh.align(Ljaligner/Sequence;Ljaligner/Sequence;Ljaligner/matrix/Matrix;FF)Ljaligner/Alignment;+121
j  jaligner.ui.AlignCommandLine.main([Ljava/lang/String;)V+104
v  ~StubRoutines::call_stub
V  [libjvm.so+0x68f6b6]  JavaCalls::call_helper(JavaValue*, methodHandle*, JavaCallArguments*, Thread*)+0x1056
V  [libjvm.so+0x6d0d42]  jni_invoke_static(JNIEnv_*, JavaValue*, _jobject*, JNICallType, _jmethodID*, JNI_ArgumentPusher*, Thread*)+0x362
V  [libjvm.so+0x6ed5aa]  jni_CallStaticVoidMethod+0x17a
C  [libjli.so+0x7bdf]  JavaMain+0x81f
C  [libpthread.so.0+0x8184]  start_thread+0xc4

Java frames: (J=compiled Java code, j=interpreted, Vv=VM code)
j  jaligner.SmithWatermanGotoh.align(Ljaligner/Sequence;Ljaligner/Sequence;Ljaligner/matrix/Matrix;FF)Ljaligner/Alignment;+121
j  jaligner.ui.AlignCommandLine.main([Ljava/lang/String;)V+104
v  ~StubRoutines::call_stub

---------------  P R O C E S S  ---------------

Java Threads: ( => current thread )
  0x00007f24bc190800 JavaThread "Service Thread" daemon [_thread_blocked, id=4793, stack(0x00007f24a5b9a000,0x00007f24a5c9b000)]
  0x00007f24bc185800 JavaThread "C1 CompilerThread2" daemon [_thread_blocked, id=4792, stack(0x00007f24a5c9b000,0x00007f24a5d9c000)]
  0x00007f24bc183800 JavaThread "C2 CompilerThread1" daemon [_thread_blocked, id=4791, stack(0x00007f24a5d9c000,0x00007f24a5e9d000)]
  0x00007f24bc180800 JavaThread "C2 CompilerThread0" daemon [_thread_blocked, id=4790, stack(0x00007f24a5e9d000,0x00007f24a5f9e000)]
  0x00007f24bc17f000 JavaThread "Signal Dispatcher" daemon [_thread_blocked, id=4789, stack(0x00007f24a5f9e000,0x00007f24a609f000)]
  0x00007f24bc14b000 JavaThread "Finalizer" daemon [_thread_blocked, id=4788, stack(0x00007f24a68f1000,0x00007f24a69f2000)]
  0x00007f24bc146800 JavaThread "Reference Handler" daemon [_thread_blocked, id=4787, stack(0x00007f24a69f2000,0x00007f24a6af3000)]
=>0x00007f24bc009800 JavaThread "main" [_thread_in_vm, id=4781, stack(0x00007f24c41ed000,0x00007f24c42ee000)]

Other Threads:
  0x00007f24bc13e800 VMThread [stack: 0x00007f24a6af3000,0x00007f24a6bf4000] [id=4786]
  0x00007f24bc193800 WatcherThread [stack: 0x00007f24a5a99000,0x00007f24a5b9a000] [id=4794]

VM state:not at safepoint (normal execution)

VM Mutex/Monitor currently owned by a thread:  ([mutex/lock_event])
[0x00007f24bc005800] ExpandHeap_lock - owner thread: 0x00007f24bc009800
[0x00007f24bc006380] Heap_lock - owner thread: 0x00007f24bc009800

Heap:
 PSYoungGen      total 17408K, used 2511K [0x000000076ab00000, 0x000000076be00000, 0x00000007c0000000)
  eden space 15360K, 16% used [0x000000076ab00000,0x000000076ad73c48,0x000000076ba00000)
  from space 2048K, 0% used [0x000000076bc00000,0x000000076bc00000,0x000000076be00000)
  to   space 2048K, 0% used [0x000000076ba00000,0x000000076ba00000,0x000000076bc00000)
 ParOldGen       total 1408000K, used 1367045K [0x00000006c0000000, 0x0000000715f00000, 0x000000076ab00000)
  object space 1408000K, 97% used [0x00000006c0000000,0x0000000713701728,0x0000000715f00000)
 Metaspace       used 3916K, capacity 4640K, committed 4864K, reserved 1056768K
  class space    used 438K, capacity 464K, committed 512K, reserved 1048576K

Card table byte_map: [0x00007f24c07a8000,0x00007f24c0fa9000] byte_map_base: 0x00007f24bd1a8000

Marking Bits: (ParMarkBitMap*) 0x00007f24c36c9120
 Begin Bits: [0x00007f2488000000, 0x00007f248c000000)
 End Bits:   [0x00007f248c000000, 0x00007f2490000000)

Polling page: 0x00007f24c4312000

CodeCache: size=245760Kb used=1279Kb max_used=1295Kb free=244480Kb
 bounds [0x00007f24ad000000, 0x00007f24ad270000, 0x00007f24bc000000]
 total_blobs=354 nmethods=94 adapters=174
 compilation: enabled

Compilation events (10 events):
Event: 0,134 Thread 0x00007f24bc185800 nmethod 90 0x00007f24ad13ca90 code [0x00007f24ad13cc20, 0x00007f24ad13d0c8]
Event: 0,134 Thread 0x00007f24bc185800   92       3       sun.misc.FloatingDecimal::parseFloat (10 bytes)
Event: 0,134 Thread 0x00007f24bc185800 nmethod 92 0x00007f24ad13d250 code [0x00007f24ad13d3c0, 0x00007f24ad13d5f8]
Event: 0,134 Thread 0x00007f24bc185800   88       3       java.util.StringTokenizer::nextToken (92 bytes)
Event: 0,135 Thread 0x00007f24bc185800 nmethod 88 0x00007f24ad13d6d0 code [0x00007f24ad13d880, 0x00007f24ad13dc78]
Event: 0,135 Thread 0x00007f24bc185800   91       3       java.lang.Float::parseFloat (5 bytes)
Event: 0,135 Thread 0x00007f24bc185800 nmethod 91 0x00007f24ad13ddd0 code [0x00007f24ad13df60, 0x00007f24ad13e1d8]
Event: 0,135 Thread 0x00007f24bc185800   94       3       java.util.regex.Pattern$BmpCharProperty::match (50 bytes)
Event: 0,136 Thread 0x00007f24bc185800 nmethod 94 0x00007f24ad13e310 code [0x00007f24ad13e4a0, 0x00007f24ad13e948]
Event: 0,153 Thread 0x00007f24bc183800 nmethod 80% 0x00007f24ad1428d0 code [0x00007f24ad142ac0, 0x00007f24ad143ca0]

GC Heap History (0 events):
No events

Deoptimization events (2 events):
Event: 0,114 Thread 0x00007f24bc009800 Uncommon trap: reason=unstable_if action=reinterpret pc=0x00007f24ad12e0b8 method=java.lang.CharacterDataLatin1.toUpperCaseEx(I)I @ 12
Event: 0,114 Thread 0x00007f24bc009800 Uncommon trap: reason=unstable_if action=reinterpret pc=0x00007f24ad12ddf0 method=java.lang.CharacterDataLatin1.toUpperCaseEx(I)I @ 12

Internal exceptions (6 events):
Event: 0,026 Thread 0x00007f24bc009800 Exception <a 'java/lang/NoSuchMethodError': Method sun.misc.Unsafe.defineClass(Ljava/lang/String;[BII)Ljava/lang/Class; name or signature does not match> (0x000000076ab07cc0) thrown at [/HUDSON3/workspace/8-2-build-linux-amd64/jdk8u101/7261/hotspot/src/sh
Event: 0,026 Thread 0x00007f24bc009800 Exception <a 'java/lang/NoSuchMethodError': Method sun.misc.Unsafe.prefetchRead(Ljava/lang/Object;J)V name or signature does not match> (0x000000076ab07fa8) thrown at [/HUDSON3/workspace/8-2-build-linux-amd64/jdk8u101/7261/hotspot/src/share/vm/prims/jni.c
Event: 0,070 Thread 0x00007f24bc009800 Exception <a 'java/security/PrivilegedActionException'> (0x000000076ab904c0) thrown at [/HUDSON3/workspace/8-2-build-linux-amd64/jdk8u101/7261/hotspot/src/share/vm/prims/jvm.cpp, line 1386]
Event: 0,070 Thread 0x00007f24bc009800 Exception <a 'java/security/PrivilegedActionException'> (0x000000076ab906d0) thrown at [/HUDSON3/workspace/8-2-build-linux-amd64/jdk8u101/7261/hotspot/src/share/vm/prims/jvm.cpp, line 1386]
Event: 0,071 Thread 0x00007f24bc009800 Exception <a 'java/security/PrivilegedActionException'> (0x000000076ab92b10) thrown at [/HUDSON3/workspace/8-2-build-linux-amd64/jdk8u101/7261/hotspot/src/share/vm/prims/jvm.cpp, line 1386]
Event: 0,071 Thread 0x00007f24bc009800 Exception <a 'java/security/PrivilegedActionException'> (0x000000076ab92d20) thrown at [/HUDSON3/workspace/8-2-build-linux-amd64/jdk8u101/7261/hotspot/src/share/vm/prims/jvm.cpp, line 1386]

Events (10 events):
Event: 0,114 Thread 0x00007f24bc009800 Uncommon trap: trap_request=0xffffff65 fr.pc=0x00007f24ad12e0b8
Event: 0,114 Thread 0x00007f24bc009800 DEOPT PACKING pc=0x00007f24ad12e0b8 sp=0x00007f24c42ec030
Event: 0,114 Thread 0x00007f24bc009800 DEOPT UNPACKING pc=0x00007f24ad005229 sp=0x00007f24c42ebf80 mode 2
Event: 0,114 Thread 0x00007f24bc009800 Uncommon trap: trap_request=0xffffff65 fr.pc=0x00007f24ad12ddf0
Event: 0,114 Thread 0x00007f24bc009800 DEOPT PACKING pc=0x00007f24ad12ddf0 sp=0x00007f24c42ebfd0
Event: 0,114 Thread 0x00007f24bc009800 DEOPT UNPACKING pc=0x00007f24ad005229 sp=0x00007f24c42ebf80 mode 2
Event: 0,118 loading class jaligner/matrix/Matrix
Event: 0,118 loading class jaligner/matrix/Matrix done
Event: 0,118 loading class jaligner/SmithWatermanGotoh
Event: 0,118 loading class jaligner/SmithWatermanGotoh done


Dynamic libraries:
00400000-00401000 r-xp 00000000 08:04 3413512                            /usr/lib/jvm/java-8-oracle/jre/bin/java
00600000-00601000 rw-p 00000000 08:04 3413512                            /usr/lib/jvm/java-8-oracle/jre/bin/java
01caf000-01cd0000 rw-p 00000000 00:00 0                                  [heap]
6c0000000-715f00000 rw-p 00000000 00:00 0 
74d980000-76ab00000 ---p 00000000 00:00 0 
76ab00000-76be00000 rw-p 00000000 00:00 0 
76be00000-7c0000000 ---p 00000000 00:00 0 
7c0000000-7c0080000 rw-p 00000000 00:00 0 
7c0080000-800000000 ---p 00000000 00:00 0 
7f2468000000-7f2468021000 rw-p 00000000 00:00 0 
7f2468021000-7f246c000000 ---p 00000000 00:00 0 
7f246c000000-7f246c021000 rw-p 00000000 00:00 0 
7f246c021000-7f2470000000 ---p 00000000 00:00 0 
7f2470000000-7f2470226000 rw-p 00000000 00:00 0 
7f2470226000-7f2474000000 ---p 00000000 00:00 0 
7f2474000000-7f2474156000 rw-p 00000000 00:00 0 
7f2474156000-7f2478000000 ---p 00000000 00:00 0 
7f2478000000-7f2478021000 rw-p 00000000 00:00 0 
7f2478021000-7f247c000000 ---p 00000000 00:00 0 
7f247c000000-7f247c07a000 rw-p 00000000 00:00 0 
7f247c07a000-7f2480000000 ---p 00000000 00:00 0 
7f2480000000-7f2480021000 rw-p 00000000 00:00 0 
7f2480021000-7f2484000000 ---p 00000000 00:00 0 
7f2484000000-7f2484021000 rw-p 00000000 00:00 0 
7f2484021000-7f2488000000 ---p 00000000 00:00 0 
7f2488000000-7f2490000000 rw-p 00000000 00:00 0 
7f2490000000-7f2490021000 rw-p 00000000 00:00 0 
7f2490021000-7f2494000000 ---p 00000000 00:00 0 
7f2494000000-7f2494021000 rw-p 00000000 00:00 0 
7f2494021000-7f2498000000 ---p 00000000 00:00 0 
7f2498000000-7f2498021000 rw-p 00000000 00:00 0 
7f2498021000-7f249c000000 ---p 00000000 00:00 0 
7f24a0000000-7f24a0021000 rw-p 00000000 00:00 0 
7f24a0021000-7f24a4000000 ---p 00000000 00:00 0 
7f24a5812000-7f24a5a99000 rw-p 00000000 00:00 0 
7f24a5a99000-7f24a5a9a000 ---p 00000000 00:00 0 
7f24a5a9a000-7f24a5b9a000 rw-p 00000000 00:00 0                          [stack:4794]
7f24a5b9a000-7f24a5b9d000 ---p 00000000 00:00 0 
7f24a5b9d000-7f24a5c9b000 rw-p 00000000 00:00 0                          [stack:4793]
7f24a5c9b000-7f24a5c9e000 ---p 00000000 00:00 0 
7f24a5c9e000-7f24a5d9c000 rw-p 00000000 00:00 0                          [stack:4792]
7f24a5d9c000-7f24a5d9f000 ---p 00000000 00:00 0 
7f24a5d9f000-7f24a5e9d000 rw-p 00000000 00:00 0                          [stack:4791]
7f24a5e9d000-7f24a5ea0000 ---p 00000000 00:00 0 
7f24a5ea0000-7f24a5f9e000 rw-p 00000000 00:00 0                          [stack:4790]
7f24a5f9e000-7f24a5fa1000 ---p 00000000 00:00 0 
7f24a5fa1000-7f24a609f000 rw-p 00000000 00:00 0                          [stack:4789]
7f24a609f000-7f24a68f1000 r--p 00000000 08:04 1448898                    /usr/lib/locale/locale-archive
7f24a68f1000-7f24a68f4000 ---p 00000000 00:00 0 
7f24a68f4000-7f24a69f2000 rw-p 00000000 00:00 0                          [stack:4788]
7f24a69f2000-7f24a69f5000 ---p 00000000 00:00 0 
7f24a69f5000-7f24a6af3000 rw-p 00000000 00:00 0                          [stack:4787]
7f24a6af3000-7f24a6af4000 ---p 00000000 00:00 0 
7f24a6af4000-7f24a7c40000 rw-p 00000000 00:00 0                          [stack:4786]
7f24a7c40000-7f24a8000000 ---p 00000000 00:00 0 
7f24a8000000-7f24a8021000 rw-p 00000000 00:00 0 
7f24a8021000-7f24ac000000 ---p 00000000 00:00 0 
7f24ac0ac000-7f24ac3af000 rw-p 00000000 00:00 0 
7f24ac3af000-7f24ac588000 r--s 03d29000 08:04 3675567                    /usr/lib/jvm/java-8-oracle/jre/lib/rt.jar
7f24ac588000-7f24acdfe000 rw-p 00000000 00:00 0 
7f24acdfe000-7f24acdff000 ---p 00000000 00:00 0 
7f24acdff000-7f24aceff000 rw-p 00000000 00:00 0                          [stack:4785]
7f24aceff000-7f24acf00000 ---p 00000000 00:00 0 
7f24acf00000-7f24ad000000 rw-p 00000000 00:00 0                          [stack:4784]
7f24ad000000-7f24ad270000 rwxp 00000000 00:00 0 
7f24ad270000-7f24bc000000 ---p 00000000 00:00 0 
7f24bc000000-7f24bc230000 rw-p 00000000 00:00 0 
7f24bc230000-7f24c0000000 ---p 00000000 00:00 0 
7f24c0001000-7f24c0050000 rw-p 00000000 00:00 0 
7f24c0050000-7f24c0051000 ---p 00000000 00:00 0 
7f24c0051000-7f24c0151000 rw-p 00000000 00:00 0                          [stack:4783]
7f24c0151000-7f24c0152000 ---p 00000000 00:00 0 
7f24c0152000-7f24c0502000 rw-p 00000000 00:00 0                          [stack:4782]
7f24c0502000-7f24c07a8000 ---p 00000000 00:00 0 
7f24c07a8000-7f24c0a58000 rw-p 00000000 00:00 0 
7f24c0a58000-7f24c0cfd000 ---p 00000000 00:00 0 
7f24c0cfd000-7f24c0d07000 rw-p 00000000 00:00 0 
7f24c0d07000-7f24c0fa8000 ---p 00000000 00:00 0 
7f24c0fa8000-7f24c0fb3000 rw-p 00000000 00:00 0 
7f24c0fb3000-7f24c1369000 ---p 00000000 00:00 0 
7f24c1369000-7f24c1383000 r-xp 00000000 08:04 4199092                    /usr/lib/jvm/java-8-oracle/jre/lib/amd64/libzip.so
7f24c1383000-7f24c1583000 ---p 0001a000 08:04 4199092                    /usr/lib/jvm/java-8-oracle/jre/lib/amd64/libzip.so
7f24c1583000-7f24c1584000 rw-p 0001a000 08:04 4199092                    /usr/lib/jvm/java-8-oracle/jre/lib/amd64/libzip.so
7f24c1584000-7f24c158e000 r-xp 00000000 08:04 132102                     /lib/x86_64-linux-gnu/libnss_files-2.19.so
7f24c158e000-7f24c178d000 ---p 0000a000 08:04 132102                     /lib/x86_64-linux-gnu/libnss_files-2.19.so
7f24c178d000-7f24c178e000 r--p 00009000 08:04 132102                     /lib/x86_64-linux-gnu/libnss_files-2.19.so
7f24c178e000-7f24c178f000 rw-p 0000a000 08:04 132102                     /lib/x86_64-linux-gnu/libnss_files-2.19.so
7f24c178f000-7f24c179a000 r-xp 00000000 08:04 132094                     /lib/x86_64-linux-gnu/libnss_nis-2.19.so
7f24c179a000-7f24c1999000 ---p 0000b000 08:04 132094                     /lib/x86_64-linux-gnu/libnss_nis-2.19.so
7f24c1999000-7f24c199a000 r--p 0000a000 08:04 132094                     /lib/x86_64-linux-gnu/libnss_nis-2.19.so
7f24c199a000-7f24c199b000 rw-p 0000b000 08:04 132094                     /lib/x86_64-linux-gnu/libnss_nis-2.19.so
7f24c199b000-7f24c19b2000 r-xp 00000000 08:04 132090                     /lib/x86_64-linux-gnu/libnsl-2.19.so
7f24c19b2000-7f24c1bb1000 ---p 00017000 08:04 132090                     /lib/x86_64-linux-gnu/libnsl-2.19.so
7f24c1bb1000-7f24c1bb2000 r--p 00016000 08:04 132090                     /lib/x86_64-linux-gnu/libnsl-2.19.so
7f24c1bb2000-7f24c1bb3000 rw-p 00017000 08:04 132090                     /lib/x86_64-linux-gnu/libnsl-2.19.so
7f24c1bb3000-7f24c1bb5000 rw-p 00000000 00:00 0 
7f24c1bb5000-7f24c1bbe000 r-xp 00000000 08:04 132089                     /lib/x86_64-linux-gnu/libnss_compat-2.19.so
7f24c1bbe000-7f24c1dbd000 ---p 00009000 08:04 132089                     /lib/x86_64-linux-gnu/libnss_compat-2.19.so
7f24c1dbd000-7f24c1dbe000 r--p 00008000 08:04 132089                     /lib/x86_64-linux-gnu/libnss_compat-2.19.so
7f24c1dbe000-7f24c1dbf000 rw-p 00009000 08:04 132089                     /lib/x86_64-linux-gnu/libnss_compat-2.19.so
7f24c1dbf000-7f24c1de9000 r-xp 00000000 08:04 4199199                    /usr/lib/jvm/java-8-oracle/jre/lib/amd64/libjava.so
7f24c1de9000-7f24c1fe9000 ---p 0002a000 08:04 4199199                    /usr/lib/jvm/java-8-oracle/jre/lib/amd64/libjava.so
7f24c1fe9000-7f24c1feb000 rw-p 0002a000 08:04 4199199                    /usr/lib/jvm/java-8-oracle/jre/lib/amd64/libjava.so
7f24c1feb000-7f24c1ff8000 r-xp 00000000 08:04 4199037                    /usr/lib/jvm/java-8-oracle/jre/lib/amd64/libverify.so
7f24c1ff8000-7f24c21f8000 ---p 0000d000 08:04 4199037                    /usr/lib/jvm/java-8-oracle/jre/lib/amd64/libverify.so
7f24c21f8000-7f24c21fa000 rw-p 0000d000 08:04 4199037                    /usr/lib/jvm/java-8-oracle/jre/lib/amd64/libverify.so
7f24c21fa000-7f24c2201000 r-xp 00000000 08:04 132098                     /lib/x86_64-linux-gnu/librt-2.19.so
7f24c2201000-7f24c2400000 ---p 00007000 08:04 132098                     /lib/x86_64-linux-gnu/librt-2.19.so
7f24c2400000-7f24c2401000 r--p 00006000 08:04 132098                     /lib/x86_64-linux-gnu/librt-2.19.so
7f24c2401000-7f24c2402000 rw-p 00007000 08:04 132098                     /lib/x86_64-linux-gnu/librt-2.19.so
7f24c2402000-7f24c2507000 r-xp 00000000 08:04 132084                     /lib/x86_64-linux-gnu/libm-2.19.so
7f24c2507000-7f24c2706000 ---p 00105000 08:04 132084                     /lib/x86_64-linux-gnu/libm-2.19.so
7f24c2706000-7f24c2707000 r--p 00104000 08:04 132084                     /lib/x86_64-linux-gnu/libm-2.19.so
7f24c2707000-7f24c2708000 rw-p 00105000 08:04 132084                     /lib/x86_64-linux-gnu/libm-2.19.so
7f24c2708000-7f24c33d3000 r-xp 00000000 08:04 4330071                    /usr/lib/jvm/java-8-oracle/jre/lib/amd64/server/libjvm.so
7f24c33d3000-7f24c35d2000 ---p 00ccb000 08:04 4330071                    /usr/lib/jvm/java-8-oracle/jre/lib/amd64/server/libjvm.so
7f24c35d2000-7f24c36ab000 rw-p 00cca000 08:04 4330071                    /usr/lib/jvm/java-8-oracle/jre/lib/amd64/server/libjvm.so
7f24c36ab000-7f24c36f6000 rw-p 00000000 00:00 0 
7f24c36f6000-7f24c38b0000 r-xp 00000000 08:04 132099                     /lib/x86_64-linux-gnu/libc-2.19.so
7f24c38b0000-7f24c3ab0000 ---p 001ba000 08:04 132099                     /lib/x86_64-linux-gnu/libc-2.19.so
7f24c3ab0000-7f24c3ab4000 r--p 001ba000 08:04 132099                     /lib/x86_64-linux-gnu/libc-2.19.so
7f24c3ab4000-7f24c3ab6000 rw-p 001be000 08:04 132099                     /lib/x86_64-linux-gnu/libc-2.19.so
7f24c3ab6000-7f24c3abb000 rw-p 00000000 00:00 0 
7f24c3abb000-7f24c3abe000 r-xp 00000000 08:04 132086                     /lib/x86_64-linux-gnu/libdl-2.19.so
7f24c3abe000-7f24c3cbd000 ---p 00003000 08:04 132086                     /lib/x86_64-linux-gnu/libdl-2.19.so
7f24c3cbd000-7f24c3cbe000 r--p 00002000 08:04 132086                     /lib/x86_64-linux-gnu/libdl-2.19.so
7f24c3cbe000-7f24c3cbf000 rw-p 00003000 08:04 132086                     /lib/x86_64-linux-gnu/libdl-2.19.so
7f24c3cbf000-7f24c3cd4000 r-xp 00000000 08:04 4456738                    /usr/lib/jvm/java-8-oracle/jre/lib/amd64/jli/libjli.so
7f24c3cd4000-7f24c3ed4000 ---p 00015000 08:04 4456738                    /usr/lib/jvm/java-8-oracle/jre/lib/amd64/jli/libjli.so
7f24c3ed4000-7f24c3ed5000 rw-p 00015000 08:04 4456738                    /usr/lib/jvm/java-8-oracle/jre/lib/amd64/jli/libjli.so
7f24c3ed5000-7f24c3eee000 r-xp 00000000 08:04 132091                     /lib/x86_64-linux-gnu/libpthread-2.19.so
7f24c3eee000-7f24c40ed000 ---p 00019000 08:04 132091                     /lib/x86_64-linux-gnu/libpthread-2.19.so
7f24c40ed000-7f24c40ee000 r--p 00018000 08:04 132091                     /lib/x86_64-linux-gnu/libpthread-2.19.so
7f24c40ee000-7f24c40ef000 rw-p 00019000 08:04 132091                     /lib/x86_64-linux-gnu/libpthread-2.19.so
7f24c40ef000-7f24c40f3000 rw-p 00000000 00:00 0 
7f24c40f3000-7f24c4116000 r-xp 00000000 08:04 132092                     /lib/x86_64-linux-gnu/ld-2.19.so
7f24c4126000-7f24c4142000 r--s 00393000 08:04 5775885                    /usr/lib/jvm/java-8-oracle/jre/lib/ext/cldrdata.jar
7f24c4142000-7f24c41ed000 rw-p 00000000 00:00 0 
7f24c41ed000-7f24c41f0000 ---p 00000000 00:00 0 
7f24c41f0000-7f24c42f2000 rw-p 00000000 00:00 0                          [stack:4781]
7f24c42f7000-7f24c42fa000 rw-p 00000000 00:00 0 
7f24c42fa000-7f24c4304000 r--s 00116000 08:04 5775888                    /usr/lib/jvm/java-8-oracle/jre/lib/ext/localedata.jar
7f24c4304000-7f24c4309000 r--s 00024000 08:04 4723346                    /home/hema/Desktop/Hiwi/opt/jaligner/jaligner.jar
7f24c4309000-7f24c4311000 rw-s 00000000 08:04 3673659                    /tmp/hsperfdata_hema/4780
7f24c4311000-7f24c4312000 rw-p 00000000 00:00 0 
7f24c4312000-7f24c4313000 r--p 00000000 00:00 0 
7f24c4313000-7f24c4315000 rw-p 00000000 00:00 0 
7f24c4315000-7f24c4316000 r--p 00022000 08:04 132092                     /lib/x86_64-linux-gnu/ld-2.19.so
7f24c4316000-7f24c4317000 rw-p 00023000 08:04 132092                     /lib/x86_64-linux-gnu/ld-2.19.so
7f24c4317000-7f24c4318000 rw-p 00000000 00:00 0 
7ffff0255000-7ffff0276000 rw-p 00000000 00:00 0                          [stack]
7ffff03fa000-7ffff03fc000 r--p 00000000 00:00 0                          [vvar]
7ffff03fc000-7ffff03fe000 r-xp 00000000 00:00 0                          [vdso]
ffffffffff600000-ffffffffff601000 r-xp 00000000 00:00 0                  [vsyscall]

VM Arguments:
jvm_args: -Xmx4096M 
java_command: jaligner.jar dataa.fasta dataa1.fasta BLOSUM62 2 4
java_class_path (initial): jaligner.jar
Launcher Type: SUN_STANDARD

Environment Variables:
PATH=/home/hema/.local/bin:/home/hema/bin:/usr/local/sbin:/usr/local/bin:/usr/sbin:/usr/bin:/sbin:/bin:/usr/games:/usr/local/games:/home/hema/Downloads/swps3-linux64-sse2-current
LD_LIBRARY_PATH=:/home/hema/Downloads/tbb/tbb44_20160316oss/build/linux_intel64_gcc_cc4.8_libc2.19_kernel3.19.0_debug
SHELL=/bin/bash
DISPLAY=:0

Signal Handlers:
SIGSEGV: [libjvm.so+0xac4790], sa_mask[0]=11111111011111111101111111111110, sa_flags=SA_RESTART|SA_SIGINFO
SIGBUS: [libjvm.so+0xac4790], sa_mask[0]=11111111011111111101111111111110, sa_flags=SA_RESTART|SA_SIGINFO
SIGFPE: [libjvm.so+0x91f140], sa_mask[0]=11111111011111111101111111111110, sa_flags=SA_RESTART|SA_SIGINFO
SIGPIPE: [libjvm.so+0x91f140], sa_mask[0]=11111111011111111101111111111110, sa_flags=SA_RESTART|SA_SIGINFO
SIGXFSZ: [libjvm.so+0x91f140], sa_mask[0]=11111111011111111101111111111110, sa_flags=SA_RESTART|SA_SIGINFO
SIGILL: [libjvm.so+0x91f140], sa_mask[0]=11111111011111111101111111111110, sa_flags=SA_RESTART|SA_SIGINFO
SIGUSR1: SIG_DFL, sa_mask[0]=00000000000000000000000000000000, sa_flags=none
SIGUSR2: [libjvm.so+0x920770], sa_mask[0]=00000000000000000000000000000000, sa_flags=SA_RESTART|SA_SIGINFO
SIGHUP: [libjvm.so+0x921b70], sa_mask[0]=11111111011111111101111111111110, sa_flags=SA_RESTART|SA_SIGINFO
SIGINT: [libjvm.so+0x921b70], sa_mask[0]=11111111011111111101111111111110, sa_flags=SA_RESTART|SA_SIGINFO
SIGTERM: [libjvm.so+0x921b70], sa_mask[0]=11111111011111111101111111111110, sa_flags=SA_RESTART|SA_SIGINFO
SIGQUIT: [libjvm.so+0x921b70], sa_mask[0]=11111111011111111101111111111110, sa_flags=SA_RESTART|SA_SIGINFO


---------------  S Y S T E M  ---------------

OS:DISTRIB_ID=Ubuntu
DISTRIB_RELEASE=14.04
DISTRIB_CODENAME=trusty
DISTRIB_DESCRIPTION="Ubuntu 14.04.4 LTS"

uname:Linux 3.19.0-51-generic #58~14.04.1-Ubuntu SMP Fri Feb 26 22:02:58 UTC 2016 x86_64
libc:glibc 2.19 NPTL 2.19 
rlimit: STACK 8192k, CORE 0k, NPROC 14670, NOFILE 4096, AS infinity
load average:0,06 0,20 0,19

/proc/meminfo:
MemTotal:        3777016 kB
MemFree:          179700 kB
MemAvailable:     746076 kB
Buffers:           85736 kB
Cached:           923768 kB
SwapCached:            0 kB
Active:          2806836 kB
Inactive:         618308 kB
Active(anon):    2417596 kB
Inactive(anon):   299140 kB
Active(file):     389240 kB
Inactive(file):   319168 kB
Unevictable:          80 kB
Mlocked:              80 kB
SwapTotal:             0 kB
SwapFree:              0 kB
Dirty:                 0 kB
Writeback:             0 kB
AnonPages:       2415668 kB
Mapped:           369712 kB
Shmem:            301100 kB
Slab:              85740 kB
SReclaimable:      53804 kB
SUnreclaim:        31936 kB
KernelStack:        7328 kB
PageTables:        38984 kB
NFS_Unstable:          0 kB
Bounce:                0 kB
WritebackTmp:          0 kB
CommitLimit:     1888508 kB
Committed_AS:    6481864 kB
VmallocTotal:   34359738367 kB
VmallocUsed:      617636 kB
VmallocChunk:   34359074684 kB
HardwareCorrupted:     0 kB
AnonHugePages:   1427456 kB
CmaTotal:              0 kB
CmaFree:               0 kB
HugePages_Total:       0
HugePages_Free:        0
HugePages_Rsvd:        0
HugePages_Surp:        0
Hugepagesize:       2048 kB
DirectMap4k:      135756 kB
DirectMap2M:     3786752 kB
DirectMap1G:     1048576 kB


CPU:total 4 (2 cores per cpu, 2 threads per core) family 6 model 61 stepping 4, cmov, cx8, fxsr, mmx, sse, sse2, sse3, ssse3, sse4.1, sse4.2, popcnt, avx, avx2, aes, clmul, erms, 3dnowpref, lzcnt, ht, tsc, tscinvbit, bmi1, bmi2, adx

/proc/cpuinfo:
processor	: 0
vendor_id	: GenuineIntel
cpu family	: 6
model		: 61
model name	: Intel(R) Core(TM) i5-5200U CPU @ 2.20GHz
stepping	: 4
microcode	: 0x16
cpu MHz		: 2504.734
cache size	: 3072 KB
physical id	: 0
siblings	: 4
core id		: 0
cpu cores	: 2
apicid		: 0
initial apicid	: 0
fpu		: yes
fpu_exception	: yes
cpuid level	: 20
wp		: yes
flags		: fpu vme de pse tsc msr pae mce cx8 apic sep mtrr pge mca cmov pat pse36 clflush dts acpi mmx fxsr sse sse2 ss ht tm pbe syscall nx pdpe1gb rdtscp lm constant_tsc arch_perfmon pebs bts rep_good nopl xtopology nonstop_tsc aperfmperf eagerfpu pni pclmulqdq dtes64 monitor ds_cpl vmx est tm2 ssse3 fma cx16 xtpr pdcm pcid sse4_1 sse4_2 x2apic movbe popcnt tsc_deadline_timer aes xsave avx f16c rdrand lahf_lm abm 3dnowprefetch ida arat epb pln pts dtherm tpr_shadow vnmi flexpriority ept vpid fsgsbase tsc_adjust bmi1 avx2 smep bmi2 erms invpcid rdseed adx smap xsaveopt
bugs		:
bogomips	: 4389.78
clflush size	: 64
cache_alignment	: 64
address sizes	: 39 bits physical, 48 bits virtual
power management:

processor	: 1
vendor_id	: GenuineIntel
cpu family	: 6
model		: 61
model name	: Intel(R) Core(TM) i5-5200U CPU @ 2.20GHz
stepping	: 4
microcode	: 0x16
cpu MHz		: 2699.984
cache size	: 3072 KB
physical id	: 0
siblings	: 4
core id		: 0
cpu cores	: 2
apicid		: 1
initial apicid	: 1
fpu		: yes
fpu_exception	: yes
cpuid level	: 20
wp		: yes
flags		: fpu vme de pse tsc msr pae mce cx8 apic sep mtrr pge mca cmov pat pse36 clflush dts acpi mmx fxsr sse sse2 ss ht tm pbe syscall nx pdpe1gb rdtscp lm constant_tsc arch_perfmon pebs bts rep_good nopl xtopology nonstop_tsc aperfmperf eagerfpu pni pclmulqdq dtes64 monitor ds_cpl vmx est tm2 ssse3 fma cx16 xtpr pdcm pcid sse4_1 sse4_2 x2apic movbe popcnt tsc_deadline_timer aes xsave avx f16c rdrand lahf_lm abm 3dnowprefetch ida arat epb pln pts dtherm tpr_shadow vnmi flexpriority ept vpid fsgsbase tsc_adjust bmi1 avx2 smep bmi2 erms invpcid rdseed adx smap xsaveopt
bugs		:
bogomips	: 4389.78
clflush size	: 64
cache_alignment	: 64
address sizes	: 39 bits physical, 48 bits virtual
power management:

processor	: 2
vendor_id	: GenuineIntel
cpu family	: 6
model		: 61
model name	: Intel(R) Core(TM) i5-5200U CPU @ 2.20GHz
stepping	: 4
microcode	: 0x16
cpu MHz		: 2499.921
cache size	: 3072 KB
physical id	: 0
siblings	: 4
core id		: 1
cpu cores	: 2
apicid		: 2
initial apicid	: 2
fpu		: yes
fpu_exception	: yes
cpuid level	: 20
wp		: yes
flags		: fpu vme de pse tsc msr pae mce cx8 apic sep mtrr pge mca cmov pat pse36 clflush dts acpi mmx fxsr sse sse2 ss ht tm pbe syscall nx pdpe1gb rdtscp lm constant_tsc arch_perfmon pebs bts rep_good nopl xtopology nonstop_tsc aperfmperf eagerfpu pni pclmulqdq dtes64 monitor ds_cpl vmx est tm2 ssse3 fma cx16 xtpr pdcm pcid sse4_1 sse4_2 x2apic movbe popcnt tsc_deadline_timer aes xsave avx f16c rdrand lahf_lm abm 3dnowprefetch ida arat epb pln pts dtherm tpr_shadow vnmi flexpriority ept vpid fsgsbase tsc_adjust bmi1 avx2 smep bmi2 erms invpcid rdseed adx smap xsaveopt
bugs		:
bogomips	: 4389.78
clflush size	: 64
cache_alignment	: 64
address sizes	: 39 bits physical, 48 bits virtual
power management:

processor	: 3
vendor_id	: GenuineIntel
cpu family	: 6
model		: 61
model name	: Intel(R) Core(TM) i5-5200U CPU @ 2.20GHz
stepping	: 4
microcode	: 0x16
cpu MHz		: 2500.179
cache size	: 3072 KB
physical id	: 0
siblings	: 4
core id		: 1
cpu cores	: 2
apicid		: 3
initial apicid	: 3
fpu		: yes
fpu_exception	: yes
cpuid level	: 20
wp		: yes
flags		: fpu vme de pse tsc msr pae mce cx8 apic sep mtrr pge mca cmov pat pse36 clflush dts acpi mmx fxsr sse sse2 ss ht tm pbe syscall nx pdpe1gb rdtscp lm constant_tsc arch_perfmon pebs bts rep_good nopl xtopology nonstop_tsc aperfmperf eagerfpu pni pclmulqdq dtes64 monitor ds_cpl vmx est tm2 ssse3 fma cx16 xtpr pdcm pcid sse4_1 sse4_2 x2apic movbe popcnt tsc_deadline_timer aes xsave avx f16c rdrand lahf_lm abm 3dnowprefetch ida arat epb pln pts dtherm tpr_shadow vnmi flexpriority ept vpid fsgsbase tsc_adjust bmi1 avx2 smep bmi2 erms invpcid rdseed adx smap xsaveopt
bugs		:
bogomips	: 4389.78
clflush size	: 64
cache_alignment	: 64
address sizes	: 39 bits physical, 48 bits virtual
power management:



Memory: 4k page, physical 3777016k(179700k free), swap 0k(0k free)

vm_info: Java HotSpot(TM) 64-Bit Server VM (25.101-b13) for linux-amd64 JRE (1.8.0_101-b13), built on Jun 22 2016 02:59:44 by "java_re" with gcc 4.3.0 20080428 (Red Hat 4.3.0-8)

time: Sun Sep 25 19:28:45 2016
elapsed time: 0 seconds (0d 0h 0m 0s)

